#
# A fatal error has been detected by the Java Runtime Environment:
#
#  SIGSEGV (0xb) at pc=0x00000001257132df, pid=20106, tid=0x000000000000d107
#
# JRE version: Java(TM) SE Runtime Environment (8.0_152-b16) (build 1.8.0_152-b16)
# Java VM: Java HotSpot(TM) 64-Bit Server VM (25.152-b16 mixed mode bsd-amd64 compressed oops)
# Problematic frame:
# C  [libawt_lwawt.dylib+0x1c2df]  OGLSD_SetScratchSurface+0x49
#
# Failed to write core dump. Core dumps have been disabled. To enable core dumping, try "ulimit -c unlimited" before starting Java again
#
# If you would like to submit a bug report, please visit:
#   http://bugreport.java.com/bugreport/crash.jsp
# The crash happened outside the Java Virtual Machine in native code.
# See problematic frame for where to report the bug.
#

---------------  T H R E A D  ---------------

Current thread (0x00007fa80d264800):  JavaThread "Java2D Queue Flusher" daemon [_thread_in_native, id=53511, stack(0x000070000d40c000,0x000070000d50c000)]

siginfo: si_signo: 11 (SIGSEGV), si_code: 1 (SEGV_MAPERR), si_addr: 0x0000000000000002

Registers:
RAX=0x00000000ffffffff, RBX=0x0000000000000002, RCX=0x0000000000000047, RDX=0x0000000125734d8c
RSP=0x000070000d50b810, RBP=0x000070000d50b830, RSI=0x00007fa80b5db900, RDI=0x00007fa80d2649f8
R8 =0x00000000d806c539, R9 =0x0000000000000000, R10=0x000000010cbec438, R11=0x0000000000000020
R12=0x0000000000000000, R13=0x00000006c0362a88, R14=0x00007fa80d2649f8, R15=0x00007fa80d264800
RIP=0x00000001257132df, EFLAGS=0x0000000000010202, ERR=0x0000000000000004
  TRAPNO=0x000000000000000e

Top of Stack: (sp=0x000070000d50b810)
0x000070000d50b810:   00007fa80b5db900 0000000000000000
0x000070000d50b820:   00007fa80c453010 00007fa80d264800
0x000070000d50b830:   000070000d50b8b0 000000012573486a
0x000070000d50b840:   0000000000000064 00007fa80b6ce7f8
0x000070000d50b850:   000070000d50b8b0 00000001085512fe
0x000070000d50b860:   0000000000000005 00007fa80d264800
0x000070000d50b870:   00000006c0362a01 00007fa80c453020
0x000070000d50b880:   000070000050b800 00007fa80d2649f8
0x000070000d50b890:   0000000000000000 0000000000000000
0x000070000d50b8a0:   000070000d50b908 00007fa80d264800
0x000070000d50b8b0:   000070000d50b900 000000010cbec4aa
0x000070000d50b8c0:   00000006c03629b0 000070000d50b908
0x000070000d50b8d0:   000000019d623b30 0000000000000000
0x000070000d50b8e0:   0000000199492ab0 0000000000000000
0x000070000d50b8f0:   000070000d50b910 00000000d806c536
0x000070000d50b900:   00000000d806c536 000000010ce15354
0x000070000d50b910:   00000006c03629b0 00000006c0362a88
0x000070000d50b920:   0000000000000000 00000006c0362a88
0x000070000d50b930:   0000000000000000 000070000d50b9d0
0x000070000d50b940:   0000000000000001 0000000000000000
0x000070000d50b950:   000070000d50b9d0 000000010c3327a7
0x000070000d50b960:   00000006c0362a88 00000006c11ded48
0x000070000d50b970:   0000700000001fa0 000000000000000a
0x000070000d50b980:   00007fa80d264800 0000000000000001
0x000070000d50b990:   000000010c33271f 000000010b0a1f20
0x000070000d50b9a0:   000070000d50ba68 000070000d50bd00
0x000070000d50b9b0:   000000010000000a 000000010b0a1f20
0x000070000d50b9c0:   000000010c345120 000070000d50bc70
0x000070000d50b9d0:   000070000d50bb80 00000001084ef7b2
0x000070000d50b9e0:   0000700000000001 00007fa80d264800
0x000070000d50b9f0:   00007fa80d264800 000070000d50bd00
0x000070000d50ba00:   00007fa80b6ce7f0 000000010c345120 

Instructions: (pc=0x00000001257132df)
0x00000001257132bf:   c0 e9 82 00 00 00 48 8b 5e 10 48 85 db 75 0e bf
0x00000001257132cf:   01 00 00 00 48 8d 15 1e 95 03 00 eb d6 49 89 fe
0x00000001257132df:   4c 8b 3b 30 c0 e8 a7 bc 02 00 49 8b 3f 49 89 c4
0x00000001257132ef:   48 8b 35 f2 25 06 00 30 c0 e8 f5 bd 02 00 48 85 

Register to memory mapping:

RAX=0x00000000ffffffff is an unknown value
RBX=0x0000000000000002 is an unknown value
RCX=0x0000000000000047 is an unknown value
RDX=0x0000000125734d8c: Java_sun_java2d_opengl_OGLRenderQueue_flushBuffer+0xb5c in /Library/Java/JavaVirtualMachines/jdk1.8.0_152.jdk/Contents/Home/jre/lib/libawt_lwawt.dylib at 0x00000001256f7000
RSP=0x000070000d50b810 is pointing into the stack for thread: 0x00007fa80d264800
RBP=0x000070000d50b830 is pointing into the stack for thread: 0x00007fa80d264800
RSI=0x00007fa80b5db900 is an unknown value
RDI=0x00007fa80d2649f8 is an unknown value
R8 =0x00000000d806c539 is an unknown value
R9 =0x0000000000000000 is an unknown value
R10=0x000000010cbec438 is at entry_point+56 in (nmethod*)0x000000010cbec290
R11=0x0000000000000020 is an unknown value
R12=0x0000000000000000 is an unknown value
R13=0x00000006c0362a88 is an oop
sun.java2d.opengl.OGLRenderQueue$QueueFlusher 
 - klass: 'sun/java2d/opengl/OGLRenderQueue$QueueFlusher'
R14=0x00007fa80d2649f8 is an unknown value
R15=0x00007fa80d264800 is a thread


Stack: [0x000070000d40c000,0x000070000d50c000],  sp=0x000070000d50b810,  free space=1022k
Native frames: (J=compiled Java code, j=interpreted, Vv=VM code, C=native code)
C  [libawt_lwawt.dylib+0x1c2df]  OGLSD_SetScratchSurface+0x49
C  [libawt_lwawt.dylib+0x3d86a]  Java_sun_java2d_opengl_OGLRenderQueue_flushBuffer+0x63a
J 2968  sun.java2d.opengl.OGLRenderQueue.flushBuffer(JI)V (0 bytes) @ 0x000000010cbec4aa [0x000000010cbec400+0xaa]
J 5170% C2 sun.java2d.opengl.OGLRenderQueue$QueueFlusher.run()V (234 bytes) @ 0x000000010ce15354 [0x000000010ce15200+0x154]
v  ~StubRoutines::call_stub
V  [libjvm.dylib+0x2ef7b2]  JavaCalls::call_helper(JavaValue*, methodHandle*, JavaCallArguments*, Thread*)+0x6ae
V  [libjvm.dylib+0x2eff56]  JavaCalls::call_virtual(JavaValue*, KlassHandle, Symbol*, Symbol*, JavaCallArguments*, Thread*)+0x164
V  [libjvm.dylib+0x2f0102]  JavaCalls::call_virtual(JavaValue*, Handle, KlassHandle, Symbol*, Symbol*, Thread*)+0x4a
V  [libjvm.dylib+0x34a8c5]  thread_entry(JavaThread*, Thread*)+0x7c
V  [libjvm.dylib+0x56e327]  JavaThread::thread_main_inner()+0x9b
V  [libjvm.dylib+0x56fa14]  JavaThread::run()+0x1c2
V  [libjvm.dylib+0x48d542]  java_start(Thread*)+0xf6
C  [libsystem_pthread.dylib+0x36c1]  _pthread_body+0x154
C  [libsystem_pthread.dylib+0x356d]  _pthread_body+0x0
C  [libsystem_pthread.dylib+0x2c5d]  thread_start+0xd
C  0x0000000000000000

Java frames: (J=compiled Java code, j=interpreted, Vv=VM code)
J 2968  sun.java2d.opengl.OGLRenderQueue.flushBuffer(JI)V (0 bytes) @ 0x000000010cbec438 [0x000000010cbec400+0x38]
J 5170% C2 sun.java2d.opengl.OGLRenderQueue$QueueFlusher.run()V (234 bytes) @ 0x000000010ce15354 [0x000000010ce15200+0x154]
v  ~StubRoutines::call_stub

---------------  P R O C E S S  ---------------

Java Threads: ( => current thread )
  0x00007fa814008800 JavaThread "pool-8-thread-2" [_thread_blocked, id=96775, stack(0x000070000efe6000,0x000070000f0e6000)]
  0x00007fa814027000 JavaThread "pool-8-thread-1" [_thread_blocked, id=118283, stack(0x000070000eee3000,0x000070000efe3000)]
  0x00007fa81405c000 JavaThread "SwingWorker-pool-1-thread-7" daemon [_thread_blocked, id=58499, stack(0x000070000ede0000,0x000070000eee0000)]
  0x00007fa80bac6000 JavaThread "pool-7-thread-2" [_thread_blocked, id=124419, stack(0x000070000ebd7000,0x000070000ecd7000)]
  0x00007fa813813800 JavaThread "pool-7-thread-1" [_thread_blocked, id=89303, stack(0x000070000ead4000,0x000070000ebd4000)]
  0x00007fa80c49e000 JavaThread "SwingWorker-pool-1-thread-6" daemon [_thread_blocked, id=123795, stack(0x000070000c14a000,0x000070000c24a000)]
  0x00007fa80c7d5000 JavaThread "pool-6-thread-2" [_thread_blocked, id=28395, stack(0x000070000de2a000,0x000070000df2a000)]
  0x00007fa80c7d7800 JavaThread "pool-6-thread-1" [_thread_blocked, id=82755, stack(0x000070000dd27000,0x000070000de27000)]
  0x00007fa80c688000 JavaThread "SwingWorker-pool-1-thread-5" daemon [_thread_blocked, id=68359, stack(0x000070000db21000,0x000070000dc21000)]
  0x00007fa8118b7000 JavaThread "pool-5-thread-2" [_thread_blocked, id=126995, stack(0x000070000e94e000,0x000070000ea4e000)]
  0x00007fa80c6bd000 JavaThread "pool-5-thread-1" [_thread_blocked, id=39187, stack(0x000070000e84b000,0x000070000e94b000)]
  0x00007fa80d326800 JavaThread "SwingWorker-pool-1-thread-4" daemon [_thread_blocked, id=90655, stack(0x000070000e748000,0x000070000e848000)]
  0x00007fa811a57000 JavaThread "pool-4-thread-2" [_thread_blocked, id=88639, stack(0x000070000e5c2000,0x000070000e6c2000)]
  0x00007fa814131800 JavaThread "pool-4-thread-1" [_thread_blocked, id=66563, stack(0x000070000e4bf000,0x000070000e5bf000)]
  0x00007fa80d66c800 JavaThread "SwingWorker-pool-1-thread-3" daemon [_thread_blocked, id=71291, stack(0x000070000d715000,0x000070000d815000)]
  0x00007fa80ce91800 JavaThread "pool-3-thread-2" [_thread_blocked, id=130071, stack(0x000070000e3bc000,0x000070000e4bc000)]
  0x00007fa80bf6e000 JavaThread "pool-3-thread-1" [_thread_blocked, id=88863, stack(0x000070000e2b9000,0x000070000e3b9000)]
  0x00007fa80be73000 JavaThread "SwingWorker-pool-1-thread-2" daemon [_thread_blocked, id=88143, stack(0x000070000d89e000,0x000070000d99e000)]
  0x00007fa80bf9d000 JavaThread "pool-2-thread-2" [_thread_blocked, id=128799, stack(0x000070000e1b6000,0x000070000e2b6000)]
  0x00007fa80c76f000 JavaThread "pool-2-thread-1" [_thread_blocked, id=64323, stack(0x000070000e0b3000,0x000070000e1b3000)]
  0x00007fa80d202800 JavaThread "SwingWorker-pool-1-thread-1" daemon [_thread_blocked, id=75843, stack(0x000070000dfb0000,0x000070000e0b0000)]
  0x00007fa80bf28800 JavaThread "Timer-0" daemon [_thread_blocked, id=67875, stack(0x000070000dc24000,0x000070000dd24000)]
  0x00007fa80bf6f000 JavaThread "TimerQueue" daemon [_thread_blocked, id=82487, stack(0x000070000da1e000,0x000070000db1e000)]
  0x00007fa80d7c1000 JavaThread "DestroyJavaVM" [_thread_blocked, id=9987, stack(0x000070000c2d3000,0x000070000c3d3000)]
  0x00007fa80ca03800 JavaThread "AWT-EventQueue-0" [_thread_blocked, id=78879, stack(0x000070000d612000,0x000070000d712000)]
  0x00007fa80d2db000 JavaThread "Java2D Disposer" daemon [_thread_blocked, id=53267, stack(0x000070000d50f000,0x000070000d60f000)]
=>0x00007fa80d264800 JavaThread "Java2D Queue Flusher" daemon [_thread_in_native, id=53511, stack(0x000070000d40c000,0x000070000d50c000)]
  0x00007fa80bb70800 JavaThread "AWT-Shutdown" [_thread_blocked, id=26923, stack(0x000070000d0fd000,0x000070000d1fd000)]
  0x00007fa80c989000 JavaThread "AppKit Thread" daemon [_thread_in_native, id=775, stack(0x00007ffee7a3d000,0x00007ffee823d000)]
  0x00007fa80b825800 JavaThread "Service Thread" daemon [_thread_blocked, id=16131, stack(0x000070000cef7000,0x000070000cff7000)]
  0x00007fa80d041000 JavaThread "C1 CompilerThread2" daemon [_thread_blocked, id=12547, stack(0x000070000cdf4000,0x000070000cef4000)]
  0x00007fa80c80d000 JavaThread "C2 CompilerThread1" daemon [_thread_blocked, id=16643, stack(0x000070000ccf1000,0x000070000cdf1000)]
  0x00007fa80d055000 JavaThread "C2 CompilerThread0" daemon [_thread_blocked, id=12291, stack(0x000070000cbee000,0x000070000ccee000)]
  0x00007fa80d008000 JavaThread "Signal Dispatcher" daemon [_thread_blocked, id=17419, stack(0x000070000caeb000,0x000070000cbeb000)]
  0x00007fa80d037000 JavaThread "Finalizer" daemon [_thread_blocked, id=19971, stack(0x000070000c9e8000,0x000070000cae8000)]
  0x00007fa80d034000 JavaThread "Reference Handler" daemon [_thread_blocked, id=20483, stack(0x000070000c8e5000,0x000070000c9e5000)]

Other Threads:
  0x00007fa80d02f800 VMThread [stack: 0x000070000c7e2000,0x000070000c8e2000] [id=20995]
  0x00007fa80c013000 WatcherThread [stack: 0x000070000cffa000,0x000070000d0fa000] [id=15619]

VM state:not at safepoint (normal execution)

VM Mutex/Monitor currently owned by a thread: None

Heap:
 PSYoungGen      total 34816K, used 1377K [0x000000076ab00000, 0x000000076d680000, 0x00000007c0000000)
  eden space 25088K, 5% used [0x000000076ab00000,0x000000076ac58468,0x000000076c380000)
  from space 9728K, 0% used [0x000000076cd00000,0x000000076cd00000,0x000000076d680000)
  to   space 9728K, 0% used [0x000000076c380000,0x000000076c380000,0x000000076cd00000)
 ParOldGen       total 118784K, used 61912K [0x00000006c0000000, 0x00000006c7400000, 0x000000076ab00000)
  object space 118784K, 52% used [0x00000006c0000000,0x00000006c3c76128,0x00000006c7400000)
 Metaspace       used 31133K, capacity 31667K, committed 32128K, reserved 1077248K
  class space    used 4239K, capacity 4380K, committed 4480K, reserved 1048576K

Card table byte_map: [0x0000000109601000,0x0000000109e02000] byte_map_base: 0x0000000106001000

Marking Bits: (ParMarkBitMap*) 0x0000000108af66c0
 Begin Bits: [0x000000011b332000, 0x000000011f332000)
 End Bits:   [0x000000011f332000, 0x0000000123332000)

Polling page: 0x00000001079fc000

CodeCache: size=245760Kb used=14618Kb max_used=14655Kb free=231141Kb
 bounds [0x000000010c332000, 0x000000010d1d2000, 0x000000011b332000]
 total_blobs=4872 nmethods=4170 adapters=613
 compilation: enabled

Compilation events (10 events):
Event: 11750.150 Thread 0x00007fa80c80d000 5409       4       com.apple.laf.AquaProgressBarUI::paint (196 bytes)
Event: 11750.199 Thread 0x00007fa80c80d000 nmethod 5409 0x000000010d1bbd10 code [0x000000010d1bc1a0, 0x000000010d1be1f8]
Event: 11750.234 Thread 0x00007fa80d055000 5410       4       javax.swing.RepaintManager$4::run (5 bytes)
Event: 11750.264 Thread 0x00007fa80d055000 nmethod 5410 0x000000010c72bad0 code [0x000000010c72bde0, 0x000000010c72d1c8]
Event: 11750.431 Thread 0x00007fa80c80d000 5411       4       sun.awt.image.BufImgSurfaceData::createData (845 bytes)
Event: 11750.452 Thread 0x00007fa80c80d000 nmethod 5411 0x000000010cc88110 code [0x000000010cc88500, 0x000000010cc89590]
Event: 11752.929 Thread 0x00007fa80d055000 5412       4       sun.java2d.opengl.OGLSwToSurfaceBlit::Blit (48 bytes)
Event: 11752.930 Thread 0x00007fa80d055000 nmethod 5412 0x000000010c7d1d10 code [0x000000010c7d1e60, 0x000000010c7d1f68]
Event: 12993.454 Thread 0x00007fa80d041000 5413   !   3       sun.java2d.opengl.OGLSurfaceData::dispose (68 bytes)
Event: 12993.456 Thread 0x00007fa80d041000 nmethod 5413 0x000000010d1c1950 code [0x000000010d1c1e80, 0x000000010d1c5c88]

GC Heap History (10 events):
Event: 12990.051 GC heap before
{Heap before GC invocations=2984 (full 7):
 PSYoungGen      total 34816K, used 33764K [0x000000076ab00000, 0x000000076d680000, 0x00000007c0000000)
  eden space 25088K, 100% used [0x000000076ab00000,0x000000076c380000,0x000000076c380000)
  from space 9728K, 89% used [0x000000076cd00000,0x000000076d579130,0x000000076d680000)
  to   space 9728K, 0% used [0x000000076c380000,0x000000076c380000,0x000000076cd00000)
 ParOldGen       total 137728K, used 137623K [0x00000006c0000000, 0x00000006c8680000, 0x000000076ab00000)
  object space 137728K, 99% used [0x00000006c0000000,0x00000006c8665e38,0x00000006c8680000)
 Metaspace       used 31132K, capacity 31667K, committed 32128K, reserved 1077248K
  class space    used 4239K, capacity 4380K, committed 4480K, reserved 1048576K
Event: 12990.060 GC heap after
Heap after GC invocations=2984 (full 7):
 PSYoungGen      total 34816K, used 8878K [0x000000076ab00000, 0x000000076d680000, 0x00000007c0000000)
  eden space 25088K, 0% used [0x000000076ab00000,0x000000076ab00000,0x000000076c380000)
  from space 9728K, 91% used [0x000000076c380000,0x000000076cc2bab0,0x000000076cd00000)
  to   space 9728K, 0% used [0x000000076cd00000,0x000000076cd00000,0x000000076d680000)
 ParOldGen       total 137728K, used 137631K [0x00000006c0000000, 0x00000006c8680000, 0x000000076ab00000)
  object space 137728K, 99% used [0x00000006c0000000,0x00000006c8667e38,0x00000006c8680000)
 Metaspace       used 31132K, capacity 31667K, committed 32128K, reserved 1077248K
  class space    used 4239K, capacity 4380K, committed 4480K, reserved 1048576K
}
Event: 12991.154 GC heap before
{Heap before GC invocations=2985 (full 7):
 PSYoungGen      total 34816K, used 33966K [0x000000076ab00000, 0x000000076d680000, 0x00000007c0000000)
  eden space 25088K, 100% used [0x000000076ab00000,0x000000076c380000,0x000000076c380000)
  from space 9728K, 91% used [0x000000076c380000,0x000000076cc2bab0,0x000000076cd00000)
  to   space 9728K, 0% used [0x000000076cd00000,0x000000076cd00000,0x000000076d680000)
 ParOldGen       total 137728K, used 137631K [0x00000006c0000000, 0x00000006c8680000, 0x000000076ab00000)
  object space 137728K, 99% used [0x00000006c0000000,0x00000006c8667e38,0x00000006c8680000)
 Metaspace       used 31132K, capacity 31667K, committed 32128K, reserved 1077248K
  class space    used 4239K, capacity 4380K, committed 4480K, reserved 1048576K
Event: 12991.160 GC heap after
Heap after GC invocations=2985 (full 7):
 PSYoungGen      total 34816K, used 9301K [0x000000076ab00000, 0x000000076d680000, 0x00000007c0000000)
  eden space 25088K, 0% used [0x000000076ab00000,0x000000076ab00000,0x000000076c380000)
  from space 9728K, 95% used [0x000000076cd00000,0x000000076d615550,0x000000076d680000)
  to   space 9728K, 0% used [0x000000076c380000,0x000000076c380000,0x000000076cd00000)
 ParOldGen       total 137728K, used 137639K [0x00000006c0000000, 0x00000006c8680000, 0x000000076ab00000)
  object space 137728K, 99% used [0x00000006c0000000,0x00000006c8669e38,0x00000006c8680000)
 Metaspace       used 31132K, capacity 31667K, committed 32128K, reserved 1077248K
  class space    used 4239K, capacity 4380K, committed 4480K, reserved 1048576K
}
Event: 12992.277 GC heap before
{Heap before GC invocations=2986 (full 7):
 PSYoungGen      total 34816K, used 34389K [0x000000076ab00000, 0x000000076d680000, 0x00000007c0000000)
  eden space 25088K, 100% used [0x000000076ab00000,0x000000076c380000,0x000000076c380000)
  from space 9728K, 95% used [0x000000076cd00000,0x000000076d615550,0x000000076d680000)
  to   space 9728K, 0% used [0x000000076c380000,0x000000076c380000,0x000000076cd00000)
 ParOldGen       total 137728K, used 137639K [0x00000006c0000000, 0x00000006c8680000, 0x000000076ab00000)
  object space 137728K, 99% used [0x00000006c0000000,0x00000006c8669e38,0x00000006c8680000)
 Metaspace       used 31132K, capacity 31667K, committed 32128K, reserved 1077248K
  class space    used 4239K, capacity 4380K, committed 4480K, reserved 1048576K
Event: 12992.284 GC heap after
Heap after GC invocations=2986 (full 7):
 PSYoungGen      total 34816K, used 8988K [0x000000076ab00000, 0x000000076d680000, 0x00000007c0000000)
  eden space 25088K, 0% used [0x000000076ab00000,0x000000076ab00000,0x000000076c380000)
  from space 9728K, 92% used [0x000000076c380000,0x000000076cc47340,0x000000076cd00000)
  to   space 9728K, 0% used [0x000000076cd00000,0x000000076cd00000,0x000000076d680000)
 ParOldGen       total 137728K, used 137671K [0x00000006c0000000, 0x00000006c8680000, 0x000000076ab00000)
  object space 137728K, 99% used [0x00000006c0000000,0x00000006c8671e38,0x00000006c8680000)
 Metaspace       used 31132K, capacity 31667K, committed 32128K, reserved 1077248K
  class space    used 4239K, capacity 4380K, committed 4480K, reserved 1048576K
}
Event: 12993.374 GC heap before
{Heap before GC invocations=2987 (full 7):
 PSYoungGen      total 34816K, used 33848K [0x000000076ab00000, 0x000000076d680000, 0x00000007c0000000)
  eden space 25088K, 99% used [0x000000076ab00000,0x000000076c347000,0x000000076c380000)
  from space 9728K, 92% used [0x000000076c380000,0x000000076cc47340,0x000000076cd00000)
  to   space 9728K, 0% used [0x000000076cd00000,0x000000076cd00000,0x000000076d680000)
 ParOldGen       total 137728K, used 137671K [0x00000006c0000000, 0x00000006c8680000, 0x000000076ab00000)
  object space 137728K, 99% used [0x00000006c0000000,0x00000006c8671e38,0x00000006c8680000)
 Metaspace       used 31132K, capacity 31667K, committed 32128K, reserved 1077248K
  class space    used 4239K, capacity 4380K, committed 4480K, reserved 1048576K
Event: 12993.380 GC heap after
Heap after GC invocations=2987 (full 7):
 PSYoungGen      total 34816K, used 8676K [0x000000076ab00000, 0x000000076d680000, 0x00000007c0000000)
  eden space 25088K, 0% used [0x000000076ab00000,0x000000076ab00000,0x000000076c380000)
  from space 9728K, 89% used [0x000000076cd00000,0x000000076d579130,0x000000076d680000)
  to   space 9728K, 0% used [0x000000076c380000,0x000000076c380000,0x000000076cd00000)
 ParOldGen       total 137728K, used 137679K [0x00000006c0000000, 0x00000006c8680000, 0x000000076ab00000)
  object space 137728K, 99% used [0x00000006c0000000,0x00000006c8673e38,0x00000006c8680000)
 Metaspace       used 31132K, capacity 31667K, committed 32128K, reserved 1077248K
  class space    used 4239K, capacity 4380K, committed 4480K, reserved 1048576K
}
Event: 12993.380 GC heap before
{Heap before GC invocations=2988 (full 8):
 PSYoungGen      total 34816K, used 8676K [0x000000076ab00000, 0x000000076d680000, 0x00000007c0000000)
  eden space 25088K, 0% used [0x000000076ab00000,0x000000076ab00000,0x000000076c380000)
  from space 9728K, 89% used [0x000000076cd00000,0x000000076d579130,0x000000076d680000)
  to   space 9728K, 0% used [0x000000076c380000,0x000000076c380000,0x000000076cd00000)
 ParOldGen       total 137728K, used 137679K [0x00000006c0000000, 0x00000006c8680000, 0x000000076ab00000)
  object space 137728K, 99% used [0x00000006c0000000,0x00000006c8673e38,0x00000006c8680000)
 Metaspace       used 31132K, capacity 31667K, committed 32128K, reserved 1077248K
  class space    used 4239K, capacity 4380K, committed 4480K, reserved 1048576K
Event: 12993.434 GC heap after
Heap after GC invocations=2988 (full 8):
 PSYoungGen      total 34816K, used 0K [0x000000076ab00000, 0x000000076d680000, 0x00000007c0000000)
  eden space 25088K, 0% used [0x000000076ab00000,0x000000076ab00000,0x000000076c380000)
  from space 9728K, 0% used [0x000000076cd00000,0x000000076cd00000,0x000000076d680000)
  to   space 9728K, 0% used [0x000000076c380000,0x000000076c380000,0x000000076cd00000)
 ParOldGen       total 118784K, used 61912K [0x00000006c0000000, 0x00000006c7400000, 0x000000076ab00000)
  object space 118784K, 52% used [0x00000006c0000000,0x00000006c3c76128,0x00000006c7400000)
 Metaspace       used 31132K, capacity 31667K, committed 32128K, reserved 1077248K
  class space    used 4239K, capacity 4380K, committed 4480K, reserved 1048576K
}

Deoptimization events (10 events):
Event: 11638.728 Thread 0x00007fa80c989000 Uncommon trap: reason=unstable_if action=reinterpret pc=0x000000010cb629cc method=java.util.HashMap.removeNode(ILjava/lang/Object;Ljava/lang/Object;ZZ)Ljava/util/HashMap$Node; @ 58
Event: 11638.915 Thread 0x00007fa80ca03800 Uncommon trap: reason=unstable_if action=reinterpret pc=0x000000010d0b0e58 method=sun.awt.image.BufImgSurfaceData.getSolidLoops(Lsun/java2d/loops/SurfaceType;)Lsun/java2d/loops/RenderLoops; @ 24
Event: 11638.915 Thread 0x00007fa80ca03800 Uncommon trap: reason=class_check action=maybe_recompile pc=0x000000010cee0e34 method=sun.java2d.loops.SurfaceType.pixelFor(ILjava/awt/image/ColorModel;)I @ 6
Event: 11638.915 Thread 0x00007fa80ca03800 Uncommon trap: reason=class_check action=maybe_recompile pc=0x000000010cee0e34 method=sun.java2d.loops.SurfaceType.pixelFor(ILjava/awt/image/ColorModel;)I @ 6
Event: 11638.915 Thread 0x00007fa80ca03800 Uncommon trap: reason=class_check action=maybe_recompile pc=0x000000010cee0e34 method=sun.java2d.loops.SurfaceType.pixelFor(ILjava/awt/image/ColorModel;)I @ 6
Event: 11638.918 Thread 0x00007fa80ca03800 Uncommon trap: reason=class_check action=maybe_recompile pc=0x000000010cee0e34 method=sun.java2d.loops.SurfaceType.pixelFor(ILjava/awt/image/ColorModel;)I @ 6
Event: 11638.918 Thread 0x00007fa80ca03800 Uncommon trap: reason=bimorphic action=maybe_recompile pc=0x000000010d1060dc method=sun.java2d.SunGraphics2D.getDeviceConfiguration()Ljava/awt/GraphicsConfiguration; @ 4
Event: 11638.929 Thread 0x00007fa80ca03800 Uncommon trap: reason=unstable_if action=reinterpret pc=0x000000010c60c228 method=sun.awt.image.IntegerComponentRaster.verify()V @ 243
Event: 11639.110 Thread 0x00007fa80ca03800 Uncommon trap: reason=unstable_if action=reinterpret pc=0x000000010c94cd7c method=java.util.HashMap$HashIterator.<init>(Ljava/util/HashMap;)V @ 45
Event: 11639.503 Thread 0x00007fa80ca03800 Uncommon trap: reason=unstable_if action=reinterpret pc=0x000000010d0ff864 method=sun.awt.image.SurfaceManager.flush(Z)V @ 4

Classes redefined (0 events):
No events

Internal exceptions (10 events):
Event: 19.691 Thread 0x00007fa80d202800 Exception <a 'java/lang/ArrayIndexOutOfBoundsException': 9> (0x00000007780cf9e0) thrown at [/Users/java_re/workspace/8-2-build-macosx-x86_64/jdk8u152/9742/hotspot/src/share/vm/interpreter/interpreterRuntime.cpp, line 366]
Event: 19.691 Thread 0x00007fa80d202800 Exception <a 'java/lang/ArrayIndexOutOfBoundsException': 10> (0x00000007780cfc98) thrown at [/Users/java_re/workspace/8-2-build-macosx-x86_64/jdk8u152/9742/hotspot/src/share/vm/interpreter/interpreterRuntime.cpp, line 366]
Event: 19.692 Thread 0x00007fa80d202800 Exception <a 'java/lang/ArrayIndexOutOfBoundsException': 11> (0x00000007780cff58) thrown at [/Users/java_re/workspace/8-2-build-macosx-x86_64/jdk8u152/9742/hotspot/src/share/vm/interpreter/interpreterRuntime.cpp, line 366]
Event: 19.692 Thread 0x00007fa80d202800 Exception <a 'java/lang/ArrayIndexOutOfBoundsException'> (0x00000007780d0220) thrown at [/Users/java_re/workspace/8-2-build-macosx-x86_64/jdk8u152/9742/hotspot/src/share/vm/runtime/sharedRuntime.cpp, line 605]
Event: 19.693 Thread 0x00007fa80d202800 Exception <a 'java/lang/ArrayIndexOutOfBoundsException'> (0x00000007780d04f0) thrown at [/Users/java_re/workspace/8-2-build-macosx-x86_64/jdk8u152/9742/hotspot/src/share/vm/runtime/sharedRuntime.cpp, line 605]
Event: 19.694 Thread 0x00007fa80d202800 Exception <a 'java/lang/ArrayIndexOutOfBoundsException'> (0x00000007780d07c8) thrown at [/Users/java_re/workspace/8-2-build-macosx-x86_64/jdk8u152/9742/hotspot/src/share/vm/runtime/sharedRuntime.cpp, line 605]
Event: 19.696 Thread 0x00007fa80d202800 Exception <a 'java/lang/ArrayIndexOutOfBoundsException'> (0x00000007780d0aa8) thrown at [/Users/java_re/workspace/8-2-build-macosx-x86_64/jdk8u152/9742/hotspot/src/share/vm/runtime/sharedRuntime.cpp, line 605]
Event: 11637.897 Thread 0x00007fa80ca03800 Implicit null exception at 0x000000010d135be3 to 0x000000010d136049
Event: 11638.004 Thread 0x00007fa80ca03800 Implicit null exception at 0x000000010d0af417 to 0x000000010d0af5ed
Event: 11639.503 Thread 0x00007fa80ca03800 Implicit null exception at 0x000000010d0fdae8 to 0x000000010d0ff82d

Events (10 events):
Event: 12990.060 Executing VM operation: ParallelGCFailedAllocation done
Event: 12991.153 Executing VM operation: ParallelGCFailedAllocation
Event: 12991.160 Executing VM operation: ParallelGCFailedAllocation done
Event: 12992.277 Executing VM operation: ParallelGCFailedAllocation
Event: 12992.284 Executing VM operation: ParallelGCFailedAllocation done
Event: 12993.373 Executing VM operation: ParallelGCFailedAllocation
Event: 12993.434 Executing VM operation: ParallelGCFailedAllocation done
Event: 12993.456 Thread 0x00007fa80d041000 flushing nmethod 0x000000010cafd690
Event: 12993.457 Thread 0x00007fa80d041000 flushing nmethod 0x000000010cb62490
Event: 12993.457 Thread 0x00007fa80d041000 flushing nmethod 0x000000010cbb67d0


Dynamic libraries:
0x0000000009d1a000 	/System/Library/Frameworks/Cocoa.framework/Versions/A/Cocoa
0x0000000009d1a000 	/System/Library/Frameworks/Security.framework/Versions/A/Security
0x0000000009d1a000 	/System/Library/Frameworks/ApplicationServices.framework/Versions/A/ApplicationServices
0x0000000009d1a000 	/usr/lib/libz.1.dylib
0x0000000009d1a000 	/usr/lib/libSystem.B.dylib
0x0000000009d1a000 	/usr/lib/libobjc.A.dylib
0x0000000009d1a000 	/System/Library/Frameworks/CoreFoundation.framework/Versions/A/CoreFoundation
0x0000000009d1a000 	/System/Library/Frameworks/Foundation.framework/Versions/C/Foundation
0x0000000009d1a000 	/System/Library/Frameworks/AppKit.framework/Versions/C/AppKit
0x0000000009d1a000 	/System/Library/Frameworks/CoreData.framework/Versions/A/CoreData
0x0000000009d1a000 	/System/Library/PrivateFrameworks/RemoteViewServices.framework/Versions/A/RemoteViewServices
0x0000000009d1a000 	/System/Library/PrivateFrameworks/UIFoundation.framework/Versions/A/UIFoundation
0x0000000009d1a000 	/System/Library/PrivateFrameworks/DFRFoundation.framework/Versions/A/DFRFoundation
0x0000000009d1a000 	/System/Library/Frameworks/Metal.framework/Versions/A/Metal
0x0000000009d1a000 	/System/Library/PrivateFrameworks/DesktopServicesPriv.framework/Versions/A/DesktopServicesPriv
0x0000000009d1a000 	/usr/lib/libenergytrace.dylib
0x0000000009d1a000 	/System/Library/PrivateFrameworks/SkyLight.framework/Versions/A/SkyLight
0x0000000009d1a000 	/System/Library/Frameworks/CoreGraphics.framework/Versions/A/CoreGraphics
0x0000000009d1a000 	/usr/lib/libScreenReader.dylib
0x0000000009d1a000 	/System/Library/Frameworks/Accelerate.framework/Versions/A/Accelerate
0x0000000009d1a000 	/System/Library/Frameworks/IOSurface.framework/Versions/A/IOSurface
0x0000000009d1a000 	/System/Library/Frameworks/AudioToolbox.framework/Versions/A/AudioToolbox
0x0000000009d1a000 	/System/Library/Frameworks/AudioUnit.framework/Versions/A/AudioUnit
0x0000000009d1a000 	/System/Library/PrivateFrameworks/DataDetectorsCore.framework/Versions/A/DataDetectorsCore
0x0000000009d1a000 	/System/Library/Frameworks/Carbon.framework/Versions/A/Frameworks/HIToolbox.framework/Versions/A/HIToolbox
0x0000000009d1a000 	/usr/lib/libicucore.A.dylib
0x0000000009d1a000 	/System/Library/Frameworks/QuartzCore.framework/Versions/A/QuartzCore
0x0000000009d1a000 	/System/Library/Frameworks/Carbon.framework/Versions/A/Frameworks/SpeechRecognition.framework/Versions/A/SpeechRecognition
0x0000000009d1a000 	/usr/lib/libauto.dylib
0x0000000009d1a000 	/usr/lib/libxml2.2.dylib
0x0000000009d1a000 	/System/Library/PrivateFrameworks/CoreUI.framework/Versions/A/CoreUI
0x0000000009d1a000 	/System/Library/Frameworks/CoreAudio.framework/Versions/A/CoreAudio
0x0000000009d1a000 	/System/Library/Frameworks/DiskArbitration.framework/Versions/A/DiskArbitration
0x0000000009d1a000 	/usr/lib/liblangid.dylib
0x0000000009d1a000 	/System/Library/PrivateFrameworks/MultitouchSupport.framework/Versions/A/MultitouchSupport
0x0000000009d1a000 	/System/Library/Frameworks/IOKit.framework/Versions/A/IOKit
0x0000000009d1a000 	/usr/lib/libDiagnosticMessagesClient.dylib
0x0000000009d1a000 	/System/Library/Frameworks/CoreServices.framework/Versions/A/CoreServices
0x0000000009d1a000 	/System/Library/PrivateFrameworks/PerformanceAnalysis.framework/Versions/A/PerformanceAnalysis
0x0000000009d1a000 	/System/Library/Frameworks/OpenGL.framework/Versions/A/OpenGL
0x0000000009d1a000 	/System/Library/Frameworks/ColorSync.framework/Versions/A/ColorSync
0x0000000009d1a000 	/System/Library/Frameworks/CoreImage.framework/Versions/A/CoreImage
0x0000000009d1a000 	/System/Library/Frameworks/CoreText.framework/Versions/A/CoreText
0x0000000009d1a000 	/System/Library/Frameworks/ImageIO.framework/Versions/A/ImageIO
0x0000000009d1a000 	/System/Library/PrivateFrameworks/Backup.framework/Versions/A/Backup
0x0000000009d1a000 	/usr/lib/libarchive.2.dylib
0x0000000009d1a000 	/System/Library/Frameworks/CFNetwork.framework/Versions/A/CFNetwork
0x0000000009d1a000 	/System/Library/Frameworks/SystemConfiguration.framework/Versions/A/SystemConfiguration
0x0000000009d1a000 	/usr/lib/libCRFSuite.dylib
0x0000000009d1a000 	/usr/lib/libc++.1.dylib
0x0000000009d1a000 	/usr/lib/libc++abi.dylib
0x0000000009d1a000 	/usr/lib/system/libcache.dylib
0x0000000009d1a000 	/usr/lib/system/libcommonCrypto.dylib
0x0000000009d1a000 	/usr/lib/system/libcompiler_rt.dylib
0x0000000009d1a000 	/usr/lib/system/libcopyfile.dylib
0x0000000009d1a000 	/usr/lib/system/libcorecrypto.dylib
0x0000000009d1a000 	/usr/lib/system/libdispatch.dylib
0x0000000009d1a000 	/usr/lib/system/libdyld.dylib
0x0000000009d1a000 	/usr/lib/system/libkeymgr.dylib
0x0000000009d1a000 	/usr/lib/system/liblaunch.dylib
0x0000000009d1a000 	/usr/lib/system/libmacho.dylib
0x0000000009d1a000 	/usr/lib/system/libquarantine.dylib
0x0000000009d1a000 	/usr/lib/system/libremovefile.dylib
0x0000000009d1a000 	/usr/lib/system/libsystem_asl.dylib
0x0000000009d1a000 	/usr/lib/system/libsystem_blocks.dylib
0x0000000009d1a000 	/usr/lib/system/libsystem_c.dylib
0x0000000009d1a000 	/usr/lib/system/libsystem_configuration.dylib
0x0000000009d1a000 	/usr/lib/system/libsystem_coreservices.dylib
0x0000000009d1a000 	/usr/lib/system/libsystem_darwin.dylib
0x0000000009d1a000 	/usr/lib/system/libsystem_dnssd.dylib
0x0000000009d1a000 	/usr/lib/system/libsystem_info.dylib
0x0000000009d1a000 	/usr/lib/system/libsystem_m.dylib
0x0000000009d1a000 	/usr/lib/system/libsystem_malloc.dylib
0x0000000009d1a000 	/usr/lib/system/libsystem_network.dylib
0x0000000009d1a000 	/usr/lib/system/libsystem_networkextension.dylib
0x0000000009d1a000 	/usr/lib/system/libsystem_notify.dylib
0x0000000009d1a000 	/usr/lib/system/libsystem_sandbox.dylib
0x0000000009d1a000 	/usr/lib/system/libsystem_secinit.dylib
0x0000000009d1a000 	/usr/lib/system/libsystem_kernel.dylib
0x0000000009d1a000 	/usr/lib/system/libsystem_platform.dylib
0x0000000009d1a000 	/usr/lib/system/libsystem_pthread.dylib
0x0000000009d1a000 	/usr/lib/system/libsystem_symptoms.dylib
0x0000000009d1a000 	/usr/lib/system/libsystem_trace.dylib
0x0000000009d1a000 	/usr/lib/system/libunwind.dylib
0x0000000009d1a000 	/usr/lib/system/libxpc.dylib
0x0000000009d1a000 	/usr/lib/closure/libclosured.dylib
0x0000000009d1a000 	/usr/lib/libbsm.0.dylib
0x0000000009d1a000 	/usr/lib/system/libkxld.dylib
0x0000000009d1a000 	/usr/lib/libOpenScriptingUtil.dylib
0x0000000009d1a000 	/usr/lib/libcoretls.dylib
0x0000000009d1a000 	/usr/lib/libcoretls_cfhelpers.dylib
0x0000000009d1a000 	/usr/lib/libpam.2.dylib
0x0000000009d1a000 	/usr/lib/libsqlite3.dylib
0x0000000009d1a000 	/usr/lib/libxar.1.dylib
0x0000000009d1a000 	/usr/lib/libbz2.1.0.dylib
0x0000000009d1a000 	/usr/lib/liblzma.5.dylib
0x0000000009d1a000 	/usr/lib/libnetwork.dylib
0x0000000009d1a000 	/usr/lib/libapple_nghttp2.dylib
0x0000000009d1a000 	/usr/lib/libpcap.A.dylib
0x0000000009d1a000 	/usr/lib/libboringssl.dylib
0x0000000009d1a000 	/usr/lib/libusrtcp.dylib
0x0000000009d1a000 	/usr/lib/libapple_crypto.dylib
0x0000000009d1a000 	/System/Library/Frameworks/CoreServices.framework/Versions/A/Frameworks/FSEvents.framework/Versions/A/FSEvents
0x0000000009d1a000 	/System/Library/Frameworks/CoreServices.framework/Versions/A/Frameworks/CarbonCore.framework/Versions/A/CarbonCore
0x0000000009d1a000 	/System/Library/Frameworks/CoreServices.framework/Versions/A/Frameworks/Metadata.framework/Versions/A/Metadata
0x0000000009d1a000 	/System/Library/Frameworks/CoreServices.framework/Versions/A/Frameworks/OSServices.framework/Versions/A/OSServices
0x0000000009d1a000 	/System/Library/Frameworks/CoreServices.framework/Versions/A/Frameworks/SearchKit.framework/Versions/A/SearchKit
0x0000000009d1a000 	/System/Library/Frameworks/CoreServices.framework/Versions/A/Frameworks/AE.framework/Versions/A/AE
0x0000000009d1a000 	/System/Library/Frameworks/CoreServices.framework/Versions/A/Frameworks/LaunchServices.framework/Versions/A/LaunchServices
0x0000000009d1a000 	/System/Library/Frameworks/CoreServices.framework/Versions/A/Frameworks/DictionaryServices.framework/Versions/A/DictionaryServices
0x0000000009d1a000 	/System/Library/Frameworks/CoreServices.framework/Versions/A/Frameworks/SharedFileList.framework/Versions/A/SharedFileList
0x0000000009d1a000 	/System/Library/Frameworks/NetFS.framework/Versions/A/NetFS
0x0000000009d1a000 	/System/Library/PrivateFrameworks/NetAuth.framework/Versions/A/NetAuth
0x0000000009d1a000 	/System/Library/PrivateFrameworks/login.framework/Versions/A/Frameworks/loginsupport.framework/Versions/A/loginsupport
0x0000000009d1a000 	/System/Library/PrivateFrameworks/TCC.framework/Versions/A/TCC
0x0000000009d1a000 	/usr/lib/libmecabra.dylib
0x0000000009d1a000 	/System/Library/Frameworks/ApplicationServices.framework/Versions/A/Frameworks/ATS.framework/Versions/A/ATS
0x0000000009d1a000 	/System/Library/Frameworks/ApplicationServices.framework/Versions/A/Frameworks/ColorSyncLegacy.framework/Versions/A/ColorSyncLegacy
0x0000000009d1a000 	/System/Library/Frameworks/ApplicationServices.framework/Versions/A/Frameworks/HIServices.framework/Versions/A/HIServices
0x0000000009d1a000 	/System/Library/Frameworks/ApplicationServices.framework/Versions/A/Frameworks/LangAnalysis.framework/Versions/A/LangAnalysis
0x0000000009d1a000 	/System/Library/Frameworks/ApplicationServices.framework/Versions/A/Frameworks/PrintCore.framework/Versions/A/PrintCore
0x0000000009d1a000 	/System/Library/Frameworks/ApplicationServices.framework/Versions/A/Frameworks/QD.framework/Versions/A/QD
0x0000000009d1a000 	/System/Library/Frameworks/ApplicationServices.framework/Versions/A/Frameworks/SpeechSynthesis.framework/Versions/A/SpeechSynthesis
0x0000000009d1a000 	/System/Library/Frameworks/CoreDisplay.framework/Versions/A/CoreDisplay
0x0000000009d1a000 	/System/Library/Frameworks/Accelerate.framework/Versions/A/Frameworks/vImage.framework/Versions/A/vImage
0x0000000009d1a000 	/System/Library/Frameworks/Accelerate.framework/Versions/A/Frameworks/vecLib.framework/Versions/A/vecLib
0x0000000009d1a000 	/System/Library/Frameworks/Accelerate.framework/Versions/A/Frameworks/vecLib.framework/Versions/A/libvDSP.dylib
0x0000000009d1a000 	/System/Library/Frameworks/Accelerate.framework/Versions/A/Frameworks/vecLib.framework/Versions/A/libBNNS.dylib
0x0000000009d1a000 	/System/Library/Frameworks/Accelerate.framework/Versions/A/Frameworks/vecLib.framework/Versions/A/libQuadrature.dylib
0x0000000009d1a000 	/System/Library/Frameworks/Accelerate.framework/Versions/A/Frameworks/vecLib.framework/Versions/A/libvMisc.dylib
0x0000000009d1a000 	/System/Library/Frameworks/Accelerate.framework/Versions/A/Frameworks/vecLib.framework/Versions/A/libLAPACK.dylib
0x0000000009d1a000 	/System/Library/Frameworks/Accelerate.framework/Versions/A/Frameworks/vecLib.framework/Versions/A/libBLAS.dylib
0x0000000009d1a000 	/System/Library/Frameworks/Accelerate.framework/Versions/A/Frameworks/vecLib.framework/Versions/A/libLinearAlgebra.dylib
0x0000000009d1a000 	/System/Library/Frameworks/Accelerate.framework/Versions/A/Frameworks/vecLib.framework/Versions/A/libSparse.dylib
0x0000000009d1a000 	/System/Library/Frameworks/Accelerate.framework/Versions/A/Frameworks/vecLib.framework/Versions/A/libSparseBLAS.dylib
0x0000000009d1a000 	/System/Library/PrivateFrameworks/IOAccelerator.framework/Versions/A/IOAccelerator
0x0000000009d1a000 	/System/Library/PrivateFrameworks/IOPresentment.framework/Versions/A/IOPresentment
0x0000000009d1a000 	/System/Library/PrivateFrameworks/DSExternalDisplay.framework/Versions/A/DSExternalDisplay
0x0000000009d1a000 	/System/Library/Frameworks/OpenGL.framework/Versions/A/Libraries/libCoreFSCache.dylib
0x0000000009d1a000 	/System/Library/Frameworks/CoreVideo.framework/Versions/A/CoreVideo
0x0000000009d1a000 	/System/Library/PrivateFrameworks/GraphVisualizer.framework/Versions/A/GraphVisualizer
0x0000000009d1a000 	/System/Library/Frameworks/MetalPerformanceShaders.framework/Versions/A/MetalPerformanceShaders
0x0000000009d1a000 	/usr/lib/libFosl_dynamic.dylib
0x0000000009d1a000 	/System/Library/PrivateFrameworks/FaceCore.framework/Versions/A/FaceCore
0x0000000009d1a000 	/System/Library/Frameworks/OpenCL.framework/Versions/A/OpenCL
0x0000000009d1a000 	/usr/lib/libcompression.dylib
0x0000000009d1a000 	/System/Library/Frameworks/ApplicationServices.framework/Versions/A/Frameworks/ATS.framework/Versions/A/Resources/libFontParser.dylib
0x0000000009d1a000 	/System/Library/Frameworks/ApplicationServices.framework/Versions/A/Frameworks/ATS.framework/Versions/A/Resources/libFontRegistry.dylib
0x0000000009d1a000 	/System/Library/Frameworks/ImageIO.framework/Versions/A/Resources/libJPEG.dylib
0x0000000009d1a000 	/System/Library/Frameworks/ImageIO.framework/Versions/A/Resources/libTIFF.dylib
0x0000000009d1a000 	/System/Library/Frameworks/ImageIO.framework/Versions/A/Resources/libPng.dylib
0x0000000009d1a000 	/System/Library/Frameworks/ImageIO.framework/Versions/A/Resources/libGIF.dylib
0x0000000009d1a000 	/System/Library/Frameworks/ImageIO.framework/Versions/A/Resources/libJP2.dylib
0x0000000009d1a000 	/System/Library/Frameworks/ImageIO.framework/Versions/A/Resources/libRadiance.dylib
0x0000000009d1a000 	/System/Library/PrivateFrameworks/AppleJPEG.framework/Versions/A/AppleJPEG
0x0000000009d1a000 	/System/Library/PrivateFrameworks/MetalTools.framework/Versions/A/MetalTools
0x0000000009d1a000 	/System/Library/Frameworks/MetalPerformanceShaders.framework/Frameworks/MPSCore.framework/Versions/A/MPSCore
0x0000000009d1a000 	/System/Library/Frameworks/MetalPerformanceShaders.framework/Frameworks/MPSImage.framework/Versions/A/MPSImage
0x0000000009d1a000 	/System/Library/Frameworks/MetalPerformanceShaders.framework/Frameworks/MPSMatrix.framework/Versions/A/MPSMatrix
0x0000000009d1a000 	/System/Library/Frameworks/MetalPerformanceShaders.framework/Frameworks/MPSNeuralNetwork.framework/Versions/A/MPSNeuralNetwork
0x0000000009d1a000 	/System/Library/Frameworks/OpenGL.framework/Versions/A/Libraries/libGLU.dylib
0x0000000009d1a000 	/System/Library/Frameworks/OpenGL.framework/Versions/A/Libraries/libGFXShared.dylib
0x0000000009d1a000 	/System/Library/Frameworks/OpenGL.framework/Versions/A/Libraries/libGL.dylib
0x0000000009d1a000 	/System/Library/Frameworks/OpenGL.framework/Versions/A/Libraries/libGLImage.dylib
0x0000000009d1a000 	/System/Library/Frameworks/OpenGL.framework/Versions/A/Libraries/libCVMSPluginSupport.dylib
0x0000000009d1a000 	/System/Library/Frameworks/OpenGL.framework/Versions/A/Libraries/libCoreVMClient.dylib
0x0000000009d1a000 	/usr/lib/libcups.2.dylib
0x0000000009d1a000 	/System/Library/Frameworks/Kerberos.framework/Versions/A/Kerberos
0x0000000009d1a000 	/System/Library/Frameworks/GSS.framework/Versions/A/GSS
0x0000000009d1a000 	/usr/lib/libresolv.9.dylib
0x0000000009d1a000 	/usr/lib/libiconv.2.dylib
0x0000000009d1a000 	/System/Library/PrivateFrameworks/Heimdal.framework/Versions/A/Heimdal
0x0000000009d1a000 	/usr/lib/libheimdal-asn1.dylib
0x0000000009d1a000 	/System/Library/Frameworks/OpenDirectory.framework/Versions/A/OpenDirectory
0x0000000009d1a000 	/System/Library/PrivateFrameworks/CommonAuth.framework/Versions/A/CommonAuth
0x0000000009d1a000 	/System/Library/Frameworks/OpenDirectory.framework/Versions/A/Frameworks/CFOpenDirectory.framework/Versions/A/CFOpenDirectory
0x0000000009d1a000 	/System/Library/Frameworks/SecurityFoundation.framework/Versions/A/SecurityFoundation
0x0000000009d1a000 	/System/Library/PrivateFrameworks/APFS.framework/Versions/A/APFS
0x0000000009d1a000 	/usr/lib/libutil.dylib
0x0000000009d1a000 	/System/Library/PrivateFrameworks/AppleSauce.framework/Versions/A/AppleSauce
0x0000000009d1a000 	/System/Library/PrivateFrameworks/LinguisticData.framework/Versions/A/LinguisticData
0x0000000009d1a000 	/usr/lib/libmarisa.dylib
0x0000000009d1a000 	/System/Library/PrivateFrameworks/Lexicon.framework/Versions/A/Lexicon
0x0000000009d1a000 	/usr/lib/libChineseTokenizer.dylib
0x0000000009d1a000 	/usr/lib/libcmph.dylib
0x0000000009d1a000 	/System/Library/PrivateFrameworks/LanguageModeling.framework/Versions/A/LanguageModeling
0x0000000009d1a000 	/System/Library/PrivateFrameworks/CoreEmoji.framework/Versions/A/CoreEmoji
0x0000000009d1a000 	/System/Library/Frameworks/ServiceManagement.framework/Versions/A/ServiceManagement
0x0000000009d1a000 	/System/Library/PrivateFrameworks/BackgroundTaskManagement.framework/Versions/A/BackgroundTaskManagement
0x0000000009d1a000 	/usr/lib/libxslt.1.dylib
0x0000000009d1a000 	/System/Library/Frameworks/Carbon.framework/Versions/A/Frameworks/Ink.framework/Versions/A/Ink
0x0000000009d1a000 	/System/Library/PrivateFrameworks/TextureIO.framework/Versions/A/TextureIO
0x0000000009d1a000 	/usr/lib/libate.dylib
0x0000000009d1a000 	/System/Library/PrivateFrameworks/CrashReporterSupport.framework/Versions/A/CrashReporterSupport
0x0000000009d1a000 	/System/Library/PrivateFrameworks/Sharing.framework/Versions/A/Sharing
0x0000000009d1a000 	/System/Library/PrivateFrameworks/IconServices.framework/Versions/A/IconServices
0x0000000009d1a000 	/System/Library/PrivateFrameworks/ProtocolBuffer.framework/Versions/A/ProtocolBuffer
0x0000000009d1a000 	/System/Library/PrivateFrameworks/Apple80211.framework/Versions/A/Apple80211
0x0000000009d1a000 	/System/Library/Frameworks/CoreWLAN.framework/Versions/A/CoreWLAN
0x0000000009d1a000 	/System/Library/PrivateFrameworks/CoreUtils.framework/Versions/A/CoreUtils
0x0000000009d1a000 	/System/Library/Frameworks/IOBluetooth.framework/Versions/A/IOBluetooth
0x0000000009d1a000 	/System/Library/PrivateFrameworks/CoreWiFi.framework/Versions/A/CoreWiFi
0x0000000009d1a000 	/System/Library/Frameworks/CoreBluetooth.framework/Versions/A/CoreBluetooth
0x0000000009d1a000 	/System/Library/PrivateFrameworks/SignpostNotification.framework/Versions/A/SignpostNotification
0x0000000009d1a000 	/System/Library/PrivateFrameworks/DebugSymbols.framework/Versions/A/DebugSymbols
0x0000000009d1a000 	/System/Library/PrivateFrameworks/CoreSymbolication.framework/Versions/A/CoreSymbolication
0x0000000009d1a000 	/System/Library/PrivateFrameworks/Symbolication.framework/Versions/A/Symbolication
0x0000000009d1a000 	/System/Library/PrivateFrameworks/AppleFSCompression.framework/Versions/A/AppleFSCompression
0x0000000009d1a000 	/System/Library/PrivateFrameworks/SpeechRecognitionCore.framework/Versions/A/SpeechRecognitionCore
0x0000000108200000 	/Library/Java/JavaVirtualMachines/jdk1.8.0_152.jdk/Contents/Home/jre/lib/server/libjvm.dylib
0x0000000009d1a000 	/usr/lib/libstdc++.6.0.9.dylib
0x00000001091ac000 	/Library/Java/JavaVirtualMachines/jdk1.8.0_152.jdk/Contents/Home/jre/lib/libverify.dylib
0x00000001091ba000 	/Library/Java/JavaVirtualMachines/jdk1.8.0_152.jdk/Contents/Home/jre/lib/libjava.dylib
0x0000000109238000 	/Library/Java/JavaVirtualMachines/jdk1.8.0_152.jdk/Contents/Home/jre/lib/libzip.dylib
0x0000000125581000 	/Library/Java/JavaVirtualMachines/jdk1.8.0_152.jdk/Contents/Home/jre/lib/libawt.dylib
0x000000012562b000 	/Library/Java/JavaVirtualMachines/jdk1.8.0_152.jdk/Contents/Home/jre/lib/./libmlib_image.dylib
0x0000000009d1a000 	/System/Library/Frameworks/JavaVM.framework/Versions/A/Frameworks/JavaNativeFoundation.framework/Versions/A/JavaNativeFoundation
0x0000000009d1a000 	/System/Library/Frameworks/JavaVM.framework/Versions/A/Frameworks/JavaRuntimeSupport.framework/Versions/A/JavaRuntimeSupport
0x0000000009d1a000 	/System/Library/Frameworks/JavaVM.framework/Versions/A/JavaVM
0x0000000009d1a000 	/System/Library/PrivateFrameworks/JavaLaunching.framework/Versions/A/JavaLaunching
0x0000000009d1a000 	/System/Library/Frameworks/Carbon.framework/Versions/A/Carbon
0x0000000009d1a000 	/System/Library/Frameworks/Carbon.framework/Versions/A/Frameworks/CommonPanels.framework/Versions/A/CommonPanels
0x0000000009d1a000 	/System/Library/Frameworks/Carbon.framework/Versions/A/Frameworks/Help.framework/Versions/A/Help
0x0000000009d1a000 	/System/Library/Frameworks/Carbon.framework/Versions/A/Frameworks/ImageCapture.framework/Versions/A/ImageCapture
0x0000000009d1a000 	/System/Library/Frameworks/Carbon.framework/Versions/A/Frameworks/OpenScripting.framework/Versions/A/OpenScripting
0x0000000009d1a000 	/System/Library/Frameworks/Carbon.framework/Versions/A/Frameworks/Print.framework/Versions/A/Print
0x0000000009d1a000 	/System/Library/Frameworks/Carbon.framework/Versions/A/Frameworks/SecurityHI.framework/Versions/A/SecurityHI
0x00000001256f7000 	/Library/Java/JavaVirtualMachines/jdk1.8.0_152.jdk/Contents/Home/jre/lib/libawt_lwawt.dylib
0x00000001257b1000 	/Library/Java/JavaVirtualMachines/jdk1.8.0_152.jdk/Contents/Home/jre/lib/./libosxapp.dylib
0x0000000009d1a000 	/System/Library/Frameworks/ExceptionHandling.framework/Versions/A/ExceptionHandling
0x0000000009d1a000 	/System/Library/PrivateFrameworks/CoreServicesInternal.framework/Versions/A/CoreServicesInternal
0x0000000009d1a000 	/System/Library/CoreServices/RawCamera.bundle/Contents/MacOS/RawCamera
0x0000000009d1a000 	/System/Library/PrivateFrameworks/MobileAsset.framework/Versions/A/MobileAsset
0x0000000009d1a000 	/System/Library/PrivateFrameworks/StreamingZip.framework/Versions/A/StreamingZip
0x0000000009d1a000 	/System/Library/Frameworks/MediaToolbox.framework/Versions/A/MediaToolbox
0x0000000009d1a000 	/System/Library/PrivateFrameworks/CoreAVCHD.framework/Versions/A/CoreAVCHD
0x0000000009d1a000 	/System/Library/Frameworks/MediaAccessibility.framework/Versions/A/MediaAccessibility
0x0000000009d1a000 	/System/Library/PrivateFrameworks/Mangrove.framework/Versions/A/Mangrove
0x0000000009d1a000 	/System/Library/Frameworks/CoreMedia.framework/Versions/A/CoreMedia
0x0000000009d1a000 	/System/Library/Frameworks/VideoToolbox.framework/Versions/A/VideoToolbox
0x0000000009d1a000 	/System/Library/PrivateFrameworks/CoreAUC.framework/Versions/A/CoreAUC
0x0000000009d1a000 	/usr/lib/libspindump.dylib
0x0000000009d1a000 	/usr/lib/libdscsym.dylib
0x0000000009d1a000 	/System/Library/PrivateFrameworks/AppleVA.framework/Versions/A/AppleVA
0x0000000009d1a000 	/System/Library/Frameworks/Accelerate.framework/Versions/A/Frameworks/vImage.framework/Versions/A/Libraries/libCGInterfaces.dylib
0x0000000009d1a000 	/System/Library/Frameworks/ApplicationServices.framework/Versions/A/Frameworks/ATS.framework/Versions/A/Resources/libTrueTypeScaler.dylib
0x0000000009d1a000 	/System/Library/Frameworks/OpenGL.framework/Versions/A/Resources/GLEngine.bundle/GLEngine
0x0000000009d1a000 	/System/Library/Frameworks/OpenGL.framework/Versions/A/Libraries/libGLProgrammability.dylib
0x0000000127d0a000 	/System/Library/Extensions/AppleIntelKBLGraphicsGLDriver.bundle/Contents/MacOS/AppleIntelKBLGraphicsGLDriver
0x0000000009d1a000 	/System/Library/PrivateFrameworks/GPUSupport.framework/Versions/A/Libraries/libGPUSupportMercury.dylib
0x0000000009d1a000 	/System/Library/Frameworks/OpenGL.framework/Versions/A/Resources/GLRendererFloat.bundle/GLRendererFloat
0x0000000009d1a000 	/System/Library/Frameworks/OpenCL.framework/Versions/A/Libraries/libcldcpuengine.dylib
0x0000000009d1a000 	/usr/lib/libcrypto.35.dylib
0x0000000009d1a000 	/System/Library/PrivateFrameworks/TrustEvaluationAgent.framework/Versions/A/TrustEvaluationAgent
0x0000000009d1a000 	/System/Library/Extensions/AppleIntelKBLGraphicsMTLDriver.bundle/Contents/MacOS/AppleIntelKBLGraphicsMTLDriver
0x0000000009d1a000 	/System/Library/PrivateFrameworks/GPUCompiler.framework/Versions/3802/Libraries/libmetal_timestamp.dylib
0x0000000009d1a000 	/System/Library/PrivateFrameworks/FamilyControls.framework/Versions/A/FamilyControls
0x0000000009d1a000 	/System/Library/PrivateFrameworks/CommerceKit.framework/Versions/A/Frameworks/CommerceCore.framework/Versions/A/CommerceCore
0x0000000009d1a000 	/System/Library/PrivateFrameworks/SystemAdministration.framework/Versions/A/SystemAdministration
0x0000000009d1a000 	/System/Library/PrivateFrameworks/AppContainer.framework/Versions/A/AppContainer
0x0000000009d1a000 	/System/Library/PrivateFrameworks/SecCodeWrapper.framework/Versions/A/SecCodeWrapper
0x0000000009d1a000 	/System/Library/PrivateFrameworks/DiskManagement.framework/Versions/A/DiskManagement
0x0000000009d1a000 	/System/Library/Frameworks/DirectoryService.framework/Versions/A/DirectoryService
0x0000000009d1a000 	/System/Library/PrivateFrameworks/DiskImages.framework/Versions/A/DiskImages
0x0000000009d1a000 	/System/Library/PrivateFrameworks/LoginUIKit.framework/Versions/A/Frameworks/LoginUICore.framework/Versions/A/LoginUICore
0x0000000009d1a000 	/usr/lib/libCoreStorage.dylib
0x0000000009d1a000 	/usr/lib/libcsfde.dylib
0x0000000009d1a000 	/usr/lib/libodfde.dylib
0x0000000009d1a000 	/System/Library/PrivateFrameworks/MediaKit.framework/Versions/A/MediaKit
0x0000000009d1a000 	/System/Library/Frameworks/DiscRecording.framework/Versions/A/DiscRecording
0x0000000009d1a000 	/System/Library/PrivateFrameworks/EFILogin.framework/Versions/A/EFILogin
0x0000000009d1a000 	/System/Library/PrivateFrameworks/ProtectedCloudStorage.framework/Versions/A/ProtectedCloudStorage
0x0000000009d1a000 	/usr/lib/libcurl.4.dylib
0x0000000009d1a000 	/usr/lib/libssl.35.dylib
0x0000000009d1a000 	/System/Library/Frameworks/LDAP.framework/Versions/A/LDAP
0x0000000009d1a000 	/usr/lib/libsasl2.2.dylib
0x0000000009d1a000 	/System/Library/PrivateFrameworks/CoreDaemon.framework/Versions/B/CoreDaemon
0x0000000009d1a000 	/System/Library/PrivateFrameworks/AppleSRP.framework/Versions/A/AppleSRP
0x000000012b00e000 	/Library/Java/JavaVirtualMachines/jdk1.8.0_152.jdk/Contents/Home/jre/lib/libfontmanager.dylib
0x000000012b075000 	/Library/Java/JavaVirtualMachines/jdk1.8.0_152.jdk/Contents/Home/jre/lib/libosxui.dylib
0x0000000009d1a000 	/System/Library/PrivateFrameworks/ViewBridge.framework/Versions/A/ViewBridge
0x000000012c82f000 	/Library/Java/JavaVirtualMachines/jdk1.8.0_152.jdk/Contents/Home/jre/lib/libnet.dylib
0x000000012c846000 	/Library/Java/JavaVirtualMachines/jdk1.8.0_152.jdk/Contents/Home/jre/lib/libnio.dylib
0x0000000196876000 	/Library/Java/JavaVirtualMachines/jdk1.8.0_152.jdk/Contents/Home/jre/lib/libdcpr.dylib
0x0000000129ed6000 	/Library/Java/JavaVirtualMachines/jdk1.8.0_152.jdk/Contents/Home/jre/lib/libosx.dylib
0x0000000009d1a000 	/System/Library/PrivateFrameworks/CloudDocs.framework/Versions/A/CloudDocs
0x0000000009d1a000 	/System/Library/PrivateFrameworks/FileProvider.framework/Versions/A/FileProvider
0x0000000009d1a000 	/System/Library/PrivateFrameworks/SpotlightIndex.framework/Versions/A/SpotlightIndex
0x0000000009d1a000 	/System/Library/PrivateFrameworks/SymptomDiagnosticReporter.framework/Versions/A/SymptomDiagnosticReporter
0x0000000009d1a000 	/System/Library/PrivateFrameworks/GenerationalStorage.framework/Versions/A/GenerationalStorage
0x0000000009d1a000 	/System/Library/PrivateFrameworks/ChunkingLibrary.framework/Versions/A/ChunkingLibrary
0x0000000009d1a000 	/System/Library/PrivateFrameworks/CoreNLP.framework/Versions/A/CoreNLP
0x0000000009d1a000 	/usr/lib/libmecab.1.0.0.dylib
0x0000000009d1a000 	/usr/lib/libgermantok.dylib
0x0000000009d1a000 	/usr/lib/libThaiTokenizer.dylib
0x0000000009d1a000 	/System/Library/PrivateFrameworks/login.framework/Versions/A/login
0x0000000009d1a000 	/System/Library/PrivateFrameworks/Shortcut.framework/Versions/A/Shortcut
0x0000000009d1a000 	/System/Library/PrivateFrameworks/HelpData.framework/Versions/A/HelpData

VM Arguments:
jvm_args: -Dfile.encoding=UTF-8 
java_command: pluginTools.InteractiveIlastikEllipseFit
java_class_path (initial): /Library/Java/JavaVirtualMachines/jdk1.8.0_152.jdk/Contents/Home/jre/lib/resources.jar:/Library/Java/JavaVirtualMachines/jdk1.8.0_152.jdk/Contents/Home/jre/lib/rt.jar:/Library/Java/JavaVirtualMachines/jdk1.8.0_152.jdk/Contents/Home/jre/lib/jsse.jar:/Library/Java/JavaVirtualMachines/jdk1.8.0_152.jdk/Contents/Home/jre/lib/jce.jar:/Library/Java/JavaVirtualMachines/jdk1.8.0_152.jdk/Contents/Home/jre/lib/charsets.jar:/Library/Java/JavaVirtualMachines/jdk1.8.0_152.jdk/Contents/Home/jre/lib/jfr.jar:/Library/Java/JavaVirtualMachines/jdk1.8.0_152.jdk/Contents/Home/jre/lib/ext/sunec.jar:/Library/Java/JavaVirtualMachines/jdk1.8.0_152.jdk/Contents/Home/jre/lib/ext/nashorn.jar:/Library/Java/JavaVirtualMachines/jdk1.8.0_152.jdk/Contents/Home/jre/lib/ext/cldrdata.jar:/Library/Java/JavaVirtualMachines/jdk1.8.0_152.jdk/Contents/Home/jre/lib/ext/jfxrt.jar:/Library/Java/JavaVirtualMachines/jdk1.8.0_152.jdk/Contents/Home/jre/lib/ext/dnsns.jar:/Library/Java/JavaVirtualMachines/jdk1.8.0_152.jdk/Contents/Home/jre/lib/ext/localedata.jar:/Library/Java/JavaVirtualMachines/jdk1.8.0_152.jdk/Contents/Home/jre/lib/ext/sunjce_provider.jar:/Library/Java/JavaVirtualMachines/jdk1.8.0_152.jdk/Contents/Home/jre/lib/ext/sunpkcs11.jar:/Library/Java/JavaVirtualMachines/jdk1.8.0_152.jdk/Contents/Home/jre/lib/ext/jaccess.jar:/Library/Java/JavaVirtualMachines/jdk1.8.0_152.jdk/Contents/Home/jre/lib/ext/zipfs.jar:/System/Library/Java/Extensions/MRJToolkit.jar:/Users/aimachine/Bubbleator/target/classes:/Users/aimachine/imglib2-algorithm/target/classes:/Users/aimachine/imglib2-algorithm/target/test-classes:/Users/aimachine/.m2/repository/net/imglib2/imglib2/3.3.0/imglib2-3.3.0.jar:/Users/aimachine/.m2/repository/net/imglib2/imglib2-roi/0.4.5/imglib2-roi-0.4.5.jar:/Users/aimachine/.m2/repository/net/imglib2/imglib2-realtransform/2.0.0-beta-38/imglib2-realtransform-2.0.0-beta-38.jar:/Users/aimachine/.m2/repository/jitk/jitk-tps/3.0.0/jitk-tps-3.0.0.jar:/Users/aimachine/.m2/repository/
Launcher Type: SUN_STANDARD

Environment Variables:
PATH=/usr/bin:/bin:/usr/sbin:/sbin
SHELL=/bin/bash
DISPLAY=/private/tmp/com.apple.launchd.n1gegOdqti/org.macosforge.xquartz:0

Signal Handlers:
SIGSEGV: [libjvm.dylib+0x5b494d], sa_mask[0]=11111111011111110111111111111111, sa_flags=SA_ONSTACK|SA_RESTART|SA_SIGINFO
SIGBUS: [libjvm.dylib+0x5b494d], sa_mask[0]=11111111011111110111111111111111, sa_flags=SA_RESTART|SA_SIGINFO
SIGFPE: [libjvm.dylib+0x48ab54], sa_mask[0]=11111111011111110111111111111111, sa_flags=SA_RESTART|SA_SIGINFO
SIGPIPE: [libjvm.dylib+0x48ab54], sa_mask[0]=11111111011111110111111111111111, sa_flags=SA_RESTART|SA_SIGINFO
SIGXFSZ: [libjvm.dylib+0x48ab54], sa_mask[0]=11111111011111110111111111111111, sa_flags=SA_RESTART|SA_SIGINFO
SIGILL: [libjvm.dylib+0x48ab54], sa_mask[0]=11111111011111110111111111111111, sa_flags=SA_RESTART|SA_SIGINFO
SIGUSR1: SIG_DFL, sa_mask[0]=00000000000000000000000000000000, sa_flags=none
SIGUSR2: [libjvm.dylib+0x48a672], sa_mask[0]=00100000000000000000000000000000, sa_flags=SA_RESTART|SA_SIGINFO
SIGHUP: [libjvm.dylib+0x488c49], sa_mask[0]=11111111011111110111111111111111, sa_flags=SA_RESTART|SA_SIGINFO
SIGINT: [libjvm.dylib+0x488c49], sa_mask[0]=11111111011111110111111111111111, sa_flags=SA_RESTART|SA_SIGINFO
SIGTERM: [libjvm.dylib+0x488c49], sa_mask[0]=11111111011111110111111111111111, sa_flags=SA_RESTART|SA_SIGINFO
SIGQUIT: [libjvm.dylib+0x488c49], sa_mask[0]=11111111011111110111111111111111, sa_flags=SA_RESTART|SA_SIGINFO


---------------  S Y S T E M  ---------------

OS:Bsduname:Darwin 17.4.0 Darwin Kernel Version 17.4.0: Sun Dec 17 09:19:54 PST 2017; root:xnu-4570.41.2~1/RELEASE_X86_64 x86_64
rlimit: STACK 8192k, CORE 0k, NPROC 1418, NOFILE 10240, AS infinity
load average:2.72 2.15 2.36

CPU:total 4 (initial active 4) (2 cores per cpu, 2 threads per core) family 6 model 142 stepping 9, cmov, cx8, fxsr, mmx, sse, sse2, sse3, ssse3, sse4.1, sse4.2, popcnt, avx, avx2, aes, clmul, erms, 3dnowpref, lzcnt, ht, tsc, tscinvbit, bmi1, bmi2, adx

Memory: 4k page, physical 16777216k(1507512k free)

/proc/meminfo:


vm_info: Java HotSpot(TM) 64-Bit Server VM (25.152-b16) for bsd-amd64 JRE (1.8.0_152-b16), built on Sep 14 2017 02:31:13 by "java_re" with gcc 4.2.1 (Based on Apple Inc. build 5658) (LLVM build 2336.11.00)

time: Mon Jul  2 21:57:54 2018
elapsed time: 12993 seconds (0d 3h 36m 33s)

