#
# A fatal error has been detected by the Java Runtime Environment:
#
#  SIGSEGV (0xb) at pc=0x000000012b33e2df, pid=66387, tid=0x000000000000c807
#
# JRE version: Java(TM) SE Runtime Environment (8.0_152-b16) (build 1.8.0_152-b16)
# Java VM: Java HotSpot(TM) 64-Bit Server VM (25.152-b16 mixed mode bsd-amd64 compressed oops)
# Problematic frame:
# C  [libawt_lwawt.dylib+0x1c2df]  OGLSD_SetScratchSurface+0x49
#
# Failed to write core dump. Core dumps have been disabled. To enable core dumping, try "ulimit -c unlimited" before starting Java again
#
# If you would like to submit a bug report, please visit:
#   http://bugreport.java.com/bugreport/crash.jsp
# The crash happened outside the Java Virtual Machine in native code.
# See problematic frame for where to report the bug.
#

---------------  T H R E A D  ---------------

Current thread (0x00007fa28a372000):  JavaThread "Java2D Queue Flusher" daemon [_thread_in_native, id=51207, stack(0x0000700007f3f000,0x000070000803f000)]

siginfo: si_signo: 11 (SIGSEGV), si_code: 1 (SEGV_MAPERR), si_addr: 0x0000000000000002

Registers:
RAX=0x000000012b35f842, RBX=0x0000000000000002, RCX=0x0000000000000047, RDX=0x000000012b35fd8c
RSP=0x000070000803e770, RBP=0x000070000803e790, RSI=0x00007fa2884835f0, RDI=0x00007fa28a3721f8
R8 =0x00007fa28875e348, R9 =0xffffffff00000000, R10=0x0000000110100b78, R11=0x00000000d80042f4
R12=0x0000000000000000, R13=0x000000010fed11ac, R14=0x00007fa28a3721f8, R15=0x00007fa28a372000
RIP=0x000000012b33e2df, EFLAGS=0x0000000000010202, ERR=0x0000000000000004
  TRAPNO=0x000000000000000e

Top of Stack: (sp=0x000070000803e770)
0x000070000803e770:   00007fa2884835f0 0000000000000000
0x000070000803e780:   00007fa289ac6010 00007fa28a372000
0x000070000803e790:   000070000803e810 000000012b35f86a
0x000070000803e7a0:   000070000803e7d0 000000010eeadd04
0x000070000803e7b0:   0000000000000064 0000000000000000
0x000070000803e7c0:   0000000000000064 00007fa28875dac8
0x000070000803e7d0:   000070000803e830 00007fa289ac6020
0x000070000803e7e0:   0000000000000005 00007fa28a3721f8
0x000070000803e7f0:   00000006c0021788 0000000000000000
0x000070000803e800:   000070000803e888 00007fa28a372000
0x000070000803e810:   000070000803e860 0000000110100bea
0x000070000803e820:   00000006c0021788 00007fa28a372000
0x000070000803e830:   000070000803e880 000000010fbbb568
0x000070000803e840:   00000006c0021860 000070000803e888
0x000070000803e850:   000000019e117f68 0000000000000000
0x000070000803e860:   00000006c0021788 000000010ff2af90
0x000070000803e870:   000070000803e890 000070000803e9d0
0x000070000803e880:   000070000803e9d0 000000010fed10a4
0x000070000803e890:   00000000000000e7 000000012836cb48
0x000070000803e8a0:   0000000000000000 0000000100000000
0x000070000803e8b0:   00000000000000dc 0000000000000000
0x000070000803e8c0:   000070000803e960 00007fa28a372000
0x000070000803e8d0:   000070000803e938 000000010f93fb9a
0x000070000803e8e0:   000000010f93fb58 0000000100000000
0x000070000803e8f0:   00000006c00a4f48 00000006c0021860
0x000070000803e900:   0000000100000000 000070000803e960
0x000070000803e910:   000000012836d2c8 000000019e14fad8
0x000070000803e920:   0000000000000001 00000006c0021860
0x000070000803e930:   000070000803e960 000070000803e9d0
0x000070000803e940:   000000010f91f7a7 0000000000000000
0x000070000803e950:   000070000803e9d0 000000010f91f7a7
0x000070000803e960:   00000006c00a4f48 00000006c00a4f48 

Instructions: (pc=0x000000012b33e2df)
0x000000012b33e2bf:   c0 e9 82 00 00 00 48 8b 5e 10 48 85 db 75 0e bf
0x000000012b33e2cf:   01 00 00 00 48 8d 15 1e 95 03 00 eb d6 49 89 fe
0x000000012b33e2df:   4c 8b 3b 30 c0 e8 a7 bc 02 00 49 8b 3f 49 89 c4
0x000000012b33e2ef:   48 8b 35 f2 25 06 00 30 c0 e8 f5 bd 02 00 48 85 

Register to memory mapping:

RAX=0x000000012b35f842: Java_sun_java2d_opengl_OGLRenderQueue_flushBuffer+0x612 in /Library/Java/JavaVirtualMachines/jdk1.8.0_152.jdk/Contents/Home/jre/lib/libawt_lwawt.dylib at 0x000000012b322000
RBX=0x0000000000000002 is an unknown value
RCX=0x0000000000000047 is an unknown value
RDX=0x000000012b35fd8c: Java_sun_java2d_opengl_OGLRenderQueue_flushBuffer+0xb5c in /Library/Java/JavaVirtualMachines/jdk1.8.0_152.jdk/Contents/Home/jre/lib/libawt_lwawt.dylib at 0x000000012b322000
RSP=0x000070000803e770 is pointing into the stack for thread: 0x00007fa28a372000
RBP=0x000070000803e790 is pointing into the stack for thread: 0x00007fa28a372000
RSI=0x00007fa2884835f0 is an unknown value
RDI=0x00007fa28a3721f8 is an unknown value
R8 =0x00007fa28875e348 is an unknown value
R9 =0xffffffff00000000 is an unknown value
R10=0x0000000110100b78 is at entry_point+56 in (nmethod*)0x00000001101009d0
R11=0x00000000d80042f4 is an unknown value
R12=0x0000000000000000 is an unknown value
R13=0x000000010fed11ac is at entry_point+2764 in (nmethod*)0x000000010fed0350
R14=0x00007fa28a3721f8 is an unknown value
R15=0x00007fa28a372000 is a thread


Stack: [0x0000700007f3f000,0x000070000803f000],  sp=0x000070000803e770,  free space=1021k
Native frames: (J=compiled Java code, j=interpreted, Vv=VM code, C=native code)
C  [libawt_lwawt.dylib+0x1c2df]  OGLSD_SetScratchSurface+0x49
C  [libawt_lwawt.dylib+0x3d86a]  Java_sun_java2d_opengl_OGLRenderQueue_flushBuffer+0x63a
J 3750  sun.java2d.opengl.OGLRenderQueue.flushBuffer(JI)V (0 bytes) @ 0x0000000110100bea [0x0000000110100b40+0xaa]
J 5283 C2 sun.java2d.opengl.OGLRenderQueue.flushBuffer()V (41 bytes) @ 0x000000010ff2af90 [0x000000010ff2af40+0x50]
J 5304% C1 sun.java2d.opengl.OGLRenderQueue$QueueFlusher.run()V (234 bytes) @ 0x000000010fed10a4 [0x000000010fed06e0+0x9c4]
v  ~StubRoutines::call_stub
V  [libjvm.dylib+0x2ef7b2]
V  [libjvm.dylib+0x2eff56]
V  [libjvm.dylib+0x2f0102]
V  [libjvm.dylib+0x34a8c5]
V  [libjvm.dylib+0x56e327]
V  [libjvm.dylib+0x56fa14]
V  [libjvm.dylib+0x48d542]
C  [libsystem_pthread.dylib+0x36c1]  _pthread_body+0x154
C  [libsystem_pthread.dylib+0x356d]  _pthread_body+0x0
C  [libsystem_pthread.dylib+0x2c5d]  thread_start+0xd
C  0x0000000000000000

Java frames: (J=compiled Java code, j=interpreted, Vv=VM code)
J 3750  sun.java2d.opengl.OGLRenderQueue.flushBuffer(JI)V (0 bytes) @ 0x0000000110100b78 [0x0000000110100b40+0x38]
J 5283 C2 sun.java2d.opengl.OGLRenderQueue.flushBuffer()V (41 bytes) @ 0x000000010ff2af90 [0x000000010ff2af40+0x50]
J 5304% C1 sun.java2d.opengl.OGLRenderQueue$QueueFlusher.run()V (234 bytes) @ 0x000000010fed10a4 [0x000000010fed06e0+0x9c4]
v  ~StubRoutines::call_stub

---------------  P R O C E S S  ---------------

Java Threads: ( => current thread )
  0x00007fa28f140800 JavaThread "pool-12-thread-4" [_thread_blocked, id=122627, stack(0x000070000b66a000,0x000070000b76a000)]
  0x00007fa288b22800 JavaThread "pool-12-thread-3" [_thread_blocked, id=122883, stack(0x000070000b567000,0x000070000b667000)]
  0x00007fa28a7de000 JavaThread "pool-12-thread-2" [_thread_blocked, id=123139, stack(0x000070000b464000,0x000070000b564000)]
  0x00007fa28a7dd800 JavaThread "pool-12-thread-1" [_thread_blocked, id=62235, stack(0x000070000b361000,0x000070000b461000)]
  0x00007fa289951800 JavaThread "pool-11-thread-4" [_thread_blocked, id=98563, stack(0x000070000b25e000,0x000070000b35e000)]
  0x00007fa289950800 JavaThread "pool-11-thread-3" [_thread_blocked, id=98307, stack(0x000070000b15b000,0x000070000b25b000)]
  0x00007fa289955800 JavaThread "pool-11-thread-2" [_thread_blocked, id=123907, stack(0x000070000b058000,0x000070000b158000)]
  0x00007fa289955000 JavaThread "pool-11-thread-1" [_thread_blocked, id=97587, stack(0x000070000af55000,0x000070000b055000)]
  0x00007fa28a744000 JavaThread "pool-10-thread-4" [_thread_blocked, id=61515, stack(0x000070000ae52000,0x000070000af52000)]
  0x00007fa289101000 JavaThread "pool-10-thread-3" [_thread_blocked, id=129295, stack(0x000070000ad4f000,0x000070000ae4f000)]
  0x00007fa2897c0000 JavaThread "pool-10-thread-2" [_thread_blocked, id=87583, stack(0x0000700008b63000,0x0000700008c63000)]
  0x00007fa288816800 JavaThread "pool-10-thread-1" [_thread_blocked, id=130547, stack(0x0000700008a60000,0x0000700008b60000)]
  0x00007fa288f71000 JavaThread "pool-9-thread-4" [_thread_blocked, id=69675, stack(0x000070000ac4c000,0x000070000ad4c000)]
  0x00007fa28a49e800 JavaThread "pool-9-thread-3" [_thread_blocked, id=65811, stack(0x000070000ab49000,0x000070000ac49000)]
  0x00007fa288ce9800 JavaThread "pool-9-thread-2" [_thread_blocked, id=59251, stack(0x000070000aa46000,0x000070000ab46000)]
  0x00007fa28f142000 JavaThread "pool-9-thread-1" [_thread_blocked, id=67367, stack(0x0000700008248000,0x0000700008348000)]
  0x00007fa2897be800 JavaThread "pool-8-thread-4" [_thread_blocked, id=97027, stack(0x000070000a943000,0x000070000aa43000)]
  0x00007fa28e86f000 JavaThread "pool-8-thread-3" [_thread_blocked, id=96771, stack(0x000070000a840000,0x000070000a940000)]
  0x00007fa28e86e800 JavaThread "pool-8-thread-2" [_thread_blocked, id=96259, stack(0x000070000a73d000,0x000070000a83d000)]
  0x00007fa28e89e800 JavaThread "pool-8-thread-1" [_thread_blocked, id=124931, stack(0x000070000a63a000,0x000070000a73a000)]
  0x00007fa28a499800 JavaThread "pool-7-thread-4" [_thread_blocked, id=96003, stack(0x000070000a537000,0x000070000a637000)]
  0x00007fa28a484000 JavaThread "pool-7-thread-3" [_thread_blocked, id=125443, stack(0x000070000a434000,0x000070000a534000)]
  0x00007fa28a483800 JavaThread "pool-7-thread-2" [_thread_blocked, id=95235, stack(0x000070000a331000,0x000070000a431000)]
  0x00007fa29181f000 JavaThread "pool-7-thread-1" [_thread_blocked, id=94979, stack(0x000070000a22e000,0x000070000a32e000)]
  0x00007fa289681000 JavaThread "pool-6-thread-4" [_thread_blocked, id=125955, stack(0x000070000a12b000,0x000070000a22b000)]
  0x00007fa289680000 JavaThread "pool-6-thread-3" [_thread_blocked, id=126467, stack(0x000070000a028000,0x000070000a128000)]
  0x00007fa28e9be000 JavaThread "pool-6-thread-2" [_thread_blocked, id=94211, stack(0x0000700009f25000,0x000070000a025000)]
  0x00007fa28e9bd000 JavaThread "pool-6-thread-1" [_thread_blocked, id=58163, stack(0x0000700009e22000,0x0000700009f22000)]
  0x00007fa28f365000 JavaThread "pool-5-thread-4" [_thread_blocked, id=126979, stack(0x0000700009d1f000,0x0000700009e1f000)]
  0x00007fa28f364800 JavaThread "pool-5-thread-3" [_thread_blocked, id=93699, stack(0x0000700009c1c000,0x0000700009d1c000)]
  0x00007fa28f363800 JavaThread "pool-5-thread-2" [_thread_blocked, id=93187, stack(0x0000700009b19000,0x0000700009c19000)]
  0x00007fa288f8d800 JavaThread "pool-5-thread-1" [_thread_blocked, id=127491, stack(0x0000700009a16000,0x0000700009b16000)]
  0x00007fa288f81000 JavaThread "pool-4-thread-4" [_thread_blocked, id=92675, stack(0x0000700009913000,0x0000700009a13000)]
  0x00007fa28f641800 JavaThread "pool-4-thread-3" [_thread_blocked, id=127747, stack(0x0000700009810000,0x0000700009910000)]
  0x00007fa288f80800 JavaThread "pool-4-thread-2" [_thread_blocked, id=91907, stack(0x000070000970d000,0x000070000980d000)]
  0x00007fa288f8c800 JavaThread "pool-4-thread-1" [_thread_blocked, id=91651, stack(0x000070000960a000,0x000070000970a000)]
  0x00007fa288d26000 JavaThread "pool-3-thread-4" [_thread_blocked, id=91395, stack(0x0000700009507000,0x0000700009607000)]
  0x00007fa28f442800 JavaThread "pool-3-thread-3" [_thread_blocked, id=90883, stack(0x0000700009404000,0x0000700009504000)]
  0x00007fa28f269000 JavaThread "pool-3-thread-2" [_thread_blocked, id=128771, stack(0x0000700009301000,0x0000700009401000)]
  0x00007fa2890f3800 JavaThread "pool-3-thread-1" [_thread_blocked, id=90627, stack(0x00007000091fe000,0x00007000092fe000)]
  0x00007fa28f44a800 JavaThread "pool-2-thread-4" [_thread_blocked, id=90119, stack(0x00007000090fb000,0x00007000091fb000)]
  0x00007fa28f449800 JavaThread "pool-2-thread-3" [_thread_blocked, id=89875, stack(0x0000700008ff8000,0x00007000090f8000)]
  0x00007fa288f72000 JavaThread "pool-2-thread-2" [_thread_blocked, id=130607, stack(0x0000700008ef5000,0x0000700008ff5000)]
  0x00007fa288ddc000 JavaThread "pool-2-thread-1" [_thread_blocked, id=129583, stack(0x0000700008df2000,0x0000700008ef2000)]
  0x00007fa288efa000 JavaThread "SwingWorker-pool-1-thread-1" daemon [_thread_blocked, id=60267, stack(0x0000700008cef000,0x0000700008def000)]
  0x00007fa289805800 JavaThread "Timer-0" daemon [_thread_blocked, id=81163, stack(0x0000700008757000,0x0000700008857000)]
  0x00007fa289b8f000 JavaThread "TimerQueue" daemon [_thread_blocked, id=81411, stack(0x0000700008551000,0x0000700008651000)]
  0x00007fa288801000 JavaThread "DestroyJavaVM" [_thread_blocked, id=6147, stack(0x0000700006d83000,0x0000700006e83000)]
  0x00007fa288aa3800 JavaThread "AWT-EventQueue-0" [_thread_blocked, id=51999, stack(0x0000700008145000,0x0000700008245000)]
  0x00007fa28a385000 JavaThread "Java2D Disposer" daemon [_thread_blocked, id=77587, stack(0x0000700008042000,0x0000700008142000)]
=>0x00007fa28a372000 JavaThread "Java2D Queue Flusher" daemon [_thread_in_native, id=51207, stack(0x0000700007f3f000,0x000070000803f000)]
  0x00007fa2889d5800 JavaThread "AWT-Shutdown" [_thread_blocked, id=25643, stack(0x0000700007c30000,0x0000700007d30000)]
  0x00007fa28a332800 JavaThread "AppKit Thread" daemon [_thread_in_native, id=775, stack(0x00007ffee1da4000,0x00007ffee25a4000)]
  0x00007fa289003800 JavaThread "Service Thread" daemon [_thread_blocked, id=14595, stack(0x00007000079a7000,0x0000700007aa7000)]
  0x00007fa28a062000 JavaThread "C1 CompilerThread2" daemon [_thread_blocked, id=14083, stack(0x00007000078a4000,0x00007000079a4000)]
  0x00007fa289010000 JavaThread "C2 CompilerThread1" daemon [_thread_in_native, id=13827, stack(0x00007000077a1000,0x00007000078a1000)]
  0x00007fa28900e800 JavaThread "C2 CompilerThread0" daemon [_thread_in_native, id=18435, stack(0x000070000769e000,0x000070000779e000)]
  0x00007fa28900d800 JavaThread "Signal Dispatcher" daemon [_thread_blocked, id=18695, stack(0x000070000759b000,0x000070000769b000)]
  0x00007fa28a046000 JavaThread "Finalizer" daemon [_thread_blocked, id=20227, stack(0x0000700007498000,0x0000700007598000)]
  0x00007fa28a009000 JavaThread "Reference Handler" daemon [_thread_blocked, id=20739, stack(0x0000700007395000,0x0000700007495000)]

Other Threads:
  0x00007fa288832800 VMThread [stack: 0x0000700007292000,0x0000700007392000] [id=20995]
  0x00007fa28a01d800 WatcherThread [stack: 0x0000700007aaa000,0x0000700007baa000] [id=15107]

VM state:not at safepoint (normal execution)

VM Mutex/Monitor currently owned by a thread: None

Heap:
 PSYoungGen      total 153600K, used 6172K [0x000000076ab00000, 0x00000007b0b00000, 0x00000007c0000000)
  eden space 144384K, 4% used [0x000000076ab00000,0x000000076b107120,0x0000000773800000)
  from space 9216K, 0% used [0x00000007afc00000,0x00000007afc00000,0x00000007b0500000)
  to   space 6144K, 0% used [0x00000007b0500000,0x00000007b0500000,0x00000007b0b00000)
 ParOldGen       total 105984K, used 27199K [0x00000006c0000000, 0x00000006c6780000, 0x000000076ab00000)
  object space 105984K, 25% used [0x00000006c0000000,0x00000006c1a8fef8,0x00000006c6780000)
 Metaspace       used 30845K, capacity 31339K, committed 31664K, reserved 1077248K
  class space    used 4177K, capacity 4304K, committed 4352K, reserved 1048576K

Card table byte_map: [0x000000011e91f000,0x000000011f120000] byte_map_base: 0x000000011b31f000

Marking Bits: (ParMarkBitMap*) 0x000000010f2696c0
 Begin Bits: [0x000000011f676000, 0x0000000123676000)
 End Bits:   [0x0000000123676000, 0x0000000127676000)

Polling page: 0x000000010d6d9000

CodeCache: size=245760Kb used=15196Kb max_used=16032Kb free=230563Kb
 bounds [0x000000010f91f000, 0x000000011090f000, 0x000000011e91f000]
 total_blobs=5012 nmethods=4311 adapters=612
 compilation: enabled

Compilation events (10 events):
Event: 4318.440 Thread 0x00007fa28a062000 5467       2       java.util.IdentityHashMap::unmaskNull (13 bytes)
Event: 4318.440 Thread 0x00007fa28a062000 nmethod 5467 0x00000001101d3fd0 code [0x00000001101d4120, 0x00000001101d4270]
Event: 4318.833 Thread 0x00007fa28a062000 5468       3       javax.swing.RepaintManager$4::run (5 bytes)
Event: 4318.834 Thread 0x00007fa28a062000 nmethod 5468 0x00000001104b5e10 code [0x00000001104b5f80, 0x00000001104b6108]
Event: 4318.857 Thread 0x00007fa28a062000 5469   !   3       sun.java2d.Disposer::clearDeferredRecords (70 bytes)
Event: 4318.859 Thread 0x00007fa28a062000 nmethod 5469 0x00000001104a8e10 code [0x00000001104a9040, 0x00000001104a9eb8]
Event: 4318.859 Thread 0x00007fa28a062000 5470       3       java.awt.Font$FontAccessImpl::getFont2D (5 bytes)
Event: 4318.859 Thread 0x00007fa28a062000 nmethod 5470 0x00000001103d8650 code [0x00000001103d87c0, 0x00000001103d89a8]
Event: 4318.863 Thread 0x00007fa28a062000 5472 % !   3       sun.java2d.Disposer::run @ 0 (53 bytes)
Event: 4318.864 Thread 0x00007fa28a062000 nmethod 5472% 0x000000010fc05750 code [0x000000010fc05960, 0x000000010fc064d8]

GC Heap History (10 events):
Event: 4229.396 GC heap before
{Heap before GC invocations=65 (full 1):
 PSYoungGen      total 174080K, used 173765K [0x000000076ab00000, 0x00000007b1580000, 0x00000007c0000000)
  eden space 164864K, 100% used [0x000000076ab00000,0x0000000774c00000,0x0000000774c00000)
  from space 9216K, 96% used [0x00000007b0680000,0x00000007b0f31550,0x00000007b0f80000)
  to   space 6144K, 0% used [0x00000007b0f80000,0x00000007b0f80000,0x00000007b1580000)
 ParOldGen       total 82432K, used 68731K [0x00000006c0000000, 0x00000006c5080000, 0x000000076ab00000)
  object space 82432K, 83% used [0x00000006c0000000,0x00000006c431eef0,0x00000006c5080000)
 Metaspace       used 30780K, capacity 31323K, committed 31664K, reserved 1077248K
  class space    used 4175K, capacity 4316K, committed 4352K, reserved 1048576K
Event: 4229.419 GC heap after
Heap after GC invocations=65 (full 1):
 PSYoungGen      total 165376K, used 6116K [0x000000076ab00000, 0x00000007b1580000, 0x00000007c0000000)
  eden space 159232K, 0% used [0x000000076ab00000,0x000000076ab00000,0x0000000774680000)
  from space 6144K, 99% used [0x00000007b0f80000,0x00000007b1579230,0x00000007b1580000)
  to   space 10240K, 0% used [0x00000007b0180000,0x00000007b0180000,0x00000007b0b80000)
 ParOldGen       total 82432K, used 71554K [0x00000006c0000000, 0x00000006c5080000, 0x000000076ab00000)
  object space 82432K, 86% used [0x00000006c0000000,0x00000006c45e0aa0,0x00000006c5080000)
 Metaspace       used 30780K, capacity 31323K, committed 31664K, reserved 1077248K
  class space    used 4175K, capacity 4316K, committed 4352K, reserved 1048576K
}
Event: 4259.321 GC heap before
{Heap before GC invocations=66 (full 1):
 PSYoungGen      total 165376K, used 165348K [0x000000076ab00000, 0x00000007b1580000, 0x00000007c0000000)
  eden space 159232K, 100% used [0x000000076ab00000,0x0000000774680000,0x0000000774680000)
  from space 6144K, 99% used [0x00000007b0f80000,0x00000007b1579230,0x00000007b1580000)
  to   space 10240K, 0% used [0x00000007b0180000,0x00000007b0180000,0x00000007b0b80000)
 ParOldGen       total 82432K, used 71554K [0x00000006c0000000, 0x00000006c5080000, 0x000000076ab00000)
  object space 82432K, 86% used [0x00000006c0000000,0x00000006c45e0aa0,0x00000006c5080000)
 Metaspace       used 30780K, capacity 31323K, committed 31664K, reserved 1077248K
  class space    used 4175K, capacity 4316K, committed 4352K, reserved 1048576K
Event: 4259.331 GC heap after
Heap after GC invocations=66 (full 1):
 PSYoungGen      total 163328K, used 8901K [0x000000076ab00000, 0x00000007b1000000, 0x00000007c0000000)
  eden space 154112K, 0% used [0x000000076ab00000,0x000000076ab00000,0x0000000774180000)
  from space 9216K, 96% used [0x00000007b0180000,0x00000007b0a31550,0x00000007b0a80000)
  to   space 5632K, 0% used [0x00000007b0a80000,0x00000007b0a80000,0x00000007b1000000)
 ParOldGen       total 82432K, used 71578K [0x00000006c0000000, 0x00000006c5080000, 0x000000076ab00000)
  object space 82432K, 86% used [0x00000006c0000000,0x00000006c45e6aa0,0x00000006c5080000)
 Metaspace       used 30780K, capacity 31323K, committed 31664K, reserved 1077248K
  class space    used 4175K, capacity 4316K, committed 4352K, reserved 1048576K
}
Event: 4284.398 GC heap before
{Heap before GC invocations=67 (full 1):
 PSYoungGen      total 163328K, used 163013K [0x000000076ab00000, 0x00000007b1000000, 0x00000007c0000000)
  eden space 154112K, 100% used [0x000000076ab00000,0x0000000774180000,0x0000000774180000)
  from space 9216K, 96% used [0x00000007b0180000,0x00000007b0a31550,0x00000007b0a80000)
  to   space 5632K, 0% used [0x00000007b0a80000,0x00000007b0a80000,0x00000007b1000000)
 ParOldGen       total 82432K, used 71578K [0x00000006c0000000, 0x00000006c5080000, 0x000000076ab00000)
  object space 82432K, 86% used [0x00000006c0000000,0x00000006c45e6aa0,0x00000006c5080000)
 Metaspace       used 30780K, capacity 31323K, committed 31664K, reserved 1077248K
  class space    used 4175K, capacity 4316K, committed 4352K, reserved 1048576K
Event: 4284.405 GC heap after
Heap after GC invocations=67 (full 1):
 PSYoungGen      total 154624K, used 5601K [0x000000076ab00000, 0x00000007b1000000, 0x00000007c0000000)
  eden space 148992K, 0% used [0x000000076ab00000,0x000000076ab00000,0x0000000773c80000)
  from space 5632K, 99% used [0x00000007b0a80000,0x00000007b0ff8640,0x00000007b1000000)
  to   space 10240K, 0% used [0x00000007afc00000,0x00000007afc00000,0x00000007b0600000)
 ParOldGen       total 82432K, used 74744K [0x00000006c0000000, 0x00000006c5080000, 0x000000076ab00000)
  object space 82432K, 90% used [0x00000006c0000000,0x00000006c48fe120,0x00000006c5080000)
 Metaspace       used 30780K, capacity 31323K, committed 31664K, reserved 1077248K
  class space    used 4175K, capacity 4316K, committed 4352K, reserved 1048576K
}
Event: 4318.460 GC heap before
{Heap before GC invocations=68 (full 1):
 PSYoungGen      total 154624K, used 154593K [0x000000076ab00000, 0x00000007b1000000, 0x00000007c0000000)
  eden space 148992K, 100% used [0x000000076ab00000,0x0000000773c80000,0x0000000773c80000)
  from space 5632K, 99% used [0x00000007b0a80000,0x00000007b0ff8640,0x00000007b1000000)
  to   space 10240K, 0% used [0x00000007afc00000,0x00000007afc00000,0x00000007b0600000)
 ParOldGen       total 82432K, used 74744K [0x00000006c0000000, 0x00000006c5080000, 0x000000076ab00000)
  object space 82432K, 90% used [0x00000006c0000000,0x00000006c48fe120,0x00000006c5080000)
 Metaspace       used 30879K, capacity 31393K, committed 31664K, reserved 1077248K
  class space    used 4184K, capacity 4317K, committed 4352K, reserved 1048576K
Event: 4318.492 GC heap after
Heap after GC invocations=68 (full 1):
 PSYoungGen      total 153600K, used 8914K [0x000000076ab00000, 0x00000007b0b00000, 0x00000007c0000000)
  eden space 144384K, 0% used [0x000000076ab00000,0x000000076ab00000,0x0000000773800000)
  from space 9216K, 96% used [0x00000007afc00000,0x00000007b04b49c0,0x00000007b0500000)
  to   space 6144K, 0% used [0x00000007b0500000,0x00000007b0500000,0x00000007b0b00000)
 ParOldGen       total 93184K, used 90510K [0x00000006c0000000, 0x00000006c5b00000, 0x000000076ab00000)
  object space 93184K, 97% used [0x00000006c0000000,0x00000006c5863a30,0x00000006c5b00000)
 Metaspace       used 30879K, capacity 31393K, committed 31664K, reserved 1077248K
  class space    used 4184K, capacity 4317K, committed 4352K, reserved 1048576K
}
Event: 4318.493 GC heap before
{Heap before GC invocations=69 (full 2):
 PSYoungGen      total 153600K, used 8914K [0x000000076ab00000, 0x00000007b0b00000, 0x00000007c0000000)
  eden space 144384K, 0% used [0x000000076ab00000,0x000000076ab00000,0x0000000773800000)
  from space 9216K, 96% used [0x00000007afc00000,0x00000007b04b49c0,0x00000007b0500000)
  to   space 6144K, 0% used [0x00000007b0500000,0x00000007b0500000,0x00000007b0b00000)
 ParOldGen       total 93184K, used 90510K [0x00000006c0000000, 0x00000006c5b00000, 0x000000076ab00000)
  object space 93184K, 97% used [0x00000006c0000000,0x00000006c5863a30,0x00000006c5b00000)
 Metaspace       used 30879K, capacity 31393K, committed 31664K, reserved 1077248K
  class space    used 4184K, capacity 4317K, committed 4352K, reserved 1048576K
Event: 4318.833 GC heap after
Heap after GC invocations=69 (full 2):
 PSYoungGen      total 153600K, used 0K [0x000000076ab00000, 0x00000007b0b00000, 0x00000007c0000000)
  eden space 144384K, 0% used [0x000000076ab00000,0x000000076ab00000,0x0000000773800000)
  from space 9216K, 0% used [0x00000007afc00000,0x00000007afc00000,0x00000007b0500000)
  to   space 6144K, 0% used [0x00000007b0500000,0x00000007b0500000,0x00000007b0b00000)
 ParOldGen       total 105984K, used 27199K [0x00000006c0000000, 0x00000006c6780000, 0x000000076ab00000)
  object space 105984K, 25% used [0x00000006c0000000,0x00000006c1a8fef8,0x00000006c6780000)
 Metaspace       used 30844K, capacity 31339K, committed 31664K, reserved 1077248K
  class space    used 4177K, capacity 4304K, committed 4352K, reserved 1048576K
}

Deoptimization events (10 events):
Event: 4310.840 Thread 0x00007fa288aa3800 Uncommon trap: reason=null_check action=make_not_entrant pc=0x00000001108e697c method=javax.swing.RepaintManager.getVolatileOffscreenBuffer(Ljava/awt/Component;II)Ljava/awt/Image; @ 172
Event: 4315.789 Thread 0x00007fa288aa3800 Uncommon trap: reason=unstable_if action=reinterpret pc=0x00000001102e3b08 method=sun.awt.image.SurfaceManager.flush(Z)V @ 4
Event: 4316.238 Thread 0x00007fa288aa3800 Uncommon trap: reason=unstable_if action=reinterpret pc=0x000000010fbb60fc method=java.awt.Font.getFont2D()Lsun/font/Font2D; @ 72
Event: 4316.649 Thread 0x00007fa288aa3800 Uncommon trap: reason=unstable_if action=reinterpret pc=0x000000011082d170 method=sun.java2d.pipe.BufferedContext.validate(Lsun/java2d/pipe/hw/AccelSurface;Lsun/java2d/pipe/hw/AccelSurface;Lsun/java2d/pipe/Region;Ljava/awt/Composite;Ljava/awt/geom/AffineT
Event: 4316.651 Thread 0x00007fa288aa3800 Uncommon trap: reason=unstable_if action=reinterpret pc=0x0000000110335508 method=sun.java2d.opengl.OGLBlitLoops.createPackedParams(ZZZZII)I @ 36
Event: 4316.653 Thread 0x00007fa288aa3800 Uncommon trap: reason=unstable_if action=reinterpret pc=0x00000001108b6778 method=java.awt.geom.Path2D$Float.needRoom(ZI)V @ 30
Event: 4318.843 Thread 0x00007fa28a046000 Uncommon trap: reason=unstable_if action=reinterpret pc=0x000000010ff152e4 method=sun.lwawt.macosx.CFRetainedResource.execute(Lsun/lwawt/macosx/CFRetainedResource$CFNativeAction;)V @ 15
Event: 4318.855 Thread 0x00007fa28a385000 Uncommon trap: reason=speculate_class_check action=maybe_recompile pc=0x000000010ffa2a90 method=java.util.Hashtable.remove(Ljava/lang/Object;)Ljava/lang/Object; @ 6
Event: 4318.857 Thread 0x00007fa28a385000 Uncommon trap: reason=unstable_if action=reinterpret pc=0x00000001101d39d8 method=sun.java2d.Disposer.clearDeferredRecords()V @ 3
Event: 4318.860 Thread 0x00007fa28a385000 Uncommon trap: reason=unstable_if action=reinterpret pc=0x000000010ffa2d08 method=sun.java2d.Disposer.clearDeferredRecords()V @ 3

Classes redefined (0 events):
No events

Internal exceptions (10 events):
Event: 16.252 Thread 0x00007fa288efa000 Exception <a 'java/lang/ArrayIndexOutOfBoundsException'> (0x00000007733b83d8) thrown at [/Users/java_re/workspace/8-2-build-macosx-x86_64/jdk8u152/9742/hotspot/src/share/vm/runtime/sharedRuntime.cpp, line 605]
Event: 16.252 Thread 0x00007fa288efa000 Exception <a 'java/lang/ArrayIndexOutOfBoundsException'> (0x00000007733b8698) thrown at [/Users/java_re/workspace/8-2-build-macosx-x86_64/jdk8u152/9742/hotspot/src/share/vm/runtime/sharedRuntime.cpp, line 605]
Event: 16.252 Thread 0x00007fa288efa000 Exception <a 'java/lang/ArrayIndexOutOfBoundsException'> (0x00000007733b8960) thrown at [/Users/java_re/workspace/8-2-build-macosx-x86_64/jdk8u152/9742/hotspot/src/share/vm/runtime/sharedRuntime.cpp, line 605]
Event: 16.252 Thread 0x00007fa288efa000 Exception <a 'java/lang/ArrayIndexOutOfBoundsException'> (0x00000007733b8c30) thrown at [/Users/java_re/workspace/8-2-build-macosx-x86_64/jdk8u152/9742/hotspot/src/share/vm/runtime/sharedRuntime.cpp, line 605]
Event: 16.253 Thread 0x00007fa288efa000 Exception <a 'java/lang/ArrayIndexOutOfBoundsException'> (0x00000007733b8f08) thrown at [/Users/java_re/workspace/8-2-build-macosx-x86_64/jdk8u152/9742/hotspot/src/share/vm/runtime/sharedRuntime.cpp, line 605]
Event: 1953.375 Thread 0x00007fa288aa3800 Implicit null exception at 0x0000000110218e37 to 0x000000011021a32d
Event: 4304.627 Thread 0x00007fa288aa3800 Implicit null exception at 0x00000001108d6bfe to 0x00000001108d7a41
Event: 4310.837 Thread 0x00007fa288aa3800 Implicit null exception at 0x00000001108e3829 to 0x00000001108e690d
Event: 4315.788 Thread 0x00007fa288aa3800 Implicit null exception at 0x00000001102e1c5c to 0x00000001102e3ac1
Event: 4316.238 Thread 0x00007fa288aa3800 Implicit null exception at 0x000000010fbb5f17 to 0x000000010fbb60ed

Events (10 events):
Event: 4318.855 Thread 0x00007fa28a385000 DEOPT PACKING pc=0x000000010ffa2a90 sp=0x00007000081418a0
Event: 4318.855 Thread 0x00007fa28a385000 DEOPT UNPACKING pc=0x000000010f924229 sp=0x00007000081417f8 mode 2
Event: 4318.855 loading class sun/font/StrikeCache$2
Event: 4318.855 loading class sun/font/StrikeCache$2 done
Event: 4318.857 Thread 0x00007fa28a385000 Uncommon trap: trap_request=0xffffff65 fr.pc=0x00000001101d39d8
Event: 4318.857 Thread 0x00007fa28a385000 DEOPT PACKING pc=0x00000001101d39d8 sp=0x0000700008141880
Event: 4318.857 Thread 0x00007fa28a385000 DEOPT UNPACKING pc=0x000000010f924229 sp=0x0000700008141828 mode 2
Event: 4318.860 Thread 0x00007fa28a385000 Uncommon trap: trap_request=0xffffff65 fr.pc=0x000000010ffa2d08
Event: 4318.860 Thread 0x00007fa28a385000 DEOPT PACKING pc=0x000000010ffa2d08 sp=0x00007000081418a0
Event: 4318.860 Thread 0x00007fa28a385000 DEOPT UNPACKING pc=0x000000010f924229 sp=0x0000700008141838 mode 2


Dynamic libraries:
0x000000002a2f9000 	/System/Library/Frameworks/Cocoa.framework/Versions/A/Cocoa
0x000000002a2f9000 	/System/Library/Frameworks/Security.framework/Versions/A/Security
0x000000002a2f9000 	/System/Library/Frameworks/ApplicationServices.framework/Versions/A/ApplicationServices
0x000000002a2f9000 	/usr/lib/libz.1.dylib
0x000000002a2f9000 	/usr/lib/libSystem.B.dylib
0x000000002a2f9000 	/usr/lib/libobjc.A.dylib
0x000000002a2f9000 	/System/Library/Frameworks/CoreFoundation.framework/Versions/A/CoreFoundation
0x000000002a2f9000 	/System/Library/Frameworks/Foundation.framework/Versions/C/Foundation
0x000000002a2f9000 	/System/Library/Frameworks/AppKit.framework/Versions/C/AppKit
0x000000002a2f9000 	/System/Library/Frameworks/CoreData.framework/Versions/A/CoreData
0x000000002a2f9000 	/System/Library/PrivateFrameworks/RemoteViewServices.framework/Versions/A/RemoteViewServices
0x000000002a2f9000 	/System/Library/PrivateFrameworks/UIFoundation.framework/Versions/A/UIFoundation
0x000000002a2f9000 	/System/Library/PrivateFrameworks/DFRFoundation.framework/Versions/A/DFRFoundation
0x000000002a2f9000 	/System/Library/Frameworks/Metal.framework/Versions/A/Metal
0x000000002a2f9000 	/System/Library/PrivateFrameworks/DesktopServicesPriv.framework/Versions/A/DesktopServicesPriv
0x000000002a2f9000 	/usr/lib/libenergytrace.dylib
0x000000002a2f9000 	/System/Library/PrivateFrameworks/SkyLight.framework/Versions/A/SkyLight
0x000000002a2f9000 	/System/Library/Frameworks/CoreGraphics.framework/Versions/A/CoreGraphics
0x000000002a2f9000 	/usr/lib/libScreenReader.dylib
0x000000002a2f9000 	/System/Library/Frameworks/Accelerate.framework/Versions/A/Accelerate
0x000000002a2f9000 	/System/Library/Frameworks/IOSurface.framework/Versions/A/IOSurface
0x000000002a2f9000 	/System/Library/Frameworks/AudioToolbox.framework/Versions/A/AudioToolbox
0x000000002a2f9000 	/System/Library/Frameworks/AudioUnit.framework/Versions/A/AudioUnit
0x000000002a2f9000 	/System/Library/PrivateFrameworks/DataDetectorsCore.framework/Versions/A/DataDetectorsCore
0x000000002a2f9000 	/System/Library/Frameworks/Carbon.framework/Versions/A/Frameworks/HIToolbox.framework/Versions/A/HIToolbox
0x000000002a2f9000 	/usr/lib/libicucore.A.dylib
0x000000002a2f9000 	/System/Library/Frameworks/QuartzCore.framework/Versions/A/QuartzCore
0x000000002a2f9000 	/System/Library/Frameworks/Carbon.framework/Versions/A/Frameworks/SpeechRecognition.framework/Versions/A/SpeechRecognition
0x000000002a2f9000 	/usr/lib/libauto.dylib
0x000000002a2f9000 	/usr/lib/libxml2.2.dylib
0x000000002a2f9000 	/System/Library/PrivateFrameworks/CoreUI.framework/Versions/A/CoreUI
0x000000002a2f9000 	/System/Library/Frameworks/CoreAudio.framework/Versions/A/CoreAudio
0x000000002a2f9000 	/System/Library/Frameworks/DiskArbitration.framework/Versions/A/DiskArbitration
0x000000002a2f9000 	/usr/lib/liblangid.dylib
0x000000002a2f9000 	/System/Library/PrivateFrameworks/MultitouchSupport.framework/Versions/A/MultitouchSupport
0x000000002a2f9000 	/System/Library/Frameworks/IOKit.framework/Versions/A/IOKit
0x000000002a2f9000 	/usr/lib/libDiagnosticMessagesClient.dylib
0x000000002a2f9000 	/System/Library/Frameworks/CoreServices.framework/Versions/A/CoreServices
0x000000002a2f9000 	/System/Library/PrivateFrameworks/PerformanceAnalysis.framework/Versions/A/PerformanceAnalysis
0x000000002a2f9000 	/System/Library/Frameworks/OpenGL.framework/Versions/A/OpenGL
0x000000002a2f9000 	/System/Library/Frameworks/ColorSync.framework/Versions/A/ColorSync
0x000000002a2f9000 	/System/Library/Frameworks/CoreImage.framework/Versions/A/CoreImage
0x000000002a2f9000 	/System/Library/Frameworks/CoreText.framework/Versions/A/CoreText
0x000000002a2f9000 	/System/Library/Frameworks/ImageIO.framework/Versions/A/ImageIO
0x000000002a2f9000 	/System/Library/PrivateFrameworks/Backup.framework/Versions/A/Backup
0x000000002a2f9000 	/usr/lib/libarchive.2.dylib
0x000000002a2f9000 	/System/Library/Frameworks/CFNetwork.framework/Versions/A/CFNetwork
0x000000002a2f9000 	/System/Library/Frameworks/SystemConfiguration.framework/Versions/A/SystemConfiguration
0x000000002a2f9000 	/usr/lib/libCRFSuite.dylib
0x000000002a2f9000 	/usr/lib/libc++.1.dylib
0x000000002a2f9000 	/usr/lib/libc++abi.dylib
0x000000002a2f9000 	/usr/lib/system/libcache.dylib
0x000000002a2f9000 	/usr/lib/system/libcommonCrypto.dylib
0x000000002a2f9000 	/usr/lib/system/libcompiler_rt.dylib
0x000000002a2f9000 	/usr/lib/system/libcopyfile.dylib
0x000000002a2f9000 	/usr/lib/system/libcorecrypto.dylib
0x000000002a2f9000 	/usr/lib/system/libdispatch.dylib
0x000000002a2f9000 	/usr/lib/system/libdyld.dylib
0x000000002a2f9000 	/usr/lib/system/libkeymgr.dylib
0x000000002a2f9000 	/usr/lib/system/liblaunch.dylib
0x000000002a2f9000 	/usr/lib/system/libmacho.dylib
0x000000002a2f9000 	/usr/lib/system/libquarantine.dylib
0x000000002a2f9000 	/usr/lib/system/libremovefile.dylib
0x000000002a2f9000 	/usr/lib/system/libsystem_asl.dylib
0x000000002a2f9000 	/usr/lib/system/libsystem_blocks.dylib
0x000000002a2f9000 	/usr/lib/system/libsystem_c.dylib
0x000000002a2f9000 	/usr/lib/system/libsystem_configuration.dylib
0x000000002a2f9000 	/usr/lib/system/libsystem_coreservices.dylib
0x000000002a2f9000 	/usr/lib/system/libsystem_darwin.dylib
0x000000002a2f9000 	/usr/lib/system/libsystem_dnssd.dylib
0x000000002a2f9000 	/usr/lib/system/libsystem_info.dylib
0x000000002a2f9000 	/usr/lib/system/libsystem_m.dylib
0x000000002a2f9000 	/usr/lib/system/libsystem_malloc.dylib
0x000000002a2f9000 	/usr/lib/system/libsystem_network.dylib
0x000000002a2f9000 	/usr/lib/system/libsystem_networkextension.dylib
0x000000002a2f9000 	/usr/lib/system/libsystem_notify.dylib
0x000000002a2f9000 	/usr/lib/system/libsystem_sandbox.dylib
0x000000002a2f9000 	/usr/lib/system/libsystem_secinit.dylib
0x000000002a2f9000 	/usr/lib/system/libsystem_kernel.dylib
0x000000002a2f9000 	/usr/lib/system/libsystem_platform.dylib
0x000000002a2f9000 	/usr/lib/system/libsystem_pthread.dylib
0x000000002a2f9000 	/usr/lib/system/libsystem_symptoms.dylib
0x000000002a2f9000 	/usr/lib/system/libsystem_trace.dylib
0x000000002a2f9000 	/usr/lib/system/libunwind.dylib
0x000000002a2f9000 	/usr/lib/system/libxpc.dylib
0x000000002a2f9000 	/usr/lib/closure/libclosured.dylib
0x000000002a2f9000 	/usr/lib/libbsm.0.dylib
0x000000002a2f9000 	/usr/lib/system/libkxld.dylib
0x000000002a2f9000 	/usr/lib/libOpenScriptingUtil.dylib
0x000000002a2f9000 	/usr/lib/libcoretls.dylib
0x000000002a2f9000 	/usr/lib/libcoretls_cfhelpers.dylib
0x000000002a2f9000 	/usr/lib/libpam.2.dylib
0x000000002a2f9000 	/usr/lib/libsqlite3.dylib
0x000000002a2f9000 	/usr/lib/libxar.1.dylib
0x000000002a2f9000 	/usr/lib/libbz2.1.0.dylib
0x000000002a2f9000 	/usr/lib/liblzma.5.dylib
0x000000002a2f9000 	/usr/lib/libnetwork.dylib
0x000000002a2f9000 	/usr/lib/libapple_nghttp2.dylib
0x000000002a2f9000 	/usr/lib/libpcap.A.dylib
0x000000002a2f9000 	/usr/lib/libboringssl.dylib
0x000000002a2f9000 	/usr/lib/libusrtcp.dylib
0x000000002a2f9000 	/usr/lib/libapple_crypto.dylib
0x000000002a2f9000 	/System/Library/Frameworks/CoreServices.framework/Versions/A/Frameworks/FSEvents.framework/Versions/A/FSEvents
0x000000002a2f9000 	/System/Library/Frameworks/CoreServices.framework/Versions/A/Frameworks/CarbonCore.framework/Versions/A/CarbonCore
0x000000002a2f9000 	/System/Library/Frameworks/CoreServices.framework/Versions/A/Frameworks/Metadata.framework/Versions/A/Metadata
0x000000002a2f9000 	/System/Library/Frameworks/CoreServices.framework/Versions/A/Frameworks/OSServices.framework/Versions/A/OSServices
0x000000002a2f9000 	/System/Library/Frameworks/CoreServices.framework/Versions/A/Frameworks/SearchKit.framework/Versions/A/SearchKit
0x000000002a2f9000 	/System/Library/Frameworks/CoreServices.framework/Versions/A/Frameworks/AE.framework/Versions/A/AE
0x000000002a2f9000 	/System/Library/Frameworks/CoreServices.framework/Versions/A/Frameworks/LaunchServices.framework/Versions/A/LaunchServices
0x000000002a2f9000 	/System/Library/Frameworks/CoreServices.framework/Versions/A/Frameworks/DictionaryServices.framework/Versions/A/DictionaryServices
0x000000002a2f9000 	/System/Library/Frameworks/CoreServices.framework/Versions/A/Frameworks/SharedFileList.framework/Versions/A/SharedFileList
0x000000002a2f9000 	/System/Library/Frameworks/NetFS.framework/Versions/A/NetFS
0x000000002a2f9000 	/System/Library/PrivateFrameworks/NetAuth.framework/Versions/A/NetAuth
0x000000002a2f9000 	/System/Library/PrivateFrameworks/login.framework/Versions/A/Frameworks/loginsupport.framework/Versions/A/loginsupport
0x000000002a2f9000 	/System/Library/PrivateFrameworks/TCC.framework/Versions/A/TCC
0x000000002a2f9000 	/usr/lib/libmecabra.dylib
0x000000002a2f9000 	/System/Library/Frameworks/ApplicationServices.framework/Versions/A/Frameworks/ATS.framework/Versions/A/ATS
0x000000002a2f9000 	/System/Library/Frameworks/ApplicationServices.framework/Versions/A/Frameworks/ColorSyncLegacy.framework/Versions/A/ColorSyncLegacy
0x000000002a2f9000 	/System/Library/Frameworks/ApplicationServices.framework/Versions/A/Frameworks/HIServices.framework/Versions/A/HIServices
0x000000002a2f9000 	/System/Library/Frameworks/ApplicationServices.framework/Versions/A/Frameworks/LangAnalysis.framework/Versions/A/LangAnalysis
0x000000002a2f9000 	/System/Library/Frameworks/ApplicationServices.framework/Versions/A/Frameworks/PrintCore.framework/Versions/A/PrintCore
0x000000002a2f9000 	/System/Library/Frameworks/ApplicationServices.framework/Versions/A/Frameworks/QD.framework/Versions/A/QD
0x000000002a2f9000 	/System/Library/Frameworks/ApplicationServices.framework/Versions/A/Frameworks/SpeechSynthesis.framework/Versions/A/SpeechSynthesis
0x000000002a2f9000 	/System/Library/Frameworks/CoreDisplay.framework/Versions/A/CoreDisplay
0x000000002a2f9000 	/System/Library/Frameworks/Accelerate.framework/Versions/A/Frameworks/vImage.framework/Versions/A/vImage
0x000000002a2f9000 	/System/Library/Frameworks/Accelerate.framework/Versions/A/Frameworks/vecLib.framework/Versions/A/vecLib
0x000000002a2f9000 	/System/Library/Frameworks/Accelerate.framework/Versions/A/Frameworks/vecLib.framework/Versions/A/libvDSP.dylib
0x000000002a2f9000 	/System/Library/Frameworks/Accelerate.framework/Versions/A/Frameworks/vecLib.framework/Versions/A/libBNNS.dylib
0x000000002a2f9000 	/System/Library/Frameworks/Accelerate.framework/Versions/A/Frameworks/vecLib.framework/Versions/A/libQuadrature.dylib
0x000000002a2f9000 	/System/Library/Frameworks/Accelerate.framework/Versions/A/Frameworks/vecLib.framework/Versions/A/libvMisc.dylib
0x000000002a2f9000 	/System/Library/Frameworks/Accelerate.framework/Versions/A/Frameworks/vecLib.framework/Versions/A/libLAPACK.dylib
0x000000002a2f9000 	/System/Library/Frameworks/Accelerate.framework/Versions/A/Frameworks/vecLib.framework/Versions/A/libBLAS.dylib
0x000000002a2f9000 	/System/Library/Frameworks/Accelerate.framework/Versions/A/Frameworks/vecLib.framework/Versions/A/libLinearAlgebra.dylib
0x000000002a2f9000 	/System/Library/Frameworks/Accelerate.framework/Versions/A/Frameworks/vecLib.framework/Versions/A/libSparse.dylib
0x000000002a2f9000 	/System/Library/Frameworks/Accelerate.framework/Versions/A/Frameworks/vecLib.framework/Versions/A/libSparseBLAS.dylib
0x000000002a2f9000 	/System/Library/PrivateFrameworks/IOAccelerator.framework/Versions/A/IOAccelerator
0x000000002a2f9000 	/System/Library/PrivateFrameworks/IOPresentment.framework/Versions/A/IOPresentment
0x000000002a2f9000 	/System/Library/PrivateFrameworks/DSExternalDisplay.framework/Versions/A/DSExternalDisplay
0x000000002a2f9000 	/System/Library/Frameworks/OpenGL.framework/Versions/A/Libraries/libCoreFSCache.dylib
0x000000002a2f9000 	/System/Library/Frameworks/CoreVideo.framework/Versions/A/CoreVideo
0x000000002a2f9000 	/System/Library/PrivateFrameworks/GraphVisualizer.framework/Versions/A/GraphVisualizer
0x000000002a2f9000 	/System/Library/Frameworks/MetalPerformanceShaders.framework/Versions/A/MetalPerformanceShaders
0x000000002a2f9000 	/usr/lib/libFosl_dynamic.dylib
0x000000002a2f9000 	/System/Library/PrivateFrameworks/FaceCore.framework/Versions/A/FaceCore
0x000000002a2f9000 	/System/Library/Frameworks/OpenCL.framework/Versions/A/OpenCL
0x000000002a2f9000 	/usr/lib/libcompression.dylib
0x000000002a2f9000 	/System/Library/Frameworks/ApplicationServices.framework/Versions/A/Frameworks/ATS.framework/Versions/A/Resources/libFontParser.dylib
0x000000002a2f9000 	/System/Library/Frameworks/ApplicationServices.framework/Versions/A/Frameworks/ATS.framework/Versions/A/Resources/libFontRegistry.dylib
0x000000002a2f9000 	/System/Library/Frameworks/ImageIO.framework/Versions/A/Resources/libJPEG.dylib
0x000000002a2f9000 	/System/Library/Frameworks/ImageIO.framework/Versions/A/Resources/libTIFF.dylib
0x000000002a2f9000 	/System/Library/Frameworks/ImageIO.framework/Versions/A/Resources/libPng.dylib
0x000000002a2f9000 	/System/Library/Frameworks/ImageIO.framework/Versions/A/Resources/libGIF.dylib
0x000000002a2f9000 	/System/Library/Frameworks/ImageIO.framework/Versions/A/Resources/libJP2.dylib
0x000000002a2f9000 	/System/Library/Frameworks/ImageIO.framework/Versions/A/Resources/libRadiance.dylib
0x000000002a2f9000 	/System/Library/PrivateFrameworks/AppleJPEG.framework/Versions/A/AppleJPEG
0x000000002a2f9000 	/System/Library/PrivateFrameworks/MetalTools.framework/Versions/A/MetalTools
0x000000002a2f9000 	/System/Library/Frameworks/MetalPerformanceShaders.framework/Frameworks/MPSCore.framework/Versions/A/MPSCore
0x000000002a2f9000 	/System/Library/Frameworks/MetalPerformanceShaders.framework/Frameworks/MPSImage.framework/Versions/A/MPSImage
0x000000002a2f9000 	/System/Library/Frameworks/MetalPerformanceShaders.framework/Frameworks/MPSMatrix.framework/Versions/A/MPSMatrix
0x000000002a2f9000 	/System/Library/Frameworks/MetalPerformanceShaders.framework/Frameworks/MPSNeuralNetwork.framework/Versions/A/MPSNeuralNetwork
0x000000002a2f9000 	/System/Library/Frameworks/OpenGL.framework/Versions/A/Libraries/libGLU.dylib
0x000000002a2f9000 	/System/Library/Frameworks/OpenGL.framework/Versions/A/Libraries/libGFXShared.dylib
0x000000002a2f9000 	/System/Library/Frameworks/OpenGL.framework/Versions/A/Libraries/libGL.dylib
0x000000002a2f9000 	/System/Library/Frameworks/OpenGL.framework/Versions/A/Libraries/libGLImage.dylib
0x000000002a2f9000 	/System/Library/Frameworks/OpenGL.framework/Versions/A/Libraries/libCVMSPluginSupport.dylib
0x000000002a2f9000 	/System/Library/Frameworks/OpenGL.framework/Versions/A/Libraries/libCoreVMClient.dylib
0x000000002a2f9000 	/usr/lib/libcups.2.dylib
0x000000002a2f9000 	/System/Library/Frameworks/Kerberos.framework/Versions/A/Kerberos
0x000000002a2f9000 	/System/Library/Frameworks/GSS.framework/Versions/A/GSS
0x000000002a2f9000 	/usr/lib/libresolv.9.dylib
0x000000002a2f9000 	/usr/lib/libiconv.2.dylib
0x000000002a2f9000 	/System/Library/PrivateFrameworks/Heimdal.framework/Versions/A/Heimdal
0x000000002a2f9000 	/usr/lib/libheimdal-asn1.dylib
0x000000002a2f9000 	/System/Library/Frameworks/OpenDirectory.framework/Versions/A/OpenDirectory
0x000000002a2f9000 	/System/Library/PrivateFrameworks/CommonAuth.framework/Versions/A/CommonAuth
0x000000002a2f9000 	/System/Library/Frameworks/OpenDirectory.framework/Versions/A/Frameworks/CFOpenDirectory.framework/Versions/A/CFOpenDirectory
0x000000002a2f9000 	/System/Library/Frameworks/SecurityFoundation.framework/Versions/A/SecurityFoundation
0x000000002a2f9000 	/System/Library/PrivateFrameworks/APFS.framework/Versions/A/APFS
0x000000002a2f9000 	/usr/lib/libutil.dylib
0x000000002a2f9000 	/System/Library/PrivateFrameworks/AppleSauce.framework/Versions/A/AppleSauce
0x000000002a2f9000 	/System/Library/PrivateFrameworks/LinguisticData.framework/Versions/A/LinguisticData
0x000000002a2f9000 	/usr/lib/libmarisa.dylib
0x000000002a2f9000 	/System/Library/PrivateFrameworks/Lexicon.framework/Versions/A/Lexicon
0x000000002a2f9000 	/usr/lib/libChineseTokenizer.dylib
0x000000002a2f9000 	/usr/lib/libcmph.dylib
0x000000002a2f9000 	/System/Library/PrivateFrameworks/LanguageModeling.framework/Versions/A/LanguageModeling
0x000000002a2f9000 	/System/Library/PrivateFrameworks/CoreEmoji.framework/Versions/A/CoreEmoji
0x000000002a2f9000 	/System/Library/Frameworks/ServiceManagement.framework/Versions/A/ServiceManagement
0x000000002a2f9000 	/System/Library/PrivateFrameworks/BackgroundTaskManagement.framework/Versions/A/BackgroundTaskManagement
0x000000002a2f9000 	/usr/lib/libxslt.1.dylib
0x000000002a2f9000 	/System/Library/Frameworks/Carbon.framework/Versions/A/Frameworks/Ink.framework/Versions/A/Ink
0x000000002a2f9000 	/System/Library/PrivateFrameworks/TextureIO.framework/Versions/A/TextureIO
0x000000002a2f9000 	/usr/lib/libate.dylib
0x000000002a2f9000 	/System/Library/PrivateFrameworks/CrashReporterSupport.framework/Versions/A/CrashReporterSupport
0x000000002a2f9000 	/System/Library/PrivateFrameworks/Sharing.framework/Versions/A/Sharing
0x000000002a2f9000 	/System/Library/PrivateFrameworks/IconServices.framework/Versions/A/IconServices
0x000000002a2f9000 	/System/Library/PrivateFrameworks/ProtocolBuffer.framework/Versions/A/ProtocolBuffer
0x000000002a2f9000 	/System/Library/PrivateFrameworks/Apple80211.framework/Versions/A/Apple80211
0x000000002a2f9000 	/System/Library/Frameworks/CoreWLAN.framework/Versions/A/CoreWLAN
0x000000002a2f9000 	/System/Library/PrivateFrameworks/CoreUtils.framework/Versions/A/CoreUtils
0x000000002a2f9000 	/System/Library/Frameworks/IOBluetooth.framework/Versions/A/IOBluetooth
0x000000002a2f9000 	/System/Library/PrivateFrameworks/CoreWiFi.framework/Versions/A/CoreWiFi
0x000000002a2f9000 	/System/Library/Frameworks/CoreBluetooth.framework/Versions/A/CoreBluetooth
0x000000002a2f9000 	/System/Library/PrivateFrameworks/SignpostNotification.framework/Versions/A/SignpostNotification
0x000000002a2f9000 	/System/Library/PrivateFrameworks/DebugSymbols.framework/Versions/A/DebugSymbols
0x000000002a2f9000 	/System/Library/PrivateFrameworks/CoreSymbolication.framework/Versions/A/CoreSymbolication
0x000000002a2f9000 	/System/Library/PrivateFrameworks/Symbolication.framework/Versions/A/Symbolication
0x000000002a2f9000 	/System/Library/PrivateFrameworks/AppleFSCompression.framework/Versions/A/AppleFSCompression
0x000000002a2f9000 	/System/Library/PrivateFrameworks/SpeechRecognitionCore.framework/Versions/A/SpeechRecognitionCore
0x000000010e973000 	/Library/Java/JavaVirtualMachines/jdk1.8.0_152.jdk/Contents/Home/jre/lib/server/libjvm.dylib
0x000000002a2f9000 	/usr/lib/libstdc++.6.0.9.dylib
0x000000010d695000 	/Library/Java/JavaVirtualMachines/jdk1.8.0_152.jdk/Contents/Home/jre/lib/libverify.dylib
0x000000010d6a3000 	/Library/Java/JavaVirtualMachines/jdk1.8.0_152.jdk/Contents/Home/jre/lib/libjava.dylib
0x000000010d723000 	/Library/Java/JavaVirtualMachines/jdk1.8.0_152.jdk/Contents/Home/jre/lib/libzip.dylib
0x000000012b1ac000 	/Library/Java/JavaVirtualMachines/jdk1.8.0_152.jdk/Contents/Home/jre/lib/libawt.dylib
0x000000012b256000 	/Library/Java/JavaVirtualMachines/jdk1.8.0_152.jdk/Contents/Home/jre/lib/./libmlib_image.dylib
0x000000002a2f9000 	/System/Library/Frameworks/JavaVM.framework/Versions/A/Frameworks/JavaNativeFoundation.framework/Versions/A/JavaNativeFoundation
0x000000002a2f9000 	/System/Library/Frameworks/JavaVM.framework/Versions/A/Frameworks/JavaRuntimeSupport.framework/Versions/A/JavaRuntimeSupport
0x000000002a2f9000 	/System/Library/Frameworks/JavaVM.framework/Versions/A/JavaVM
0x000000002a2f9000 	/System/Library/PrivateFrameworks/JavaLaunching.framework/Versions/A/JavaLaunching
0x000000002a2f9000 	/System/Library/Frameworks/Carbon.framework/Versions/A/Carbon
0x000000002a2f9000 	/System/Library/Frameworks/Carbon.framework/Versions/A/Frameworks/CommonPanels.framework/Versions/A/CommonPanels
0x000000002a2f9000 	/System/Library/Frameworks/Carbon.framework/Versions/A/Frameworks/Help.framework/Versions/A/Help
0x000000002a2f9000 	/System/Library/Frameworks/Carbon.framework/Versions/A/Frameworks/ImageCapture.framework/Versions/A/ImageCapture
0x000000002a2f9000 	/System/Library/Frameworks/Carbon.framework/Versions/A/Frameworks/OpenScripting.framework/Versions/A/OpenScripting
0x000000002a2f9000 	/System/Library/Frameworks/Carbon.framework/Versions/A/Frameworks/Print.framework/Versions/A/Print
0x000000002a2f9000 	/System/Library/Frameworks/Carbon.framework/Versions/A/Frameworks/SecurityHI.framework/Versions/A/SecurityHI
0x000000012b322000 	/Library/Java/JavaVirtualMachines/jdk1.8.0_152.jdk/Contents/Home/jre/lib/libawt_lwawt.dylib
0x000000012b3dc000 	/Library/Java/JavaVirtualMachines/jdk1.8.0_152.jdk/Contents/Home/jre/lib/./libosxapp.dylib
0x000000002a2f9000 	/System/Library/Frameworks/ExceptionHandling.framework/Versions/A/ExceptionHandling
0x000000002a2f9000 	/System/Library/PrivateFrameworks/CoreServicesInternal.framework/Versions/A/CoreServicesInternal
0x000000002a2f9000 	/System/Library/CoreServices/RawCamera.bundle/Contents/MacOS/RawCamera
0x000000002a2f9000 	/System/Library/PrivateFrameworks/MobileAsset.framework/Versions/A/MobileAsset
0x000000002a2f9000 	/System/Library/PrivateFrameworks/StreamingZip.framework/Versions/A/StreamingZip
0x000000002a2f9000 	/System/Library/Frameworks/MediaToolbox.framework/Versions/A/MediaToolbox
0x000000002a2f9000 	/System/Library/PrivateFrameworks/CoreAVCHD.framework/Versions/A/CoreAVCHD
0x000000002a2f9000 	/System/Library/Frameworks/MediaAccessibility.framework/Versions/A/MediaAccessibility
0x000000002a2f9000 	/System/Library/PrivateFrameworks/Mangrove.framework/Versions/A/Mangrove
0x000000002a2f9000 	/System/Library/Frameworks/CoreMedia.framework/Versions/A/CoreMedia
0x000000002a2f9000 	/System/Library/Frameworks/VideoToolbox.framework/Versions/A/VideoToolbox
0x000000002a2f9000 	/System/Library/PrivateFrameworks/CoreAUC.framework/Versions/A/CoreAUC
0x000000002a2f9000 	/usr/lib/libspindump.dylib
0x000000002a2f9000 	/usr/lib/libdscsym.dylib
0x000000002a2f9000 	/System/Library/PrivateFrameworks/AppleVA.framework/Versions/A/AppleVA
0x000000002a2f9000 	/System/Library/Frameworks/Accelerate.framework/Versions/A/Frameworks/vImage.framework/Versions/A/Libraries/libCGInterfaces.dylib
0x000000002a2f9000 	/System/Library/Frameworks/ApplicationServices.framework/Versions/A/Frameworks/ATS.framework/Versions/A/Resources/libTrueTypeScaler.dylib
0x000000002a2f9000 	/System/Library/Frameworks/OpenGL.framework/Versions/A/Resources/GLEngine.bundle/GLEngine
0x000000002a2f9000 	/System/Library/Frameworks/OpenGL.framework/Versions/A/Libraries/libGLProgrammability.dylib
0x000000012d6f9000 	/System/Library/Extensions/AppleIntelKBLGraphicsGLDriver.bundle/Contents/MacOS/AppleIntelKBLGraphicsGLDriver
0x000000002a2f9000 	/System/Library/PrivateFrameworks/GPUSupport.framework/Versions/A/Libraries/libGPUSupportMercury.dylib
0x000000002a2f9000 	/System/Library/Frameworks/OpenGL.framework/Versions/A/Resources/GLRendererFloat.bundle/GLRendererFloat
0x000000002a2f9000 	/System/Library/Frameworks/OpenCL.framework/Versions/A/Libraries/libcldcpuengine.dylib
0x000000002a2f9000 	/usr/lib/libcrypto.35.dylib
0x000000002a2f9000 	/System/Library/PrivateFrameworks/TrustEvaluationAgent.framework/Versions/A/TrustEvaluationAgent
0x000000002a2f9000 	/System/Library/Extensions/AppleIntelKBLGraphicsMTLDriver.bundle/Contents/MacOS/AppleIntelKBLGraphicsMTLDriver
0x000000002a2f9000 	/System/Library/PrivateFrameworks/GPUCompiler.framework/Versions/3802/Libraries/libmetal_timestamp.dylib
0x000000002a2f9000 	/System/Library/PrivateFrameworks/FamilyControls.framework/Versions/A/FamilyControls
0x000000002a2f9000 	/System/Library/PrivateFrameworks/CommerceKit.framework/Versions/A/Frameworks/CommerceCore.framework/Versions/A/CommerceCore
0x000000002a2f9000 	/System/Library/PrivateFrameworks/SystemAdministration.framework/Versions/A/SystemAdministration
0x000000002a2f9000 	/System/Library/PrivateFrameworks/AppContainer.framework/Versions/A/AppContainer
0x000000002a2f9000 	/System/Library/PrivateFrameworks/SecCodeWrapper.framework/Versions/A/SecCodeWrapper
0x000000002a2f9000 	/System/Library/PrivateFrameworks/DiskManagement.framework/Versions/A/DiskManagement
0x000000002a2f9000 	/System/Library/Frameworks/DirectoryService.framework/Versions/A/DirectoryService
0x000000002a2f9000 	/System/Library/PrivateFrameworks/DiskImages.framework/Versions/A/DiskImages
0x000000002a2f9000 	/System/Library/PrivateFrameworks/LoginUIKit.framework/Versions/A/Frameworks/LoginUICore.framework/Versions/A/LoginUICore
0x000000002a2f9000 	/usr/lib/libCoreStorage.dylib
0x000000002a2f9000 	/usr/lib/libcsfde.dylib
0x000000002a2f9000 	/usr/lib/libodfde.dylib
0x000000002a2f9000 	/System/Library/PrivateFrameworks/MediaKit.framework/Versions/A/MediaKit
0x000000002a2f9000 	/System/Library/Frameworks/DiscRecording.framework/Versions/A/DiscRecording
0x000000002a2f9000 	/System/Library/PrivateFrameworks/EFILogin.framework/Versions/A/EFILogin
0x000000002a2f9000 	/System/Library/PrivateFrameworks/ProtectedCloudStorage.framework/Versions/A/ProtectedCloudStorage
0x000000002a2f9000 	/usr/lib/libcurl.4.dylib
0x000000002a2f9000 	/usr/lib/libssl.35.dylib
0x000000002a2f9000 	/System/Library/Frameworks/LDAP.framework/Versions/A/LDAP
0x000000002a2f9000 	/usr/lib/libsasl2.2.dylib
0x000000002a2f9000 	/System/Library/PrivateFrameworks/CoreDaemon.framework/Versions/B/CoreDaemon
0x000000002a2f9000 	/System/Library/PrivateFrameworks/AppleSRP.framework/Versions/A/AppleSRP
0x0000000130a0d000 	/Library/Java/JavaVirtualMachines/jdk1.8.0_152.jdk/Contents/Home/jre/lib/libfontmanager.dylib
0x0000000130a74000 	/Library/Java/JavaVirtualMachines/jdk1.8.0_152.jdk/Contents/Home/jre/lib/libosxui.dylib
0x000000002a2f9000 	/System/Library/PrivateFrameworks/ViewBridge.framework/Versions/A/ViewBridge
0x0000000132218000 	/Library/Java/JavaVirtualMachines/jdk1.8.0_152.jdk/Contents/Home/jre/lib/libnet.dylib
0x000000013222f000 	/Library/Java/JavaVirtualMachines/jdk1.8.0_152.jdk/Contents/Home/jre/lib/libnio.dylib
0x000000019c252000 	/Library/Java/JavaVirtualMachines/jdk1.8.0_152.jdk/Contents/Home/jre/lib/libdcpr.dylib
0x0000000131c74000 	/Library/Java/JavaVirtualMachines/jdk1.8.0_152.jdk/Contents/Home/jre/lib/libosx.dylib
0x000000002a2f9000 	/System/Library/PrivateFrameworks/CloudDocs.framework/Versions/A/CloudDocs
0x000000002a2f9000 	/System/Library/PrivateFrameworks/FileProvider.framework/Versions/A/FileProvider
0x000000002a2f9000 	/System/Library/PrivateFrameworks/SpotlightIndex.framework/Versions/A/SpotlightIndex
0x000000002a2f9000 	/System/Library/PrivateFrameworks/SymptomDiagnosticReporter.framework/Versions/A/SymptomDiagnosticReporter
0x000000002a2f9000 	/System/Library/PrivateFrameworks/GenerationalStorage.framework/Versions/A/GenerationalStorage
0x000000002a2f9000 	/System/Library/PrivateFrameworks/ChunkingLibrary.framework/Versions/A/ChunkingLibrary
0x000000002a2f9000 	/System/Library/PrivateFrameworks/CoreNLP.framework/Versions/A/CoreNLP
0x000000002a2f9000 	/usr/lib/libmecab.1.0.0.dylib
0x000000002a2f9000 	/usr/lib/libgermantok.dylib
0x000000002a2f9000 	/usr/lib/libThaiTokenizer.dylib

VM Arguments:
jvm_args: -Dfile.encoding=UTF-8 
java_command: pluginTools.InteractiveIlastikEllipseFit
java_class_path (initial): /Library/Java/JavaVirtualMachines/jdk1.8.0_152.jdk/Contents/Home/jre/lib/resources.jar:/Library/Java/JavaVirtualMachines/jdk1.8.0_152.jdk/Contents/Home/jre/lib/rt.jar:/Library/Java/JavaVirtualMachines/jdk1.8.0_152.jdk/Contents/Home/jre/lib/jsse.jar:/Library/Java/JavaVirtualMachines/jdk1.8.0_152.jdk/Contents/Home/jre/lib/jce.jar:/Library/Java/JavaVirtualMachines/jdk1.8.0_152.jdk/Contents/Home/jre/lib/charsets.jar:/Library/Java/JavaVirtualMachines/jdk1.8.0_152.jdk/Contents/Home/jre/lib/jfr.jar:/Library/Java/JavaVirtualMachines/jdk1.8.0_152.jdk/Contents/Home/jre/lib/ext/sunec.jar:/Library/Java/JavaVirtualMachines/jdk1.8.0_152.jdk/Contents/Home/jre/lib/ext/nashorn.jar:/Library/Java/JavaVirtualMachines/jdk1.8.0_152.jdk/Contents/Home/jre/lib/ext/cldrdata.jar:/Library/Java/JavaVirtualMachines/jdk1.8.0_152.jdk/Contents/Home/jre/lib/ext/jfxrt.jar:/Library/Java/JavaVirtualMachines/jdk1.8.0_152.jdk/Contents/Home/jre/lib/ext/dnsns.jar:/Library/Java/JavaVirtualMachines/jdk1.8.0_152.jdk/Contents/Home/jre/lib/ext/localedata.jar:/Library/Java/JavaVirtualMachines/jdk1.8.0_152.jdk/Contents/Home/jre/lib/ext/sunjce_provider.jar:/Library/Java/JavaVirtualMachines/jdk1.8.0_152.jdk/Contents/Home/jre/lib/ext/sunpkcs11.jar:/Library/Java/JavaVirtualMachines/jdk1.8.0_152.jdk/Contents/Home/jre/lib/ext/jaccess.jar:/Library/Java/JavaVirtualMachines/jdk1.8.0_152.jdk/Contents/Home/jre/lib/ext/zipfs.jar:/System/Library/Java/Extensions/MRJToolkit.jar:/Users/aimachine/Bubbleator/target/classes:/Users/aimachine/imglib2-algorithm/target/classes:/Users/aimachine/imglib2-algorithm/target/test-classes:/Users/aimachine/.m2/repository/net/imglib2/imglib2/3.3.0/imglib2-3.3.0.jar:/Users/aimachine/.m2/repository/net/imglib2/imglib2-roi/0.4.5/imglib2-roi-0.4.5.jar:/Users/aimachine/.m2/repository/net/imglib2/imglib2-realtransform/2.0.0-beta-38/imglib2-realtransform-2.0.0-beta-38.jar:/Users/aimachine/.m2/repository/jitk/jitk-tps/3.0.0/jitk-tps-3.0.0.jar:/Users/aimachine/.m2/repository/
Launcher Type: SUN_STANDARD

Environment Variables:
PATH=/usr/bin:/bin:/usr/sbin:/sbin
SHELL=/bin/bash
DISPLAY=/private/tmp/com.apple.launchd.UNZkyyYArr/org.macosforge.xquartz:0

Signal Handlers:
SIGSEGV: [libjvm.dylib+0x5b494d], sa_mask[0]=11111111011111110111111111111111, sa_flags=SA_ONSTACK|SA_RESTART|SA_SIGINFO
SIGBUS: [libjvm.dylib+0x5b494d], sa_mask[0]=11111111011111110111111111111111, sa_flags=SA_RESTART|SA_SIGINFO
SIGFPE: [libjvm.dylib+0x48ab54], sa_mask[0]=11111111011111110111111111111111, sa_flags=SA_RESTART|SA_SIGINFO
SIGPIPE: [libjvm.dylib+0x48ab54], sa_mask[0]=11111111011111110111111111111111, sa_flags=SA_RESTART|SA_SIGINFO
SIGXFSZ: [libjvm.dylib+0x48ab54], sa_mask[0]=11111111011111110111111111111111, sa_flags=SA_RESTART|SA_SIGINFO
SIGILL: [libjvm.dylib+0x48ab54], sa_mask[0]=11111111011111110111111111111111, sa_flags=SA_RESTART|SA_SIGINFO
SIGUSR1: SIG_DFL, sa_mask[0]=00000000000000000000000000000000, sa_flags=none
SIGUSR2: [libjvm.dylib+0x48a672], sa_mask[0]=00100000000000000000000000000000, sa_flags=SA_RESTART|SA_SIGINFO
SIGHUP: [libjvm.dylib+0x488c49], sa_mask[0]=11111111011111110111111111111111, sa_flags=SA_RESTART|SA_SIGINFO
SIGINT: [libjvm.dylib+0x488c49], sa_mask[0]=11111111011111110111111111111111, sa_flags=SA_RESTART|SA_SIGINFO
SIGTERM: [libjvm.dylib+0x488c49], sa_mask[0]=11111111011111110111111111111111, sa_flags=SA_RESTART|SA_SIGINFO
SIGQUIT: [libjvm.dylib+0x488c49], sa_mask[0]=11111111011111110111111111111111, sa_flags=SA_RESTART|SA_SIGINFO


---------------  S Y S T E M  ---------------

OS:Bsduname:Darwin 17.4.0 Darwin Kernel Version 17.4.0: Sun Dec 17 09:19:54 PST 2017; root:xnu-4570.41.2~1/RELEASE_X86_64 x86_64
rlimit: STACK 8192k, CORE 0k, NPROC 1418, NOFILE 10240, AS infinity
load average:133.57 34.24 14.29

CPU:total 4 (initial active 4) (2 cores per cpu, 2 threads per core) family 6 model 142 stepping 9, cmov, cx8, fxsr, mmx, sse, sse2, sse3, ssse3, sse4.1, sse4.2, popcnt, avx, avx2, aes, clmul, erms, 3dnowpref, lzcnt, ht, tsc, tscinvbit, bmi1, bmi2, adx

Memory: 4k page, physical 16777216k(22364k free)

/proc/meminfo:


vm_info: Java HotSpot(TM) 64-Bit Server VM (25.152-b16) for bsd-amd64 JRE (1.8.0_152-b16), built on Sep 14 2017 02:31:13 by "java_re" with gcc 4.2.1 (Based on Apple Inc. build 5658) (LLVM build 2336.11.00)

time: Mon May 21 22:17:25 2018
elapsed time: 4318 seconds (0d 1h 11m 58s)

