#
# A fatal error has been detected by the Java Runtime Environment:
#
#  SIGSEGV (0xb) at pc=0x00000001248112df, pid=24114, tid=0x000000000001450f
#
# JRE version: Java(TM) SE Runtime Environment (8.0_152-b16) (build 1.8.0_152-b16)
# Java VM: Java HotSpot(TM) 64-Bit Server VM (25.152-b16 mixed mode bsd-amd64 compressed oops)
# Problematic frame:
# C  [libawt_lwawt.dylib+0x1c2df]  OGLSD_SetScratchSurface+0x49
#
# Failed to write core dump. Core dumps have been disabled. To enable core dumping, try "ulimit -c unlimited" before starting Java again
#
# If you would like to submit a bug report, please visit:
#   http://bugreport.java.com/bugreport/crash.jsp
# The crash happened outside the Java Virtual Machine in native code.
# See problematic frame for where to report the bug.
#

---------------  T H R E A D  ---------------

Current thread (0x00007fb236bdd000):  JavaThread "Java2D Queue Flusher" daemon [_thread_in_native, id=83215, stack(0x00007000104de000,0x00007000105de000)]

siginfo: si_signo: 11 (SIGSEGV), si_code: 1 (SEGV_MAPERR), si_addr: 0x0000000000000002

Registers:
RAX=0x00000000ffffffff, RBX=0x0000000000000002, RCX=0x0000000000000047, RDX=0x0000000124832d8c
RSP=0x00007000105dd810, RBP=0x00007000105dd830, RSI=0x00007fb23bd94bb0, RDI=0x00007fb236bdd1f8
R8 =0x0000000000000020, R9 =0x0000000000000000, R10=0x000000010b804ab8, R11=0x00000000d8040356
R12=0x0000000000000000, R13=0x00000006c0201b80, R14=0x00007fb236bdd1f8, R15=0x00007fb236bdd000
RIP=0x00000001248112df, EFLAGS=0x0000000000010202, ERR=0x0000000000000004
  TRAPNO=0x000000000000000e

Top of Stack: (sp=0x00007000105dd810)
0x00007000105dd810:   00007fb23bd94bb0 0000000000000000
0x00007000105dd820:   00007fb236bece10 00007fb236bdd000
0x00007000105dd830:   00007000105dd8b0 000000012483286a
0x00007000105dd840:   0000000000000064 00007fb2364e7d68
0x00007000105dd850:   00007000105dd8b0 00000001077512fe
0x00007000105dd860:   0000000000000005 00007fb236bdd000
0x00007000105dd870:   00000006c0201b01 00007fb236bece20
0x00007000105dd880:   00007000005dd800 00007fb236bdd1f8
0x00007000105dd890:   0000000000000000 0000000000000000
0x00007000105dd8a0:   00007000105dd908 00007fb236bdd000
0x00007000105dd8b0:   00007000105dd900 000000010b804b2a
0x00007000105dd8c0:   00000006c0201a98 0000000100000001
0x00007000105dd8d0:   000000010a26e828 0000000000000000
0x00007000105dd8e0:   000000010a26e748 0000000000000000
0x00007000105dd8f0:   00007000105dd910 0000000000000000
0x00007000105dd900:   00000000d8040353 000000010bf6b254
0x00007000105dd910:   00000006c0201a98 00000006c0201b80
0x00007000105dd920:   0000000000000000 0000000000000000
0x00007000105dd930:   00000006c0201b80 00007000105dd9d0
0x00007000105dd940:   0000000000000003 0000000000000000
0x00007000105dd950:   00007000105dd9d0 000000010b2dd7a7
0x00007000105dd960:   00000006c939e1e8 00000006c939e1e8
0x00007000105dd970:   0000700000001fa0 000000000000000a
0x00007000105dd980:   00007fb236bdd000 0000000000000001
0x00007000105dd990:   000000010b2dd71f 000000010a1bb788
0x00007000105dd9a0:   00007000105dda68 00007000105ddd00
0x00007000105dd9b0:   000000010000000a 000000010a1bb788
0x00007000105dd9c0:   000000010b2f0120 00007000105ddc70
0x00007000105dd9d0:   00007000105ddb80 00000001076ef7b2
0x00007000105dd9e0:   0000700000000001 00007fb236bdd000
0x00007000105dd9f0:   00007fb236bdd000 00007000105ddd00
0x00007000105dda00:   00007fb2364e7d60 000000010b2f0120 

Instructions: (pc=0x00000001248112df)
0x00000001248112bf:   c0 e9 82 00 00 00 48 8b 5e 10 48 85 db 75 0e bf
0x00000001248112cf:   01 00 00 00 48 8d 15 1e 95 03 00 eb d6 49 89 fe
0x00000001248112df:   4c 8b 3b 30 c0 e8 a7 bc 02 00 49 8b 3f 49 89 c4
0x00000001248112ef:   48 8b 35 f2 25 06 00 30 c0 e8 f5 bd 02 00 48 85 

Register to memory mapping:

RAX=0x00000000ffffffff is an unknown value
RBX=0x0000000000000002 is an unknown value
RCX=0x0000000000000047 is an unknown value
RDX=0x0000000124832d8c: Java_sun_java2d_opengl_OGLRenderQueue_flushBuffer+0xb5c in /Library/Java/JavaVirtualMachines/jdk1.8.0_152.jdk/Contents/Home/jre/lib/libawt_lwawt.dylib at 0x00000001247f5000
RSP=0x00007000105dd810 is pointing into the stack for thread: 0x00007fb236bdd000
RBP=0x00007000105dd830 is pointing into the stack for thread: 0x00007fb236bdd000
RSI=0x00007fb23bd94bb0 is an unknown value
RDI=0x00007fb236bdd1f8 is an unknown value
R8 =0x0000000000000020 is an unknown value
R9 =0x0000000000000000 is an unknown value
R10=0x000000010b804ab8 is at entry_point+56 in (nmethod*)0x000000010b804910
R11=0x00000000d8040356 is an unknown value
R12=0x0000000000000000 is an unknown value
R13=0x00000006c0201b80 is an oop
sun.java2d.opengl.OGLRenderQueue$QueueFlusher 
 - klass: 'sun/java2d/opengl/OGLRenderQueue$QueueFlusher'
R14=0x00007fb236bdd1f8 is an unknown value
R15=0x00007fb236bdd000 is a thread


Stack: [0x00007000104de000,0x00007000105de000],  sp=0x00007000105dd810,  free space=1022k
Native frames: (J=compiled Java code, j=interpreted, Vv=VM code, C=native code)
C  [libawt_lwawt.dylib+0x1c2df]  OGLSD_SetScratchSurface+0x49
C  [libawt_lwawt.dylib+0x3d86a]  Java_sun_java2d_opengl_OGLRenderQueue_flushBuffer+0x63a
J 1511  sun.java2d.opengl.OGLRenderQueue.flushBuffer(JI)V (0 bytes) @ 0x000000010b804b2a [0x000000010b804a80+0xaa]
J 4597% C2 sun.java2d.opengl.OGLRenderQueue$QueueFlusher.run()V (234 bytes) @ 0x000000010bf6b254 [0x000000010bf6af60+0x2f4]
v  ~StubRoutines::call_stub
V  [libjvm.dylib+0x2ef7b2]
V  [libjvm.dylib+0x2eff56]
V  [libjvm.dylib+0x2f0102]
V  [libjvm.dylib+0x34a8c5]
V  [libjvm.dylib+0x56e327]
V  [libjvm.dylib+0x56fa14]
V  [libjvm.dylib+0x48d542]
C  [libsystem_pthread.dylib+0x36c1]  _pthread_body+0x154
C  [libsystem_pthread.dylib+0x356d]  _pthread_body+0x0
C  [libsystem_pthread.dylib+0x2c5d]  thread_start+0xd
C  0x0000000000000000

Java frames: (J=compiled Java code, j=interpreted, Vv=VM code)
J 1511  sun.java2d.opengl.OGLRenderQueue.flushBuffer(JI)V (0 bytes) @ 0x000000010b804ab8 [0x000000010b804a80+0x38]
J 4597% C2 sun.java2d.opengl.OGLRenderQueue$QueueFlusher.run()V (234 bytes) @ 0x000000010bf6b254 [0x000000010bf6af60+0x2f4]
v  ~StubRoutines::call_stub

---------------  P R O C E S S  ---------------

Java Threads: ( => current thread )
  0x00007fb23d0e2800 JavaThread "RMI TCP Connection(8)-10.50.11.102" daemon [_thread_in_native, id=58387, stack(0x0000700010c76000,0x0000700010d76000)]
  0x00007fb23d474000 JavaThread "JMX server connection timeout 44" daemon [_thread_blocked, id=35023, stack(0x0000700010b73000,0x0000700010c73000)]
  0x00007fb23ed7b800 JavaThread "RMI Scheduler(0)" daemon [_thread_blocked, id=61863, stack(0x0000700010a70000,0x0000700010b70000)]
  0x00007fb236f84800 JavaThread "RMI TCP Connection(5)-10.50.11.102" daemon [_thread_in_native, id=73255, stack(0x000070001096d000,0x0000700010a6d000)]
  0x00007fb237637000 JavaThread "RMI TCP Accept-0" daemon [_thread_in_native, id=57179, stack(0x000070001086a000,0x000070001096a000)]
  0x00007fb2387b0000 JavaThread "Attach Listener" daemon [_thread_blocked, id=63535, stack(0x0000700010355000,0x0000700010455000)]
  0x00007fb23c838000 JavaThread "pool-2-thread-1" [_thread_blocked, id=65707, stack(0x000070001151a000,0x000070001161a000)]
  0x00007fb23ca89000 JavaThread "SwingWorker-pool-1-thread-1" daemon [_thread_blocked, id=60443, stack(0x0000700011417000,0x0000700011517000)]
  0x00007fb23db6c000 JavaThread "Timer-0" daemon [_thread_blocked, id=74031, stack(0x000070001110b000,0x000070001120b000)]
  0x00007fb23c88d000 JavaThread "TimerQueue" daemon [_thread_blocked, id=128939, stack(0x0000700010f05000,0x0000700011005000)]
  0x00007fb23d1a5000 JavaThread "DestroyJavaVM" [_thread_blocked, id=9731, stack(0x000070000f428000,0x000070000f528000)]
  0x00007fb237a0b800 JavaThread "AWT-EventQueue-0" [_thread_blocked, id=56595, stack(0x00007000106e4000,0x00007000107e4000)]
  0x00007fb2371bb000 JavaThread "Java2D Disposer" daemon [_thread_blocked, id=78355, stack(0x00007000105e1000,0x00007000106e1000)]
=>0x00007fb236bdd000 JavaThread "Java2D Queue Flusher" daemon [_thread_in_native, id=83215, stack(0x00007000104de000,0x00007000105de000)]
  0x00007fb2383c6000 JavaThread "AWT-Shutdown" [_thread_blocked, id=38955, stack(0x0000700010252000,0x0000700010352000)]
  0x00007fb237135800 JavaThread "AppKit Thread" daemon [_thread_in_native, id=775, stack(0x00007ffee893f000,0x00007ffee913f000)]
  0x00007fb237029000 JavaThread "Service Thread" daemon [_thread_blocked, id=14851, stack(0x000070001004c000,0x000070001014c000)]
  0x00007fb236875000 JavaThread "C1 CompilerThread2" daemon [_thread_blocked, id=18435, stack(0x000070000ff49000,0x0000700010049000)]
  0x00007fb236874000 JavaThread "C2 CompilerThread1" daemon [_thread_blocked, id=14339, stack(0x000070000fe46000,0x000070000ff46000)]
  0x00007fb237814800 JavaThread "C2 CompilerThread0" daemon [_thread_blocked, id=13827, stack(0x000070000fd43000,0x000070000fe43000)]
  0x00007fb23688c000 JavaThread "Signal Dispatcher" daemon [_thread_blocked, id=18955, stack(0x000070000fc40000,0x000070000fd40000)]
  0x00007fb237801800 JavaThread "Finalizer" daemon [_thread_blocked, id=12291, stack(0x000070000fb3d000,0x000070000fc3d000)]
  0x00007fb236868000 JavaThread "Reference Handler" daemon [_thread_blocked, id=11779, stack(0x000070000fa3a000,0x000070000fb3a000)]

Other Threads:
  0x00007fb236863800 VMThread [stack: 0x000070000f937000,0x000070000fa37000] [id=20995]
  0x00007fb23700d000 WatcherThread [stack: 0x000070001014f000,0x000070001024f000] [id=15363]

VM state:not at safepoint (normal execution)

VM Mutex/Monitor currently owned by a thread: None

Heap:
 PSYoungGen      total 1268224K, used 26952K [0x000000076ab00000, 0x00000007c0000000, 0x00000007c0000000)
  eden space 1137152K, 0% used [0x000000076ab00000,0x000000076b54a788,0x00000007b0180000)
  from space 131072K, 12% used [0x00000007b8000000,0x00000007b9007b88,0x00000007c0000000)
  to   space 129536K, 0% used [0x00000007b0180000,0x00000007b0180000,0x00000007b8000000)
 ParOldGen       total 602112K, used 373985K [0x00000006c0000000, 0x00000006e4c00000, 0x000000076ab00000)
  object space 602112K, 62% used [0x00000006c0000000,0x00000006d6d387a8,0x00000006e4c00000)
 Metaspace       used 33983K, capacity 34721K, committed 34988K, reserved 1079296K
  class space    used 4514K, capacity 4711K, committed 4780K, reserved 1048576K

Card table byte_map: [0x000000010876c000,0x0000000108f6d000] byte_map_base: 0x000000010516c000

Marking Bits: (ParMarkBitMap*) 0x0000000107cf66c0
 Begin Bits: [0x000000011a2dd000, 0x000000011e2dd000)
 End Bits:   [0x000000011e2dd000, 0x00000001222dd000)

Polling page: 0x0000000106b3e000

CodeCache: size=245760Kb used=15914Kb max_used=15963Kb free=229845Kb
 bounds [0x000000010b2dd000, 0x000000010c2ad000, 0x000000011a2dd000]
 total_blobs=5380 nmethods=4649 adapters=641
 compilation: enabled

Compilation events (10 events):
Event: 256905.926 Thread 0x00007fb236875000 5802   !   3       sun.reflect.GeneratedMethodAccessor48::invoke (66 bytes)
Event: 256905.927 Thread 0x00007fb236875000 nmethod 5802 0x000000010bd736d0 code [0x000000010bd738c0, 0x000000010bd74098]
Event: 256922.861 Thread 0x00007fb237814800 5803       4       javax.management.remote.rmi.RMIConnectionImpl::doOperation (706 bytes)
Event: 256922.907 Thread 0x00007fb237814800 nmethod 5803 0x000000010c29fe90 code [0x000000010c2a05a0, 0x000000010c2a3180]
Event: 256930.861 Thread 0x00007fb236875000 5804       1       java.net.NetworkInterface::access$000 (5 bytes)
Event: 256930.861 Thread 0x00007fb236875000 nmethod 5804 0x000000010c268210 code [0x000000010c268360, 0x000000010c268450]
Event: 256934.028 Thread 0x00007fb236875000 5805       3       java.io.ObjectOutputStream$BlockDataOutputStream::write (152 bytes)
Event: 256934.029 Thread 0x00007fb236875000 nmethod 5805 0x000000010c10ddd0 code [0x000000010c10dfc0, 0x000000010c10e818]
Event: 256945.959 Thread 0x00007fb236875000 5806       3       java.lang.management.LockInfo::<init> (24 bytes)
Event: 256945.960 Thread 0x00007fb236875000 nmethod 5806 0x000000010ba91690 code [0x000000010ba91820, 0x000000010ba91c78]

GC Heap History (10 events):
Event: 19.613 GC heap before
{Heap before GC invocations=16 (full 3):
 PSYoungGen      total 992256K, used 881152K [0x000000076ab00000, 0x00000007ae580000, 0x00000007c0000000)
  eden space 881152K, 100% used [0x000000076ab00000,0x00000007a0780000,0x00000007a0780000)
  from space 111104K, 0% used [0x00000007a7600000,0x00000007a7600000,0x00000007ae280000)
  to   space 113152K, 0% used [0x00000007a0780000,0x00000007a0780000,0x00000007a7600000)
 ParOldGen       total 547328K, used 346573K [0x00000006c0000000, 0x00000006e1680000, 0x000000076ab00000)
  object space 547328K, 63% used [0x00000006c0000000,0x00000006d52737f8,0x00000006e1680000)
 Metaspace       used 24823K, capacity 25207K, committed 25644K, reserved 1071104K
  class space    used 3461K, capacity 3572K, committed 3628K, reserved 1048576K
Event: 19.653 GC heap after
Heap after GC invocations=16 (full 3):
 PSYoungGen      total 994304K, used 71190K [0x000000076ab00000, 0x00000007c0000000, 0x00000007c0000000)
  eden space 881152K, 0% used [0x000000076ab00000,0x000000076ab00000,0x00000007a0780000)
  from space 113152K, 62% used [0x00000007a0780000,0x00000007a4d05aa8,0x00000007a7600000)
  to   space 116224K, 0% used [0x00000007b8e80000,0x00000007b8e80000,0x00000007c0000000)
 ParOldGen       total 547328K, used 346581K [0x00000006c0000000, 0x00000006e1680000, 0x000000076ab00000)
  object space 547328K, 63% used [0x00000006c0000000,0x00000006d52757f8,0x00000006e1680000)
 Metaspace       used 24823K, capacity 25207K, committed 25644K, reserved 1071104K
  class space    used 3461K, capacity 3572K, committed 3628K, reserved 1048576K
}
Event: 21.223 GC heap before
{Heap before GC invocations=17 (full 3):
 PSYoungGen      total 994304K, used 952342K [0x000000076ab00000, 0x00000007c0000000, 0x00000007c0000000)
  eden space 881152K, 100% used [0x000000076ab00000,0x00000007a0780000,0x00000007a0780000)
  from space 113152K, 62% used [0x00000007a0780000,0x00000007a4d05aa8,0x00000007a7600000)
  to   space 116224K, 0% used [0x00000007b8e80000,0x00000007b8e80000,0x00000007c0000000)
 ParOldGen       total 547328K, used 346581K [0x00000006c0000000, 0x00000006e1680000, 0x000000076ab00000)
  object space 547328K, 63% used [0x00000006c0000000,0x00000006d52757f8,0x00000006e1680000)
 Metaspace       used 24848K, capacity 25271K, committed 25644K, reserved 1071104K
  class space    used 3461K, capacity 3572K, committed 3628K, reserved 1048576K
Event: 21.274 GC heap after
Heap after GC invocations=17 (full 3):
 PSYoungGen      total 1277440K, used 70647K [0x000000076ab00000, 0x00000007c0000000, 0x00000007c0000000)
  eden space 1161216K, 0% used [0x000000076ab00000,0x000000076ab00000,0x00000007b1900000)
  from space 116224K, 60% used [0x00000007b8e80000,0x00000007bd37ded8,0x00000007c0000000)
  to   space 118272K, 0% used [0x00000007b1900000,0x00000007b1900000,0x00000007b8c80000)
 ParOldGen       total 547328K, used 415363K [0x00000006c0000000, 0x00000006e1680000, 0x000000076ab00000)
  object space 547328K, 75% used [0x00000006c0000000,0x00000006d95a0d10,0x00000006e1680000)
 Metaspace       used 24848K, capacity 25271K, committed 25644K, reserved 1071104K
  class space    used 3461K, capacity 3572K, committed 3628K, reserved 1048576K
}
Event: 58609.075 GC heap before
{Heap before GC invocations=18 (full 3):
 PSYoungGen      total 1277440K, used 1231863K [0x000000076ab00000, 0x00000007c0000000, 0x00000007c0000000)
  eden space 1161216K, 100% used [0x000000076ab00000,0x00000007b1900000,0x00000007b1900000)
  from space 116224K, 60% used [0x00000007b8e80000,0x00000007bd37ded8,0x00000007c0000000)
  to   space 118272K, 0% used [0x00000007b1900000,0x00000007b1900000,0x00000007b8c80000)
 ParOldGen       total 547328K, used 415363K [0x00000006c0000000, 0x00000006e1680000, 0x000000076ab00000)
  object space 547328K, 75% used [0x00000006c0000000,0x00000006d95a0d10,0x00000006e1680000)
 Metaspace       used 29911K, capacity 30413K, committed 30636K, reserved 1075200K
  class space    used 4074K, capacity 4221K, committed 4268K, reserved 1048576K
Event: 58610.581 GC heap after
Heap after GC invocations=18 (full 3):
 PSYoungGen      total 1263616K, used 101901K [0x000000076ab00000, 0x00000007c0000000, 0x00000007c0000000)
  eden space 1161216K, 0% used [0x000000076ab00000,0x000000076ab00000,0x00000007b1900000)
  from space 102400K, 99% used [0x00000007b1900000,0x00000007b7c83680,0x00000007b7d00000)
  to   space 131072K, 0% used [0x00000007b8000000,0x00000007b8000000,0x00000007c0000000)
 ParOldGen       total 547328K, used 483975K [0x00000006c0000000, 0x00000006e1680000, 0x000000076ab00000)
  object space 547328K, 88% used [0x00000006c0000000,0x00000006dd8a1f58,0x00000006e1680000)
 Metaspace       used 29911K, capacity 30413K, committed 30636K, reserved 1075200K
  class space    used 4074K, capacity 4221K, committed 4268K, reserved 1048576K
}
Event: 58610.582 GC heap before
{Heap before GC invocations=19 (full 4):
 PSYoungGen      total 1263616K, used 101901K [0x000000076ab00000, 0x00000007c0000000, 0x00000007c0000000)
  eden space 1161216K, 0% used [0x000000076ab00000,0x000000076ab00000,0x00000007b1900000)
  from space 102400K, 99% used [0x00000007b1900000,0x00000007b7c83680,0x00000007b7d00000)
  to   space 131072K, 0% used [0x00000007b8000000,0x00000007b8000000,0x00000007c0000000)
 ParOldGen       total 547328K, used 483975K [0x00000006c0000000, 0x00000006e1680000, 0x000000076ab00000)
  object space 547328K, 88% used [0x00000006c0000000,0x00000006dd8a1f58,0x00000006e1680000)
 Metaspace       used 29911K, capacity 30413K, committed 30636K, reserved 1075200K
  class space    used 4074K, capacity 4221K, committed 4268K, reserved 1048576K
Event: 58612.613 GC heap after
Heap after GC invocations=19 (full 4):
 PSYoungGen      total 1263616K, used 0K [0x000000076ab00000, 0x00000007c0000000, 0x00000007c0000000)
  eden space 1161216K, 0% used [0x000000076ab00000,0x000000076ab00000,0x00000007b1900000)
  from space 102400K, 0% used [0x00000007b1900000,0x00000007b1900000,0x00000007b7d00000)
  to   space 131072K, 0% used [0x00000007b8000000,0x00000007b8000000,0x00000007c0000000)
 ParOldGen       total 602112K, used 373969K [0x00000006c0000000, 0x00000006e4c00000, 0x000000076ab00000)
  object space 602112K, 62% used [0x00000006c0000000,0x00000006d6d347a8,0x00000006e4c00000)
 Metaspace       used 29875K, capacity 30359K, committed 30636K, reserved 1075200K
  class space    used 4067K, capacity 4208K, committed 4268K, reserved 1048576K
}
Event: 256945.912 GC heap before
{Heap before GC invocations=20 (full 4):
 PSYoungGen      total 1263616K, used 1161216K [0x000000076ab00000, 0x00000007c0000000, 0x00000007c0000000)
  eden space 1161216K, 100% used [0x000000076ab00000,0x00000007b1900000,0x00000007b1900000)
  from space 102400K, 0% used [0x00000007b1900000,0x00000007b1900000,0x00000007b7d00000)
  to   space 131072K, 0% used [0x00000007b8000000,0x00000007b8000000,0x00000007c0000000)
 ParOldGen       total 602112K, used 373969K [0x00000006c0000000, 0x00000006e4c00000, 0x000000076ab00000)
  object space 602112K, 62% used [0x00000006c0000000,0x00000006d6d347a8,0x00000006e4c00000)
 Metaspace       used 33983K, capacity 34721K, committed 34988K, reserved 1079296K
  class space    used 4514K, capacity 4711K, committed 4780K, reserved 1048576K
Event: 256945.947 GC heap after
Heap after GC invocations=20 (full 4):
 PSYoungGen      total 1268224K, used 16414K [0x000000076ab00000, 0x00000007c0000000, 0x00000007c0000000)
  eden space 1137152K, 0% used [0x000000076ab00000,0x000000076ab00000,0x00000007b0180000)
  from space 131072K, 12% used [0x00000007b8000000,0x00000007b9007b88,0x00000007c0000000)
  to   space 129536K, 0% used [0x00000007b0180000,0x00000007b0180000,0x00000007b8000000)
 ParOldGen       total 602112K, used 373985K [0x00000006c0000000, 0x00000006e4c00000, 0x000000076ab00000)
  object space 602112K, 62% used [0x00000006c0000000,0x00000006d6d387a8,0x00000006e4c00000)
 Metaspace       used 33983K, capacity 34721K, committed 34988K, reserved 1079296K
  class space    used 4514K, capacity 4711K, committed 4780K, reserved 1048576K
}

Deoptimization events (10 events):
Event: 256806.562 Thread 0x00007fb236f84800 Uncommon trap: reason=unstable_if action=reinterpret pc=0x000000010c1fc2e4 method=java.io.ObjectStreamField.isPrimitive()Z @ 18
Event: 256806.563 Thread 0x00007fb236f84800 Uncommon trap: reason=unstable_if action=reinterpret pc=0x000000010c24ffe0 method=java.io.ObjectOutputStream$BlockDataOutputStream.write([BIIZ)V @ 2
Event: 256877.697 Thread 0x00007fb236f84800 Uncommon trap: reason=predicate action=maybe_recompile pc=0x000000010c269410 method=java.util.ComparableTimSort.reverseRange([Ljava/lang/Object;II)V @ 8
Event: 256886.727 Thread 0x00007fb236f84800 Uncommon trap: reason=array_check action=maybe_recompile pc=0x000000010bacf450 method=java.util.ComparableTimSort.reverseRange([Ljava/lang/Object;II)V @ 20
Event: 256886.727 Thread 0x00007fb236f84800 Uncommon trap: reason=array_check action=maybe_recompile pc=0x000000010bacf450 method=java.util.ComparableTimSort.reverseRange([Ljava/lang/Object;II)V @ 20
Event: 256887.729 Thread 0x00007fb236f84800 Uncommon trap: reason=array_check action=maybe_recompile pc=0x000000010bacf450 method=java.util.ComparableTimSort.reverseRange([Ljava/lang/Object;II)V @ 20
Event: 256887.730 Thread 0x00007fb236f84800 Uncommon trap: reason=array_check action=maybe_recompile pc=0x000000010bacf450 method=java.util.ComparableTimSort.reverseRange([Ljava/lang/Object;II)V @ 20
Event: 256896.755 Thread 0x00007fb236f84800 Uncommon trap: reason=array_check action=maybe_recompile pc=0x000000010c1a3770 method=java.util.ComparableTimSort.reverseRange([Ljava/lang/Object;II)V @ 27
Event: 256896.755 Thread 0x00007fb236f84800 Uncommon trap: reason=array_check action=maybe_recompile pc=0x000000010c1a3770 method=java.util.ComparableTimSort.reverseRange([Ljava/lang/Object;II)V @ 27
Event: 256945.959 Thread 0x00007fb236f84800 Uncommon trap: reason=unstable_if action=reinterpret pc=0x000000010b86abd4 method=java.lang.management.ThreadInfo.initialize(Ljava/lang/Thread;ILjava/lang/Object;Ljava/lang/Thread;JJJJ[Ljava/lang/StackTraceElement;[Ljava/lang/management/MonitorInfo;[Ljava

Classes redefined (0 events):
No events

Internal exceptions (10 events):
Event: 256506.537 Thread 0x00007fb236f84800 Exception <a 'java/lang/NoSuchMethodError': <clinit>> (0x0000000772c62740) thrown at [/Users/java_re/workspace/8-2-build-macosx-x86_64/jdk8u152/9742/hotspot/src/share/vm/prims/jni.cpp, line 1613]
Event: 256506.547 Thread 0x00007fb236f84800 Exception <a 'java/lang/ClassNotFoundException': javax/management/remote/rmi/RMIConnectionImpl_Skel> (0x0000000772c67808) thrown at [/Users/java_re/workspace/8-2-build-macosx-x86_64/jdk8u152/9742/hotspot/src/share/vm/classfile/systemDictionary.cpp, line 2
Event: 256506.592 Thread 0x00007fb236f84800 Exception <a 'java/lang/NoSuchMethodError': <clinit>> (0x0000000772cd0138) thrown at [/Users/java_re/workspace/8-2-build-macosx-x86_64/jdk8u152/9742/hotspot/src/share/vm/prims/jni.cpp, line 1613]
Event: 256506.593 Thread 0x00007fb236f84800 Exception <a 'java/lang/NoSuchMethodError': <clinit>> (0x0000000772cdea30) thrown at [/Users/java_re/workspace/8-2-build-macosx-x86_64/jdk8u152/9742/hotspot/src/share/vm/prims/jni.cpp, line 1613]
Event: 256506.594 Thread 0x00007fb236f84800 Exception <a 'java/lang/NoSuchMethodError': <clinit>> (0x0000000772cdf3f8) thrown at [/Users/java_re/workspace/8-2-build-macosx-x86_64/jdk8u152/9742/hotspot/src/share/vm/prims/jni.cpp, line 1613]
Event: 256506.599 Thread 0x00007fb236f84800 Exception <a 'java/lang/NoSuchMethodError': <clinit>> (0x0000000772cfd368) thrown at [/Users/java_re/workspace/8-2-build-macosx-x86_64/jdk8u152/9742/hotspot/src/share/vm/prims/jni.cpp, line 1613]
Event: 256506.600 Thread 0x00007fb236f84800 Exception <a 'java/lang/NoSuchMethodError': <clinit>> (0x0000000772cfdfb0) thrown at [/Users/java_re/workspace/8-2-build-macosx-x86_64/jdk8u152/9742/hotspot/src/share/vm/prims/jni.cpp, line 1613]
Event: 256506.600 Thread 0x00007fb236f84800 Exception <a 'java/lang/NoSuchMethodError': <clinit>> (0x0000000772cfebc8) thrown at [/Users/java_re/workspace/8-2-build-macosx-x86_64/jdk8u152/9742/hotspot/src/share/vm/prims/jni.cpp, line 1613]
Event: 256507.642 Thread 0x00007fb236f84800 Exception <a 'java/lang/NoSuchMethodError': <clinit>> (0x0000000772d52028) thrown at [/Users/java_re/workspace/8-2-build-macosx-x86_64/jdk8u152/9742/hotspot/src/share/vm/prims/jni.cpp, line 1613]
Event: 256507.655 Thread 0x00007fb236f84800 Exception <a 'java/lang/NoSuchMethodError': <clinit>> (0x0000000772d86c40) thrown at [/Users/java_re/workspace/8-2-build-macosx-x86_64/jdk8u152/9742/hotspot/src/share/vm/prims/jni.cpp, line 1613]

Events (10 events):
Event: 256945.857 Executing VM operation: ThreadDump done
Event: 256945.912 Executing VM operation: ParallelGCFailedAllocation
Event: 256945.947 Executing VM operation: ParallelGCFailedAllocation done
Event: 256945.947 Executing VM operation: RevokeBias
Event: 256945.948 Executing VM operation: RevokeBias done
Event: 256945.958 Executing VM operation: ThreadDump
Event: 256945.959 Executing VM operation: ThreadDump done
Event: 256945.959 Thread 0x00007fb236f84800 Uncommon trap: trap_request=0xffffff65 fr.pc=0x000000010b86abd4
Event: 256945.959 Thread 0x00007fb236f84800 DEOPT PACKING pc=0x000000010b86abd4 sp=0x0000700010a6a2b0
Event: 256945.959 Thread 0x00007fb236f84800 DEOPT UNPACKING pc=0x000000010b2e2229 sp=0x0000700010a6a258 mode 2


Dynamic libraries:
0x000000002a531000 	/System/Library/Frameworks/Cocoa.framework/Versions/A/Cocoa
0x000000002a531000 	/System/Library/Frameworks/Security.framework/Versions/A/Security
0x000000002a531000 	/System/Library/Frameworks/ApplicationServices.framework/Versions/A/ApplicationServices
0x000000002a531000 	/usr/lib/libz.1.dylib
0x000000002a531000 	/usr/lib/libSystem.B.dylib
0x000000002a531000 	/usr/lib/libobjc.A.dylib
0x000000002a531000 	/System/Library/Frameworks/CoreFoundation.framework/Versions/A/CoreFoundation
0x000000002a531000 	/System/Library/Frameworks/Foundation.framework/Versions/C/Foundation
0x000000002a531000 	/System/Library/Frameworks/AppKit.framework/Versions/C/AppKit
0x000000002a531000 	/System/Library/Frameworks/CoreData.framework/Versions/A/CoreData
0x000000002a531000 	/System/Library/PrivateFrameworks/RemoteViewServices.framework/Versions/A/RemoteViewServices
0x000000002a531000 	/System/Library/PrivateFrameworks/UIFoundation.framework/Versions/A/UIFoundation
0x000000002a531000 	/System/Library/PrivateFrameworks/DFRFoundation.framework/Versions/A/DFRFoundation
0x000000002a531000 	/System/Library/Frameworks/Metal.framework/Versions/A/Metal
0x000000002a531000 	/System/Library/PrivateFrameworks/DesktopServicesPriv.framework/Versions/A/DesktopServicesPriv
0x000000002a531000 	/usr/lib/libenergytrace.dylib
0x000000002a531000 	/System/Library/PrivateFrameworks/SkyLight.framework/Versions/A/SkyLight
0x000000002a531000 	/System/Library/Frameworks/CoreGraphics.framework/Versions/A/CoreGraphics
0x000000002a531000 	/usr/lib/libScreenReader.dylib
0x000000002a531000 	/System/Library/Frameworks/Accelerate.framework/Versions/A/Accelerate
0x000000002a531000 	/System/Library/Frameworks/IOSurface.framework/Versions/A/IOSurface
0x000000002a531000 	/System/Library/Frameworks/AudioToolbox.framework/Versions/A/AudioToolbox
0x000000002a531000 	/System/Library/Frameworks/AudioUnit.framework/Versions/A/AudioUnit
0x000000002a531000 	/System/Library/PrivateFrameworks/DataDetectorsCore.framework/Versions/A/DataDetectorsCore
0x000000002a531000 	/System/Library/Frameworks/Carbon.framework/Versions/A/Frameworks/HIToolbox.framework/Versions/A/HIToolbox
0x000000002a531000 	/usr/lib/libicucore.A.dylib
0x000000002a531000 	/System/Library/Frameworks/QuartzCore.framework/Versions/A/QuartzCore
0x000000002a531000 	/System/Library/Frameworks/Carbon.framework/Versions/A/Frameworks/SpeechRecognition.framework/Versions/A/SpeechRecognition
0x000000002a531000 	/usr/lib/libauto.dylib
0x000000002a531000 	/usr/lib/libxml2.2.dylib
0x000000002a531000 	/System/Library/PrivateFrameworks/CoreUI.framework/Versions/A/CoreUI
0x000000002a531000 	/System/Library/Frameworks/CoreAudio.framework/Versions/A/CoreAudio
0x000000002a531000 	/System/Library/Frameworks/DiskArbitration.framework/Versions/A/DiskArbitration
0x000000002a531000 	/usr/lib/liblangid.dylib
0x000000002a531000 	/System/Library/PrivateFrameworks/MultitouchSupport.framework/Versions/A/MultitouchSupport
0x000000002a531000 	/System/Library/Frameworks/IOKit.framework/Versions/A/IOKit
0x000000002a531000 	/usr/lib/libDiagnosticMessagesClient.dylib
0x000000002a531000 	/System/Library/Frameworks/CoreServices.framework/Versions/A/CoreServices
0x000000002a531000 	/System/Library/PrivateFrameworks/PerformanceAnalysis.framework/Versions/A/PerformanceAnalysis
0x000000002a531000 	/System/Library/Frameworks/OpenGL.framework/Versions/A/OpenGL
0x000000002a531000 	/System/Library/Frameworks/ColorSync.framework/Versions/A/ColorSync
0x000000002a531000 	/System/Library/Frameworks/CoreImage.framework/Versions/A/CoreImage
0x000000002a531000 	/System/Library/Frameworks/CoreText.framework/Versions/A/CoreText
0x000000002a531000 	/System/Library/Frameworks/ImageIO.framework/Versions/A/ImageIO
0x000000002a531000 	/System/Library/PrivateFrameworks/Backup.framework/Versions/A/Backup
0x000000002a531000 	/usr/lib/libarchive.2.dylib
0x000000002a531000 	/System/Library/Frameworks/CFNetwork.framework/Versions/A/CFNetwork
0x000000002a531000 	/System/Library/Frameworks/SystemConfiguration.framework/Versions/A/SystemConfiguration
0x000000002a531000 	/usr/lib/libCRFSuite.dylib
0x000000002a531000 	/usr/lib/libc++.1.dylib
0x000000002a531000 	/usr/lib/libc++abi.dylib
0x000000002a531000 	/usr/lib/system/libcache.dylib
0x000000002a531000 	/usr/lib/system/libcommonCrypto.dylib
0x000000002a531000 	/usr/lib/system/libcompiler_rt.dylib
0x000000002a531000 	/usr/lib/system/libcopyfile.dylib
0x000000002a531000 	/usr/lib/system/libcorecrypto.dylib
0x000000002a531000 	/usr/lib/system/libdispatch.dylib
0x000000002a531000 	/usr/lib/system/libdyld.dylib
0x000000002a531000 	/usr/lib/system/libkeymgr.dylib
0x000000002a531000 	/usr/lib/system/liblaunch.dylib
0x000000002a531000 	/usr/lib/system/libmacho.dylib
0x000000002a531000 	/usr/lib/system/libquarantine.dylib
0x000000002a531000 	/usr/lib/system/libremovefile.dylib
0x000000002a531000 	/usr/lib/system/libsystem_asl.dylib
0x000000002a531000 	/usr/lib/system/libsystem_blocks.dylib
0x000000002a531000 	/usr/lib/system/libsystem_c.dylib
0x000000002a531000 	/usr/lib/system/libsystem_configuration.dylib
0x000000002a531000 	/usr/lib/system/libsystem_coreservices.dylib
0x000000002a531000 	/usr/lib/system/libsystem_darwin.dylib
0x000000002a531000 	/usr/lib/system/libsystem_dnssd.dylib
0x000000002a531000 	/usr/lib/system/libsystem_info.dylib
0x000000002a531000 	/usr/lib/system/libsystem_m.dylib
0x000000002a531000 	/usr/lib/system/libsystem_malloc.dylib
0x000000002a531000 	/usr/lib/system/libsystem_network.dylib
0x000000002a531000 	/usr/lib/system/libsystem_networkextension.dylib
0x000000002a531000 	/usr/lib/system/libsystem_notify.dylib
0x000000002a531000 	/usr/lib/system/libsystem_sandbox.dylib
0x000000002a531000 	/usr/lib/system/libsystem_secinit.dylib
0x000000002a531000 	/usr/lib/system/libsystem_kernel.dylib
0x000000002a531000 	/usr/lib/system/libsystem_platform.dylib
0x000000002a531000 	/usr/lib/system/libsystem_pthread.dylib
0x000000002a531000 	/usr/lib/system/libsystem_symptoms.dylib
0x000000002a531000 	/usr/lib/system/libsystem_trace.dylib
0x000000002a531000 	/usr/lib/system/libunwind.dylib
0x000000002a531000 	/usr/lib/system/libxpc.dylib
0x000000002a531000 	/usr/lib/closure/libclosured.dylib
0x000000002a531000 	/usr/lib/libbsm.0.dylib
0x000000002a531000 	/usr/lib/system/libkxld.dylib
0x000000002a531000 	/usr/lib/libOpenScriptingUtil.dylib
0x000000002a531000 	/usr/lib/libcoretls.dylib
0x000000002a531000 	/usr/lib/libcoretls_cfhelpers.dylib
0x000000002a531000 	/usr/lib/libpam.2.dylib
0x000000002a531000 	/usr/lib/libsqlite3.dylib
0x000000002a531000 	/usr/lib/libxar.1.dylib
0x000000002a531000 	/usr/lib/libbz2.1.0.dylib
0x000000002a531000 	/usr/lib/liblzma.5.dylib
0x000000002a531000 	/usr/lib/libnetwork.dylib
0x000000002a531000 	/usr/lib/libapple_nghttp2.dylib
0x000000002a531000 	/usr/lib/libpcap.A.dylib
0x000000002a531000 	/usr/lib/libboringssl.dylib
0x000000002a531000 	/usr/lib/libusrtcp.dylib
0x000000002a531000 	/usr/lib/libapple_crypto.dylib
0x000000002a531000 	/System/Library/Frameworks/CoreServices.framework/Versions/A/Frameworks/FSEvents.framework/Versions/A/FSEvents
0x000000002a531000 	/System/Library/Frameworks/CoreServices.framework/Versions/A/Frameworks/CarbonCore.framework/Versions/A/CarbonCore
0x000000002a531000 	/System/Library/Frameworks/CoreServices.framework/Versions/A/Frameworks/Metadata.framework/Versions/A/Metadata
0x000000002a531000 	/System/Library/Frameworks/CoreServices.framework/Versions/A/Frameworks/OSServices.framework/Versions/A/OSServices
0x000000002a531000 	/System/Library/Frameworks/CoreServices.framework/Versions/A/Frameworks/SearchKit.framework/Versions/A/SearchKit
0x000000002a531000 	/System/Library/Frameworks/CoreServices.framework/Versions/A/Frameworks/AE.framework/Versions/A/AE
0x000000002a531000 	/System/Library/Frameworks/CoreServices.framework/Versions/A/Frameworks/LaunchServices.framework/Versions/A/LaunchServices
0x000000002a531000 	/System/Library/Frameworks/CoreServices.framework/Versions/A/Frameworks/DictionaryServices.framework/Versions/A/DictionaryServices
0x000000002a531000 	/System/Library/Frameworks/CoreServices.framework/Versions/A/Frameworks/SharedFileList.framework/Versions/A/SharedFileList
0x000000002a531000 	/System/Library/Frameworks/NetFS.framework/Versions/A/NetFS
0x000000002a531000 	/System/Library/PrivateFrameworks/NetAuth.framework/Versions/A/NetAuth
0x000000002a531000 	/System/Library/PrivateFrameworks/login.framework/Versions/A/Frameworks/loginsupport.framework/Versions/A/loginsupport
0x000000002a531000 	/System/Library/PrivateFrameworks/TCC.framework/Versions/A/TCC
0x000000002a531000 	/usr/lib/libmecabra.dylib
0x000000002a531000 	/System/Library/Frameworks/ApplicationServices.framework/Versions/A/Frameworks/ATS.framework/Versions/A/ATS
0x000000002a531000 	/System/Library/Frameworks/ApplicationServices.framework/Versions/A/Frameworks/ColorSyncLegacy.framework/Versions/A/ColorSyncLegacy
0x000000002a531000 	/System/Library/Frameworks/ApplicationServices.framework/Versions/A/Frameworks/HIServices.framework/Versions/A/HIServices
0x000000002a531000 	/System/Library/Frameworks/ApplicationServices.framework/Versions/A/Frameworks/LangAnalysis.framework/Versions/A/LangAnalysis
0x000000002a531000 	/System/Library/Frameworks/ApplicationServices.framework/Versions/A/Frameworks/PrintCore.framework/Versions/A/PrintCore
0x000000002a531000 	/System/Library/Frameworks/ApplicationServices.framework/Versions/A/Frameworks/QD.framework/Versions/A/QD
0x000000002a531000 	/System/Library/Frameworks/ApplicationServices.framework/Versions/A/Frameworks/SpeechSynthesis.framework/Versions/A/SpeechSynthesis
0x000000002a531000 	/System/Library/Frameworks/CoreDisplay.framework/Versions/A/CoreDisplay
0x000000002a531000 	/System/Library/Frameworks/Accelerate.framework/Versions/A/Frameworks/vImage.framework/Versions/A/vImage
0x000000002a531000 	/System/Library/Frameworks/Accelerate.framework/Versions/A/Frameworks/vecLib.framework/Versions/A/vecLib
0x000000002a531000 	/System/Library/Frameworks/Accelerate.framework/Versions/A/Frameworks/vecLib.framework/Versions/A/libvDSP.dylib
0x000000002a531000 	/System/Library/Frameworks/Accelerate.framework/Versions/A/Frameworks/vecLib.framework/Versions/A/libBNNS.dylib
0x000000002a531000 	/System/Library/Frameworks/Accelerate.framework/Versions/A/Frameworks/vecLib.framework/Versions/A/libQuadrature.dylib
0x000000002a531000 	/System/Library/Frameworks/Accelerate.framework/Versions/A/Frameworks/vecLib.framework/Versions/A/libvMisc.dylib
0x000000002a531000 	/System/Library/Frameworks/Accelerate.framework/Versions/A/Frameworks/vecLib.framework/Versions/A/libLAPACK.dylib
0x000000002a531000 	/System/Library/Frameworks/Accelerate.framework/Versions/A/Frameworks/vecLib.framework/Versions/A/libBLAS.dylib
0x000000002a531000 	/System/Library/Frameworks/Accelerate.framework/Versions/A/Frameworks/vecLib.framework/Versions/A/libLinearAlgebra.dylib
0x000000002a531000 	/System/Library/Frameworks/Accelerate.framework/Versions/A/Frameworks/vecLib.framework/Versions/A/libSparse.dylib
0x000000002a531000 	/System/Library/Frameworks/Accelerate.framework/Versions/A/Frameworks/vecLib.framework/Versions/A/libSparseBLAS.dylib
0x000000002a531000 	/System/Library/PrivateFrameworks/IOAccelerator.framework/Versions/A/IOAccelerator
0x000000002a531000 	/System/Library/PrivateFrameworks/IOPresentment.framework/Versions/A/IOPresentment
0x000000002a531000 	/System/Library/PrivateFrameworks/DSExternalDisplay.framework/Versions/A/DSExternalDisplay
0x000000002a531000 	/System/Library/Frameworks/OpenGL.framework/Versions/A/Libraries/libCoreFSCache.dylib
0x000000002a531000 	/System/Library/Frameworks/CoreVideo.framework/Versions/A/CoreVideo
0x000000002a531000 	/System/Library/PrivateFrameworks/GraphVisualizer.framework/Versions/A/GraphVisualizer
0x000000002a531000 	/System/Library/Frameworks/MetalPerformanceShaders.framework/Versions/A/MetalPerformanceShaders
0x000000002a531000 	/usr/lib/libFosl_dynamic.dylib
0x000000002a531000 	/System/Library/PrivateFrameworks/FaceCore.framework/Versions/A/FaceCore
0x000000002a531000 	/System/Library/Frameworks/OpenCL.framework/Versions/A/OpenCL
0x000000002a531000 	/usr/lib/libcompression.dylib
0x000000002a531000 	/System/Library/Frameworks/ApplicationServices.framework/Versions/A/Frameworks/ATS.framework/Versions/A/Resources/libFontParser.dylib
0x000000002a531000 	/System/Library/Frameworks/ApplicationServices.framework/Versions/A/Frameworks/ATS.framework/Versions/A/Resources/libFontRegistry.dylib
0x000000002a531000 	/System/Library/Frameworks/ImageIO.framework/Versions/A/Resources/libJPEG.dylib
0x000000002a531000 	/System/Library/Frameworks/ImageIO.framework/Versions/A/Resources/libTIFF.dylib
0x000000002a531000 	/System/Library/Frameworks/ImageIO.framework/Versions/A/Resources/libPng.dylib
0x000000002a531000 	/System/Library/Frameworks/ImageIO.framework/Versions/A/Resources/libGIF.dylib
0x000000002a531000 	/System/Library/Frameworks/ImageIO.framework/Versions/A/Resources/libJP2.dylib
0x000000002a531000 	/System/Library/Frameworks/ImageIO.framework/Versions/A/Resources/libRadiance.dylib
0x000000002a531000 	/System/Library/PrivateFrameworks/AppleJPEG.framework/Versions/A/AppleJPEG
0x000000002a531000 	/System/Library/PrivateFrameworks/MetalTools.framework/Versions/A/MetalTools
0x000000002a531000 	/System/Library/Frameworks/MetalPerformanceShaders.framework/Frameworks/MPSCore.framework/Versions/A/MPSCore
0x000000002a531000 	/System/Library/Frameworks/MetalPerformanceShaders.framework/Frameworks/MPSImage.framework/Versions/A/MPSImage
0x000000002a531000 	/System/Library/Frameworks/MetalPerformanceShaders.framework/Frameworks/MPSMatrix.framework/Versions/A/MPSMatrix
0x000000002a531000 	/System/Library/Frameworks/MetalPerformanceShaders.framework/Frameworks/MPSNeuralNetwork.framework/Versions/A/MPSNeuralNetwork
0x000000002a531000 	/System/Library/Frameworks/OpenGL.framework/Versions/A/Libraries/libGLU.dylib
0x000000002a531000 	/System/Library/Frameworks/OpenGL.framework/Versions/A/Libraries/libGFXShared.dylib
0x000000002a531000 	/System/Library/Frameworks/OpenGL.framework/Versions/A/Libraries/libGL.dylib
0x000000002a531000 	/System/Library/Frameworks/OpenGL.framework/Versions/A/Libraries/libGLImage.dylib
0x000000002a531000 	/System/Library/Frameworks/OpenGL.framework/Versions/A/Libraries/libCVMSPluginSupport.dylib
0x000000002a531000 	/System/Library/Frameworks/OpenGL.framework/Versions/A/Libraries/libCoreVMClient.dylib
0x000000002a531000 	/usr/lib/libcups.2.dylib
0x000000002a531000 	/System/Library/Frameworks/Kerberos.framework/Versions/A/Kerberos
0x000000002a531000 	/System/Library/Frameworks/GSS.framework/Versions/A/GSS
0x000000002a531000 	/usr/lib/libresolv.9.dylib
0x000000002a531000 	/usr/lib/libiconv.2.dylib
0x000000002a531000 	/System/Library/PrivateFrameworks/Heimdal.framework/Versions/A/Heimdal
0x000000002a531000 	/usr/lib/libheimdal-asn1.dylib
0x000000002a531000 	/System/Library/Frameworks/OpenDirectory.framework/Versions/A/OpenDirectory
0x000000002a531000 	/System/Library/PrivateFrameworks/CommonAuth.framework/Versions/A/CommonAuth
0x000000002a531000 	/System/Library/Frameworks/OpenDirectory.framework/Versions/A/Frameworks/CFOpenDirectory.framework/Versions/A/CFOpenDirectory
0x000000002a531000 	/System/Library/Frameworks/SecurityFoundation.framework/Versions/A/SecurityFoundation
0x000000002a531000 	/System/Library/PrivateFrameworks/APFS.framework/Versions/A/APFS
0x000000002a531000 	/usr/lib/libutil.dylib
0x000000002a531000 	/System/Library/PrivateFrameworks/AppleSauce.framework/Versions/A/AppleSauce
0x000000002a531000 	/System/Library/PrivateFrameworks/LinguisticData.framework/Versions/A/LinguisticData
0x000000002a531000 	/usr/lib/libmarisa.dylib
0x000000002a531000 	/System/Library/PrivateFrameworks/Lexicon.framework/Versions/A/Lexicon
0x000000002a531000 	/usr/lib/libChineseTokenizer.dylib
0x000000002a531000 	/usr/lib/libcmph.dylib
0x000000002a531000 	/System/Library/PrivateFrameworks/LanguageModeling.framework/Versions/A/LanguageModeling
0x000000002a531000 	/System/Library/PrivateFrameworks/CoreEmoji.framework/Versions/A/CoreEmoji
0x000000002a531000 	/System/Library/Frameworks/ServiceManagement.framework/Versions/A/ServiceManagement
0x000000002a531000 	/System/Library/PrivateFrameworks/BackgroundTaskManagement.framework/Versions/A/BackgroundTaskManagement
0x000000002a531000 	/usr/lib/libxslt.1.dylib
0x000000002a531000 	/System/Library/Frameworks/Carbon.framework/Versions/A/Frameworks/Ink.framework/Versions/A/Ink
0x000000002a531000 	/System/Library/PrivateFrameworks/TextureIO.framework/Versions/A/TextureIO
0x000000002a531000 	/usr/lib/libate.dylib
0x000000002a531000 	/System/Library/PrivateFrameworks/CrashReporterSupport.framework/Versions/A/CrashReporterSupport
0x000000002a531000 	/System/Library/PrivateFrameworks/Sharing.framework/Versions/A/Sharing
0x000000002a531000 	/System/Library/PrivateFrameworks/IconServices.framework/Versions/A/IconServices
0x000000002a531000 	/System/Library/PrivateFrameworks/ProtocolBuffer.framework/Versions/A/ProtocolBuffer
0x000000002a531000 	/System/Library/PrivateFrameworks/Apple80211.framework/Versions/A/Apple80211
0x000000002a531000 	/System/Library/Frameworks/CoreWLAN.framework/Versions/A/CoreWLAN
0x000000002a531000 	/System/Library/PrivateFrameworks/CoreUtils.framework/Versions/A/CoreUtils
0x000000002a531000 	/System/Library/Frameworks/IOBluetooth.framework/Versions/A/IOBluetooth
0x000000002a531000 	/System/Library/PrivateFrameworks/CoreWiFi.framework/Versions/A/CoreWiFi
0x000000002a531000 	/System/Library/Frameworks/CoreBluetooth.framework/Versions/A/CoreBluetooth
0x000000002a531000 	/System/Library/PrivateFrameworks/SignpostNotification.framework/Versions/A/SignpostNotification
0x000000002a531000 	/System/Library/PrivateFrameworks/DebugSymbols.framework/Versions/A/DebugSymbols
0x000000002a531000 	/System/Library/PrivateFrameworks/CoreSymbolication.framework/Versions/A/CoreSymbolication
0x000000002a531000 	/System/Library/PrivateFrameworks/Symbolication.framework/Versions/A/Symbolication
0x000000002a531000 	/System/Library/PrivateFrameworks/AppleFSCompression.framework/Versions/A/AppleFSCompression
0x000000002a531000 	/System/Library/PrivateFrameworks/SpeechRecognitionCore.framework/Versions/A/SpeechRecognitionCore
0x0000000107400000 	/Library/Java/JavaVirtualMachines/jdk1.8.0_152.jdk/Contents/Home/jre/lib/server/libjvm.dylib
0x000000002a531000 	/usr/lib/libstdc++.6.0.9.dylib
0x0000000106afa000 	/Library/Java/JavaVirtualMachines/jdk1.8.0_152.jdk/Contents/Home/jre/lib/libverify.dylib
0x0000000106b08000 	/Library/Java/JavaVirtualMachines/jdk1.8.0_152.jdk/Contents/Home/jre/lib/libjava.dylib
0x0000000106b88000 	/Library/Java/JavaVirtualMachines/jdk1.8.0_152.jdk/Contents/Home/jre/lib/libzip.dylib
0x000000012467f000 	/Library/Java/JavaVirtualMachines/jdk1.8.0_152.jdk/Contents/Home/jre/lib/libawt.dylib
0x0000000124729000 	/Library/Java/JavaVirtualMachines/jdk1.8.0_152.jdk/Contents/Home/jre/lib/./libmlib_image.dylib
0x000000002a531000 	/System/Library/Frameworks/JavaVM.framework/Versions/A/Frameworks/JavaNativeFoundation.framework/Versions/A/JavaNativeFoundation
0x000000002a531000 	/System/Library/Frameworks/JavaVM.framework/Versions/A/Frameworks/JavaRuntimeSupport.framework/Versions/A/JavaRuntimeSupport
0x000000002a531000 	/System/Library/Frameworks/JavaVM.framework/Versions/A/JavaVM
0x000000002a531000 	/System/Library/PrivateFrameworks/JavaLaunching.framework/Versions/A/JavaLaunching
0x000000002a531000 	/System/Library/Frameworks/Carbon.framework/Versions/A/Carbon
0x000000002a531000 	/System/Library/Frameworks/Carbon.framework/Versions/A/Frameworks/CommonPanels.framework/Versions/A/CommonPanels
0x000000002a531000 	/System/Library/Frameworks/Carbon.framework/Versions/A/Frameworks/Help.framework/Versions/A/Help
0x000000002a531000 	/System/Library/Frameworks/Carbon.framework/Versions/A/Frameworks/ImageCapture.framework/Versions/A/ImageCapture
0x000000002a531000 	/System/Library/Frameworks/Carbon.framework/Versions/A/Frameworks/OpenScripting.framework/Versions/A/OpenScripting
0x000000002a531000 	/System/Library/Frameworks/Carbon.framework/Versions/A/Frameworks/Print.framework/Versions/A/Print
0x000000002a531000 	/System/Library/Frameworks/Carbon.framework/Versions/A/Frameworks/SecurityHI.framework/Versions/A/SecurityHI
0x00000001247f5000 	/Library/Java/JavaVirtualMachines/jdk1.8.0_152.jdk/Contents/Home/jre/lib/libawt_lwawt.dylib
0x00000001248af000 	/Library/Java/JavaVirtualMachines/jdk1.8.0_152.jdk/Contents/Home/jre/lib/./libosxapp.dylib
0x000000002a531000 	/System/Library/Frameworks/ExceptionHandling.framework/Versions/A/ExceptionHandling
0x000000002a531000 	/System/Library/PrivateFrameworks/CoreServicesInternal.framework/Versions/A/CoreServicesInternal
0x000000002a531000 	/System/Library/CoreServices/RawCamera.bundle/Contents/MacOS/RawCamera
0x000000002a531000 	/System/Library/PrivateFrameworks/MobileAsset.framework/Versions/A/MobileAsset
0x000000002a531000 	/System/Library/PrivateFrameworks/StreamingZip.framework/Versions/A/StreamingZip
0x000000002a531000 	/System/Library/Frameworks/MediaToolbox.framework/Versions/A/MediaToolbox
0x000000002a531000 	/System/Library/PrivateFrameworks/CoreAVCHD.framework/Versions/A/CoreAVCHD
0x000000002a531000 	/System/Library/Frameworks/MediaAccessibility.framework/Versions/A/MediaAccessibility
0x000000002a531000 	/System/Library/PrivateFrameworks/Mangrove.framework/Versions/A/Mangrove
0x000000002a531000 	/System/Library/Frameworks/CoreMedia.framework/Versions/A/CoreMedia
0x000000002a531000 	/System/Library/Frameworks/VideoToolbox.framework/Versions/A/VideoToolbox
0x000000002a531000 	/System/Library/PrivateFrameworks/CoreAUC.framework/Versions/A/CoreAUC
0x000000002a531000 	/usr/lib/libspindump.dylib
0x000000002a531000 	/usr/lib/libdscsym.dylib
0x000000002a531000 	/System/Library/PrivateFrameworks/AppleVA.framework/Versions/A/AppleVA
0x000000002a531000 	/System/Library/Frameworks/Accelerate.framework/Versions/A/Frameworks/vImage.framework/Versions/A/Libraries/libCGInterfaces.dylib
0x000000002a531000 	/System/Library/Frameworks/ApplicationServices.framework/Versions/A/Frameworks/ATS.framework/Versions/A/Resources/libTrueTypeScaler.dylib
0x000000002a531000 	/System/Library/Frameworks/OpenGL.framework/Versions/A/Resources/GLEngine.bundle/GLEngine
0x000000002a531000 	/System/Library/Frameworks/OpenGL.framework/Versions/A/Libraries/libGLProgrammability.dylib
0x0000000126e1c000 	/System/Library/Extensions/AppleIntelKBLGraphicsGLDriver.bundle/Contents/MacOS/AppleIntelKBLGraphicsGLDriver
0x000000002a531000 	/System/Library/PrivateFrameworks/GPUSupport.framework/Versions/A/Libraries/libGPUSupportMercury.dylib
0x000000002a531000 	/System/Library/Frameworks/OpenGL.framework/Versions/A/Resources/GLRendererFloat.bundle/GLRendererFloat
0x000000002a531000 	/System/Library/Frameworks/OpenCL.framework/Versions/A/Libraries/libcldcpuengine.dylib
0x000000002a531000 	/usr/lib/libcrypto.35.dylib
0x000000002a531000 	/System/Library/PrivateFrameworks/TrustEvaluationAgent.framework/Versions/A/TrustEvaluationAgent
0x000000002a531000 	/System/Library/Extensions/AppleIntelKBLGraphicsMTLDriver.bundle/Contents/MacOS/AppleIntelKBLGraphicsMTLDriver
0x000000002a531000 	/System/Library/PrivateFrameworks/GPUCompiler.framework/Versions/3802/Libraries/libmetal_timestamp.dylib
0x000000002a531000 	/System/Library/PrivateFrameworks/FamilyControls.framework/Versions/A/FamilyControls
0x000000002a531000 	/System/Library/PrivateFrameworks/CommerceKit.framework/Versions/A/Frameworks/CommerceCore.framework/Versions/A/CommerceCore
0x000000002a531000 	/System/Library/PrivateFrameworks/SystemAdministration.framework/Versions/A/SystemAdministration
0x000000002a531000 	/System/Library/PrivateFrameworks/AppContainer.framework/Versions/A/AppContainer
0x000000002a531000 	/System/Library/PrivateFrameworks/SecCodeWrapper.framework/Versions/A/SecCodeWrapper
0x000000002a531000 	/System/Library/PrivateFrameworks/DiskManagement.framework/Versions/A/DiskManagement
0x000000002a531000 	/System/Library/Frameworks/DirectoryService.framework/Versions/A/DirectoryService
0x000000002a531000 	/System/Library/PrivateFrameworks/DiskImages.framework/Versions/A/DiskImages
0x000000002a531000 	/System/Library/PrivateFrameworks/LoginUIKit.framework/Versions/A/Frameworks/LoginUICore.framework/Versions/A/LoginUICore
0x000000002a531000 	/usr/lib/libCoreStorage.dylib
0x000000002a531000 	/usr/lib/libcsfde.dylib
0x000000002a531000 	/usr/lib/libodfde.dylib
0x000000002a531000 	/System/Library/PrivateFrameworks/MediaKit.framework/Versions/A/MediaKit
0x000000002a531000 	/System/Library/Frameworks/DiscRecording.framework/Versions/A/DiscRecording
0x000000002a531000 	/System/Library/PrivateFrameworks/EFILogin.framework/Versions/A/EFILogin
0x000000002a531000 	/System/Library/PrivateFrameworks/ProtectedCloudStorage.framework/Versions/A/ProtectedCloudStorage
0x000000002a531000 	/usr/lib/libcurl.4.dylib
0x000000002a531000 	/usr/lib/libssl.35.dylib
0x000000002a531000 	/System/Library/Frameworks/LDAP.framework/Versions/A/LDAP
0x000000002a531000 	/usr/lib/libsasl2.2.dylib
0x000000002a531000 	/System/Library/PrivateFrameworks/CoreDaemon.framework/Versions/B/CoreDaemon
0x000000002a531000 	/System/Library/PrivateFrameworks/AppleSRP.framework/Versions/A/AppleSRP
0x000000012a130000 	/Library/Java/JavaVirtualMachines/jdk1.8.0_152.jdk/Contents/Home/jre/lib/libfontmanager.dylib
0x000000012a197000 	/Library/Java/JavaVirtualMachines/jdk1.8.0_152.jdk/Contents/Home/jre/lib/libosxui.dylib
0x000000002a531000 	/System/Library/PrivateFrameworks/ViewBridge.framework/Versions/A/ViewBridge
0x000000012b72e000 	/Library/Java/JavaVirtualMachines/jdk1.8.0_152.jdk/Contents/Home/jre/lib/libnet.dylib
0x000000012b745000 	/Library/Java/JavaVirtualMachines/jdk1.8.0_152.jdk/Contents/Home/jre/lib/libnio.dylib
0x0000000195d35000 	/Library/Java/JavaVirtualMachines/jdk1.8.0_152.jdk/Contents/Home/jre/lib/libdcpr.dylib
0x00000001266df000 	/Library/Java/JavaVirtualMachines/jdk1.8.0_152.jdk/Contents/Home/jre/lib/libosx.dylib
0x000000002a531000 	/System/Library/PrivateFrameworks/CloudDocs.framework/Versions/A/CloudDocs
0x000000002a531000 	/System/Library/PrivateFrameworks/FileProvider.framework/Versions/A/FileProvider
0x000000002a531000 	/System/Library/PrivateFrameworks/SpotlightIndex.framework/Versions/A/SpotlightIndex
0x000000002a531000 	/System/Library/PrivateFrameworks/SymptomDiagnosticReporter.framework/Versions/A/SymptomDiagnosticReporter
0x000000002a531000 	/System/Library/PrivateFrameworks/GenerationalStorage.framework/Versions/A/GenerationalStorage
0x000000002a531000 	/System/Library/PrivateFrameworks/ChunkingLibrary.framework/Versions/A/ChunkingLibrary
0x000000002a531000 	/System/Library/PrivateFrameworks/CoreNLP.framework/Versions/A/CoreNLP
0x000000002a531000 	/usr/lib/libmecab.1.0.0.dylib
0x000000002a531000 	/usr/lib/libgermantok.dylib
0x000000002a531000 	/usr/lib/libThaiTokenizer.dylib
0x000000002a531000 	/System/Library/PrivateFrameworks/login.framework/Versions/A/login
0x0000000199a30000 	/Library/Java/JavaVirtualMachines/jdk1.8.0_152.jdk/Contents/Home/jre/lib/libmanagement.dylib

VM Arguments:
jvm_args: -Dfile.encoding=UTF-8 
java_command: pluginTools.InteractiveIlastikEllipseFit
java_class_path (initial): /Library/Java/JavaVirtualMachines/jdk1.8.0_152.jdk/Contents/Home/jre/lib/resources.jar:/Library/Java/JavaVirtualMachines/jdk1.8.0_152.jdk/Contents/Home/jre/lib/rt.jar:/Library/Java/JavaVirtualMachines/jdk1.8.0_152.jdk/Contents/Home/jre/lib/jsse.jar:/Library/Java/JavaVirtualMachines/jdk1.8.0_152.jdk/Contents/Home/jre/lib/jce.jar:/Library/Java/JavaVirtualMachines/jdk1.8.0_152.jdk/Contents/Home/jre/lib/charsets.jar:/Library/Java/JavaVirtualMachines/jdk1.8.0_152.jdk/Contents/Home/jre/lib/jfr.jar:/Library/Java/JavaVirtualMachines/jdk1.8.0_152.jdk/Contents/Home/jre/lib/ext/sunec.jar:/Library/Java/JavaVirtualMachines/jdk1.8.0_152.jdk/Contents/Home/jre/lib/ext/nashorn.jar:/Library/Java/JavaVirtualMachines/jdk1.8.0_152.jdk/Contents/Home/jre/lib/ext/cldrdata.jar:/Library/Java/JavaVirtualMachines/jdk1.8.0_152.jdk/Contents/Home/jre/lib/ext/jfxrt.jar:/Library/Java/JavaVirtualMachines/jdk1.8.0_152.jdk/Contents/Home/jre/lib/ext/dnsns.jar:/Library/Java/JavaVirtualMachines/jdk1.8.0_152.jdk/Contents/Home/jre/lib/ext/localedata.jar:/Library/Java/JavaVirtualMachines/jdk1.8.0_152.jdk/Contents/Home/jre/lib/ext/sunjce_provider.jar:/Library/Java/JavaVirtualMachines/jdk1.8.0_152.jdk/Contents/Home/jre/lib/ext/sunpkcs11.jar:/Library/Java/JavaVirtualMachines/jdk1.8.0_152.jdk/Contents/Home/jre/lib/ext/jaccess.jar:/Library/Java/JavaVirtualMachines/jdk1.8.0_152.jdk/Contents/Home/jre/lib/ext/zipfs.jar:/System/Library/Java/Extensions/MRJToolkit.jar:/Users/aimachine/Bubbleator/target/classes:/Users/aimachine/imglib2-algorithm/target/classes:/Users/aimachine/imglib2-algorithm/target/test-classes:/Users/aimachine/.m2/repository/net/imglib2/imglib2/3.3.0/imglib2-3.3.0.jar:/Users/aimachine/.m2/repository/net/imglib2/imglib2-roi/0.4.5/imglib2-roi-0.4.5.jar:/Users/aimachine/.m2/repository/net/imglib2/imglib2-realtransform/2.0.0-beta-38/imglib2-realtransform-2.0.0-beta-38.jar:/Users/aimachine/.m2/repository/jitk/jitk-tps/3.0.0/jitk-tps-3.0.0.jar:/Users/aimachine/.m2/repository/
Launcher Type: SUN_STANDARD

Environment Variables:
PATH=/usr/bin:/bin:/usr/sbin:/sbin
SHELL=/bin/bash
DISPLAY=/private/tmp/com.apple.launchd.IiCJM7WiYO/org.macosforge.xquartz:0

Signal Handlers:
SIGSEGV: [libjvm.dylib+0x5b494d], sa_mask[0]=11111111011111110111111111111111, sa_flags=SA_ONSTACK|SA_RESTART|SA_SIGINFO
SIGBUS: [libjvm.dylib+0x5b494d], sa_mask[0]=11111111011111110111111111111111, sa_flags=SA_RESTART|SA_SIGINFO
SIGFPE: [libjvm.dylib+0x48ab54], sa_mask[0]=11111111011111110111111111111111, sa_flags=SA_RESTART|SA_SIGINFO
SIGPIPE: [libjvm.dylib+0x48ab54], sa_mask[0]=11111111011111110111111111111111, sa_flags=SA_RESTART|SA_SIGINFO
SIGXFSZ: [libjvm.dylib+0x48ab54], sa_mask[0]=11111111011111110111111111111111, sa_flags=SA_RESTART|SA_SIGINFO
SIGILL: [libjvm.dylib+0x48ab54], sa_mask[0]=11111111011111110111111111111111, sa_flags=SA_RESTART|SA_SIGINFO
SIGUSR1: SIG_DFL, sa_mask[0]=00000000000000000000000000000000, sa_flags=none
SIGUSR2: [libjvm.dylib+0x48a672], sa_mask[0]=00100000000000000000000000000000, sa_flags=SA_RESTART|SA_SIGINFO
SIGHUP: [libjvm.dylib+0x488c49], sa_mask[0]=11111111011111110111111111111111, sa_flags=SA_RESTART|SA_SIGINFO
SIGINT: [libjvm.dylib+0x488c49], sa_mask[0]=11111111011111110111111111111111, sa_flags=SA_RESTART|SA_SIGINFO
SIGTERM: [libjvm.dylib+0x488c49], sa_mask[0]=11111111011111110111111111111111, sa_flags=SA_RESTART|SA_SIGINFO
SIGQUIT: [libjvm.dylib+0x488c49], sa_mask[0]=11111111011111110111111111111111, sa_flags=SA_RESTART|SA_SIGINFO


---------------  S Y S T E M  ---------------

OS:Bsduname:Darwin 17.4.0 Darwin Kernel Version 17.4.0: Sun Dec 17 09:19:54 PST 2017; root:xnu-4570.41.2~1/RELEASE_X86_64 x86_64
rlimit: STACK 8192k, CORE 0k, NPROC 1418, NOFILE 10240, AS infinity
load average:3.25 3.26 2.81

CPU:total 4 (initial active 4) (2 cores per cpu, 2 threads per core) family 6 model 142 stepping 9, cmov, cx8, fxsr, mmx, sse, sse2, sse3, ssse3, sse4.1, sse4.2, popcnt, avx, avx2, aes, clmul, erms, 3dnowpref, lzcnt, ht, tsc, tscinvbit, bmi1, bmi2, adx

Memory: 4k page, physical 16777216k(30840k free)

/proc/meminfo:


vm_info: Java HotSpot(TM) 64-Bit Server VM (25.152-b16) for bsd-amd64 JRE (1.8.0_152-b16), built on Sep 14 2017 02:31:13 by "java_re" with gcc 4.2.1 (Based on Apple Inc. build 5658) (LLVM build 2336.11.00)

time: Mon Jul 23 14:13:20 2018
elapsed time: 256946 seconds (2d 23h 22m 26s)

