#
# A fatal error has been detected by the Java Runtime Environment:
#
#  SIGSEGV (0xb) at pc=0x00000001213172df, pid=34291, tid=0x000000000000b90f
#
# JRE version: Java(TM) SE Runtime Environment (8.0_152-b16) (build 1.8.0_152-b16)
# Java VM: Java HotSpot(TM) 64-Bit Server VM (25.152-b16 mixed mode bsd-amd64 compressed oops)
# Problematic frame:
# C  [libawt_lwawt.dylib+0x1c2df]  OGLSD_SetScratchSurface+0x49
#
# Failed to write core dump. Core dumps have been disabled. To enable core dumping, try "ulimit -c unlimited" before starting Java again
#
# If you would like to submit a bug report, please visit:
#   http://bugreport.java.com/bugreport/crash.jsp
# The crash happened outside the Java Virtual Machine in native code.
# See problematic frame for where to report the bug.
#

---------------  T H R E A D  ---------------

Current thread (0x00007fd7dcada800):  JavaThread "Java2D Queue Flusher" daemon [_thread_in_native, id=47375, stack(0x000070000c57f000,0x000070000c67f000)]

siginfo: si_signo: 11 (SIGSEGV), si_code: 1 (SEGV_MAPERR), si_addr: 0x0000000000000002

Registers:
RAX=0x00000000ffffffff, RBX=0x0000000000000002, RCX=0x0000000000000047, RDX=0x0000000121338d8c
RSP=0x000070000c67e7b0, RBP=0x000070000c67e7d0, RSI=0x00007fd7e64fbbd0, RDI=0x00007fd7dcada9f8
R8 =0x00007fd7ded0f248, R9 =0xffffffff00000000, R10=0x00000001074bab38, R11=0x00000000d806656d
R12=0x0000000000000000, R13=0x000070000c67e8e0, R14=0x00007fd7dcada9f8, R15=0x00007fd7dcada800
RIP=0x00000001213172df, EFLAGS=0x0000000000010202, ERR=0x0000000000000004
  TRAPNO=0x000000000000000e

Top of Stack: (sp=0x000070000c67e7b0)
0x000070000c67e7b0:   00007fd7e64fbbd0 0000000000000000
0x000070000c67e7c0:   00007fd7de46ca10 00007fd7dcada800
0x000070000c67e7d0:   000070000c67e850 000000012133886a
0x000070000c67e7e0:   0000000000000064 0000000000000000
0x000070000c67e7f0:   0000000000000064 00007fd7ded0ead8
0x000070000c67e800:   000070000c67e860 00000001041512fe
0x000070000c67e810:   00007fd700000005 00007fd7de46ca20
0x000070000c67e820:   0000000000000001 00007fd7dcada9f8
0x000070000c67e830:   000000011e10ae38 0000000000000000
0x000070000c67e840:   000070000c67e960 00007fd7dcada800
0x000070000c67e850:   000070000c67e8a0 00000001074babaa
0x000070000c67e860:   00000006c0332b50 0000000106ebd428
0x000070000c67e870:   00000006c0332720 0000000107079926
0x000070000c67e880:   00000006c0332720 00000006c2a76558
0x000070000c67e890:   000070000c67e890 00000001a1e9399f
0x000070000c67e8a0:   00000006c0332b50 0000000106d9ce30
0x000070000c67e8b0:   000070000c67e938 0000000106c1e2bd
0x000070000c67e8c0:   000070000c67e938 0000000106c1e2bd
0x000070000c67e8d0:   0000000000000064 0000000106c1e2bd
0x000070000c67e8e0:   00000006c0332b50 0000000000000001
0x000070000c67e8f0:   00000006c0332720 000070000c67e8e8
0x000070000c67e900:   000000011e10e681 000070000c67e960
0x000070000c67e910:   000000011e10ef08 00000001a1e7d200
0x000070000c67e920:   000000011e10e788 000070000c67e8e0
0x000070000c67e930:   000070000c67e960 000070000c67e9d0
0x000070000c67e940:   0000000106c167a7 0000000000000000
0x000070000c67e950:   0000000000000000 deaddeaf00000000
0x000070000c67e960:   00000006c0332720 00000006c0731ea8
0x000070000c67e970:   0000700000001fa0 000000000000000a
0x000070000c67e980:   00007fd7dcada800 0000000000000001
0x000070000c67e990:   0000000106c1671f 000000011e10e788
0x000070000c67e9a0:   000070000c67ea68 000070000c67ed00 

Instructions: (pc=0x00000001213172df)
0x00000001213172bf:   c0 e9 82 00 00 00 48 8b 5e 10 48 85 db 75 0e bf
0x00000001213172cf:   01 00 00 00 48 8d 15 1e 95 03 00 eb d6 49 89 fe
0x00000001213172df:   4c 8b 3b 30 c0 e8 a7 bc 02 00 49 8b 3f 49 89 c4
0x00000001213172ef:   48 8b 35 f2 25 06 00 30 c0 e8 f5 bd 02 00 48 85 

Register to memory mapping:

RAX=0x00000000ffffffff is an unknown value
RBX=0x0000000000000002 is an unknown value
RCX=0x0000000000000047 is an unknown value
RDX=0x0000000121338d8c: Java_sun_java2d_opengl_OGLRenderQueue_flushBuffer+0xb5c in /Library/Java/JavaVirtualMachines/jdk1.8.0_152.jdk/Contents/Home/jre/lib/libawt_lwawt.dylib at 0x00000001212fb000
RSP=0x000070000c67e7b0 is pointing into the stack for thread: 0x00007fd7dcada800
RBP=0x000070000c67e7d0 is pointing into the stack for thread: 0x00007fd7dcada800
RSI=0x00007fd7e64fbbd0 is an unknown value
RDI=0x00007fd7dcada9f8 is an unknown value
R8 =0x00007fd7ded0f248 is an unknown value
R9 =0xffffffff00000000 is an unknown value
R10=0x00000001074bab38 is at entry_point+56 in (nmethod*)0x00000001074ba990
R11=0x00000000d806656d is an unknown value
R12=0x0000000000000000 is an unknown value
R13=0x000070000c67e8e0 is pointing into the stack for thread: 0x00007fd7dcada800
R14=0x00007fd7dcada9f8 is an unknown value
R15=0x00007fd7dcada800 is a thread


Stack: [0x000070000c57f000,0x000070000c67f000],  sp=0x000070000c67e7b0,  free space=1021k
Native frames: (J=compiled Java code, j=interpreted, Vv=VM code, C=native code)
C  [libawt_lwawt.dylib+0x1c2df]  OGLSD_SetScratchSurface+0x49
C  [libawt_lwawt.dylib+0x3d86a]  Java_sun_java2d_opengl_OGLRenderQueue_flushBuffer+0x63a
J 2936  sun.java2d.opengl.OGLRenderQueue.flushBuffer(JI)V (0 bytes) @ 0x00000001074babaa [0x00000001074bab00+0xaa]
J 4989 C2 sun.java2d.opengl.OGLRenderQueue.access$100(Lsun/java2d/opengl/OGLRenderQueue;)V (5 bytes) @ 0x0000000106d9ce30 [0x0000000106d9ce00+0x30]
j  sun.java2d.opengl.OGLRenderQueue$QueueFlusher.run()V+81
v  ~StubRoutines::call_stub
V  [libjvm.dylib+0x2ef7b2]
V  [libjvm.dylib+0x2eff56]
V  [libjvm.dylib+0x2f0102]
V  [libjvm.dylib+0x34a8c5]
V  [libjvm.dylib+0x56e327]
V  [libjvm.dylib+0x56fa14]
V  [libjvm.dylib+0x48d542]
C  [libsystem_pthread.dylib+0x36c1]  _pthread_body+0x154
C  [libsystem_pthread.dylib+0x356d]  _pthread_body+0x0
C  [libsystem_pthread.dylib+0x2c5d]  thread_start+0xd
C  0x0000000000000000

Java frames: (J=compiled Java code, j=interpreted, Vv=VM code)
J 2936  sun.java2d.opengl.OGLRenderQueue.flushBuffer(JI)V (0 bytes) @ 0x00000001074bab38 [0x00000001074bab00+0x38]
J 4989 C2 sun.java2d.opengl.OGLRenderQueue.access$100(Lsun/java2d/opengl/OGLRenderQueue;)V (5 bytes) @ 0x0000000106d9ce30 [0x0000000106d9ce00+0x30]
j  sun.java2d.opengl.OGLRenderQueue$QueueFlusher.run()V+81
v  ~StubRoutines::call_stub

---------------  P R O C E S S  ---------------

Java Threads: ( => current thread )
  0x00007fd7ddc41800 JavaThread "zSelector" [_thread_blocked, id=122719, stack(0x0000700010336000,0x0000700010436000)]
  0x00007fd7de6a7800 JavaThread "pool-47-thread-1" [_thread_blocked, id=102955, stack(0x0000700010233000,0x0000700010333000)]
  0x00007fd7e2cd0800 JavaThread "pool-46-thread-1" [_thread_blocked, id=67643, stack(0x0000700010130000,0x0000700010230000)]
  0x00007fd7ddd0b000 JavaThread "pool-45-thread-1" [_thread_blocked, id=118095, stack(0x000070001002d000,0x000070001012d000)]
  0x00007fd7dcd7a000 JavaThread "pool-44-thread-1" [_thread_blocked, id=121615, stack(0x000070000ff2a000,0x000070001002a000)]
  0x00007fd7e52cf000 JavaThread "pool-43-thread-1" [_thread_blocked, id=121355, stack(0x000070000fe27000,0x000070000ff27000)]
  0x00007fd7e2806800 JavaThread "pool-42-thread-1" [_thread_blocked, id=44659, stack(0x000070000fd24000,0x000070000fe24000)]
  0x00007fd7dcea4800 JavaThread "pool-41-thread-1" [_thread_blocked, id=116483, stack(0x000070000fc21000,0x000070000fd21000)]
  0x00007fd7dde0e800 JavaThread "pool-40-thread-1" [_thread_blocked, id=116747, stack(0x000070000fb1e000,0x000070000fc1e000)]
  0x00007fd7de4d4800 JavaThread "pool-39-thread-1" [_thread_blocked, id=116999, stack(0x000070000fa1b000,0x000070000fb1b000)]
  0x00007fd7dcf78800 JavaThread "pool-38-thread-1" [_thread_blocked, id=101151, stack(0x000070000f918000,0x000070000fa18000)]
  0x00007fd7dcf98800 JavaThread "pool-37-thread-1" [_thread_blocked, id=117507, stack(0x000070000f815000,0x000070000f915000)]
  0x00007fd7e201c800 JavaThread "pool-36-thread-1" [_thread_blocked, id=118299, stack(0x000070000f712000,0x000070000f812000)]
  0x00007fd7e26c0800 JavaThread "pool-35-thread-1" [_thread_blocked, id=118531, stack(0x000070000f60f000,0x000070000f70f000)]
  0x00007fd7ddf65800 JavaThread "pool-34-thread-1" [_thread_blocked, id=98579, stack(0x000070000f50c000,0x000070000f60c000)]
  0x00007fd7e52da800 JavaThread "pool-33-thread-1" [_thread_blocked, id=119043, stack(0x000070000f409000,0x000070000f509000)]
  0x00007fd7dcc37000 JavaThread "pool-32-thread-1" [_thread_blocked, id=33599, stack(0x000070000f306000,0x000070000f406000)]
  0x00007fd7de6a6800 JavaThread "pool-31-thread-1" [_thread_blocked, id=98095, stack(0x000070000f203000,0x000070000f303000)]
  0x00007fd7e29aa800 JavaThread "pool-30-thread-1" [_thread_blocked, id=97539, stack(0x000070000f100000,0x000070000f200000)]
  0x00007fd7e517a800 JavaThread "pool-29-thread-1" [_thread_blocked, id=94495, stack(0x000070000effd000,0x000070000f0fd000)]
  0x00007fd7dcc1b000 JavaThread "SwingWorker-pool-1-thread-10" daemon [_thread_blocked, id=67299, stack(0x000070000eefa000,0x000070000effa000)]
  0x00007fd7dd97f000 JavaThread "pool-28-thread-1" [_thread_blocked, id=62775, stack(0x000070000edf7000,0x000070000eef7000)]
  0x00007fd7e5159800 JavaThread "SwingWorker-pool-1-thread-9" daemon [_thread_blocked, id=62307, stack(0x000070000ecf4000,0x000070000edf4000)]
  0x00007fd7dda7d800 JavaThread "pool-27-thread-1" [_thread_blocked, id=121919, stack(0x000070000ebf1000,0x000070000ecf1000)]
  0x00007fd7dce97000 JavaThread "SwingWorker-pool-1-thread-8" daemon [_thread_blocked, id=91507, stack(0x000070000c370000,0x000070000c470000)]
  0x00007fd7e5185000 JavaThread "pool-26-thread-1" [_thread_blocked, id=69939, stack(0x000070000eaee000,0x000070000ebee000)]
  0x00007fd7e22f7800 JavaThread "SwingWorker-pool-1-thread-7" daemon [_thread_blocked, id=124439, stack(0x000070000e9eb000,0x000070000eaeb000)]
  0x00007fd7e52db000 JavaThread "pool-25-thread-1" [_thread_blocked, id=90131, stack(0x000070000e8e8000,0x000070000e9e8000)]
  0x00007fd7dcd65000 JavaThread "pool-24-thread-1" [_thread_blocked, id=127519, stack(0x000070000e7e5000,0x000070000e8e5000)]
  0x00007fd7e43ba000 JavaThread "pool-23-thread-1" [_thread_blocked, id=127415, stack(0x000070000e6e2000,0x000070000e7e2000)]
  0x00007fd7e51ac000 JavaThread "pool-22-thread-1" [_thread_blocked, id=125727, stack(0x000070000e5df000,0x000070000e6df000)]
  0x00007fd7e5378800 JavaThread "pool-21-thread-1" [_thread_blocked, id=68587, stack(0x000070000e4dc000,0x000070000e5dc000)]
  0x00007fd7dda78800 JavaThread "pool-20-thread-1" [_thread_blocked, id=126791, stack(0x000070000e3d9000,0x000070000e4d9000)]
  0x00007fd7e5377000 JavaThread "pool-19-thread-1" [_thread_blocked, id=43887, stack(0x000070000e2d6000,0x000070000e3d6000)]
  0x00007fd7e21e6000 JavaThread "pool-18-thread-1" [_thread_blocked, id=129891, stack(0x000070000e1d3000,0x000070000e2d3000)]
  0x00007fd7e2026000 JavaThread "pool-17-thread-1" [_thread_blocked, id=127903, stack(0x000070000e0d0000,0x000070000e1d0000)]
  0x00007fd7e5212000 JavaThread "pool-16-thread-1" [_thread_blocked, id=3131, stack(0x000070000ce9a000,0x000070000cf9a000)]
  0x00007fd7dd858800 JavaThread "SwingWorker-pool-1-thread-6" daemon [_thread_blocked, id=63563, stack(0x000070000cd97000,0x000070000ce97000)]
  0x00007fd7de57e800 JavaThread "pool-15-thread-1" [_thread_blocked, id=125471, stack(0x000070000dfcd000,0x000070000e0cd000)]
  0x00007fd7e5480000 JavaThread "SwingWorker-pool-1-thread-5" daemon [_thread_blocked, id=61783, stack(0x000070000deca000,0x000070000dfca000)]
  0x00007fd7de69e800 JavaThread "pool-14-thread-1" [_thread_blocked, id=20243, stack(0x000070000ddc7000,0x000070000dec7000)]
  0x00007fd7ddd74800 JavaThread "pool-13-thread-1" [_thread_blocked, id=72223, stack(0x000070000dcc4000,0x000070000ddc4000)]
  0x00007fd7dcbd4000 JavaThread "pool-12-thread-1" [_thread_blocked, id=67375, stack(0x000070000dbc1000,0x000070000dcc1000)]
  0x00007fd7e28ce800 JavaThread "pool-11-thread-1" [_thread_blocked, id=87843, stack(0x000070000dabe000,0x000070000dbbe000)]
  0x00007fd7dd2cc800 JavaThread "pool-10-thread-1" [_thread_blocked, id=87571, stack(0x000070000d9bb000,0x000070000dabb000)]
  0x00007fd7dd75b000 JavaThread "pool-9-thread-1" [_thread_blocked, id=63263, stack(0x000070000d8b8000,0x000070000d9b8000)]
  0x00007fd7e2001000 JavaThread "pool-8-thread-1" [_thread_blocked, id=65579, stack(0x000070000d7b5000,0x000070000d8b5000)]
  0x00007fd7ddd62000 JavaThread "pool-7-thread-1" [_thread_blocked, id=29703, stack(0x000070000d6b2000,0x000070000d7b2000)]
  0x00007fd7dcb4e800 JavaThread "pool-6-thread-1" [_thread_blocked, id=64527, stack(0x000070000d5af000,0x000070000d6af000)]
  0x00007fd7e2b2f000 JavaThread "pool-5-thread-1" [_thread_blocked, id=52243, stack(0x000070000c98e000,0x000070000ca8e000)]
  0x00007fd7e29bb800 JavaThread "SwingWorker-pool-1-thread-4" daemon [_thread_blocked, id=63003, stack(0x000070000c26d000,0x000070000c36d000)]
  0x00007fd7e2836800 JavaThread "pool-4-thread-1" [_thread_blocked, id=3851, stack(0x000070000d4ac000,0x000070000d5ac000)]
  0x00007fd7e200b000 JavaThread "SwingWorker-pool-1-thread-3" daemon [_thread_blocked, id=65831, stack(0x000070000d3a9000,0x000070000d4a9000)]
  0x00007fd7dd9dd000 JavaThread "pool-3-thread-1" [_thread_blocked, id=32779, stack(0x000070000d2a6000,0x000070000d3a6000)]
  0x00007fd7dd618000 JavaThread "SwingWorker-pool-1-thread-2" daemon [_thread_blocked, id=35875, stack(0x000070000d1a3000,0x000070000d2a3000)]
  0x00007fd7e2997800 JavaThread "pool-2-thread-1" [_thread_blocked, id=61991, stack(0x000070000d0a0000,0x000070000d1a0000)]
  0x00007fd7dc84e800 JavaThread "SwingWorker-pool-1-thread-1" daemon [_thread_blocked, id=88103, stack(0x000070000cf9d000,0x000070000d09d000)]
  0x00007fd7de53c800 JavaThread "Timer-0" daemon [_thread_blocked, id=33803, stack(0x000070000cc94000,0x000070000cd94000)]
  0x00007fd7ddc7b800 JavaThread "TimerQueue" daemon [_thread_blocked, id=130371, stack(0x000070000cb91000,0x000070000cc91000)]
  0x00007fd7e2846000 JavaThread "DestroyJavaVM" [_thread_blocked, id=9475, stack(0x000070000b340000,0x000070000b440000)]
  0x00007fd7dcbb2000 JavaThread "Run$_AWT-EventQueue-0" [_thread_blocked, id=51523, stack(0x000070000c785000,0x000070000c885000)]
  0x00007fd7dd99a000 JavaThread "Java2D Disposer" daemon [_thread_blocked, id=76819, stack(0x000070000c682000,0x000070000c782000)]
=>0x00007fd7dcada800 JavaThread "Java2D Queue Flusher" daemon [_thread_in_native, id=47375, stack(0x000070000c57f000,0x000070000c67f000)]
  0x00007fd7dca78800 JavaThread "AWT-Shutdown" [_thread_blocked, id=39211, stack(0x000070000c16a000,0x000070000c26a000)]
  0x00007fd7dca4b000 JavaThread "AppKit Thread" daemon [_thread_in_native, id=775, stack(0x00007ffeebe39000,0x00007ffeec639000)]
  0x00007fd7dc823000 JavaThread "Service Thread" daemon [_thread_blocked, id=15107, stack(0x000070000bf64000,0x000070000c064000)]
  0x00007fd7dc82f800 JavaThread "C1 CompilerThread2" daemon [_thread_blocked, id=18435, stack(0x000070000be61000,0x000070000bf61000)]
  0x00007fd7dc82e800 JavaThread "C2 CompilerThread1" daemon [_thread_blocked, id=14851, stack(0x000070000bd5e000,0x000070000be5e000)]
  0x00007fd7dc82d000 JavaThread "C2 CompilerThread0" daemon [_thread_blocked, id=18947, stack(0x000070000bc5b000,0x000070000bd5b000)]
  0x00007fd7dc82c800 JavaThread "Signal Dispatcher" daemon [_thread_blocked, id=14083, stack(0x000070000bb58000,0x000070000bc58000)]
  0x00007fd7dc81f800 JavaThread "Finalizer" daemon [_thread_blocked, id=11779, stack(0x000070000ba55000,0x000070000bb55000)]
  0x00007fd7dc81c800 JavaThread "Reference Handler" daemon [_thread_blocked, id=20739, stack(0x000070000b952000,0x000070000ba52000)]

Other Threads:
  0x00007fd7dc81a000 VMThread [stack: 0x000070000b84f000,0x000070000b94f000] [id=11267]
  0x00007fd7dd00e800 WatcherThread [stack: 0x000070000c067000,0x000070000c167000] [id=17667]

VM state:not at safepoint (normal execution)

VM Mutex/Monitor currently owned by a thread: None

Heap:
 PSYoungGen      total 31232K, used 2327K [0x000000076ab00000, 0x000000076d480000, 0x00000007c0000000)
  eden space 21504K, 10% used [0x000000076ab00000,0x000000076ad45e78,0x000000076c000000)
  from space 9728K, 0% used [0x000000076ca00000,0x000000076ca00000,0x000000076d380000)
  to   space 10240K, 0% used [0x000000076c000000,0x000000076c000000,0x000000076ca00000)
 ParOldGen       total 121344K, used 53855K [0x00000006c0000000, 0x00000006c7680000, 0x000000076ab00000)
  object space 121344K, 44% used [0x00000006c0000000,0x00000006c3497cd0,0x00000006c7680000)
 Metaspace       used 33463K, capacity 34053K, committed 34304K, reserved 1079296K
  class space    used 4424K, capacity 4575K, committed 4608K, reserved 1048576K

Card table byte_map: [0x0000000105203000,0x0000000105a04000] byte_map_base: 0x0000000101c03000

Marking Bits: (ParMarkBitMap*) 0x00000001046f66c0
 Begin Bits: [0x0000000115c16000, 0x0000000119c16000)
 End Bits:   [0x0000000119c16000, 0x000000011dc16000)

Polling page: 0x0000000104df0000

CodeCache: size=245760Kb used=17894Kb max_used=18713Kb free=227865Kb
 bounds [0x0000000106c16000, 0x0000000107e86000, 0x0000000115c16000]
 total_blobs=5962 nmethods=5210 adapters=662
 compilation: enabled

Compilation events (10 events):
Event: 24127.815 Thread 0x00007fd7dc82e800 6902       4       javax.swing.RepaintManager::getVolatileOffscreenBuffer (243 bytes)
Event: 24127.826 Thread 0x00007fd7dc82e800 nmethod 6902 0x0000000107145c50 code [0x0000000107145e40, 0x0000000107146620]
Event: 24146.479 Thread 0x00007fd7dc82f800 6903   !   3       sun.java2d.Disposer::clearDeferredRecords (70 bytes)
Event: 24146.479 Thread 0x00007fd7dc82d000 6904       4       java.util.ArrayList::isEmpty (13 bytes)
Event: 24146.480 Thread 0x00007fd7dc82f800 nmethod 6903 0x00000001071cfa10 code [0x00000001071cfc40, 0x00000001071d0ab8]
Event: 24146.480 Thread 0x00007fd7dc82d000 nmethod 6904 0x0000000107d62590 code [0x0000000107d626e0, 0x0000000107d62758]
Event: 24146.482 Thread 0x00007fd7dc82f800 6905 % !   3       sun.java2d.Disposer::run @ 0 (53 bytes)
Event: 24146.483 Thread 0x00007fd7dc82f800 nmethod 6905% 0x0000000107c227d0 code [0x0000000107c229e0, 0x0000000107c23558]
Event: 24146.489 Thread 0x00007fd7dc82e800 6906   !   4       sun.java2d.Disposer::clearDeferredRecords (70 bytes)
Event: 24146.492 Thread 0x00007fd7dc82e800 nmethod 6906 0x0000000107488f10 code [0x00000001074890a0, 0x00000001074892c8]

GC Heap History (10 events):
Event: 24143.476 GC heap before
{Heap before GC invocations=5941 (full 4):
 PSYoungGen      total 31744K, used 30526K [0x000000076ab00000, 0x000000076d380000, 0x00000007c0000000)
  eden space 22016K, 99% used [0x000000076ab00000,0x000000076c0589e0,0x000000076c080000)
  from space 9728K, 89% used [0x000000076ca00000,0x000000076d2771b0,0x000000076d380000)
  to   space 9728K, 0% used [0x000000076c080000,0x000000076c080000,0x000000076ca00000)
 ParOldGen       total 127488K, used 127393K [0x00000006c0000000, 0x00000006c7c80000, 0x000000076ab00000)
  object space 127488K, 99% used [0x00000006c0000000,0x00000006c7c68790,0x00000006c7c80000)
 Metaspace       used 33495K, capacity 34107K, committed 34304K, reserved 1079296K
  class space    used 4431K, capacity 4588K, committed 4608K, reserved 1048576K
Event: 24143.480 GC heap after
Heap after GC invocations=5941 (full 4):
 PSYoungGen      total 31744K, used 8378K [0x000000076ab00000, 0x000000076d380000, 0x00000007c0000000)
  eden space 22016K, 0% used [0x000000076ab00000,0x000000076ab00000,0x000000076c080000)
  from space 9728K, 86% used [0x000000076c080000,0x000000076c8aea70,0x000000076ca00000)
  to   space 9728K, 0% used [0x000000076ca00000,0x000000076ca00000,0x000000076d380000)
 ParOldGen       total 127488K, used 127401K [0x00000006c0000000, 0x00000006c7c80000, 0x000000076ab00000)
  object space 127488K, 99% used [0x00000006c0000000,0x00000006c7c6a790,0x00000006c7c80000)
 Metaspace       used 33495K, capacity 34107K, committed 34304K, reserved 1079296K
  class space    used 4431K, capacity 4588K, committed 4608K, reserved 1048576K
}
Event: 24144.415 GC heap before
{Heap before GC invocations=5942 (full 4):
 PSYoungGen      total 31744K, used 30394K [0x000000076ab00000, 0x000000076d380000, 0x00000007c0000000)
  eden space 22016K, 100% used [0x000000076ab00000,0x000000076c080000,0x000000076c080000)
  from space 9728K, 86% used [0x000000076c080000,0x000000076c8aea70,0x000000076ca00000)
  to   space 9728K, 0% used [0x000000076ca00000,0x000000076ca00000,0x000000076d380000)
 ParOldGen       total 127488K, used 127401K [0x00000006c0000000, 0x00000006c7c80000, 0x000000076ab00000)
  object space 127488K, 99% used [0x00000006c0000000,0x00000006c7c6a790,0x00000006c7c80000)
 Metaspace       used 33495K, capacity 34107K, committed 34304K, reserved 1079296K
  class space    used 4431K, capacity 4588K, committed 4608K, reserved 1048576K
Event: 24144.419 GC heap after
Heap after GC invocations=5942 (full 4):
 PSYoungGen      total 31744K, used 9323K [0x000000076ab00000, 0x000000076d380000, 0x00000007c0000000)
  eden space 22016K, 0% used [0x000000076ab00000,0x000000076ab00000,0x000000076c080000)
  from space 9728K, 95% used [0x000000076ca00000,0x000000076d31afd0,0x000000076d380000)
  to   space 9728K, 0% used [0x000000076c080000,0x000000076c080000,0x000000076ca00000)
 ParOldGen       total 127488K, used 127409K [0x00000006c0000000, 0x00000006c7c80000, 0x000000076ab00000)
  object space 127488K, 99% used [0x00000006c0000000,0x00000006c7c6c790,0x00000006c7c80000)
 Metaspace       used 33495K, capacity 34107K, committed 34304K, reserved 1079296K
  class space    used 4431K, capacity 4588K, committed 4608K, reserved 1048576K
}
Event: 24145.357 GC heap before
{Heap before GC invocations=5943 (full 4):
 PSYoungGen      total 31744K, used 31206K [0x000000076ab00000, 0x000000076d380000, 0x00000007c0000000)
  eden space 22016K, 99% used [0x000000076ab00000,0x000000076c05eb18,0x000000076c080000)
  from space 9728K, 95% used [0x000000076ca00000,0x000000076d31afd0,0x000000076d380000)
  to   space 9728K, 0% used [0x000000076c080000,0x000000076c080000,0x000000076ca00000)
 ParOldGen       total 127488K, used 127409K [0x00000006c0000000, 0x00000006c7c80000, 0x000000076ab00000)
  object space 127488K, 99% used [0x00000006c0000000,0x00000006c7c6c790,0x00000006c7c80000)
 Metaspace       used 33495K, capacity 34107K, committed 34304K, reserved 1079296K
  class space    used 4431K, capacity 4588K, committed 4608K, reserved 1048576K
Event: 24145.360 GC heap after
Heap after GC invocations=5943 (full 4):
 PSYoungGen      total 31744K, used 9098K [0x000000076ab00000, 0x000000076d380000, 0x00000007c0000000)
  eden space 22016K, 0% used [0x000000076ab00000,0x000000076ab00000,0x000000076c080000)
  from space 9728K, 93% used [0x000000076c080000,0x000000076c962890,0x000000076ca00000)
  to   space 9728K, 0% used [0x000000076ca00000,0x000000076ca00000,0x000000076d380000)
 ParOldGen       total 127488K, used 127417K [0x00000006c0000000, 0x00000006c7c80000, 0x000000076ab00000)
  object space 127488K, 99% used [0x00000006c0000000,0x00000006c7c6e790,0x00000006c7c80000)
 Metaspace       used 33495K, capacity 34107K, committed 34304K, reserved 1079296K
  class space    used 4431K, capacity 4588K, committed 4608K, reserved 1048576K
}
Event: 24146.294 GC heap before
{Heap before GC invocations=5944 (full 4):
 PSYoungGen      total 31744K, used 30939K [0x000000076ab00000, 0x000000076d380000, 0x00000007c0000000)
  eden space 22016K, 99% used [0x000000076ab00000,0x000000076c054730,0x000000076c080000)
  from space 9728K, 93% used [0x000000076c080000,0x000000076c962890,0x000000076ca00000)
  to   space 9728K, 0% used [0x000000076ca00000,0x000000076ca00000,0x000000076d380000)
 ParOldGen       total 127488K, used 127417K [0x00000006c0000000, 0x00000006c7c80000, 0x000000076ab00000)
  object space 127488K, 99% used [0x00000006c0000000,0x00000006c7c6e790,0x00000006c7c80000)
 Metaspace       used 33495K, capacity 34107K, committed 34304K, reserved 1079296K
  class space    used 4431K, capacity 4588K, committed 4608K, reserved 1048576K
Event: 24146.299 GC heap after
Heap after GC invocations=5944 (full 4):
 PSYoungGen      total 31232K, used 9323K [0x000000076ab00000, 0x000000076d480000, 0x00000007c0000000)
  eden space 21504K, 0% used [0x000000076ab00000,0x000000076ab00000,0x000000076c000000)
  from space 9728K, 95% used [0x000000076ca00000,0x000000076d31afd0,0x000000076d380000)
  to   space 10240K, 0% used [0x000000076c000000,0x000000076c000000,0x000000076ca00000)
 ParOldGen       total 127488K, used 127433K [0x00000006c0000000, 0x00000006c7c80000, 0x000000076ab00000)
  object space 127488K, 99% used [0x00000006c0000000,0x00000006c7c72790,0x00000006c7c80000)
 Metaspace       used 33495K, capacity 34107K, committed 34304K, reserved 1079296K
  class space    used 4431K, capacity 4588K, committed 4608K, reserved 1048576K
}
Event: 24146.299 GC heap before
{Heap before GC invocations=5945 (full 5):
 PSYoungGen      total 31232K, used 9323K [0x000000076ab00000, 0x000000076d480000, 0x00000007c0000000)
  eden space 21504K, 0% used [0x000000076ab00000,0x000000076ab00000,0x000000076c000000)
  from space 9728K, 95% used [0x000000076ca00000,0x000000076d31afd0,0x000000076d380000)
  to   space 10240K, 0% used [0x000000076c000000,0x000000076c000000,0x000000076ca00000)
 ParOldGen       total 127488K, used 127433K [0x00000006c0000000, 0x00000006c7c80000, 0x000000076ab00000)
  object space 127488K, 99% used [0x00000006c0000000,0x00000006c7c72790,0x00000006c7c80000)
 Metaspace       used 33495K, capacity 34107K, committed 34304K, reserved 1079296K
  class space    used 4431K, capacity 4588K, committed 4608K, reserved 1048576K
Event: 24146.461 GC heap after
Heap after GC invocations=5945 (full 5):
 PSYoungGen      total 31232K, used 0K [0x000000076ab00000, 0x000000076d480000, 0x00000007c0000000)
  eden space 21504K, 0% used [0x000000076ab00000,0x000000076ab00000,0x000000076c000000)
  from space 9728K, 0% used [0x000000076ca00000,0x000000076ca00000,0x000000076d380000)
  to   space 10240K, 0% used [0x000000076c000000,0x000000076c000000,0x000000076ca00000)
 ParOldGen       total 121344K, used 53855K [0x00000006c0000000, 0x00000006c7680000, 0x000000076ab00000)
  object space 121344K, 44% used [0x00000006c0000000,0x00000006c3497cd0,0x00000006c7680000)
 Metaspace       used 33461K, capacity 34053K, committed 34304K, reserved 1079296K
  class space    used 4424K, capacity 4575K, committed 4608K, reserved 1048576K
}

Deoptimization events (10 events):
Event: 24025.127 Thread 0x00007fd7dcbb2000 Uncommon trap: reason=class_check action=maybe_recompile pc=0x000000010749924c method=sun.dc.DuctusRenderingEngine.strokeTo(Ljava/awt/Shape;Ljava/awt/geom/AffineTransform;Ljava/awt/BasicStroke;ZZZLsun/awt/geom/PathConsumer2D;)V @ 149
Event: 24025.128 Thread 0x00007fd7dcbb2000 Uncommon trap: reason=class_check action=maybe_recompile pc=0x00000001072ba150 method=sun.dc.DuctusRenderingEngine.feedConsumer(Ljava/awt/geom/PathIterator;Lsun/dc/path/PathConsumer;ZF)V @ 40
Event: 24025.129 Thread 0x00007fd7dcbb2000 Uncommon trap: reason=class_check action=maybe_recompile pc=0x000000010749924c method=sun.dc.DuctusRenderingEngine.strokeTo(Ljava/awt/Shape;Ljava/awt/geom/AffineTransform;Ljava/awt/BasicStroke;ZZZLsun/awt/geom/PathConsumer2D;)V @ 149
Event: 24025.129 Thread 0x00007fd7dcbb2000 Uncommon trap: reason=class_check action=maybe_recompile pc=0x00000001072ba150 method=sun.dc.DuctusRenderingEngine.feedConsumer(Ljava/awt/geom/PathIterator;Lsun/dc/path/PathConsumer;ZF)V @ 40
Event: 24025.130 Thread 0x00007fd7dcbb2000 Uncommon trap: reason=bimorphic action=maybe_recompile pc=0x0000000107b3124c method=sun.java2d.pipe.PixelToParallelogramConverter.fillRectangle(Lsun/java2d/SunGraphics2D;DDDD)V @ 230
Event: 24025.211 Thread 0x00007fd7dcbb2000 Uncommon trap: reason=unstable_if action=reinterpret pc=0x0000000107cfe628 method=javax.swing.RepaintManager.getVolatileOffscreenBuffer(Ljava/awt/Component;II)Ljava/awt/Image; @ 189
Event: 24146.473 Thread 0x00007fd7dd99a000 Uncommon trap: reason=speculate_class_check action=maybe_recompile pc=0x00000001070cd870 method=java.util.Hashtable.remove(Ljava/lang/Object;)Ljava/lang/Object; @ 6
Event: 24146.474 Thread 0x00007fd7dcada800 Uncommon trap: reason=class_check action=maybe_recompile pc=0x00000001075197a4 method=sun.java2d.opengl.OGLRenderQueue$QueueFlusher.run()V @ 95
Event: 24146.478 Thread 0x00007fd7dd99a000 Uncommon trap: reason=unstable_if action=reinterpret pc=0x0000000107b57e18 method=sun.java2d.Disposer.clearDeferredRecords()V @ 3
Event: 24146.480 Thread 0x00007fd7dd99a000 Uncommon trap: reason=unstable_if action=reinterpret pc=0x00000001070cdae8 method=sun.java2d.Disposer.clearDeferredRecords()V @ 3

Classes redefined (0 events):
No events

Internal exceptions (10 events):
Event: 17.233 Thread 0x00007fd7dc84e800 Exception <a 'java/lang/ArrayIndexOutOfBoundsException'> (0x000000076eabbad8) thrown at [/Users/java_re/workspace/8-2-build-macosx-x86_64/jdk8u152/9742/hotspot/src/share/vm/runtime/sharedRuntime.cpp, line 605]
Event: 66.750 Thread 0x00007fd7dca4b000 Implicit null exception at 0x0000000107a01ac6 to 0x0000000107a022b9
Event: 91.487 Thread 0x00007fd7dcbb2000 Implicit null exception at 0x0000000107b40076 to 0x0000000107b41a5d
Event: 149.434 Thread 0x00007fd7dcbb2000 Implicit null exception at 0x00000001074f3929 to 0x00000001074f4b81
Event: 236.017 Thread 0x00007fd7dcbb2000 Implicit null exception at 0x0000000107848a8a to 0x000000010784a1d5
Event: 237.863 Thread 0x00007fd7dcbb2000 Implicit null exception at 0x0000000106e62b94 to 0x0000000106e62bde
Event: 237.956 Thread 0x00007fd7dcbb2000 Implicit null exception at 0x00000001074e9fa8 to 0x00000001074ead1d
Event: 237.960 Thread 0x00007fd7dcbb2000 Implicit null exception at 0x000000010749898a to 0x00000001074997b1
Event: 259.998 Thread 0x00007fd7dcbb2000 Implicit null exception at 0x0000000107df04e4 to 0x0000000107df1e61
Event: 15071.852 Thread 0x00007fd7dcbb2000 Implicit null exception at 0x0000000107a9c0e0 to 0x0000000107a9e149

Events (10 events):
Event: 24146.478 Executing VM operation: RevokeBias
Event: 24146.478 Executing VM operation: RevokeBias done
Event: 24146.478 Thread 0x00007fd7dd99a000 Uncommon trap: trap_request=0xffffff65 fr.pc=0x0000000107b57e18
Event: 24146.478 Thread 0x00007fd7dd99a000 DEOPT PACKING pc=0x0000000107b57e18 sp=0x000070000c781880
Event: 24146.478 Thread 0x00007fd7dd99a000 DEOPT UNPACKING pc=0x0000000106c1b229 sp=0x000070000c781828 mode 2
Event: 24146.480 Thread 0x00007fd7dc82f800 flushing nmethod 0x0000000107125b90
Event: 24146.480 Thread 0x00007fd7dd99a000 Uncommon trap: trap_request=0xffffff65 fr.pc=0x00000001070cdae8
Event: 24146.480 Thread 0x00007fd7dd99a000 DEOPT PACKING pc=0x00000001070cdae8 sp=0x000070000c7818a0
Event: 24146.480 Thread 0x00007fd7dd99a000 DEOPT UNPACKING pc=0x0000000106c1b229 sp=0x000070000c781838 mode 2
Event: 24146.483 Thread 0x00007fd7dc82f800 flushing nmethod 0x00000001071a8b90


Dynamic libraries:
0x000000002ba31000 	/System/Library/Frameworks/Cocoa.framework/Versions/A/Cocoa
0x000000002ba31000 	/System/Library/Frameworks/Security.framework/Versions/A/Security
0x000000002ba31000 	/System/Library/Frameworks/ApplicationServices.framework/Versions/A/ApplicationServices
0x000000002ba31000 	/usr/lib/libz.1.dylib
0x000000002ba31000 	/usr/lib/libSystem.B.dylib
0x000000002ba31000 	/usr/lib/libobjc.A.dylib
0x000000002ba31000 	/System/Library/Frameworks/CoreFoundation.framework/Versions/A/CoreFoundation
0x000000002ba31000 	/System/Library/Frameworks/Foundation.framework/Versions/C/Foundation
0x000000002ba31000 	/System/Library/Frameworks/AppKit.framework/Versions/C/AppKit
0x000000002ba31000 	/System/Library/Frameworks/CoreData.framework/Versions/A/CoreData
0x000000002ba31000 	/System/Library/PrivateFrameworks/RemoteViewServices.framework/Versions/A/RemoteViewServices
0x000000002ba31000 	/System/Library/PrivateFrameworks/UIFoundation.framework/Versions/A/UIFoundation
0x000000002ba31000 	/System/Library/PrivateFrameworks/DFRFoundation.framework/Versions/A/DFRFoundation
0x000000002ba31000 	/System/Library/Frameworks/Metal.framework/Versions/A/Metal
0x000000002ba31000 	/System/Library/PrivateFrameworks/DesktopServicesPriv.framework/Versions/A/DesktopServicesPriv
0x000000002ba31000 	/usr/lib/libenergytrace.dylib
0x000000002ba31000 	/System/Library/PrivateFrameworks/SkyLight.framework/Versions/A/SkyLight
0x000000002ba31000 	/System/Library/Frameworks/CoreGraphics.framework/Versions/A/CoreGraphics
0x000000002ba31000 	/usr/lib/libScreenReader.dylib
0x000000002ba31000 	/System/Library/Frameworks/Accelerate.framework/Versions/A/Accelerate
0x000000002ba31000 	/System/Library/Frameworks/IOSurface.framework/Versions/A/IOSurface
0x000000002ba31000 	/System/Library/Frameworks/AudioToolbox.framework/Versions/A/AudioToolbox
0x000000002ba31000 	/System/Library/Frameworks/AudioUnit.framework/Versions/A/AudioUnit
0x000000002ba31000 	/System/Library/PrivateFrameworks/DataDetectorsCore.framework/Versions/A/DataDetectorsCore
0x000000002ba31000 	/System/Library/Frameworks/Carbon.framework/Versions/A/Frameworks/HIToolbox.framework/Versions/A/HIToolbox
0x000000002ba31000 	/usr/lib/libicucore.A.dylib
0x000000002ba31000 	/System/Library/Frameworks/QuartzCore.framework/Versions/A/QuartzCore
0x000000002ba31000 	/System/Library/Frameworks/Carbon.framework/Versions/A/Frameworks/SpeechRecognition.framework/Versions/A/SpeechRecognition
0x000000002ba31000 	/usr/lib/libauto.dylib
0x000000002ba31000 	/usr/lib/libxml2.2.dylib
0x000000002ba31000 	/System/Library/PrivateFrameworks/CoreUI.framework/Versions/A/CoreUI
0x000000002ba31000 	/System/Library/Frameworks/CoreAudio.framework/Versions/A/CoreAudio
0x000000002ba31000 	/System/Library/Frameworks/DiskArbitration.framework/Versions/A/DiskArbitration
0x000000002ba31000 	/usr/lib/liblangid.dylib
0x000000002ba31000 	/System/Library/PrivateFrameworks/MultitouchSupport.framework/Versions/A/MultitouchSupport
0x000000002ba31000 	/System/Library/Frameworks/IOKit.framework/Versions/A/IOKit
0x000000002ba31000 	/usr/lib/libDiagnosticMessagesClient.dylib
0x000000002ba31000 	/System/Library/Frameworks/CoreServices.framework/Versions/A/CoreServices
0x000000002ba31000 	/System/Library/PrivateFrameworks/PerformanceAnalysis.framework/Versions/A/PerformanceAnalysis
0x000000002ba31000 	/System/Library/Frameworks/OpenGL.framework/Versions/A/OpenGL
0x000000002ba31000 	/System/Library/Frameworks/ColorSync.framework/Versions/A/ColorSync
0x000000002ba31000 	/System/Library/Frameworks/CoreImage.framework/Versions/A/CoreImage
0x000000002ba31000 	/System/Library/Frameworks/CoreText.framework/Versions/A/CoreText
0x000000002ba31000 	/System/Library/Frameworks/ImageIO.framework/Versions/A/ImageIO
0x000000002ba31000 	/System/Library/PrivateFrameworks/Backup.framework/Versions/A/Backup
0x000000002ba31000 	/usr/lib/libarchive.2.dylib
0x000000002ba31000 	/System/Library/Frameworks/CFNetwork.framework/Versions/A/CFNetwork
0x000000002ba31000 	/System/Library/Frameworks/SystemConfiguration.framework/Versions/A/SystemConfiguration
0x000000002ba31000 	/usr/lib/libCRFSuite.dylib
0x000000002ba31000 	/usr/lib/libc++.1.dylib
0x000000002ba31000 	/usr/lib/libc++abi.dylib
0x000000002ba31000 	/usr/lib/system/libcache.dylib
0x000000002ba31000 	/usr/lib/system/libcommonCrypto.dylib
0x000000002ba31000 	/usr/lib/system/libcompiler_rt.dylib
0x000000002ba31000 	/usr/lib/system/libcopyfile.dylib
0x000000002ba31000 	/usr/lib/system/libcorecrypto.dylib
0x000000002ba31000 	/usr/lib/system/libdispatch.dylib
0x000000002ba31000 	/usr/lib/system/libdyld.dylib
0x000000002ba31000 	/usr/lib/system/libkeymgr.dylib
0x000000002ba31000 	/usr/lib/system/liblaunch.dylib
0x000000002ba31000 	/usr/lib/system/libmacho.dylib
0x000000002ba31000 	/usr/lib/system/libquarantine.dylib
0x000000002ba31000 	/usr/lib/system/libremovefile.dylib
0x000000002ba31000 	/usr/lib/system/libsystem_asl.dylib
0x000000002ba31000 	/usr/lib/system/libsystem_blocks.dylib
0x000000002ba31000 	/usr/lib/system/libsystem_c.dylib
0x000000002ba31000 	/usr/lib/system/libsystem_configuration.dylib
0x000000002ba31000 	/usr/lib/system/libsystem_coreservices.dylib
0x000000002ba31000 	/usr/lib/system/libsystem_darwin.dylib
0x000000002ba31000 	/usr/lib/system/libsystem_dnssd.dylib
0x000000002ba31000 	/usr/lib/system/libsystem_info.dylib
0x000000002ba31000 	/usr/lib/system/libsystem_m.dylib
0x000000002ba31000 	/usr/lib/system/libsystem_malloc.dylib
0x000000002ba31000 	/usr/lib/system/libsystem_network.dylib
0x000000002ba31000 	/usr/lib/system/libsystem_networkextension.dylib
0x000000002ba31000 	/usr/lib/system/libsystem_notify.dylib
0x000000002ba31000 	/usr/lib/system/libsystem_sandbox.dylib
0x000000002ba31000 	/usr/lib/system/libsystem_secinit.dylib
0x000000002ba31000 	/usr/lib/system/libsystem_kernel.dylib
0x000000002ba31000 	/usr/lib/system/libsystem_platform.dylib
0x000000002ba31000 	/usr/lib/system/libsystem_pthread.dylib
0x000000002ba31000 	/usr/lib/system/libsystem_symptoms.dylib
0x000000002ba31000 	/usr/lib/system/libsystem_trace.dylib
0x000000002ba31000 	/usr/lib/system/libunwind.dylib
0x000000002ba31000 	/usr/lib/system/libxpc.dylib
0x000000002ba31000 	/usr/lib/closure/libclosured.dylib
0x000000002ba31000 	/usr/lib/libbsm.0.dylib
0x000000002ba31000 	/usr/lib/system/libkxld.dylib
0x000000002ba31000 	/usr/lib/libOpenScriptingUtil.dylib
0x000000002ba31000 	/usr/lib/libcoretls.dylib
0x000000002ba31000 	/usr/lib/libcoretls_cfhelpers.dylib
0x000000002ba31000 	/usr/lib/libpam.2.dylib
0x000000002ba31000 	/usr/lib/libsqlite3.dylib
0x000000002ba31000 	/usr/lib/libxar.1.dylib
0x000000002ba31000 	/usr/lib/libbz2.1.0.dylib
0x000000002ba31000 	/usr/lib/liblzma.5.dylib
0x000000002ba31000 	/usr/lib/libnetwork.dylib
0x000000002ba31000 	/usr/lib/libapple_nghttp2.dylib
0x000000002ba31000 	/usr/lib/libpcap.A.dylib
0x000000002ba31000 	/usr/lib/libboringssl.dylib
0x000000002ba31000 	/usr/lib/libusrtcp.dylib
0x000000002ba31000 	/usr/lib/libapple_crypto.dylib
0x000000002ba31000 	/System/Library/Frameworks/CoreServices.framework/Versions/A/Frameworks/FSEvents.framework/Versions/A/FSEvents
0x000000002ba31000 	/System/Library/Frameworks/CoreServices.framework/Versions/A/Frameworks/CarbonCore.framework/Versions/A/CarbonCore
0x000000002ba31000 	/System/Library/Frameworks/CoreServices.framework/Versions/A/Frameworks/Metadata.framework/Versions/A/Metadata
0x000000002ba31000 	/System/Library/Frameworks/CoreServices.framework/Versions/A/Frameworks/OSServices.framework/Versions/A/OSServices
0x000000002ba31000 	/System/Library/Frameworks/CoreServices.framework/Versions/A/Frameworks/SearchKit.framework/Versions/A/SearchKit
0x000000002ba31000 	/System/Library/Frameworks/CoreServices.framework/Versions/A/Frameworks/AE.framework/Versions/A/AE
0x000000002ba31000 	/System/Library/Frameworks/CoreServices.framework/Versions/A/Frameworks/LaunchServices.framework/Versions/A/LaunchServices
0x000000002ba31000 	/System/Library/Frameworks/CoreServices.framework/Versions/A/Frameworks/DictionaryServices.framework/Versions/A/DictionaryServices
0x000000002ba31000 	/System/Library/Frameworks/CoreServices.framework/Versions/A/Frameworks/SharedFileList.framework/Versions/A/SharedFileList
0x000000002ba31000 	/System/Library/Frameworks/NetFS.framework/Versions/A/NetFS
0x000000002ba31000 	/System/Library/PrivateFrameworks/NetAuth.framework/Versions/A/NetAuth
0x000000002ba31000 	/System/Library/PrivateFrameworks/login.framework/Versions/A/Frameworks/loginsupport.framework/Versions/A/loginsupport
0x000000002ba31000 	/System/Library/PrivateFrameworks/TCC.framework/Versions/A/TCC
0x000000002ba31000 	/usr/lib/libmecabra.dylib
0x000000002ba31000 	/System/Library/Frameworks/ApplicationServices.framework/Versions/A/Frameworks/ATS.framework/Versions/A/ATS
0x000000002ba31000 	/System/Library/Frameworks/ApplicationServices.framework/Versions/A/Frameworks/ColorSyncLegacy.framework/Versions/A/ColorSyncLegacy
0x000000002ba31000 	/System/Library/Frameworks/ApplicationServices.framework/Versions/A/Frameworks/HIServices.framework/Versions/A/HIServices
0x000000002ba31000 	/System/Library/Frameworks/ApplicationServices.framework/Versions/A/Frameworks/LangAnalysis.framework/Versions/A/LangAnalysis
0x000000002ba31000 	/System/Library/Frameworks/ApplicationServices.framework/Versions/A/Frameworks/PrintCore.framework/Versions/A/PrintCore
0x000000002ba31000 	/System/Library/Frameworks/ApplicationServices.framework/Versions/A/Frameworks/QD.framework/Versions/A/QD
0x000000002ba31000 	/System/Library/Frameworks/ApplicationServices.framework/Versions/A/Frameworks/SpeechSynthesis.framework/Versions/A/SpeechSynthesis
0x000000002ba31000 	/System/Library/Frameworks/CoreDisplay.framework/Versions/A/CoreDisplay
0x000000002ba31000 	/System/Library/Frameworks/Accelerate.framework/Versions/A/Frameworks/vImage.framework/Versions/A/vImage
0x000000002ba31000 	/System/Library/Frameworks/Accelerate.framework/Versions/A/Frameworks/vecLib.framework/Versions/A/vecLib
0x000000002ba31000 	/System/Library/Frameworks/Accelerate.framework/Versions/A/Frameworks/vecLib.framework/Versions/A/libvDSP.dylib
0x000000002ba31000 	/System/Library/Frameworks/Accelerate.framework/Versions/A/Frameworks/vecLib.framework/Versions/A/libBNNS.dylib
0x000000002ba31000 	/System/Library/Frameworks/Accelerate.framework/Versions/A/Frameworks/vecLib.framework/Versions/A/libQuadrature.dylib
0x000000002ba31000 	/System/Library/Frameworks/Accelerate.framework/Versions/A/Frameworks/vecLib.framework/Versions/A/libvMisc.dylib
0x000000002ba31000 	/System/Library/Frameworks/Accelerate.framework/Versions/A/Frameworks/vecLib.framework/Versions/A/libLAPACK.dylib
0x000000002ba31000 	/System/Library/Frameworks/Accelerate.framework/Versions/A/Frameworks/vecLib.framework/Versions/A/libBLAS.dylib
0x000000002ba31000 	/System/Library/Frameworks/Accelerate.framework/Versions/A/Frameworks/vecLib.framework/Versions/A/libLinearAlgebra.dylib
0x000000002ba31000 	/System/Library/Frameworks/Accelerate.framework/Versions/A/Frameworks/vecLib.framework/Versions/A/libSparse.dylib
0x000000002ba31000 	/System/Library/Frameworks/Accelerate.framework/Versions/A/Frameworks/vecLib.framework/Versions/A/libSparseBLAS.dylib
0x000000002ba31000 	/System/Library/PrivateFrameworks/IOAccelerator.framework/Versions/A/IOAccelerator
0x000000002ba31000 	/System/Library/PrivateFrameworks/IOPresentment.framework/Versions/A/IOPresentment
0x000000002ba31000 	/System/Library/PrivateFrameworks/DSExternalDisplay.framework/Versions/A/DSExternalDisplay
0x000000002ba31000 	/System/Library/Frameworks/OpenGL.framework/Versions/A/Libraries/libCoreFSCache.dylib
0x000000002ba31000 	/System/Library/Frameworks/CoreVideo.framework/Versions/A/CoreVideo
0x000000002ba31000 	/System/Library/PrivateFrameworks/GraphVisualizer.framework/Versions/A/GraphVisualizer
0x000000002ba31000 	/System/Library/Frameworks/MetalPerformanceShaders.framework/Versions/A/MetalPerformanceShaders
0x000000002ba31000 	/usr/lib/libFosl_dynamic.dylib
0x000000002ba31000 	/System/Library/PrivateFrameworks/FaceCore.framework/Versions/A/FaceCore
0x000000002ba31000 	/System/Library/Frameworks/OpenCL.framework/Versions/A/OpenCL
0x000000002ba31000 	/usr/lib/libcompression.dylib
0x000000002ba31000 	/System/Library/Frameworks/ApplicationServices.framework/Versions/A/Frameworks/ATS.framework/Versions/A/Resources/libFontParser.dylib
0x000000002ba31000 	/System/Library/Frameworks/ApplicationServices.framework/Versions/A/Frameworks/ATS.framework/Versions/A/Resources/libFontRegistry.dylib
0x000000002ba31000 	/System/Library/Frameworks/ImageIO.framework/Versions/A/Resources/libJPEG.dylib
0x000000002ba31000 	/System/Library/Frameworks/ImageIO.framework/Versions/A/Resources/libTIFF.dylib
0x000000002ba31000 	/System/Library/Frameworks/ImageIO.framework/Versions/A/Resources/libPng.dylib
0x000000002ba31000 	/System/Library/Frameworks/ImageIO.framework/Versions/A/Resources/libGIF.dylib
0x000000002ba31000 	/System/Library/Frameworks/ImageIO.framework/Versions/A/Resources/libJP2.dylib
0x000000002ba31000 	/System/Library/Frameworks/ImageIO.framework/Versions/A/Resources/libRadiance.dylib
0x000000002ba31000 	/System/Library/PrivateFrameworks/AppleJPEG.framework/Versions/A/AppleJPEG
0x000000002ba31000 	/System/Library/PrivateFrameworks/MetalTools.framework/Versions/A/MetalTools
0x000000002ba31000 	/System/Library/Frameworks/MetalPerformanceShaders.framework/Frameworks/MPSCore.framework/Versions/A/MPSCore
0x000000002ba31000 	/System/Library/Frameworks/MetalPerformanceShaders.framework/Frameworks/MPSImage.framework/Versions/A/MPSImage
0x000000002ba31000 	/System/Library/Frameworks/MetalPerformanceShaders.framework/Frameworks/MPSMatrix.framework/Versions/A/MPSMatrix
0x000000002ba31000 	/System/Library/Frameworks/MetalPerformanceShaders.framework/Frameworks/MPSNeuralNetwork.framework/Versions/A/MPSNeuralNetwork
0x000000002ba31000 	/System/Library/Frameworks/OpenGL.framework/Versions/A/Libraries/libGLU.dylib
0x000000002ba31000 	/System/Library/Frameworks/OpenGL.framework/Versions/A/Libraries/libGFXShared.dylib
0x000000002ba31000 	/System/Library/Frameworks/OpenGL.framework/Versions/A/Libraries/libGL.dylib
0x000000002ba31000 	/System/Library/Frameworks/OpenGL.framework/Versions/A/Libraries/libGLImage.dylib
0x000000002ba31000 	/System/Library/Frameworks/OpenGL.framework/Versions/A/Libraries/libCVMSPluginSupport.dylib
0x000000002ba31000 	/System/Library/Frameworks/OpenGL.framework/Versions/A/Libraries/libCoreVMClient.dylib
0x000000002ba31000 	/usr/lib/libcups.2.dylib
0x000000002ba31000 	/System/Library/Frameworks/Kerberos.framework/Versions/A/Kerberos
0x000000002ba31000 	/System/Library/Frameworks/GSS.framework/Versions/A/GSS
0x000000002ba31000 	/usr/lib/libresolv.9.dylib
0x000000002ba31000 	/usr/lib/libiconv.2.dylib
0x000000002ba31000 	/System/Library/PrivateFrameworks/Heimdal.framework/Versions/A/Heimdal
0x000000002ba31000 	/usr/lib/libheimdal-asn1.dylib
0x000000002ba31000 	/System/Library/Frameworks/OpenDirectory.framework/Versions/A/OpenDirectory
0x000000002ba31000 	/System/Library/PrivateFrameworks/CommonAuth.framework/Versions/A/CommonAuth
0x000000002ba31000 	/System/Library/Frameworks/OpenDirectory.framework/Versions/A/Frameworks/CFOpenDirectory.framework/Versions/A/CFOpenDirectory
0x000000002ba31000 	/System/Library/Frameworks/SecurityFoundation.framework/Versions/A/SecurityFoundation
0x000000002ba31000 	/System/Library/PrivateFrameworks/APFS.framework/Versions/A/APFS
0x000000002ba31000 	/usr/lib/libutil.dylib
0x000000002ba31000 	/System/Library/PrivateFrameworks/AppleSauce.framework/Versions/A/AppleSauce
0x000000002ba31000 	/System/Library/PrivateFrameworks/LinguisticData.framework/Versions/A/LinguisticData
0x000000002ba31000 	/usr/lib/libmarisa.dylib
0x000000002ba31000 	/System/Library/PrivateFrameworks/Lexicon.framework/Versions/A/Lexicon
0x000000002ba31000 	/usr/lib/libChineseTokenizer.dylib
0x000000002ba31000 	/usr/lib/libcmph.dylib
0x000000002ba31000 	/System/Library/PrivateFrameworks/LanguageModeling.framework/Versions/A/LanguageModeling
0x000000002ba31000 	/System/Library/PrivateFrameworks/CoreEmoji.framework/Versions/A/CoreEmoji
0x000000002ba31000 	/System/Library/Frameworks/ServiceManagement.framework/Versions/A/ServiceManagement
0x000000002ba31000 	/System/Library/PrivateFrameworks/BackgroundTaskManagement.framework/Versions/A/BackgroundTaskManagement
0x000000002ba31000 	/usr/lib/libxslt.1.dylib
0x000000002ba31000 	/System/Library/Frameworks/Carbon.framework/Versions/A/Frameworks/Ink.framework/Versions/A/Ink
0x000000002ba31000 	/System/Library/PrivateFrameworks/TextureIO.framework/Versions/A/TextureIO
0x000000002ba31000 	/usr/lib/libate.dylib
0x000000002ba31000 	/System/Library/PrivateFrameworks/CrashReporterSupport.framework/Versions/A/CrashReporterSupport
0x000000002ba31000 	/System/Library/PrivateFrameworks/Sharing.framework/Versions/A/Sharing
0x000000002ba31000 	/System/Library/PrivateFrameworks/IconServices.framework/Versions/A/IconServices
0x000000002ba31000 	/System/Library/PrivateFrameworks/ProtocolBuffer.framework/Versions/A/ProtocolBuffer
0x000000002ba31000 	/System/Library/PrivateFrameworks/Apple80211.framework/Versions/A/Apple80211
0x000000002ba31000 	/System/Library/Frameworks/CoreWLAN.framework/Versions/A/CoreWLAN
0x000000002ba31000 	/System/Library/PrivateFrameworks/CoreUtils.framework/Versions/A/CoreUtils
0x000000002ba31000 	/System/Library/Frameworks/IOBluetooth.framework/Versions/A/IOBluetooth
0x000000002ba31000 	/System/Library/PrivateFrameworks/CoreWiFi.framework/Versions/A/CoreWiFi
0x000000002ba31000 	/System/Library/Frameworks/CoreBluetooth.framework/Versions/A/CoreBluetooth
0x000000002ba31000 	/System/Library/PrivateFrameworks/SignpostNotification.framework/Versions/A/SignpostNotification
0x000000002ba31000 	/System/Library/PrivateFrameworks/DebugSymbols.framework/Versions/A/DebugSymbols
0x000000002ba31000 	/System/Library/PrivateFrameworks/CoreSymbolication.framework/Versions/A/CoreSymbolication
0x000000002ba31000 	/System/Library/PrivateFrameworks/Symbolication.framework/Versions/A/Symbolication
0x000000002ba31000 	/System/Library/PrivateFrameworks/AppleFSCompression.framework/Versions/A/AppleFSCompression
0x000000002ba31000 	/System/Library/PrivateFrameworks/SpeechRecognitionCore.framework/Versions/A/SpeechRecognitionCore
0x0000000103e00000 	/Library/Java/JavaVirtualMachines/jdk1.8.0_152.jdk/Contents/Home/jre/lib/server/libjvm.dylib
0x000000002ba31000 	/usr/lib/libstdc++.6.0.9.dylib
0x0000000104dac000 	/Library/Java/JavaVirtualMachines/jdk1.8.0_152.jdk/Contents/Home/jre/lib/libverify.dylib
0x0000000104dba000 	/Library/Java/JavaVirtualMachines/jdk1.8.0_152.jdk/Contents/Home/jre/lib/libjava.dylib
0x0000000104e3a000 	/Library/Java/JavaVirtualMachines/jdk1.8.0_152.jdk/Contents/Home/jre/lib/libzip.dylib
0x0000000121185000 	/Library/Java/JavaVirtualMachines/jdk1.8.0_152.jdk/Contents/Home/jre/lib/libawt.dylib
0x000000012122f000 	/Library/Java/JavaVirtualMachines/jdk1.8.0_152.jdk/Contents/Home/jre/lib/./libmlib_image.dylib
0x000000002ba31000 	/System/Library/Frameworks/JavaVM.framework/Versions/A/Frameworks/JavaNativeFoundation.framework/Versions/A/JavaNativeFoundation
0x000000002ba31000 	/System/Library/Frameworks/JavaVM.framework/Versions/A/Frameworks/JavaRuntimeSupport.framework/Versions/A/JavaRuntimeSupport
0x000000002ba31000 	/System/Library/Frameworks/JavaVM.framework/Versions/A/JavaVM
0x000000002ba31000 	/System/Library/PrivateFrameworks/JavaLaunching.framework/Versions/A/JavaLaunching
0x000000002ba31000 	/System/Library/Frameworks/Carbon.framework/Versions/A/Carbon
0x000000002ba31000 	/System/Library/Frameworks/Carbon.framework/Versions/A/Frameworks/CommonPanels.framework/Versions/A/CommonPanels
0x000000002ba31000 	/System/Library/Frameworks/Carbon.framework/Versions/A/Frameworks/Help.framework/Versions/A/Help
0x000000002ba31000 	/System/Library/Frameworks/Carbon.framework/Versions/A/Frameworks/ImageCapture.framework/Versions/A/ImageCapture
0x000000002ba31000 	/System/Library/Frameworks/Carbon.framework/Versions/A/Frameworks/OpenScripting.framework/Versions/A/OpenScripting
0x000000002ba31000 	/System/Library/Frameworks/Carbon.framework/Versions/A/Frameworks/Print.framework/Versions/A/Print
0x000000002ba31000 	/System/Library/Frameworks/Carbon.framework/Versions/A/Frameworks/SecurityHI.framework/Versions/A/SecurityHI
0x00000001212fb000 	/Library/Java/JavaVirtualMachines/jdk1.8.0_152.jdk/Contents/Home/jre/lib/libawt_lwawt.dylib
0x00000001213b5000 	/Library/Java/JavaVirtualMachines/jdk1.8.0_152.jdk/Contents/Home/jre/lib/./libosxapp.dylib
0x000000002ba31000 	/System/Library/Frameworks/ExceptionHandling.framework/Versions/A/ExceptionHandling
0x000000002ba31000 	/System/Library/PrivateFrameworks/CoreServicesInternal.framework/Versions/A/CoreServicesInternal
0x000000002ba31000 	/System/Library/CoreServices/RawCamera.bundle/Contents/MacOS/RawCamera
0x000000002ba31000 	/System/Library/PrivateFrameworks/MobileAsset.framework/Versions/A/MobileAsset
0x000000002ba31000 	/System/Library/PrivateFrameworks/StreamingZip.framework/Versions/A/StreamingZip
0x000000002ba31000 	/System/Library/Frameworks/MediaToolbox.framework/Versions/A/MediaToolbox
0x000000002ba31000 	/System/Library/PrivateFrameworks/CoreAVCHD.framework/Versions/A/CoreAVCHD
0x000000002ba31000 	/System/Library/Frameworks/MediaAccessibility.framework/Versions/A/MediaAccessibility
0x000000002ba31000 	/System/Library/PrivateFrameworks/Mangrove.framework/Versions/A/Mangrove
0x000000002ba31000 	/System/Library/Frameworks/CoreMedia.framework/Versions/A/CoreMedia
0x000000002ba31000 	/System/Library/Frameworks/VideoToolbox.framework/Versions/A/VideoToolbox
0x000000002ba31000 	/System/Library/PrivateFrameworks/CoreAUC.framework/Versions/A/CoreAUC
0x000000002ba31000 	/usr/lib/libspindump.dylib
0x000000002ba31000 	/usr/lib/libdscsym.dylib
0x000000002ba31000 	/System/Library/PrivateFrameworks/AppleVA.framework/Versions/A/AppleVA
0x000000002ba31000 	/System/Library/Frameworks/Accelerate.framework/Versions/A/Frameworks/vImage.framework/Versions/A/Libraries/libCGInterfaces.dylib
0x000000002ba31000 	/System/Library/Frameworks/ApplicationServices.framework/Versions/A/Frameworks/ATS.framework/Versions/A/Resources/libTrueTypeScaler.dylib
0x000000002ba31000 	/System/Library/Frameworks/OpenGL.framework/Versions/A/Resources/GLEngine.bundle/GLEngine
0x000000002ba31000 	/System/Library/Frameworks/OpenGL.framework/Versions/A/Libraries/libGLProgrammability.dylib
0x00000001238f7000 	/System/Library/Extensions/AppleIntelKBLGraphicsGLDriver.bundle/Contents/MacOS/AppleIntelKBLGraphicsGLDriver
0x000000002ba31000 	/System/Library/PrivateFrameworks/GPUSupport.framework/Versions/A/Libraries/libGPUSupportMercury.dylib
0x000000002ba31000 	/System/Library/Frameworks/OpenGL.framework/Versions/A/Resources/GLRendererFloat.bundle/GLRendererFloat
0x000000002ba31000 	/System/Library/Frameworks/OpenCL.framework/Versions/A/Libraries/libcldcpuengine.dylib
0x000000002ba31000 	/usr/lib/libcrypto.35.dylib
0x000000002ba31000 	/System/Library/PrivateFrameworks/TrustEvaluationAgent.framework/Versions/A/TrustEvaluationAgent
0x000000002ba31000 	/System/Library/Extensions/AppleIntelKBLGraphicsMTLDriver.bundle/Contents/MacOS/AppleIntelKBLGraphicsMTLDriver
0x000000002ba31000 	/System/Library/PrivateFrameworks/GPUCompiler.framework/Versions/3802/Libraries/libmetal_timestamp.dylib
0x000000002ba31000 	/System/Library/PrivateFrameworks/FamilyControls.framework/Versions/A/FamilyControls
0x000000002ba31000 	/System/Library/PrivateFrameworks/CommerceKit.framework/Versions/A/Frameworks/CommerceCore.framework/Versions/A/CommerceCore
0x000000002ba31000 	/System/Library/PrivateFrameworks/SystemAdministration.framework/Versions/A/SystemAdministration
0x000000002ba31000 	/System/Library/PrivateFrameworks/AppContainer.framework/Versions/A/AppContainer
0x000000002ba31000 	/System/Library/PrivateFrameworks/SecCodeWrapper.framework/Versions/A/SecCodeWrapper
0x000000002ba31000 	/System/Library/PrivateFrameworks/DiskManagement.framework/Versions/A/DiskManagement
0x000000002ba31000 	/System/Library/Frameworks/DirectoryService.framework/Versions/A/DirectoryService
0x000000002ba31000 	/System/Library/PrivateFrameworks/DiskImages.framework/Versions/A/DiskImages
0x000000002ba31000 	/System/Library/PrivateFrameworks/LoginUIKit.framework/Versions/A/Frameworks/LoginUICore.framework/Versions/A/LoginUICore
0x000000002ba31000 	/usr/lib/libCoreStorage.dylib
0x000000002ba31000 	/usr/lib/libcsfde.dylib
0x000000002ba31000 	/usr/lib/libodfde.dylib
0x000000002ba31000 	/System/Library/PrivateFrameworks/MediaKit.framework/Versions/A/MediaKit
0x000000002ba31000 	/System/Library/Frameworks/DiscRecording.framework/Versions/A/DiscRecording
0x000000002ba31000 	/System/Library/PrivateFrameworks/EFILogin.framework/Versions/A/EFILogin
0x000000002ba31000 	/System/Library/PrivateFrameworks/ProtectedCloudStorage.framework/Versions/A/ProtectedCloudStorage
0x000000002ba31000 	/usr/lib/libcurl.4.dylib
0x000000002ba31000 	/usr/lib/libssl.35.dylib
0x000000002ba31000 	/System/Library/Frameworks/LDAP.framework/Versions/A/LDAP
0x000000002ba31000 	/usr/lib/libsasl2.2.dylib
0x000000002ba31000 	/System/Library/PrivateFrameworks/CoreDaemon.framework/Versions/B/CoreDaemon
0x000000002ba31000 	/System/Library/PrivateFrameworks/AppleSRP.framework/Versions/A/AppleSRP
0x0000000126bfb000 	/Library/Java/JavaVirtualMachines/jdk1.8.0_152.jdk/Contents/Home/jre/lib/libfontmanager.dylib
0x0000000126c62000 	/Library/Java/JavaVirtualMachines/jdk1.8.0_152.jdk/Contents/Home/jre/lib/libosxui.dylib
0x000000002ba31000 	/System/Library/PrivateFrameworks/ViewBridge.framework/Versions/A/ViewBridge
0x0000000128207000 	/Library/Java/JavaVirtualMachines/jdk1.8.0_152.jdk/Contents/Home/jre/lib/libnet.dylib
0x000000012821e000 	/Library/Java/JavaVirtualMachines/jdk1.8.0_152.jdk/Contents/Home/jre/lib/libnio.dylib
0x0000000192829000 	/Library/Java/JavaVirtualMachines/jdk1.8.0_152.jdk/Contents/Home/jre/lib/libdcpr.dylib
0x00000001280d0000 	/Library/Java/JavaVirtualMachines/jdk1.8.0_152.jdk/Contents/Home/jre/lib/libosx.dylib
0x000000002ba31000 	/System/Library/PrivateFrameworks/CloudDocs.framework/Versions/A/CloudDocs
0x000000002ba31000 	/System/Library/PrivateFrameworks/FileProvider.framework/Versions/A/FileProvider
0x000000002ba31000 	/System/Library/PrivateFrameworks/SpotlightIndex.framework/Versions/A/SpotlightIndex
0x000000002ba31000 	/System/Library/PrivateFrameworks/SymptomDiagnosticReporter.framework/Versions/A/SymptomDiagnosticReporter
0x000000002ba31000 	/System/Library/PrivateFrameworks/GenerationalStorage.framework/Versions/A/GenerationalStorage
0x000000002ba31000 	/System/Library/PrivateFrameworks/ChunkingLibrary.framework/Versions/A/ChunkingLibrary
0x000000002ba31000 	/System/Library/PrivateFrameworks/CoreNLP.framework/Versions/A/CoreNLP
0x000000002ba31000 	/usr/lib/libmecab.1.0.0.dylib
0x000000002ba31000 	/usr/lib/libgermantok.dylib
0x000000002ba31000 	/usr/lib/libThaiTokenizer.dylib
0x000000002ba31000 	/System/Library/PrivateFrameworks/login.framework/Versions/A/login
0x000000002ba31000 	/System/Library/PrivateFrameworks/Shortcut.framework/Versions/A/Shortcut
0x000000002ba31000 	/System/Library/PrivateFrameworks/HelpData.framework/Versions/A/HelpData
0x000000002ba31000 	/System/Library/PrivateFrameworks/FinderKit.framework/Versions/A/FinderKit
0x000000002ba31000 	/System/Library/Frameworks/Quartz.framework/Versions/A/Frameworks/QuickLookUI.framework/Versions/A/QuickLookUI
0x000000002ba31000 	/System/Library/Frameworks/Quartz.framework/Versions/A/Frameworks/ImageKit.framework/Versions/A/ImageKit
0x000000002ba31000 	/System/Library/Frameworks/QuickLook.framework/Versions/A/QuickLook
0x000000002ba31000 	/System/Library/PrivateFrameworks/AppleSystemInfo.framework/Versions/A/AppleSystemInfo
0x000000002ba31000 	/System/Library/Frameworks/ImageCaptureCore.framework/Versions/A/ImageCaptureCore
0x000000002ba31000 	/System/Library/PrivateFrameworks/Suggestions.framework/Versions/A/Suggestions
0x000000002ba31000 	/System/Library/Frameworks/SafariServices.framework/Versions/A/SafariServices
0x000000002ba31000 	/System/Library/Frameworks/QTKit.framework/Versions/A/QTKit
0x000000002ba31000 	/System/Library/PrivateFrameworks/MobileKeyBag.framework/Versions/A/MobileKeyBag
0x000000002ba31000 	/System/Library/Frameworks/AVFoundation.framework/Versions/A/AVFoundation
0x000000002ba31000 	/System/Library/PrivateFrameworks/CoreMediaAuthoring.framework/Versions/A/CoreMediaAuthoring
0x000000002ba31000 	/System/Library/Frameworks/CoreMediaIO.framework/Versions/A/CoreMediaIO
0x000000002ba31000 	/System/Library/Frameworks/AVFoundation.framework/Versions/A/Frameworks/AVFAudio.framework/Versions/A/AVFAudio
0x000000002ba31000 	/System/Library/PrivateFrameworks/IntlPreferences.framework/Versions/A/IntlPreferences
0x000000002ba31000 	/System/Library/PrivateFrameworks/RemoteServiceDiscovery.framework/Versions/A/RemoteServiceDiscovery
0x000000002ba31000 	/System/Library/PrivateFrameworks/RemoteXPC.framework/Versions/A/RemoteXPC
0x000000002ba31000 	/System/Library/PrivateFrameworks/InternationalSupport.framework/Versions/A/InternationalSupport
0x000000002ba31000 	/System/Library/PrivateFrameworks/QuickLookThumbnailing.framework/Versions/A/QuickLookThumbnailing
0x000000002ba31000 	/System/Library/PrivateFrameworks/DisplayServices.framework/Versions/A/DisplayServices
0x000000002ba31000 	/System/Library/Frameworks/Quartz.framework/Versions/A/Frameworks/PDFKit.framework/Versions/A/PDFKit
0x000000002ba31000 	/System/Library/Frameworks/Quartz.framework/Versions/A/Frameworks/QuartzComposer.framework/Versions/A/QuartzComposer
0x000000002ba31000 	/System/Library/Frameworks/Quartz.framework/Versions/A/Frameworks/QuartzFilters.framework/Versions/A/QuartzFilters
0x000000002ba31000 	/System/Library/PrivateFrameworks/CorePDF.framework/Versions/A/CorePDF
0x000000002ba31000 	/System/Library/Frameworks/JavaScriptCore.framework/Versions/A/JavaScriptCore
0x000000002ba31000 	/System/Library/Frameworks/AddressBook.framework/Versions/A/AddressBook
0x000000002ba31000 	/System/Library/PrivateFrameworks/ContactsPersistence.framework/Versions/A/ContactsPersistence
0x000000002ba31000 	/System/Library/PrivateFrameworks/ApplePushService.framework/Versions/A/ApplePushService
0x000000002ba31000 	/System/Library/PrivateFrameworks/CalendarAgentLink.framework/Versions/A/CalendarAgentLink
0x000000002ba31000 	/System/Library/PrivateFrameworks/ContactsFoundation.framework/Versions/A/ContactsFoundation
0x000000002ba31000 	/System/Library/PrivateFrameworks/CorePhoneNumbers.framework/Versions/A/CorePhoneNumbers
0x000000002ba31000 	/System/Library/Frameworks/Quartz.framework/Versions/A/Quartz
0x000000002ba31000 	/System/Library/Frameworks/SecurityInterface.framework/Versions/A/SecurityInterface
0x000000002ba31000 	/System/Library/PrivateFrameworks/ToneKit.framework/Versions/A/ToneKit
0x000000002ba31000 	/System/Library/PrivateFrameworks/ToneLibrary.framework/Versions/A/ToneLibrary
0x000000002ba31000 	/System/Library/PrivateFrameworks/vCard.framework/Versions/A/vCard
0x000000002ba31000 	/System/Library/Frameworks/Accounts.framework/Versions/A/Accounts
0x000000002ba31000 	/System/Library/PrivateFrameworks/PhoneNumbers.framework/Versions/A/PhoneNumbers
0x000000002ba31000 	/System/Library/PrivateFrameworks/CommonUtilities.framework/Versions/A/CommonUtilities
0x000000002ba31000 	/System/Library/PrivateFrameworks/PlugInKit.framework/Versions/A/PlugInKit
0x000000002ba31000 	/System/Library/PrivateFrameworks/SharePointManagement.framework/Versions/A/SharePointManagement
0x0000000192b7a000 	/System/Library/Frameworks/Security.framework/PlugIns/csparser.bundle/Contents/MacOS/csparser
0x00000001238c0000 	/System/Library/PrivateFrameworks/FileProvider.framework/OverrideBundles/CloudDocsFileProvider.bundle/Contents/MacOS/CloudDocsFileProvider
0x0000000125b7a000 	/System/Library/PrivateFrameworks/FileProvider.framework/OverrideBundles/FileProviderOverride.bundle/Contents/MacOS/FileProviderOverride
0x0000000192a10000 	/System/Library/PrivateFrameworks/FileProvider.framework/OverrideBundles/FinderSyncCollaborationFileProviderOverride.bundle/Contents/MacOS/FinderSyncCollaborationFileProviderOverride
0x000000002ba31000 	/System/Library/Frameworks/CloudKit.framework/Versions/A/CloudKit
0x000000002ba31000 	/System/Library/Frameworks/CoreLocation.framework/Versions/A/CoreLocation
0x000000002ba31000 	/System/Library/PrivateFrameworks/GeoServices.framework/Versions/A/GeoServices

VM Arguments:
jvm_args: -Dfile.encoding=UTF-8 
java_command: pluginTools.InteractiveIlastikEllipseFit
java_class_path (initial): /Library/Java/JavaVirtualMachines/jdk1.8.0_152.jdk/Contents/Home/jre/lib/resources.jar:/Library/Java/JavaVirtualMachines/jdk1.8.0_152.jdk/Contents/Home/jre/lib/rt.jar:/Library/Java/JavaVirtualMachines/jdk1.8.0_152.jdk/Contents/Home/jre/lib/jsse.jar:/Library/Java/JavaVirtualMachines/jdk1.8.0_152.jdk/Contents/Home/jre/lib/jce.jar:/Library/Java/JavaVirtualMachines/jdk1.8.0_152.jdk/Contents/Home/jre/lib/charsets.jar:/Library/Java/JavaVirtualMachines/jdk1.8.0_152.jdk/Contents/Home/jre/lib/jfr.jar:/Library/Java/JavaVirtualMachines/jdk1.8.0_152.jdk/Contents/Home/jre/lib/ext/sunec.jar:/Library/Java/JavaVirtualMachines/jdk1.8.0_152.jdk/Contents/Home/jre/lib/ext/nashorn.jar:/Library/Java/JavaVirtualMachines/jdk1.8.0_152.jdk/Contents/Home/jre/lib/ext/cldrdata.jar:/Library/Java/JavaVirtualMachines/jdk1.8.0_152.jdk/Contents/Home/jre/lib/ext/jfxrt.jar:/Library/Java/JavaVirtualMachines/jdk1.8.0_152.jdk/Contents/Home/jre/lib/ext/dnsns.jar:/Library/Java/JavaVirtualMachines/jdk1.8.0_152.jdk/Contents/Home/jre/lib/ext/localedata.jar:/Library/Java/JavaVirtualMachines/jdk1.8.0_152.jdk/Contents/Home/jre/lib/ext/sunjce_provider.jar:/Library/Java/JavaVirtualMachines/jdk1.8.0_152.jdk/Contents/Home/jre/lib/ext/sunpkcs11.jar:/Library/Java/JavaVirtualMachines/jdk1.8.0_152.jdk/Contents/Home/jre/lib/ext/jaccess.jar:/Library/Java/JavaVirtualMachines/jdk1.8.0_152.jdk/Contents/Home/jre/lib/ext/zipfs.jar:/System/Library/Java/Extensions/MRJToolkit.jar:/Users/aimachine/Bubbleator/target/classes:/Users/aimachine/imglib2-algorithm/target/classes:/Users/aimachine/imglib2-algorithm/target/test-classes:/Users/aimachine/.m2/repository/net/imglib2/imglib2/3.3.0/imglib2-3.3.0.jar:/Users/aimachine/.m2/repository/net/imglib2/imglib2-roi/0.4.5/imglib2-roi-0.4.5.jar:/Users/aimachine/.m2/repository/net/imglib2/imglib2-realtransform/2.0.0-beta-38/imglib2-realtransform-2.0.0-beta-38.jar:/Users/aimachine/.m2/repository/jitk/jitk-tps/3.0.0/jitk-tps-3.0.0.jar:/Users/aimachine/.m2/repository/
Launcher Type: SUN_STANDARD

Environment Variables:
PATH=/usr/bin:/bin:/usr/sbin:/sbin
SHELL=/bin/bash
DISPLAY=/private/tmp/com.apple.launchd.fywH5Bd8f1/org.macosforge.xquartz:0

Signal Handlers:
SIGSEGV: [libjvm.dylib+0x5b494d], sa_mask[0]=11111111011111110111111111111111, sa_flags=SA_ONSTACK|SA_RESTART|SA_SIGINFO
SIGBUS: [libjvm.dylib+0x5b494d], sa_mask[0]=11111111011111110111111111111111, sa_flags=SA_RESTART|SA_SIGINFO
SIGFPE: [libjvm.dylib+0x48ab54], sa_mask[0]=11111111011111110111111111111111, sa_flags=SA_RESTART|SA_SIGINFO
SIGPIPE: [libjvm.dylib+0x48ab54], sa_mask[0]=11111111011111110111111111111111, sa_flags=SA_RESTART|SA_SIGINFO
SIGXFSZ: [libjvm.dylib+0x48ab54], sa_mask[0]=11111111011111110111111111111111, sa_flags=SA_RESTART|SA_SIGINFO
SIGILL: [libjvm.dylib+0x48ab54], sa_mask[0]=11111111011111110111111111111111, sa_flags=SA_RESTART|SA_SIGINFO
SIGUSR1: SIG_DFL, sa_mask[0]=00000000000000000000000000000000, sa_flags=none
SIGUSR2: [libjvm.dylib+0x48a672], sa_mask[0]=00100000000000000000000000000000, sa_flags=SA_RESTART|SA_SIGINFO
SIGHUP: [libjvm.dylib+0x488c49], sa_mask[0]=11111111011111110111111111111111, sa_flags=SA_RESTART|SA_SIGINFO
SIGINT: [libjvm.dylib+0x488c49], sa_mask[0]=11111111011111110111111111111111, sa_flags=SA_RESTART|SA_SIGINFO
SIGTERM: [libjvm.dylib+0x488c49], sa_mask[0]=11111111011111110111111111111111, sa_flags=SA_RESTART|SA_SIGINFO
SIGQUIT: [libjvm.dylib+0x488c49], sa_mask[0]=11111111011111110111111111111111, sa_flags=SA_RESTART|SA_SIGINFO


---------------  S Y S T E M  ---------------

OS:Bsduname:Darwin 17.4.0 Darwin Kernel Version 17.4.0: Sun Dec 17 09:19:54 PST 2017; root:xnu-4570.41.2~1/RELEASE_X86_64 x86_64
rlimit: STACK 8192k, CORE 0k, NPROC 1418, NOFILE 12544, AS infinity
load average:2.38 2.87 2.86

CPU:total 4 (initial active 4) (2 cores per cpu, 2 threads per core) family 6 model 142 stepping 9, cmov, cx8, fxsr, mmx, sse, sse2, sse3, ssse3, sse4.1, sse4.2, popcnt, avx, avx2, aes, clmul, erms, 3dnowpref, lzcnt, ht, tsc, tscinvbit, bmi1, bmi2, adx

Memory: 4k page, physical 16777216k(47404k free)

/proc/meminfo:


vm_info: Java HotSpot(TM) 64-Bit Server VM (25.152-b16) for bsd-amd64 JRE (1.8.0_152-b16), built on Sep 14 2017 02:31:13 by "java_re" with gcc 4.2.1 (Based on Apple Inc. build 5658) (LLVM build 2336.11.00)

time: Thu Jun  7 00:14:56 2018
elapsed time: 24146 seconds (0d 6h 42m 26s)

