#
# A fatal error has been detected by the Java Runtime Environment:
#
#  SIGSEGV (0xb) at pc=0x000000012af8c2df, pid=34735, tid=0x000000000001400f
#
# JRE version: Java(TM) SE Runtime Environment (8.0_152-b16) (build 1.8.0_152-b16)
# Java VM: Java HotSpot(TM) 64-Bit Server VM (25.152-b16 mixed mode bsd-amd64 compressed oops)
# Problematic frame:
# C  [libawt_lwawt.dylib+0x1c2df]  OGLSD_SetScratchSurface+0x49
#
# Failed to write core dump. Core dumps have been disabled. To enable core dumping, try "ulimit -c unlimited" before starting Java again
#
# If you would like to submit a bug report, please visit:
#   http://bugreport.java.com/bugreport/crash.jsp
# The crash happened outside the Java Virtual Machine in native code.
# See problematic frame for where to report the bug.
#

---------------  T H R E A D  ---------------

Current thread (0x00007fc02c1ae800):  JavaThread "Java2D Queue Flusher" daemon [_thread_in_native, id=81935, stack(0x000070000af9f000,0x000070000b09f000)]

siginfo: si_signo: 11 (SIGSEGV), si_code: 1 (SEGV_MAPERR), si_addr: 0x0000000000000002

Registers:
RAX=0x00000000ffffffff, RBX=0x0000000000000002, RCX=0x0000000000000047, RDX=0x000000012afadd8c
RSP=0x000070000b09e7b0, RBP=0x000070000b09e7d0, RSI=0x00007fc02bdd71c0, RDI=0x00007fc02c1ae9f8
R8 =0x00007fc02bc84848, R9 =0xffffffff00000000, R10=0x000000010faec8b8, R11=0x00000000d80090fa
R12=0x0000000000000000, R13=0x000070000b09e8e0, R14=0x00007fc02c1ae9f8, R15=0x00007fc02c1ae800
RIP=0x000000012af8c2df, EFLAGS=0x0000000000010202, ERR=0x0000000000000004
  TRAPNO=0x000000000000000e

Top of Stack: (sp=0x000070000b09e7b0)
0x000070000b09e7b0:   00007fc02bdd71c0 0000000000000000
0x000070000b09e7c0:   00007fc02d388010 00007fc02c1ae800
0x000070000b09e7d0:   000070000b09e850 000000012afad86a
0x000070000b09e7e0:   0000000000000064 0000000000000000
0x000070000b09e7f0:   0000000000000064 00007fc02bc84068
0x000070000b09e800:   000070000b09e860 000000010e5f22fe
0x000070000b09e810:   00007fc000000005 00007fc02d388020
0x000070000b09e820:   0000000000000001 00007fc02c1ae9f8
0x000070000b09e830:   0000000127c99148 0000000000000000
0x000070000b09e840:   000070000b09e960 00007fc02c1ae800
0x000070000b09e850:   000070000b09e8a0 000000010faec92a
0x000070000b09e860:   00000006c00487b8 000000010f4fe428
0x000070000b09e870:   00000006c00488a0 000000010f8aa766
0x000070000b09e880:   00000006c00488a0 00000006c20e3360
0x000070000b09e890:   000070000b09e890 00000001a2f13c87
0x000070000b09e8a0:   00000006c00487b8 000000010f5e8e70
0x000070000b09e8b0:   000070000b09e938 000000010f2552bd
0x000070000b09e8c0:   000070000b09e938 000000010f2552bd
0x000070000b09e8d0:   0000000000000064 000000010f2552bd
0x000070000b09e8e0:   00000006c00487b8 0000000000000001
0x000070000b09e8f0:   00000006c00488a0 000070000b09e8e8
0x000070000b09e900:   0000000127c9c991 000070000b09e960
0x000070000b09e910:   0000000127c9d218 00000001a2f01098
0x000070000b09e920:   0000000127c9ca98 000070000b09e8e0
0x000070000b09e930:   000070000b09e960 000070000b09e9d0
0x000070000b09e940:   000000010f24d7a7 0000000000000000
0x000070000b09e950:   0000000000000000 deaddeaf00000000
0x000070000b09e960:   00000006c00488a0 00000006c03b12d8
0x000070000b09e970:   0000700000001fa0 000000000000000a
0x000070000b09e980:   00007fc02c1ae800 0000000000000001
0x000070000b09e990:   000000010f24d71f 0000000127c9ca98
0x000070000b09e9a0:   000070000b09ea68 000070000b09ed00 

Instructions: (pc=0x000000012af8c2df)
0x000000012af8c2bf:   c0 e9 82 00 00 00 48 8b 5e 10 48 85 db 75 0e bf
0x000000012af8c2cf:   01 00 00 00 48 8d 15 1e 95 03 00 eb d6 49 89 fe
0x000000012af8c2df:   4c 8b 3b 30 c0 e8 a7 bc 02 00 49 8b 3f 49 89 c4
0x000000012af8c2ef:   48 8b 35 f2 25 06 00 30 c0 e8 f5 bd 02 00 48 85 

Register to memory mapping:

RAX=0x00000000ffffffff is an unknown value
RBX=0x0000000000000002 is an unknown value
RCX=0x0000000000000047 is an unknown value
RDX=0x000000012afadd8c: Java_sun_java2d_opengl_OGLRenderQueue_flushBuffer+0xb5c in /Library/Java/JavaVirtualMachines/jdk1.8.0_152.jdk/Contents/Home/jre/lib/libawt_lwawt.dylib at 0x000000012af70000
RSP=0x000070000b09e7b0 is pointing into the stack for thread: 0x00007fc02c1ae800
RBP=0x000070000b09e7d0 is pointing into the stack for thread: 0x00007fc02c1ae800
RSI=0x00007fc02bdd71c0 is an unknown value
RDI=0x00007fc02c1ae9f8 is an unknown value
R8 =0x00007fc02bc84848 is an unknown value
R9 =0xffffffff00000000 is an unknown value
R10=0x000000010faec8b8 is at entry_point+56 in (nmethod*)0x000000010faec710
R11=0x00000000d80090fa is an unknown value
R12=0x0000000000000000 is an unknown value
R13=0x000070000b09e8e0 is pointing into the stack for thread: 0x00007fc02c1ae800
R14=0x00007fc02c1ae9f8 is an unknown value
R15=0x00007fc02c1ae800 is a thread


Stack: [0x000070000af9f000,0x000070000b09f000],  sp=0x000070000b09e7b0,  free space=1021k
Native frames: (J=compiled Java code, j=interpreted, Vv=VM code, C=native code)
C  [libawt_lwawt.dylib+0x1c2df]  OGLSD_SetScratchSurface+0x49
C  [libawt_lwawt.dylib+0x3d86a]  Java_sun_java2d_opengl_OGLRenderQueue_flushBuffer+0x63a
J 2941  sun.java2d.opengl.OGLRenderQueue.flushBuffer(JI)V (0 bytes) @ 0x000000010faec92a [0x000000010faec880+0xaa]
J 4755 C2 sun.java2d.opengl.OGLRenderQueue.access$100(Lsun/java2d/opengl/OGLRenderQueue;)V (5 bytes) @ 0x000000010f5e8e70 [0x000000010f5e8e40+0x30]
j  sun.java2d.opengl.OGLRenderQueue$QueueFlusher.run()V+81
v  ~StubRoutines::call_stub
V  [libjvm.dylib+0x2ef7b2]
V  [libjvm.dylib+0x2eff56]
V  [libjvm.dylib+0x2f0102]
V  [libjvm.dylib+0x34a8c5]
V  [libjvm.dylib+0x56e327]
V  [libjvm.dylib+0x56fa14]
V  [libjvm.dylib+0x48d542]
C  [libsystem_pthread.dylib+0x36c1]  _pthread_body+0x154
C  [libsystem_pthread.dylib+0x356d]  _pthread_body+0x0
C  [libsystem_pthread.dylib+0x2c5d]  thread_start+0xd
C  0x0000000000000000

Java frames: (J=compiled Java code, j=interpreted, Vv=VM code)
J 2941  sun.java2d.opengl.OGLRenderQueue.flushBuffer(JI)V (0 bytes) @ 0x000000010faec8b8 [0x000000010faec880+0x38]
J 4755 C2 sun.java2d.opengl.OGLRenderQueue.access$100(Lsun/java2d/opengl/OGLRenderQueue;)V (5 bytes) @ 0x000000010f5e8e70 [0x000000010f5e8e40+0x30]
j  sun.java2d.opengl.OGLRenderQueue$QueueFlusher.run()V+81
v  ~StubRoutines::call_stub

---------------  P R O C E S S  ---------------

Java Threads: ( => current thread )
  0x00007fc02c526800 JavaThread "pool-13-thread-1" [_thread_blocked, id=35607, stack(0x000070000c7ed000,0x000070000c8ed000)]
  0x00007fc02d4cb000 JavaThread "pool-12-thread-1" [_thread_blocked, id=59139, stack(0x000070000ba40000,0x000070000bb40000)]
  0x00007fc02d67e000 JavaThread "pool-11-thread-1" [_thread_blocked, id=12555, stack(0x000070000b2a8000,0x000070000b3a8000)]
  0x00007fc02de7b800 JavaThread "pool-10-thread-1" [_thread_blocked, id=128159, stack(0x000070000c6ea000,0x000070000c7ea000)]
  0x00007fc02d83e000 JavaThread "pool-9-thread-1" [_thread_blocked, id=128279, stack(0x000070000c5e7000,0x000070000c6e7000)]
  0x00007fc02cb0b800 JavaThread "pool-8-thread-1" [_thread_blocked, id=130583, stack(0x000070000c4e4000,0x000070000c5e4000)]
  0x00007fc02dff7000 JavaThread "pool-7-thread-1" [_thread_blocked, id=54335, stack(0x000070000c3e1000,0x000070000c4e1000)]
  0x00007fc02dee7000 JavaThread "pool-6-thread-1" [_thread_blocked, id=65303, stack(0x000070000c2de000,0x000070000c3de000)]
  0x00007fc02decf000 JavaThread "pool-5-thread-1" [_thread_blocked, id=65863, stack(0x000070000c1db000,0x000070000c2db000)]
  0x00007fc02d59d000 JavaThread "pool-4-thread-1" [_thread_blocked, id=58187, stack(0x000070000c0d8000,0x000070000c1d8000)]
  0x00007fc02d618800 JavaThread "SwingWorker-pool-1-thread-3" daemon [_thread_blocked, id=61927, stack(0x000070000bfd5000,0x000070000c0d5000)]
  0x00007fc02c8aa800 JavaThread "pool-3-thread-1" [_thread_blocked, id=67095, stack(0x000070000bed2000,0x000070000bfd2000)]
  0x00007fc02d46f000 JavaThread "SwingWorker-pool-1-thread-2" daemon [_thread_blocked, id=65039, stack(0x000070000bdcf000,0x000070000becf000)]
  0x00007fc02d48e000 JavaThread "pool-2-thread-1" [_thread_blocked, id=29503, stack(0x000070000bccc000,0x000070000bdcc000)]
  0x00007fc0320bd000 JavaThread "SwingWorker-pool-1-thread-1" daemon [_thread_blocked, id=4663, stack(0x000070000bbc9000,0x000070000bcc9000)]
  0x00007fc0320e1800 JavaThread "Timer-0" daemon [_thread_blocked, id=70923, stack(0x000070000b83a000,0x000070000b93a000)]
  0x00007fc02c4ec000 JavaThread "TimerQueue" daemon [_thread_blocked, id=57639, stack(0x000070000b634000,0x000070000b734000)]
  0x00007fc032052000 JavaThread "DestroyJavaVM" [_thread_blocked, id=9987, stack(0x0000700009de3000,0x0000700009ee3000)]
  0x00007fc02cb87800 JavaThread "AWT-EventQueue-0" [_thread_blocked, id=75551, stack(0x000070000b1a5000,0x000070000b2a5000)]
  0x00007fc02cb41800 JavaThread "Java2D Disposer" daemon [_thread_blocked, id=76563, stack(0x000070000b0a2000,0x000070000b1a2000)]
=>0x00007fc02c1ae800 JavaThread "Java2D Queue Flusher" daemon [_thread_in_native, id=81935, stack(0x000070000af9f000,0x000070000b09f000)]
  0x00007fc02c172800 JavaThread "AWT-Shutdown" [_thread_blocked, id=39723, stack(0x000070000ac90000,0x000070000ad90000)]
  0x00007fc02ca73000 JavaThread "AppKit Thread" daemon [_thread_in_native, id=775, stack(0x00007ffee21c4000,0x00007ffee29c4000)]
  0x00007fc02c883000 JavaThread "Service Thread" daemon [_thread_blocked, id=14083, stack(0x000070000aa07000,0x000070000ab07000)]
  0x00007fc02d063800 JavaThread "C1 CompilerThread2" daemon [_thread_blocked, id=17667, stack(0x000070000a904000,0x000070000aa04000)]
  0x00007fc02d062800 JavaThread "C2 CompilerThread1" daemon [_thread_blocked, id=13571, stack(0x000070000a801000,0x000070000a901000)]
  0x00007fc02d068800 JavaThread "C2 CompilerThread0" daemon [_thread_blocked, id=13315, stack(0x000070000a6fe000,0x000070000a7fe000)]
  0x00007fc02c813800 JavaThread "Signal Dispatcher" daemon [_thread_blocked, id=18695, stack(0x000070000a5fb000,0x000070000a6fb000)]
  0x00007fc02d04f000 JavaThread "Finalizer" daemon [_thread_blocked, id=11523, stack(0x000070000a4f8000,0x000070000a5f8000)]
  0x00007fc02d04c800 JavaThread "Reference Handler" daemon [_thread_blocked, id=20739, stack(0x000070000a3f5000,0x000070000a4f5000)]

Other Threads:
  0x00007fc02d048000 VMThread [stack: 0x000070000a2f2000,0x000070000a3f2000] [id=20995]
  0x00007fc02d80b800 WatcherThread [stack: 0x000070000ab0a000,0x000070000ac0a000] [id=17411]

VM state:not at safepoint (normal execution)

VM Mutex/Monitor currently owned by a thread: None

Heap:
 PSYoungGen      total 38400K, used 1661K [0x000000076ab00000, 0x000000076dc00000, 0x00000007c0000000)
  eden space 26624K, 6% used [0x000000076ab00000,0x000000076ac9f488,0x000000076c500000)
  from space 11776K, 0% used [0x000000076c500000,0x000000076c500000,0x000000076d080000)
  to   space 11776K, 0% used [0x000000076d080000,0x000000076d080000,0x000000076dc00000)
 ParOldGen       total 114176K, used 42363K [0x00000006c0000000, 0x00000006c6f80000, 0x000000076ab00000)
  object space 114176K, 37% used [0x00000006c0000000,0x00000006c295efa0,0x00000006c6f80000)
 Metaspace       used 30668K, capacity 31143K, committed 31488K, reserved 1077248K
  class space    used 4186K, capacity 4304K, committed 4352K, reserved 1048576K

Card table byte_map: [0x000000011e24d000,0x000000011ea4e000] byte_map_base: 0x000000011ac4d000

Marking Bits: (ParMarkBitMap*) 0x000000010eb976c0
 Begin Bits: [0x000000011efa4000, 0x0000000122fa4000)
 End Bits:   [0x0000000122fa4000, 0x0000000126fa4000)

Polling page: 0x000000010d2b9000

CodeCache: size=245760Kb used=13840Kb max_used=14565Kb free=231919Kb
 bounds [0x000000010f24d000, 0x00000001100cd000, 0x000000011e24d000]
 total_blobs=4768 nmethods=4052 adapters=627
 compilation: enabled

Compilation events (10 events):
Event: 6059.001 Thread 0x00007fc02d063800 5068   !   3       sun.java2d.Disposer::clearDeferredRecords (70 bytes)
Event: 6059.002 Thread 0x00007fc02d062800 5069       4       sun.java2d.pipe.PixelToParallelogramConverter::normalize (15 bytes)
Event: 6059.002 Thread 0x00007fc02d063800 nmethod 5068 0x0000000110078f50 code [0x0000000110079180, 0x0000000110079ff8]
Event: 6059.003 Thread 0x00007fc02d062800 nmethod 5069 0x000000010fb1e850 code [0x000000010fb1e9c0, 0x000000010fb1eaf8]
Event: 6059.012 Thread 0x00007fc02d063800 5070 % !   3       sun.java2d.Disposer::run @ 0 (53 bytes)
Event: 6059.013 Thread 0x00007fc02d063800 nmethod 5070% 0x000000010f548150 code [0x000000010f548360, 0x000000010f548ed8]
Event: 6059.013 Thread 0x00007fc02d068800 5071       4       javax.swing.JComponent::isDoubleBuffered (6 bytes)
Event: 6059.014 Thread 0x00007fc02d068800 nmethod 5071 0x000000010fac7e50 code [0x000000010fac7fa0, 0x000000010fac8018]
Event: 6059.023 Thread 0x00007fc02d062800 5072   !   4       sun.java2d.Disposer::clearDeferredRecords (70 bytes)
Event: 6059.028 Thread 0x00007fc02d062800 nmethod 5072 0x000000010fb54910 code [0x000000010fb54aa0, 0x000000010fb54cc8]

GC Heap History (10 events):
Event: 6042.592 GC heap before
{Heap before GC invocations=518 (full 4):
 PSYoungGen      total 37888K, used 37437K [0x000000076ab00000, 0x000000076d900000, 0x00000007c0000000)
  eden space 28672K, 100% used [0x000000076ab00000,0x000000076c700000,0x000000076c700000)
  from space 9216K, 95% used [0x000000076c700000,0x000000076cf8f570,0x000000076d000000)
  to   space 9216K, 0% used [0x000000076d000000,0x000000076d000000,0x000000076d900000)
 ParOldGen       total 113664K, used 88310K [0x00000006c0000000, 0x00000006c6f00000, 0x000000076ab00000)
  object space 113664K, 77% used [0x00000006c0000000,0x00000006c563d930,0x00000006c6f00000)
 Metaspace       used 30628K, capacity 31127K, committed 31488K, reserved 1077248K
  class space    used 4187K, capacity 4316K, committed 4352K, reserved 1048576K
Event: 6042.598 GC heap after
Heap after GC invocations=518 (full 4):
 PSYoungGen      total 37888K, used 8507K [0x000000076ab00000, 0x000000076d900000, 0x00000007c0000000)
  eden space 28672K, 0% used [0x000000076ab00000,0x000000076ab00000,0x000000076c700000)
  from space 9216K, 92% used [0x000000076d000000,0x000000076d84ee00,0x000000076d900000)
  to   space 9216K, 0% used [0x000000076c700000,0x000000076c700000,0x000000076d000000)
 ParOldGen       total 113664K, used 88326K [0x00000006c0000000, 0x00000006c6f00000, 0x000000076ab00000)
  object space 113664K, 77% used [0x00000006c0000000,0x00000006c5641930,0x00000006c6f00000)
 Metaspace       used 30628K, capacity 31127K, committed 31488K, reserved 1077248K
  class space    used 4187K, capacity 4316K, committed 4352K, reserved 1048576K
}
Event: 6048.629 GC heap before
{Heap before GC invocations=519 (full 4):
 PSYoungGen      total 37888K, used 37179K [0x000000076ab00000, 0x000000076d900000, 0x00000007c0000000)
  eden space 28672K, 100% used [0x000000076ab00000,0x000000076c700000,0x000000076c700000)
  from space 9216K, 92% used [0x000000076d000000,0x000000076d84ee00,0x000000076d900000)
  to   space 9216K, 0% used [0x000000076c700000,0x000000076c700000,0x000000076d000000)
 ParOldGen       total 113664K, used 88326K [0x00000006c0000000, 0x00000006c6f00000, 0x000000076ab00000)
  object space 113664K, 77% used [0x00000006c0000000,0x00000006c5641930,0x00000006c6f00000)
 Metaspace       used 30628K, capacity 31127K, committed 31488K, reserved 1077248K
  class space    used 4187K, capacity 4316K, committed 4352K, reserved 1048576K
Event: 6048.634 GC heap after
Heap after GC invocations=519 (full 4):
 PSYoungGen      total 37888K, used 8679K [0x000000076ab00000, 0x000000076da00000, 0x00000007c0000000)
  eden space 28672K, 0% used [0x000000076ab00000,0x000000076ab00000,0x000000076c700000)
  from space 9216K, 94% used [0x000000076c700000,0x000000076cf79da0,0x000000076d000000)
  to   space 9728K, 0% used [0x000000076d080000,0x000000076d080000,0x000000076da00000)
 ParOldGen       total 113664K, used 88350K [0x00000006c0000000, 0x00000006c6f00000, 0x000000076ab00000)
  object space 113664K, 77% used [0x00000006c0000000,0x00000006c5647930,0x00000006c6f00000)
 Metaspace       used 30628K, capacity 31127K, committed 31488K, reserved 1077248K
  class space    used 4187K, capacity 4316K, committed 4352K, reserved 1048576K
}
Event: 6057.119 GC heap before
{Heap before GC invocations=520 (full 4):
 PSYoungGen      total 37888K, used 37084K [0x000000076ab00000, 0x000000076da00000, 0x00000007c0000000)
  eden space 28672K, 99% used [0x000000076ab00000,0x000000076c6bd568,0x000000076c700000)
  from space 9216K, 94% used [0x000000076c700000,0x000000076cf79da0,0x000000076d000000)
  to   space 9728K, 0% used [0x000000076d080000,0x000000076d080000,0x000000076da00000)
 ParOldGen       total 113664K, used 88350K [0x00000006c0000000, 0x00000006c6f00000, 0x000000076ab00000)
  object space 113664K, 77% used [0x00000006c0000000,0x00000006c5647930,0x00000006c6f00000)
 Metaspace       used 30694K, capacity 31197K, committed 31488K, reserved 1077248K
  class space    used 4193K, capacity 4317K, committed 4352K, reserved 1048576K
Event: 6057.145 GC heap after
Heap after GC invocations=520 (full 4):
 PSYoungGen      total 36352K, used 9721K [0x000000076ab00000, 0x000000076de00000, 0x00000007c0000000)
  eden space 26624K, 0% used [0x000000076ab00000,0x000000076ab00000,0x000000076c500000)
  from space 9728K, 99% used [0x000000076d080000,0x000000076d9fe740,0x000000076da00000)
  to   space 11776K, 0% used [0x000000076c500000,0x000000076c500000,0x000000076d080000)
 ParOldGen       total 113664K, used 94079K [0x00000006c0000000, 0x00000006c6f00000, 0x000000076ab00000)
  object space 113664K, 82% used [0x00000006c0000000,0x00000006c5bdfcd0,0x00000006c6f00000)
 Metaspace       used 30694K, capacity 31197K, committed 31488K, reserved 1077248K
  class space    used 4193K, capacity 4317K, committed 4352K, reserved 1048576K
}
Event: 6058.877 GC heap before
{Heap before GC invocations=521 (full 4):
 PSYoungGen      total 36352K, used 36345K [0x000000076ab00000, 0x000000076de00000, 0x00000007c0000000)
  eden space 26624K, 100% used [0x000000076ab00000,0x000000076c500000,0x000000076c500000)
  from space 9728K, 99% used [0x000000076d080000,0x000000076d9fe740,0x000000076da00000)
  to   space 11776K, 0% used [0x000000076c500000,0x000000076c500000,0x000000076d080000)
 ParOldGen       total 113664K, used 94079K [0x00000006c0000000, 0x00000006c6f00000, 0x000000076ab00000)
  object space 113664K, 82% used [0x00000006c0000000,0x00000006c5bdfcd0,0x00000006c6f00000)
 Metaspace       used 30700K, capacity 31197K, committed 31488K, reserved 1077248K
  class space    used 4193K, capacity 4317K, committed 4352K, reserved 1048576K
Event: 6058.901 GC heap after
Heap after GC invocations=521 (full 4):
 PSYoungGen      total 38400K, used 8356K [0x000000076ab00000, 0x000000076dc00000, 0x00000007c0000000)
  eden space 26624K, 0% used [0x000000076ab00000,0x000000076ab00000,0x000000076c500000)
  from space 11776K, 70% used [0x000000076c500000,0x000000076cd292a0,0x000000076d080000)
  to   space 11776K, 0% used [0x000000076d080000,0x000000076d080000,0x000000076dc00000)
 ParOldGen       total 113664K, used 110530K [0x00000006c0000000, 0x00000006c6f00000, 0x000000076ab00000)
  object space 113664K, 97% used [0x00000006c0000000,0x00000006c6bf0980,0x00000006c6f00000)
 Metaspace       used 30700K, capacity 31197K, committed 31488K, reserved 1077248K
  class space    used 4193K, capacity 4317K, committed 4352K, reserved 1048576K
}
Event: 6058.901 GC heap before
{Heap before GC invocations=522 (full 5):
 PSYoungGen      total 38400K, used 8356K [0x000000076ab00000, 0x000000076dc00000, 0x00000007c0000000)
  eden space 26624K, 0% used [0x000000076ab00000,0x000000076ab00000,0x000000076c500000)
  from space 11776K, 70% used [0x000000076c500000,0x000000076cd292a0,0x000000076d080000)
  to   space 11776K, 0% used [0x000000076d080000,0x000000076d080000,0x000000076dc00000)
 ParOldGen       total 113664K, used 110530K [0x00000006c0000000, 0x00000006c6f00000, 0x000000076ab00000)
  object space 113664K, 97% used [0x00000006c0000000,0x00000006c6bf0980,0x00000006c6f00000)
 Metaspace       used 30700K, capacity 31197K, committed 31488K, reserved 1077248K
  class space    used 4193K, capacity 4317K, committed 4352K, reserved 1048576K
Event: 6058.985 GC heap after
Heap after GC invocations=522 (full 5):
 PSYoungGen      total 38400K, used 0K [0x000000076ab00000, 0x000000076dc00000, 0x00000007c0000000)
  eden space 26624K, 0% used [0x000000076ab00000,0x000000076ab00000,0x000000076c500000)
  from space 11776K, 0% used [0x000000076c500000,0x000000076c500000,0x000000076d080000)
  to   space 11776K, 0% used [0x000000076d080000,0x000000076d080000,0x000000076dc00000)
 ParOldGen       total 114176K, used 42363K [0x00000006c0000000, 0x00000006c6f80000, 0x000000076ab00000)
  object space 114176K, 37% used [0x00000006c0000000,0x00000006c295efa0,0x00000006c6f80000)
 Metaspace       used 30665K, capacity 31143K, committed 31488K, reserved 1077248K
  class space    used 4186K, capacity 4304K, committed 4352K, reserved 1048576K
}

Deoptimization events (10 events):
Event: 6056.711 Thread 0x00007fc02cb87800 Uncommon trap: reason=bimorphic action=maybe_recompile pc=0x000000010fc85c5c method=sun.java2d.SunGraphics2D.getDeviceConfiguration()Ljava/awt/GraphicsConfiguration; @ 4
Event: 6056.717 Thread 0x00007fc02cb87800 Uncommon trap: reason=bimorphic action=maybe_recompile pc=0x000000010fc85c5c method=sun.java2d.SunGraphics2D.getDeviceConfiguration()Ljava/awt/GraphicsConfiguration; @ 4
Event: 6056.718 Thread 0x00007fc02cb87800 Uncommon trap: reason=bimorphic action=maybe_recompile pc=0x000000010fc85c5c method=sun.java2d.SunGraphics2D.getDeviceConfiguration()Ljava/awt/GraphicsConfiguration; @ 4
Event: 6056.860 Thread 0x00007fc02cb87800 Uncommon trap: reason=unstable_if action=reinterpret pc=0x000000010f7163d4 method=sun.java2d.SunGraphics2D.transformShape(Ljava/awt/Shape;)Ljava/awt/Shape; @ 11
Event: 6056.895 Thread 0x00007fc02cb87800 Uncommon trap: reason=unstable_if action=reinterpret pc=0x000000010ffe5218 method=sun.font.GlyphList.getInstance()Lsun/font/GlyphList; @ 3
Event: 6057.117 Thread 0x00007fc02cb87800 Uncommon trap: reason=null_check action=make_not_entrant pc=0x00000001100a5930 method=javax.swing.RepaintManager.getVolatileOffscreenBuffer(Ljava/awt/Component;II)Ljava/awt/Image; @ 172
Event: 6057.887 Thread 0x00007fc02cb87800 Uncommon trap: reason=unstable_if action=reinterpret pc=0x000000010fd80db0 method=sun.awt.image.SurfaceManager.flush(Z)V @ 4
Event: 6058.989 Thread 0x00007fc02cb41800 Uncommon trap: reason=speculate_class_check action=maybe_recompile pc=0x000000010f6d638c method=java.util.Hashtable.remove(Ljava/lang/Object;)Ljava/lang/Object; @ 6
Event: 6059.000 Thread 0x00007fc02cb41800 Uncommon trap: reason=unstable_if action=reinterpret pc=0x000000010fcd0558 method=sun.java2d.Disposer.clearDeferredRecords()V @ 3
Event: 6059.002 Thread 0x00007fc02cb41800 Uncommon trap: reason=unstable_if action=reinterpret pc=0x000000010f6d6620 method=sun.java2d.Disposer.clearDeferredRecords()V @ 3

Classes redefined (0 events):
No events

Internal exceptions (10 events):
Event: 25.449 Thread 0x00007fc0320bd000 Exception <a 'java/lang/ArrayIndexOutOfBoundsException'> (0x000000076e2af378) thrown at [/Users/java_re/workspace/8-2-build-macosx-x86_64/jdk8u152/9742/hotspot/src/share/vm/runtime/sharedRuntime.cpp, line 605]
Event: 25.449 Thread 0x00007fc0320bd000 Exception <a 'java/lang/ArrayIndexOutOfBoundsException'> (0x000000076e2af630) thrown at [/Users/java_re/workspace/8-2-build-macosx-x86_64/jdk8u152/9742/hotspot/src/share/vm/runtime/sharedRuntime.cpp, line 605]
Event: 25.449 Thread 0x00007fc0320bd000 Exception <a 'java/lang/ArrayIndexOutOfBoundsException'> (0x000000076e2af8f0) thrown at [/Users/java_re/workspace/8-2-build-macosx-x86_64/jdk8u152/9742/hotspot/src/share/vm/runtime/sharedRuntime.cpp, line 605]
Event: 25.449 Thread 0x00007fc0320bd000 Exception <a 'java/lang/ArrayIndexOutOfBoundsException'> (0x000000076e2afbb8) thrown at [/Users/java_re/workspace/8-2-build-macosx-x86_64/jdk8u152/9742/hotspot/src/share/vm/runtime/sharedRuntime.cpp, line 605]
Event: 25.450 Thread 0x00007fc0320bd000 Exception <a 'java/lang/ArrayIndexOutOfBoundsException'> (0x000000076e2afe88) thrown at [/Users/java_re/workspace/8-2-build-macosx-x86_64/jdk8u152/9742/hotspot/src/share/vm/runtime/sharedRuntime.cpp, line 605]
Event: 25.451 Thread 0x00007fc0320bd000 Exception <a 'java/lang/ArrayIndexOutOfBoundsException'> (0x000000076e2b0160) thrown at [/Users/java_re/workspace/8-2-build-macosx-x86_64/jdk8u152/9742/hotspot/src/share/vm/runtime/sharedRuntime.cpp, line 605]
Event: 25.454 Thread 0x00007fc0320bd000 Exception <a 'java/lang/ArrayIndexOutOfBoundsException'> (0x000000076e2b0440) thrown at [/Users/java_re/workspace/8-2-build-macosx-x86_64/jdk8u152/9742/hotspot/src/share/vm/runtime/sharedRuntime.cpp, line 605]
Event: 25.458 Thread 0x00007fc0320bd000 Exception <a 'java/lang/ArrayIndexOutOfBoundsException'> (0x000000076e2b0728) thrown at [/Users/java_re/workspace/8-2-build-macosx-x86_64/jdk8u152/9742/hotspot/src/share/vm/runtime/sharedRuntime.cpp, line 605]
Event: 6057.117 Thread 0x00007fc02cb87800 Implicit null exception at 0x00000001100a34b9 to 0x00000001100a58d4
Event: 6057.886 Thread 0x00007fc02cb87800 Implicit null exception at 0x000000010fd7efbb to 0x000000010fd80d79

Events (10 events):
Event: 6059.000 Executing VM operation: RevokeBias done
Event: 6059.000 Executing VM operation: RevokeBias
Event: 6059.000 Executing VM operation: RevokeBias done
Event: 6059.000 Thread 0x00007fc02cb41800 Uncommon trap: trap_request=0xffffff65 fr.pc=0x000000010fcd0558
Event: 6059.000 Thread 0x00007fc02cb41800 DEOPT PACKING pc=0x000000010fcd0558 sp=0x000070000b1a1880
Event: 6059.000 Thread 0x00007fc02cb41800 DEOPT UNPACKING pc=0x000000010f252229 sp=0x000070000b1a1828 mode 2
Event: 6059.000 Thread 0x00007fc02d063800 flushing nmethod 0x000000010f4a51d0
Event: 6059.002 Thread 0x00007fc02cb41800 Uncommon trap: trap_request=0xffffff65 fr.pc=0x000000010f6d6620
Event: 6059.002 Thread 0x00007fc02cb41800 DEOPT PACKING pc=0x000000010f6d6620 sp=0x000070000b1a18a0
Event: 6059.002 Thread 0x00007fc02cb41800 DEOPT UNPACKING pc=0x000000010f252229 sp=0x000070000b1a1838 mode 2


Dynamic libraries:
0x000000002ba31000 	/System/Library/Frameworks/Cocoa.framework/Versions/A/Cocoa
0x000000002ba31000 	/System/Library/Frameworks/Security.framework/Versions/A/Security
0x000000002ba31000 	/System/Library/Frameworks/ApplicationServices.framework/Versions/A/ApplicationServices
0x000000002ba31000 	/usr/lib/libz.1.dylib
0x000000002ba31000 	/usr/lib/libSystem.B.dylib
0x000000002ba31000 	/usr/lib/libobjc.A.dylib
0x000000002ba31000 	/System/Library/Frameworks/CoreFoundation.framework/Versions/A/CoreFoundation
0x000000002ba31000 	/System/Library/Frameworks/Foundation.framework/Versions/C/Foundation
0x000000002ba31000 	/System/Library/Frameworks/AppKit.framework/Versions/C/AppKit
0x000000002ba31000 	/System/Library/Frameworks/CoreData.framework/Versions/A/CoreData
0x000000002ba31000 	/System/Library/PrivateFrameworks/RemoteViewServices.framework/Versions/A/RemoteViewServices
0x000000002ba31000 	/System/Library/PrivateFrameworks/UIFoundation.framework/Versions/A/UIFoundation
0x000000002ba31000 	/System/Library/PrivateFrameworks/DFRFoundation.framework/Versions/A/DFRFoundation
0x000000002ba31000 	/System/Library/Frameworks/Metal.framework/Versions/A/Metal
0x000000002ba31000 	/System/Library/PrivateFrameworks/DesktopServicesPriv.framework/Versions/A/DesktopServicesPriv
0x000000002ba31000 	/usr/lib/libenergytrace.dylib
0x000000002ba31000 	/System/Library/PrivateFrameworks/SkyLight.framework/Versions/A/SkyLight
0x000000002ba31000 	/System/Library/Frameworks/CoreGraphics.framework/Versions/A/CoreGraphics
0x000000002ba31000 	/usr/lib/libScreenReader.dylib
0x000000002ba31000 	/System/Library/Frameworks/Accelerate.framework/Versions/A/Accelerate
0x000000002ba31000 	/System/Library/Frameworks/IOSurface.framework/Versions/A/IOSurface
0x000000002ba31000 	/System/Library/Frameworks/AudioToolbox.framework/Versions/A/AudioToolbox
0x000000002ba31000 	/System/Library/Frameworks/AudioUnit.framework/Versions/A/AudioUnit
0x000000002ba31000 	/System/Library/PrivateFrameworks/DataDetectorsCore.framework/Versions/A/DataDetectorsCore
0x000000002ba31000 	/System/Library/Frameworks/Carbon.framework/Versions/A/Frameworks/HIToolbox.framework/Versions/A/HIToolbox
0x000000002ba31000 	/usr/lib/libicucore.A.dylib
0x000000002ba31000 	/System/Library/Frameworks/QuartzCore.framework/Versions/A/QuartzCore
0x000000002ba31000 	/System/Library/Frameworks/Carbon.framework/Versions/A/Frameworks/SpeechRecognition.framework/Versions/A/SpeechRecognition
0x000000002ba31000 	/usr/lib/libauto.dylib
0x000000002ba31000 	/usr/lib/libxml2.2.dylib
0x000000002ba31000 	/System/Library/PrivateFrameworks/CoreUI.framework/Versions/A/CoreUI
0x000000002ba31000 	/System/Library/Frameworks/CoreAudio.framework/Versions/A/CoreAudio
0x000000002ba31000 	/System/Library/Frameworks/DiskArbitration.framework/Versions/A/DiskArbitration
0x000000002ba31000 	/usr/lib/liblangid.dylib
0x000000002ba31000 	/System/Library/PrivateFrameworks/MultitouchSupport.framework/Versions/A/MultitouchSupport
0x000000002ba31000 	/System/Library/Frameworks/IOKit.framework/Versions/A/IOKit
0x000000002ba31000 	/usr/lib/libDiagnosticMessagesClient.dylib
0x000000002ba31000 	/System/Library/Frameworks/CoreServices.framework/Versions/A/CoreServices
0x000000002ba31000 	/System/Library/PrivateFrameworks/PerformanceAnalysis.framework/Versions/A/PerformanceAnalysis
0x000000002ba31000 	/System/Library/Frameworks/OpenGL.framework/Versions/A/OpenGL
0x000000002ba31000 	/System/Library/Frameworks/ColorSync.framework/Versions/A/ColorSync
0x000000002ba31000 	/System/Library/Frameworks/CoreImage.framework/Versions/A/CoreImage
0x000000002ba31000 	/System/Library/Frameworks/CoreText.framework/Versions/A/CoreText
0x000000002ba31000 	/System/Library/Frameworks/ImageIO.framework/Versions/A/ImageIO
0x000000002ba31000 	/System/Library/PrivateFrameworks/Backup.framework/Versions/A/Backup
0x000000002ba31000 	/usr/lib/libarchive.2.dylib
0x000000002ba31000 	/System/Library/Frameworks/CFNetwork.framework/Versions/A/CFNetwork
0x000000002ba31000 	/System/Library/Frameworks/SystemConfiguration.framework/Versions/A/SystemConfiguration
0x000000002ba31000 	/usr/lib/libCRFSuite.dylib
0x000000002ba31000 	/usr/lib/libc++.1.dylib
0x000000002ba31000 	/usr/lib/libc++abi.dylib
0x000000002ba31000 	/usr/lib/system/libcache.dylib
0x000000002ba31000 	/usr/lib/system/libcommonCrypto.dylib
0x000000002ba31000 	/usr/lib/system/libcompiler_rt.dylib
0x000000002ba31000 	/usr/lib/system/libcopyfile.dylib
0x000000002ba31000 	/usr/lib/system/libcorecrypto.dylib
0x000000002ba31000 	/usr/lib/system/libdispatch.dylib
0x000000002ba31000 	/usr/lib/system/libdyld.dylib
0x000000002ba31000 	/usr/lib/system/libkeymgr.dylib
0x000000002ba31000 	/usr/lib/system/liblaunch.dylib
0x000000002ba31000 	/usr/lib/system/libmacho.dylib
0x000000002ba31000 	/usr/lib/system/libquarantine.dylib
0x000000002ba31000 	/usr/lib/system/libremovefile.dylib
0x000000002ba31000 	/usr/lib/system/libsystem_asl.dylib
0x000000002ba31000 	/usr/lib/system/libsystem_blocks.dylib
0x000000002ba31000 	/usr/lib/system/libsystem_c.dylib
0x000000002ba31000 	/usr/lib/system/libsystem_configuration.dylib
0x000000002ba31000 	/usr/lib/system/libsystem_coreservices.dylib
0x000000002ba31000 	/usr/lib/system/libsystem_darwin.dylib
0x000000002ba31000 	/usr/lib/system/libsystem_dnssd.dylib
0x000000002ba31000 	/usr/lib/system/libsystem_info.dylib
0x000000002ba31000 	/usr/lib/system/libsystem_m.dylib
0x000000002ba31000 	/usr/lib/system/libsystem_malloc.dylib
0x000000002ba31000 	/usr/lib/system/libsystem_network.dylib
0x000000002ba31000 	/usr/lib/system/libsystem_networkextension.dylib
0x000000002ba31000 	/usr/lib/system/libsystem_notify.dylib
0x000000002ba31000 	/usr/lib/system/libsystem_sandbox.dylib
0x000000002ba31000 	/usr/lib/system/libsystem_secinit.dylib
0x000000002ba31000 	/usr/lib/system/libsystem_kernel.dylib
0x000000002ba31000 	/usr/lib/system/libsystem_platform.dylib
0x000000002ba31000 	/usr/lib/system/libsystem_pthread.dylib
0x000000002ba31000 	/usr/lib/system/libsystem_symptoms.dylib
0x000000002ba31000 	/usr/lib/system/libsystem_trace.dylib
0x000000002ba31000 	/usr/lib/system/libunwind.dylib
0x000000002ba31000 	/usr/lib/system/libxpc.dylib
0x000000002ba31000 	/usr/lib/closure/libclosured.dylib
0x000000002ba31000 	/usr/lib/libbsm.0.dylib
0x000000002ba31000 	/usr/lib/system/libkxld.dylib
0x000000002ba31000 	/usr/lib/libOpenScriptingUtil.dylib
0x000000002ba31000 	/usr/lib/libcoretls.dylib
0x000000002ba31000 	/usr/lib/libcoretls_cfhelpers.dylib
0x000000002ba31000 	/usr/lib/libpam.2.dylib
0x000000002ba31000 	/usr/lib/libsqlite3.dylib
0x000000002ba31000 	/usr/lib/libxar.1.dylib
0x000000002ba31000 	/usr/lib/libbz2.1.0.dylib
0x000000002ba31000 	/usr/lib/liblzma.5.dylib
0x000000002ba31000 	/usr/lib/libnetwork.dylib
0x000000002ba31000 	/usr/lib/libapple_nghttp2.dylib
0x000000002ba31000 	/usr/lib/libpcap.A.dylib
0x000000002ba31000 	/usr/lib/libboringssl.dylib
0x000000002ba31000 	/usr/lib/libusrtcp.dylib
0x000000002ba31000 	/usr/lib/libapple_crypto.dylib
0x000000002ba31000 	/System/Library/Frameworks/CoreServices.framework/Versions/A/Frameworks/FSEvents.framework/Versions/A/FSEvents
0x000000002ba31000 	/System/Library/Frameworks/CoreServices.framework/Versions/A/Frameworks/CarbonCore.framework/Versions/A/CarbonCore
0x000000002ba31000 	/System/Library/Frameworks/CoreServices.framework/Versions/A/Frameworks/Metadata.framework/Versions/A/Metadata
0x000000002ba31000 	/System/Library/Frameworks/CoreServices.framework/Versions/A/Frameworks/OSServices.framework/Versions/A/OSServices
0x000000002ba31000 	/System/Library/Frameworks/CoreServices.framework/Versions/A/Frameworks/SearchKit.framework/Versions/A/SearchKit
0x000000002ba31000 	/System/Library/Frameworks/CoreServices.framework/Versions/A/Frameworks/AE.framework/Versions/A/AE
0x000000002ba31000 	/System/Library/Frameworks/CoreServices.framework/Versions/A/Frameworks/LaunchServices.framework/Versions/A/LaunchServices
0x000000002ba31000 	/System/Library/Frameworks/CoreServices.framework/Versions/A/Frameworks/DictionaryServices.framework/Versions/A/DictionaryServices
0x000000002ba31000 	/System/Library/Frameworks/CoreServices.framework/Versions/A/Frameworks/SharedFileList.framework/Versions/A/SharedFileList
0x000000002ba31000 	/System/Library/Frameworks/NetFS.framework/Versions/A/NetFS
0x000000002ba31000 	/System/Library/PrivateFrameworks/NetAuth.framework/Versions/A/NetAuth
0x000000002ba31000 	/System/Library/PrivateFrameworks/login.framework/Versions/A/Frameworks/loginsupport.framework/Versions/A/loginsupport
0x000000002ba31000 	/System/Library/PrivateFrameworks/TCC.framework/Versions/A/TCC
0x000000002ba31000 	/usr/lib/libmecabra.dylib
0x000000002ba31000 	/System/Library/Frameworks/ApplicationServices.framework/Versions/A/Frameworks/ATS.framework/Versions/A/ATS
0x000000002ba31000 	/System/Library/Frameworks/ApplicationServices.framework/Versions/A/Frameworks/ColorSyncLegacy.framework/Versions/A/ColorSyncLegacy
0x000000002ba31000 	/System/Library/Frameworks/ApplicationServices.framework/Versions/A/Frameworks/HIServices.framework/Versions/A/HIServices
0x000000002ba31000 	/System/Library/Frameworks/ApplicationServices.framework/Versions/A/Frameworks/LangAnalysis.framework/Versions/A/LangAnalysis
0x000000002ba31000 	/System/Library/Frameworks/ApplicationServices.framework/Versions/A/Frameworks/PrintCore.framework/Versions/A/PrintCore
0x000000002ba31000 	/System/Library/Frameworks/ApplicationServices.framework/Versions/A/Frameworks/QD.framework/Versions/A/QD
0x000000002ba31000 	/System/Library/Frameworks/ApplicationServices.framework/Versions/A/Frameworks/SpeechSynthesis.framework/Versions/A/SpeechSynthesis
0x000000002ba31000 	/System/Library/Frameworks/CoreDisplay.framework/Versions/A/CoreDisplay
0x000000002ba31000 	/System/Library/Frameworks/Accelerate.framework/Versions/A/Frameworks/vImage.framework/Versions/A/vImage
0x000000002ba31000 	/System/Library/Frameworks/Accelerate.framework/Versions/A/Frameworks/vecLib.framework/Versions/A/vecLib
0x000000002ba31000 	/System/Library/Frameworks/Accelerate.framework/Versions/A/Frameworks/vecLib.framework/Versions/A/libvDSP.dylib
0x000000002ba31000 	/System/Library/Frameworks/Accelerate.framework/Versions/A/Frameworks/vecLib.framework/Versions/A/libBNNS.dylib
0x000000002ba31000 	/System/Library/Frameworks/Accelerate.framework/Versions/A/Frameworks/vecLib.framework/Versions/A/libQuadrature.dylib
0x000000002ba31000 	/System/Library/Frameworks/Accelerate.framework/Versions/A/Frameworks/vecLib.framework/Versions/A/libvMisc.dylib
0x000000002ba31000 	/System/Library/Frameworks/Accelerate.framework/Versions/A/Frameworks/vecLib.framework/Versions/A/libLAPACK.dylib
0x000000002ba31000 	/System/Library/Frameworks/Accelerate.framework/Versions/A/Frameworks/vecLib.framework/Versions/A/libBLAS.dylib
0x000000002ba31000 	/System/Library/Frameworks/Accelerate.framework/Versions/A/Frameworks/vecLib.framework/Versions/A/libLinearAlgebra.dylib
0x000000002ba31000 	/System/Library/Frameworks/Accelerate.framework/Versions/A/Frameworks/vecLib.framework/Versions/A/libSparse.dylib
0x000000002ba31000 	/System/Library/Frameworks/Accelerate.framework/Versions/A/Frameworks/vecLib.framework/Versions/A/libSparseBLAS.dylib
0x000000002ba31000 	/System/Library/PrivateFrameworks/IOAccelerator.framework/Versions/A/IOAccelerator
0x000000002ba31000 	/System/Library/PrivateFrameworks/IOPresentment.framework/Versions/A/IOPresentment
0x000000002ba31000 	/System/Library/PrivateFrameworks/DSExternalDisplay.framework/Versions/A/DSExternalDisplay
0x000000002ba31000 	/System/Library/Frameworks/OpenGL.framework/Versions/A/Libraries/libCoreFSCache.dylib
0x000000002ba31000 	/System/Library/Frameworks/CoreVideo.framework/Versions/A/CoreVideo
0x000000002ba31000 	/System/Library/PrivateFrameworks/GraphVisualizer.framework/Versions/A/GraphVisualizer
0x000000002ba31000 	/System/Library/Frameworks/MetalPerformanceShaders.framework/Versions/A/MetalPerformanceShaders
0x000000002ba31000 	/usr/lib/libFosl_dynamic.dylib
0x000000002ba31000 	/System/Library/PrivateFrameworks/FaceCore.framework/Versions/A/FaceCore
0x000000002ba31000 	/System/Library/Frameworks/OpenCL.framework/Versions/A/OpenCL
0x000000002ba31000 	/usr/lib/libcompression.dylib
0x000000002ba31000 	/System/Library/Frameworks/ApplicationServices.framework/Versions/A/Frameworks/ATS.framework/Versions/A/Resources/libFontParser.dylib
0x000000002ba31000 	/System/Library/Frameworks/ApplicationServices.framework/Versions/A/Frameworks/ATS.framework/Versions/A/Resources/libFontRegistry.dylib
0x000000002ba31000 	/System/Library/Frameworks/ImageIO.framework/Versions/A/Resources/libJPEG.dylib
0x000000002ba31000 	/System/Library/Frameworks/ImageIO.framework/Versions/A/Resources/libTIFF.dylib
0x000000002ba31000 	/System/Library/Frameworks/ImageIO.framework/Versions/A/Resources/libPng.dylib
0x000000002ba31000 	/System/Library/Frameworks/ImageIO.framework/Versions/A/Resources/libGIF.dylib
0x000000002ba31000 	/System/Library/Frameworks/ImageIO.framework/Versions/A/Resources/libJP2.dylib
0x000000002ba31000 	/System/Library/Frameworks/ImageIO.framework/Versions/A/Resources/libRadiance.dylib
0x000000002ba31000 	/System/Library/PrivateFrameworks/AppleJPEG.framework/Versions/A/AppleJPEG
0x000000002ba31000 	/System/Library/PrivateFrameworks/MetalTools.framework/Versions/A/MetalTools
0x000000002ba31000 	/System/Library/Frameworks/MetalPerformanceShaders.framework/Frameworks/MPSCore.framework/Versions/A/MPSCore
0x000000002ba31000 	/System/Library/Frameworks/MetalPerformanceShaders.framework/Frameworks/MPSImage.framework/Versions/A/MPSImage
0x000000002ba31000 	/System/Library/Frameworks/MetalPerformanceShaders.framework/Frameworks/MPSMatrix.framework/Versions/A/MPSMatrix
0x000000002ba31000 	/System/Library/Frameworks/MetalPerformanceShaders.framework/Frameworks/MPSNeuralNetwork.framework/Versions/A/MPSNeuralNetwork
0x000000002ba31000 	/System/Library/Frameworks/OpenGL.framework/Versions/A/Libraries/libGLU.dylib
0x000000002ba31000 	/System/Library/Frameworks/OpenGL.framework/Versions/A/Libraries/libGFXShared.dylib
0x000000002ba31000 	/System/Library/Frameworks/OpenGL.framework/Versions/A/Libraries/libGL.dylib
0x000000002ba31000 	/System/Library/Frameworks/OpenGL.framework/Versions/A/Libraries/libGLImage.dylib
0x000000002ba31000 	/System/Library/Frameworks/OpenGL.framework/Versions/A/Libraries/libCVMSPluginSupport.dylib
0x000000002ba31000 	/System/Library/Frameworks/OpenGL.framework/Versions/A/Libraries/libCoreVMClient.dylib
0x000000002ba31000 	/usr/lib/libcups.2.dylib
0x000000002ba31000 	/System/Library/Frameworks/Kerberos.framework/Versions/A/Kerberos
0x000000002ba31000 	/System/Library/Frameworks/GSS.framework/Versions/A/GSS
0x000000002ba31000 	/usr/lib/libresolv.9.dylib
0x000000002ba31000 	/usr/lib/libiconv.2.dylib
0x000000002ba31000 	/System/Library/PrivateFrameworks/Heimdal.framework/Versions/A/Heimdal
0x000000002ba31000 	/usr/lib/libheimdal-asn1.dylib
0x000000002ba31000 	/System/Library/Frameworks/OpenDirectory.framework/Versions/A/OpenDirectory
0x000000002ba31000 	/System/Library/PrivateFrameworks/CommonAuth.framework/Versions/A/CommonAuth
0x000000002ba31000 	/System/Library/Frameworks/OpenDirectory.framework/Versions/A/Frameworks/CFOpenDirectory.framework/Versions/A/CFOpenDirectory
0x000000002ba31000 	/System/Library/Frameworks/SecurityFoundation.framework/Versions/A/SecurityFoundation
0x000000002ba31000 	/System/Library/PrivateFrameworks/APFS.framework/Versions/A/APFS
0x000000002ba31000 	/usr/lib/libutil.dylib
0x000000002ba31000 	/System/Library/PrivateFrameworks/AppleSauce.framework/Versions/A/AppleSauce
0x000000002ba31000 	/System/Library/PrivateFrameworks/LinguisticData.framework/Versions/A/LinguisticData
0x000000002ba31000 	/usr/lib/libmarisa.dylib
0x000000002ba31000 	/System/Library/PrivateFrameworks/Lexicon.framework/Versions/A/Lexicon
0x000000002ba31000 	/usr/lib/libChineseTokenizer.dylib
0x000000002ba31000 	/usr/lib/libcmph.dylib
0x000000002ba31000 	/System/Library/PrivateFrameworks/LanguageModeling.framework/Versions/A/LanguageModeling
0x000000002ba31000 	/System/Library/PrivateFrameworks/CoreEmoji.framework/Versions/A/CoreEmoji
0x000000002ba31000 	/System/Library/Frameworks/ServiceManagement.framework/Versions/A/ServiceManagement
0x000000002ba31000 	/System/Library/PrivateFrameworks/BackgroundTaskManagement.framework/Versions/A/BackgroundTaskManagement
0x000000002ba31000 	/usr/lib/libxslt.1.dylib
0x000000002ba31000 	/System/Library/Frameworks/Carbon.framework/Versions/A/Frameworks/Ink.framework/Versions/A/Ink
0x000000002ba31000 	/System/Library/PrivateFrameworks/TextureIO.framework/Versions/A/TextureIO
0x000000002ba31000 	/usr/lib/libate.dylib
0x000000002ba31000 	/System/Library/PrivateFrameworks/CrashReporterSupport.framework/Versions/A/CrashReporterSupport
0x000000002ba31000 	/System/Library/PrivateFrameworks/Sharing.framework/Versions/A/Sharing
0x000000002ba31000 	/System/Library/PrivateFrameworks/IconServices.framework/Versions/A/IconServices
0x000000002ba31000 	/System/Library/PrivateFrameworks/ProtocolBuffer.framework/Versions/A/ProtocolBuffer
0x000000002ba31000 	/System/Library/PrivateFrameworks/Apple80211.framework/Versions/A/Apple80211
0x000000002ba31000 	/System/Library/Frameworks/CoreWLAN.framework/Versions/A/CoreWLAN
0x000000002ba31000 	/System/Library/PrivateFrameworks/CoreUtils.framework/Versions/A/CoreUtils
0x000000002ba31000 	/System/Library/Frameworks/IOBluetooth.framework/Versions/A/IOBluetooth
0x000000002ba31000 	/System/Library/PrivateFrameworks/CoreWiFi.framework/Versions/A/CoreWiFi
0x000000002ba31000 	/System/Library/Frameworks/CoreBluetooth.framework/Versions/A/CoreBluetooth
0x000000002ba31000 	/System/Library/PrivateFrameworks/SignpostNotification.framework/Versions/A/SignpostNotification
0x000000002ba31000 	/System/Library/PrivateFrameworks/DebugSymbols.framework/Versions/A/DebugSymbols
0x000000002ba31000 	/System/Library/PrivateFrameworks/CoreSymbolication.framework/Versions/A/CoreSymbolication
0x000000002ba31000 	/System/Library/PrivateFrameworks/Symbolication.framework/Versions/A/Symbolication
0x000000002ba31000 	/System/Library/PrivateFrameworks/AppleFSCompression.framework/Versions/A/AppleFSCompression
0x000000002ba31000 	/System/Library/PrivateFrameworks/SpeechRecognitionCore.framework/Versions/A/SpeechRecognitionCore
0x000000010e2a1000 	/Library/Java/JavaVirtualMachines/jdk1.8.0_152.jdk/Contents/Home/jre/lib/server/libjvm.dylib
0x000000002ba31000 	/usr/lib/libstdc++.6.0.9.dylib
0x000000010d275000 	/Library/Java/JavaVirtualMachines/jdk1.8.0_152.jdk/Contents/Home/jre/lib/libverify.dylib
0x000000010d283000 	/Library/Java/JavaVirtualMachines/jdk1.8.0_152.jdk/Contents/Home/jre/lib/libjava.dylib
0x000000010d303000 	/Library/Java/JavaVirtualMachines/jdk1.8.0_152.jdk/Contents/Home/jre/lib/libzip.dylib
0x000000012adfa000 	/Library/Java/JavaVirtualMachines/jdk1.8.0_152.jdk/Contents/Home/jre/lib/libawt.dylib
0x000000012aea4000 	/Library/Java/JavaVirtualMachines/jdk1.8.0_152.jdk/Contents/Home/jre/lib/./libmlib_image.dylib
0x000000002ba31000 	/System/Library/Frameworks/JavaVM.framework/Versions/A/Frameworks/JavaNativeFoundation.framework/Versions/A/JavaNativeFoundation
0x000000002ba31000 	/System/Library/Frameworks/JavaVM.framework/Versions/A/Frameworks/JavaRuntimeSupport.framework/Versions/A/JavaRuntimeSupport
0x000000002ba31000 	/System/Library/Frameworks/JavaVM.framework/Versions/A/JavaVM
0x000000002ba31000 	/System/Library/PrivateFrameworks/JavaLaunching.framework/Versions/A/JavaLaunching
0x000000002ba31000 	/System/Library/Frameworks/Carbon.framework/Versions/A/Carbon
0x000000002ba31000 	/System/Library/Frameworks/Carbon.framework/Versions/A/Frameworks/CommonPanels.framework/Versions/A/CommonPanels
0x000000002ba31000 	/System/Library/Frameworks/Carbon.framework/Versions/A/Frameworks/Help.framework/Versions/A/Help
0x000000002ba31000 	/System/Library/Frameworks/Carbon.framework/Versions/A/Frameworks/ImageCapture.framework/Versions/A/ImageCapture
0x000000002ba31000 	/System/Library/Frameworks/Carbon.framework/Versions/A/Frameworks/OpenScripting.framework/Versions/A/OpenScripting
0x000000002ba31000 	/System/Library/Frameworks/Carbon.framework/Versions/A/Frameworks/Print.framework/Versions/A/Print
0x000000002ba31000 	/System/Library/Frameworks/Carbon.framework/Versions/A/Frameworks/SecurityHI.framework/Versions/A/SecurityHI
0x000000012af70000 	/Library/Java/JavaVirtualMachines/jdk1.8.0_152.jdk/Contents/Home/jre/lib/libawt_lwawt.dylib
0x000000012b02a000 	/Library/Java/JavaVirtualMachines/jdk1.8.0_152.jdk/Contents/Home/jre/lib/./libosxapp.dylib
0x000000002ba31000 	/System/Library/Frameworks/ExceptionHandling.framework/Versions/A/ExceptionHandling
0x000000002ba31000 	/System/Library/PrivateFrameworks/CoreServicesInternal.framework/Versions/A/CoreServicesInternal
0x000000002ba31000 	/System/Library/CoreServices/RawCamera.bundle/Contents/MacOS/RawCamera
0x000000002ba31000 	/System/Library/PrivateFrameworks/MobileAsset.framework/Versions/A/MobileAsset
0x000000002ba31000 	/System/Library/PrivateFrameworks/StreamingZip.framework/Versions/A/StreamingZip
0x000000002ba31000 	/System/Library/Frameworks/MediaToolbox.framework/Versions/A/MediaToolbox
0x000000002ba31000 	/System/Library/PrivateFrameworks/CoreAVCHD.framework/Versions/A/CoreAVCHD
0x000000002ba31000 	/System/Library/Frameworks/MediaAccessibility.framework/Versions/A/MediaAccessibility
0x000000002ba31000 	/System/Library/PrivateFrameworks/Mangrove.framework/Versions/A/Mangrove
0x000000002ba31000 	/System/Library/Frameworks/CoreMedia.framework/Versions/A/CoreMedia
0x000000002ba31000 	/System/Library/Frameworks/VideoToolbox.framework/Versions/A/VideoToolbox
0x000000002ba31000 	/System/Library/PrivateFrameworks/CoreAUC.framework/Versions/A/CoreAUC
0x000000002ba31000 	/usr/lib/libspindump.dylib
0x000000002ba31000 	/usr/lib/libdscsym.dylib
0x000000002ba31000 	/System/Library/PrivateFrameworks/AppleVA.framework/Versions/A/AppleVA
0x000000002ba31000 	/System/Library/Frameworks/Accelerate.framework/Versions/A/Frameworks/vImage.framework/Versions/A/Libraries/libCGInterfaces.dylib
0x000000002ba31000 	/System/Library/Frameworks/ApplicationServices.framework/Versions/A/Frameworks/ATS.framework/Versions/A/Resources/libTrueTypeScaler.dylib
0x000000002ba31000 	/System/Library/Frameworks/OpenGL.framework/Versions/A/Resources/GLEngine.bundle/GLEngine
0x000000002ba31000 	/System/Library/Frameworks/OpenGL.framework/Versions/A/Libraries/libGLProgrammability.dylib
0x000000012d33d000 	/System/Library/Extensions/AppleIntelKBLGraphicsGLDriver.bundle/Contents/MacOS/AppleIntelKBLGraphicsGLDriver
0x000000002ba31000 	/System/Library/PrivateFrameworks/GPUSupport.framework/Versions/A/Libraries/libGPUSupportMercury.dylib
0x000000002ba31000 	/System/Library/Frameworks/OpenGL.framework/Versions/A/Resources/GLRendererFloat.bundle/GLRendererFloat
0x000000002ba31000 	/System/Library/Frameworks/OpenCL.framework/Versions/A/Libraries/libcldcpuengine.dylib
0x000000002ba31000 	/usr/lib/libcrypto.35.dylib
0x000000002ba31000 	/System/Library/PrivateFrameworks/TrustEvaluationAgent.framework/Versions/A/TrustEvaluationAgent
0x000000002ba31000 	/System/Library/Extensions/AppleIntelKBLGraphicsMTLDriver.bundle/Contents/MacOS/AppleIntelKBLGraphicsMTLDriver
0x000000002ba31000 	/System/Library/PrivateFrameworks/GPUCompiler.framework/Versions/3802/Libraries/libmetal_timestamp.dylib
0x000000002ba31000 	/System/Library/PrivateFrameworks/FamilyControls.framework/Versions/A/FamilyControls
0x000000002ba31000 	/System/Library/PrivateFrameworks/CommerceKit.framework/Versions/A/Frameworks/CommerceCore.framework/Versions/A/CommerceCore
0x000000002ba31000 	/System/Library/PrivateFrameworks/SystemAdministration.framework/Versions/A/SystemAdministration
0x000000002ba31000 	/System/Library/PrivateFrameworks/AppContainer.framework/Versions/A/AppContainer
0x000000002ba31000 	/System/Library/PrivateFrameworks/SecCodeWrapper.framework/Versions/A/SecCodeWrapper
0x000000002ba31000 	/System/Library/PrivateFrameworks/DiskManagement.framework/Versions/A/DiskManagement
0x000000002ba31000 	/System/Library/Frameworks/DirectoryService.framework/Versions/A/DirectoryService
0x000000002ba31000 	/System/Library/PrivateFrameworks/DiskImages.framework/Versions/A/DiskImages
0x000000002ba31000 	/System/Library/PrivateFrameworks/LoginUIKit.framework/Versions/A/Frameworks/LoginUICore.framework/Versions/A/LoginUICore
0x000000002ba31000 	/usr/lib/libCoreStorage.dylib
0x000000002ba31000 	/usr/lib/libcsfde.dylib
0x000000002ba31000 	/usr/lib/libodfde.dylib
0x000000002ba31000 	/System/Library/PrivateFrameworks/MediaKit.framework/Versions/A/MediaKit
0x000000002ba31000 	/System/Library/Frameworks/DiscRecording.framework/Versions/A/DiscRecording
0x000000002ba31000 	/System/Library/PrivateFrameworks/EFILogin.framework/Versions/A/EFILogin
0x000000002ba31000 	/System/Library/PrivateFrameworks/ProtectedCloudStorage.framework/Versions/A/ProtectedCloudStorage
0x000000002ba31000 	/usr/lib/libcurl.4.dylib
0x000000002ba31000 	/usr/lib/libssl.35.dylib
0x000000002ba31000 	/System/Library/Frameworks/LDAP.framework/Versions/A/LDAP
0x000000002ba31000 	/usr/lib/libsasl2.2.dylib
0x000000002ba31000 	/System/Library/PrivateFrameworks/CoreDaemon.framework/Versions/B/CoreDaemon
0x000000002ba31000 	/System/Library/PrivateFrameworks/AppleSRP.framework/Versions/A/AppleSRP
0x000000013086c000 	/Library/Java/JavaVirtualMachines/jdk1.8.0_152.jdk/Contents/Home/jre/lib/libfontmanager.dylib
0x00000001308d3000 	/Library/Java/JavaVirtualMachines/jdk1.8.0_152.jdk/Contents/Home/jre/lib/libosxui.dylib
0x000000002ba31000 	/System/Library/PrivateFrameworks/ViewBridge.framework/Versions/A/ViewBridge
0x0000000131e78000 	/Library/Java/JavaVirtualMachines/jdk1.8.0_152.jdk/Contents/Home/jre/lib/libnet.dylib
0x0000000131e8f000 	/Library/Java/JavaVirtualMachines/jdk1.8.0_152.jdk/Contents/Home/jre/lib/libnio.dylib
0x000000019c49f000 	/Library/Java/JavaVirtualMachines/jdk1.8.0_152.jdk/Contents/Home/jre/lib/libdcpr.dylib
0x000000012cced000 	/Library/Java/JavaVirtualMachines/jdk1.8.0_152.jdk/Contents/Home/jre/lib/libosx.dylib
0x000000002ba31000 	/System/Library/PrivateFrameworks/CloudDocs.framework/Versions/A/CloudDocs
0x000000002ba31000 	/System/Library/PrivateFrameworks/FileProvider.framework/Versions/A/FileProvider
0x000000002ba31000 	/System/Library/PrivateFrameworks/SpotlightIndex.framework/Versions/A/SpotlightIndex
0x000000002ba31000 	/System/Library/PrivateFrameworks/SymptomDiagnosticReporter.framework/Versions/A/SymptomDiagnosticReporter
0x000000002ba31000 	/System/Library/PrivateFrameworks/GenerationalStorage.framework/Versions/A/GenerationalStorage
0x000000002ba31000 	/System/Library/PrivateFrameworks/ChunkingLibrary.framework/Versions/A/ChunkingLibrary
0x000000002ba31000 	/System/Library/PrivateFrameworks/CoreNLP.framework/Versions/A/CoreNLP
0x000000002ba31000 	/usr/lib/libmecab.1.0.0.dylib
0x000000002ba31000 	/usr/lib/libgermantok.dylib
0x000000002ba31000 	/usr/lib/libThaiTokenizer.dylib
0x000000002ba31000 	/System/Library/PrivateFrameworks/login.framework/Versions/A/login

VM Arguments:
jvm_args: -Dfile.encoding=UTF-8 
java_command: pluginTools.InteractiveIlastikEllipseFit
java_class_path (initial): /Library/Java/JavaVirtualMachines/jdk1.8.0_152.jdk/Contents/Home/jre/lib/resources.jar:/Library/Java/JavaVirtualMachines/jdk1.8.0_152.jdk/Contents/Home/jre/lib/rt.jar:/Library/Java/JavaVirtualMachines/jdk1.8.0_152.jdk/Contents/Home/jre/lib/jsse.jar:/Library/Java/JavaVirtualMachines/jdk1.8.0_152.jdk/Contents/Home/jre/lib/jce.jar:/Library/Java/JavaVirtualMachines/jdk1.8.0_152.jdk/Contents/Home/jre/lib/charsets.jar:/Library/Java/JavaVirtualMachines/jdk1.8.0_152.jdk/Contents/Home/jre/lib/jfr.jar:/Library/Java/JavaVirtualMachines/jdk1.8.0_152.jdk/Contents/Home/jre/lib/ext/sunec.jar:/Library/Java/JavaVirtualMachines/jdk1.8.0_152.jdk/Contents/Home/jre/lib/ext/nashorn.jar:/Library/Java/JavaVirtualMachines/jdk1.8.0_152.jdk/Contents/Home/jre/lib/ext/cldrdata.jar:/Library/Java/JavaVirtualMachines/jdk1.8.0_152.jdk/Contents/Home/jre/lib/ext/jfxrt.jar:/Library/Java/JavaVirtualMachines/jdk1.8.0_152.jdk/Contents/Home/jre/lib/ext/dnsns.jar:/Library/Java/JavaVirtualMachines/jdk1.8.0_152.jdk/Contents/Home/jre/lib/ext/localedata.jar:/Library/Java/JavaVirtualMachines/jdk1.8.0_152.jdk/Contents/Home/jre/lib/ext/sunjce_provider.jar:/Library/Java/JavaVirtualMachines/jdk1.8.0_152.jdk/Contents/Home/jre/lib/ext/sunpkcs11.jar:/Library/Java/JavaVirtualMachines/jdk1.8.0_152.jdk/Contents/Home/jre/lib/ext/jaccess.jar:/Library/Java/JavaVirtualMachines/jdk1.8.0_152.jdk/Contents/Home/jre/lib/ext/zipfs.jar:/System/Library/Java/Extensions/MRJToolkit.jar:/Users/aimachine/Bubbleator/target/classes:/Users/aimachine/imglib2-algorithm/target/classes:/Users/aimachine/imglib2-algorithm/target/test-classes:/Users/aimachine/.m2/repository/net/imglib2/imglib2/3.3.0/imglib2-3.3.0.jar:/Users/aimachine/.m2/repository/net/imglib2/imglib2-roi/0.4.5/imglib2-roi-0.4.5.jar:/Users/aimachine/.m2/repository/net/imglib2/imglib2-realtransform/2.0.0-beta-38/imglib2-realtransform-2.0.0-beta-38.jar:/Users/aimachine/.m2/repository/jitk/jitk-tps/3.0.0/jitk-tps-3.0.0.jar:/Users/aimachine/.m2/repository/
Launcher Type: SUN_STANDARD

Environment Variables:
PATH=/usr/bin:/bin:/usr/sbin:/sbin
SHELL=/bin/bash
DISPLAY=/private/tmp/com.apple.launchd.fywH5Bd8f1/org.macosforge.xquartz:0

Signal Handlers:
SIGSEGV: [libjvm.dylib+0x5b494d], sa_mask[0]=11111111011111110111111111111111, sa_flags=SA_ONSTACK|SA_RESTART|SA_SIGINFO
SIGBUS: [libjvm.dylib+0x5b494d], sa_mask[0]=11111111011111110111111111111111, sa_flags=SA_RESTART|SA_SIGINFO
SIGFPE: [libjvm.dylib+0x48ab54], sa_mask[0]=11111111011111110111111111111111, sa_flags=SA_RESTART|SA_SIGINFO
SIGPIPE: [libjvm.dylib+0x48ab54], sa_mask[0]=11111111011111110111111111111111, sa_flags=SA_RESTART|SA_SIGINFO
SIGXFSZ: [libjvm.dylib+0x48ab54], sa_mask[0]=11111111011111110111111111111111, sa_flags=SA_RESTART|SA_SIGINFO
SIGILL: [libjvm.dylib+0x48ab54], sa_mask[0]=11111111011111110111111111111111, sa_flags=SA_RESTART|SA_SIGINFO
SIGUSR1: SIG_DFL, sa_mask[0]=00000000000000000000000000000000, sa_flags=none
SIGUSR2: [libjvm.dylib+0x48a672], sa_mask[0]=00100000000000000000000000000000, sa_flags=SA_RESTART|SA_SIGINFO
SIGHUP: [libjvm.dylib+0x488c49], sa_mask[0]=11111111011111110111111111111111, sa_flags=SA_RESTART|SA_SIGINFO
SIGINT: [libjvm.dylib+0x488c49], sa_mask[0]=11111111011111110111111111111111, sa_flags=SA_RESTART|SA_SIGINFO
SIGTERM: [libjvm.dylib+0x488c49], sa_mask[0]=11111111011111110111111111111111, sa_flags=SA_RESTART|SA_SIGINFO
SIGQUIT: [libjvm.dylib+0x488c49], sa_mask[0]=11111111011111110111111111111111, sa_flags=SA_RESTART|SA_SIGINFO


---------------  S Y S T E M  ---------------

OS:Bsduname:Darwin 17.4.0 Darwin Kernel Version 17.4.0: Sun Dec 17 09:19:54 PST 2017; root:xnu-4570.41.2~1/RELEASE_X86_64 x86_64
rlimit: STACK 8192k, CORE 0k, NPROC 1418, NOFILE 10240, AS infinity
load average:7.42 3.94 3.34

CPU:total 4 (initial active 4) (2 cores per cpu, 2 threads per core) family 6 model 142 stepping 9, cmov, cx8, fxsr, mmx, sse, sse2, sse3, ssse3, sse4.1, sse4.2, popcnt, avx, avx2, aes, clmul, erms, 3dnowpref, lzcnt, ht, tsc, tscinvbit, bmi1, bmi2, adx

Memory: 4k page, physical 16777216k(90888k free)

/proc/meminfo:


vm_info: Java HotSpot(TM) 64-Bit Server VM (25.152-b16) for bsd-amd64 JRE (1.8.0_152-b16), built on Sep 14 2017 02:31:13 by "java_re" with gcc 4.2.1 (Based on Apple Inc. build 5658) (LLVM build 2336.11.00)

time: Wed Jun  6 19:54:45 2018
elapsed time: 6059 seconds (0d 1h 40m 59s)

