#
# A fatal error has been detected by the Java Runtime Environment:
#
#  SIGSEGV (0xb) at pc=0x00000001136a02e9, pid=49342, tid=0x0000000000013007
#
# JRE version: Java(TM) SE Runtime Environment (8.0_152-b16) (build 1.8.0_152-b16)
# Java VM: Java HotSpot(TM) 64-Bit Server VM (25.152-b16 mixed mode bsd-amd64 compressed oops)
# Problematic frame:
# C  [libawt_lwawt.dylib+0x1c2e9]  OGLSD_SetScratchSurface+0x53
#
# Failed to write core dump. Core dumps have been disabled. To enable core dumping, try "ulimit -c unlimited" before starting Java again
#
# If you would like to submit a bug report, please visit:
#   http://bugreport.java.com/bugreport/crash.jsp
# The crash happened outside the Java Virtual Machine in native code.
# See problematic frame for where to report the bug.
#

---------------  T H R E A D  ---------------

Current thread (0x00007fa9a235a000):  JavaThread "Java2D Queue Flusher" daemon [_thread_in_native, id=77831, stack(0x0000700009ee2000,0x0000700009fe2000)]

siginfo: si_signo: 11 (SIGSEGV), si_code: 1 (SEGV_MAPERR), si_addr: 0x000000007ffface2

Registers:
RAX=0x00007fa9a2ae8038, RBX=0x00007ffface30002, RCX=0x00007fa9a2ae8040, RDX=0x00000001136c1d8c
RSP=0x0000700009fe1810, RBP=0x0000700009fe1830, RSI=0x00007fa9a5c62050, RDI=0x00007fa9a2ae8038
R8 =0x0000000000000020, R9 =0x0000000000000000, R10=0x0000000114523af8, R11=0x00000000d8037c60
R12=0x0000000000000000, R13=0x00000006c01be3c0, R14=0x00007fa9a235a1f8, R15=0x000000007ffface2
RIP=0x00000001136a02e9, EFLAGS=0x0000000000010202, ERR=0x0000000000000004
  TRAPNO=0x000000000000000e

Top of Stack: (sp=0x0000700009fe1810)
0x0000700009fe1810:   00007fa9a5c62050 0000000000000000
0x0000700009fe1820:   00007fa9a1b8e010 00007fa9a235a000
0x0000700009fe1830:   0000700009fe18b0 00000001136c186a
0x0000700009fe1840:   0000000000000064 00007fa9a1486388
0x0000700009fe1850:   0000700009fe18b0 0000000104d782fe
0x0000700009fe1860:   0000000000000005 00007fa9a235a000
0x0000700009fe1870:   00000006c01be301 00007fa9a1b8e020
0x0000700009fe1880:   0000700000fe1800 00007fa9a235a1f8
0x0000700009fe1890:   0000000000000000 0000000000000000
0x0000700009fe18a0:   0000700009fe1908 00007fa9a235a000
0x0000700009fe18b0:   0000700009fe1900 0000000114523b6a
0x0000700009fe18c0:   00000006c01be2e8 0000700009fe1908
0x0000700009fe18d0:   0000000128a533b8 0000000000000000
0x0000700009fe18e0:   0000000128a53348 0000000000000000
0x0000700009fe18f0:   0000700009fe1910 0000000000000000
0x0000700009fe1900:   00000000d8037c5d 000000011456fcdc
0x0000700009fe1910:   00000006c01be2e8 00000006c01be3c0
0x0000700009fe1920:   0000000000000000 0000000000000000
0x0000700009fe1930:   00000006c01be3c0 0000700009fe19d0
0x0000700009fe1940:   0000000000000003 0000000000000000
0x0000700009fe1950:   0000700009fe19d0 0000000113c6f7a7
0x0000700009fe1960:   00000006c01be3c0 00000006c01be3c0
0x0000700009fe1970:   0000700000001fa0 000000000000000a
0x0000700009fe1980:   00007fa9a235a000 0000000000000001
0x0000700009fe1990:   0000000113c6f71f 00000001100d62b8
0x0000700009fe19a0:   0000700009fe1a68 0000700009fe1d00
0x0000700009fe19b0:   000000010000000a 00000001100d62b8
0x0000700009fe19c0:   0000000113c82120 0000700009fe1c70
0x0000700009fe19d0:   0000700009fe1b80 0000000104d167b2
0x0000700009fe19e0:   0000700000000001 00007fa9a235a000
0x0000700009fe19f0:   00007fa9a235a000 0000700009fe1d00
0x0000700009fe1a00:   00007fa9a1486380 0000000113c82120 

Instructions: (pc=0x00000001136a02e9)
0x00000001136a02c9:   48 85 db 75 0e bf 01 00 00 00 48 8d 15 1e 95 03
0x00000001136a02d9:   00 eb d6 49 89 fe 4c 8b 3b 30 c0 e8 a7 bc 02 00
0x00000001136a02e9:   49 8b 3f 49 89 c4 48 8b 35 f2 25 06 00 30 c0 e8
0x00000001136a02f9:   f5 bd 02 00 48 85 c0 75 4e 30 c0 e8 53 1c 02 00 

Register to memory mapping:

RAX=0x00007fa9a2ae8038 is an unknown value
RBX=0x00007ffface30002: __block_literal_global+0x1a in /System/Library/Frameworks/AppKit.framework/Versions/C/AppKit at 0x00007fff509ff000
RCX=0x00007fa9a2ae8040 is an unknown value
RDX=0x00000001136c1d8c: Java_sun_java2d_opengl_OGLRenderQueue_flushBuffer+0xb5c in /Library/Java/JavaVirtualMachines/jdk1.8.0_152.jdk/Contents/Home/jre/lib/libawt_lwawt.dylib at 0x0000000113684000
RSP=0x0000700009fe1810 is pointing into the stack for thread: 0x00007fa9a235a000
RBP=0x0000700009fe1830 is pointing into the stack for thread: 0x00007fa9a235a000
RSI=0x00007fa9a5c62050 is an unknown value
RDI=0x00007fa9a2ae8038 is an unknown value
R8 =0x0000000000000020 is an unknown value
R9 =0x0000000000000000 is an unknown value
R10=0x0000000114523af8 is at entry_point+56 in (nmethod*)0x0000000114523950
R11=0x00000000d8037c60 is an unknown value
R12=0x0000000000000000 is an unknown value
R13=0x00000006c01be3c0 is an oop
sun.java2d.opengl.OGLRenderQueue$QueueFlusher 
 - klass: 'sun/java2d/opengl/OGLRenderQueue$QueueFlusher'
R14=0x00007fa9a235a1f8 is an unknown value
R15=0x000000007ffface2 is an unknown value


Stack: [0x0000700009ee2000,0x0000700009fe2000],  sp=0x0000700009fe1810,  free space=1022k
Native frames: (J=compiled Java code, j=interpreted, Vv=VM code, C=native code)
C  [libawt_lwawt.dylib+0x1c2e9]  OGLSD_SetScratchSurface+0x53
C  [libawt_lwawt.dylib+0x3d86a]  Java_sun_java2d_opengl_OGLRenderQueue_flushBuffer+0x63a
J 2953  sun.java2d.opengl.OGLRenderQueue.flushBuffer(JI)V (0 bytes) @ 0x0000000114523b6a [0x0000000114523ac0+0xaa]
J 4645% C2 sun.java2d.opengl.OGLRenderQueue$QueueFlusher.run()V (234 bytes) @ 0x000000011456fcdc [0x000000011456fc00+0xdc]
v  ~StubRoutines::call_stub
V  [libjvm.dylib+0x2ef7b2]  JavaCalls::call_helper(JavaValue*, methodHandle*, JavaCallArguments*, Thread*)+0x6ae
V  [libjvm.dylib+0x2eff56]  JavaCalls::call_virtual(JavaValue*, KlassHandle, Symbol*, Symbol*, JavaCallArguments*, Thread*)+0x164
V  [libjvm.dylib+0x2f0102]  JavaCalls::call_virtual(JavaValue*, Handle, KlassHandle, Symbol*, Symbol*, Thread*)+0x4a
V  [libjvm.dylib+0x34a8c5]  thread_entry(JavaThread*, Thread*)+0x7c
V  [libjvm.dylib+0x56e327]  JavaThread::thread_main_inner()+0x9b
V  [libjvm.dylib+0x56fa14]  JavaThread::run()+0x1c2
V  [libjvm.dylib+0x48d542]  java_start(Thread*)+0xf6
C  [libsystem_pthread.dylib+0x36c1]  _pthread_body+0x154
C  [libsystem_pthread.dylib+0x356d]  _pthread_body+0x0
C  [libsystem_pthread.dylib+0x2c5d]  thread_start+0xd
C  0x0000000000000000

Java frames: (J=compiled Java code, j=interpreted, Vv=VM code)
J 2953  sun.java2d.opengl.OGLRenderQueue.flushBuffer(JI)V (0 bytes) @ 0x0000000114523af8 [0x0000000114523ac0+0x38]
J 4645% C2 sun.java2d.opengl.OGLRenderQueue$QueueFlusher.run()V (234 bytes) @ 0x000000011456fcdc [0x000000011456fc00+0xdc]
v  ~StubRoutines::call_stub

---------------  P R O C E S S  ---------------

Java Threads: ( => current thread )
  0x00007fa9a2dc4000 JavaThread "pool-37-thread-1" [_thread_in_Java, id=120887, stack(0x000070000d528000,0x000070000d628000)]
  0x00007fa9a3061000 JavaThread "zSelector" [_thread_blocked, id=117879, stack(0x000070000d425000,0x000070000d525000)]
  0x00007fa9a326a800 JavaThread "pool-36-thread-1" [_thread_blocked, id=111715, stack(0x000070000d322000,0x000070000d422000)]
  0x00007fa9a2d0e000 JavaThread "pool-35-thread-1" [_thread_blocked, id=118983, stack(0x000070000d21f000,0x000070000d31f000)]
  0x00007fa9a2595000 JavaThread "pool-34-thread-1" [_thread_blocked, id=115719, stack(0x000070000d11c000,0x000070000d21c000)]
  0x00007fa9a288d800 JavaThread "pool-33-thread-1" [_thread_blocked, id=120607, stack(0x000070000ce10000,0x000070000cf10000)]
  0x00007fa9a7088800 JavaThread "pool-32-thread-1" [_thread_blocked, id=87639, stack(0x000070000d019000,0x000070000d119000)]
  0x00007fa9a206e000 JavaThread "pool-31-thread-1" [_thread_blocked, id=102427, stack(0x000070000cf16000,0x000070000d016000)]
  0x00007fa9a2ccf800 JavaThread "pool-30-thread-1" [_thread_blocked, id=123395, stack(0x000070000cd0d000,0x000070000ce0d000)]
  0x00007fa9a7025800 JavaThread "pool-29-thread-1" [_thread_blocked, id=125459, stack(0x000070000cc0a000,0x000070000cd0a000)]
  0x00007fa9a1a90000 JavaThread "pool-28-thread-1" [_thread_blocked, id=98319, stack(0x000070000ca84000,0x000070000cb84000)]
  0x00007fa9a1ff4800 JavaThread "pool-27-thread-1" [_thread_blocked, id=98563, stack(0x000070000c3e9000,0x000070000c4e9000)]
  0x00007fa9a1f0c800 JavaThread "pool-26-thread-1" [_thread_blocked, id=120067, stack(0x000070000c981000,0x000070000ca81000)]
  0x00007fa9a1e44800 JavaThread "pool-25-thread-1" [_thread_blocked, id=121095, stack(0x000070000c87e000,0x000070000c97e000)]
  0x00007fa9a2666800 JavaThread "pool-24-thread-1" [_thread_blocked, id=91835, stack(0x000070000c2e6000,0x000070000c3e6000)]
  0x00007fa9a2cc2000 JavaThread "pool-23-thread-1" [_thread_blocked, id=96519, stack(0x000070000c77b000,0x000070000c87b000)]
  0x00007fa9a1b10000 JavaThread "pool-22-thread-1" [_thread_blocked, id=96263, stack(0x000070000c678000,0x000070000c778000)]
  0x00007fa9a34cf000 JavaThread "pool-21-thread-1" [_thread_blocked, id=124523, stack(0x000070000c575000,0x000070000c675000)]
  0x00007fa9a2bdc000 JavaThread "pool-20-thread-1" [_thread_blocked, id=127519, stack(0x000070000a4f4000,0x000070000a5f4000)]
  0x00007fa9a2bf5800 JavaThread "pool-19-thread-1" [_thread_blocked, id=126563, stack(0x000070000c1e3000,0x000070000c2e3000)]
  0x00007fa9a2021800 JavaThread "pool-18-thread-1" [_thread_blocked, id=90027, stack(0x000070000c0e0000,0x000070000c1e0000)]
  0x00007fa9a3203000 JavaThread "pool-17-thread-1" [_thread_blocked, id=93227, stack(0x000070000bfdd000,0x000070000c0dd000)]
  0x00007fa9a20c0000 JavaThread "pool-16-thread-1" [_thread_blocked, id=19715, stack(0x000070000beda000,0x000070000bfda000)]
  0x00007fa9a1c1b000 JavaThread "pool-15-thread-1" [_thread_blocked, id=93503, stack(0x000070000bdd7000,0x000070000bed7000)]
  0x00007fa9a253d800 JavaThread "pool-14-thread-1" [_thread_blocked, id=124895, stack(0x000070000bac5000,0x000070000bbc5000)]
  0x00007fa9a2f53000 JavaThread "SwingWorker-pool-1-thread-10" daemon [_thread_blocked, id=125051, stack(0x000070000b9c2000,0x000070000bac2000)]
  0x00007fa9a3375800 JavaThread "pool-13-thread-1" [_thread_blocked, id=94723, stack(0x000070000bc51000,0x000070000bd51000)]
  0x00007fa9a3633800 JavaThread "pool-12-thread-1" [_thread_blocked, id=40567, stack(0x000070000b6b3000,0x000070000b7b3000)]
  0x00007fa9a2fad000 JavaThread "SwingWorker-pool-1-thread-9" daemon [_thread_blocked, id=89403, stack(0x000070000b52a000,0x000070000b62a000)]
  0x00007fa9a1ea9800 JavaThread "pool-11-thread-1" [_thread_blocked, id=38987, stack(0x000070000b8bf000,0x000070000b9bf000)]
  0x00007fa9a2cc0000 JavaThread "SwingWorker-pool-1-thread-8" daemon [_thread_blocked, id=64379, stack(0x000070000b427000,0x000070000b527000)]
  0x00007fa9a2f54000 JavaThread "pool-10-thread-1" [_thread_blocked, id=89287, stack(0x000070000b7bc000,0x000070000b8bc000)]
  0x00007fa9a20fe000 JavaThread "SwingWorker-pool-1-thread-7" daemon [_thread_blocked, id=130147, stack(0x0000700008c20000,0x0000700008d20000)]
  0x00007fa9a1e46000 JavaThread "pool-9-thread-1" [_thread_blocked, id=61799, stack(0x000070000b324000,0x000070000b424000)]
  0x00007fa9a19f2000 JavaThread "SwingWorker-pool-1-thread-6" daemon [_thread_blocked, id=71959, stack(0x000070000a903000,0x000070000aa03000)]
  0x00007fa9a320d000 JavaThread "pool-8-thread-1" [_thread_blocked, id=130819, stack(0x000070000b221000,0x000070000b321000)]
  0x00007fa9a1a8e000 JavaThread "pool-7-thread-1" [_thread_blocked, id=56447, stack(0x000070000b11e000,0x000070000b21e000)]
  0x00007fa9a259e800 JavaThread "SwingWorker-pool-1-thread-5" daemon [_thread_blocked, id=59027, stack(0x000070000b01b000,0x000070000b11b000)]
  0x00007fa9a7035000 JavaThread "pool-6-thread-1" [_thread_blocked, id=62527, stack(0x000070000af18000,0x000070000b018000)]
  0x00007fa9a2333800 JavaThread "pool-5-thread-1" [_thread_blocked, id=71759, stack(0x000070000ad92000,0x000070000ae92000)]
  0x00007fa9a2a3a000 JavaThread "SwingWorker-pool-1-thread-4" daemon [_thread_blocked, id=72311, stack(0x000070000aa09000,0x000070000ab09000)]
  0x00007fa9a1db2800 JavaThread "pool-4-thread-1" [_thread_blocked, id=4131, stack(0x000070000a6fd000,0x000070000a7fd000)]
  0x00007fa9a338e000 JavaThread "SwingWorker-pool-1-thread-3" daemon [_thread_blocked, id=3639, stack(0x000070000a1eb000,0x000070000a2eb000)]
  0x00007fa9a9064800 JavaThread "pool-3-thread-1" [_thread_blocked, id=129579, stack(0x000070000ac8f000,0x000070000ad8f000)]
  0x00007fa9a1e43000 JavaThread "SwingWorker-pool-1-thread-2" daemon [_thread_blocked, id=61207, stack(0x000070000ab8c000,0x000070000ac8c000)]
  0x00007fa9a1ff3800 JavaThread "pool-2-thread-1" [_thread_blocked, id=68651, stack(0x000070000a3f1000,0x000070000a4f1000)]
  0x00007fa9a376a000 JavaThread "SwingWorker-pool-1-thread-1" daemon [_thread_blocked, id=67423, stack(0x000070000a2ee000,0x000070000a3ee000)]
  0x00007fa9a2fbe800 JavaThread "Timer-0" daemon [_thread_blocked, id=63151, stack(0x000070000a800000,0x000070000a900000)]
  0x00007fa9a7030000 JavaThread "TimerQueue" daemon [_thread_blocked, id=64603, stack(0x000070000a5fa000,0x000070000a6fa000)]
  0x00007fa9a2b2e800 JavaThread "DestroyJavaVM" [_thread_blocked, id=9987, stack(0x0000700008d26000,0x0000700008e26000)]
  0x00007fa9a2367000 JavaThread "Run$_AWT-EventQueue-0" [_thread_blocked, id=57099, stack(0x000070000a0e8000,0x000070000a1e8000)]
  0x00007fa9a3302000 JavaThread "Java2D Disposer" daemon [_thread_blocked, id=51211, stack(0x0000700009fe5000,0x000070000a0e5000)]
=>0x00007fa9a235a000 JavaThread "Java2D Queue Flusher" daemon [_thread_in_native, id=77831, stack(0x0000700009ee2000,0x0000700009fe2000)]
  0x00007fa9a1b33000 JavaThread "AWT-Shutdown" [_thread_blocked, id=37931, stack(0x0000700009bd3000,0x0000700009cd3000)]
  0x00007fa9a2a22000 JavaThread "AppKit Thread" daemon [_thread_in_native, id=775, stack(0x00007ffeeaa12000,0x00007ffeeb212000)]
  0x00007fa9a1815800 JavaThread "Service Thread" daemon [_thread_blocked, id=17411, stack(0x000070000994a000,0x0000700009a4a000)]
  0x00007fa9a3049000 JavaThread "C1 CompilerThread2" daemon [_thread_blocked, id=17923, stack(0x0000700009847000,0x0000700009947000)]
  0x00007fa9a3048800 JavaThread "C2 CompilerThread1" daemon [_thread_blocked, id=18179, stack(0x0000700009744000,0x0000700009844000)]
  0x00007fa9a3019000 JavaThread "C2 CompilerThread0" daemon [_thread_blocked, id=18691, stack(0x0000700009641000,0x0000700009741000)]
  0x00007fa9a3025000 JavaThread "Signal Dispatcher" daemon [_thread_blocked, id=18951, stack(0x000070000953e000,0x000070000963e000)]
  0x00007fa9a1803800 JavaThread "Finalizer" daemon [_thread_blocked, id=11779, stack(0x000070000943b000,0x000070000953b000)]
  0x00007fa9a1802800 JavaThread "Reference Handler" daemon [_thread_blocked, id=20739, stack(0x0000700009338000,0x0000700009438000)]

Other Threads:
  0x00007fa9a2845800 VMThread [stack: 0x0000700009235000,0x0000700009335000] [id=11267]
  0x00007fa9a307c800 WatcherThread [stack: 0x0000700009a4d000,0x0000700009b4d000] [id=16899]

VM state:not at safepoint (normal execution)

VM Mutex/Monitor currently owned by a thread: None

Heap:
 PSYoungGen      total 1287168K, used 7957K [0x000000076ab00000, 0x00000007c0000000, 0x00000007c0000000)
  eden space 1223168K, 0% used [0x000000076ab00000,0x000000076b2c54a8,0x00000007b5580000)
  from space 64000K, 0% used [0x00000007bc180000,0x00000007bc180000,0x00000007c0000000)
  to   space 75264K, 0% used [0x00000007b6d00000,0x00000007b6d00000,0x00000007bb680000)
 ParOldGen       total 487424K, used 78826K [0x00000006c0000000, 0x00000006ddc00000, 0x000000076ab00000)
  object space 487424K, 16% used [0x00000006c0000000,0x00000006c4cfa840,0x00000006ddc00000)
 Metaspace       used 31583K, capacity 32105K, committed 32640K, reserved 1077248K
  class space    used 4234K, capacity 4377K, committed 4480K, reserved 1048576K

Card table byte_map: [0x0000000106636000,0x0000000106e37000] byte_map_base: 0x0000000103036000

Marking Bits: (ParMarkBitMap*) 0x000000010531d6c0
 Begin Bits: [0x000000010738d000, 0x000000010b38d000)
 End Bits:   [0x000000010b38d000, 0x000000010f38d000)

Polling page: 0x00000001059e1000

CodeCache: size=245760Kb used=16271Kb max_used=16406Kb free=229488Kb
 bounds [0x0000000113c6f000, 0x0000000114c9f000, 0x0000000122c6f000]
 total_blobs=5582 nmethods=4869 adapters=623
 compilation: enabled

Compilation events (10 events):
Event: 14432.140 Thread 0x00007fa9a3049000 nmethod 6113 0x000000011416abd0 code [0x000000011416ad60, 0x000000011416b258]
Event: 14432.199 Thread 0x00007fa9a3048800 6114 %     4       sun.java2d.pipe.PixelToShapeConverter::makePoly @ 30 (70 bytes)
Event: 14432.219 Thread 0x00007fa9a3048800 nmethod 6114% 0x0000000114a07350 code [0x0000000114a07500, 0x0000000114a08168]
Event: 14432.229 Thread 0x00007fa9a3019000 6115       4       sun.java2d.pipe.PixelToShapeConverter::makePoly (70 bytes)
Event: 14432.273 Thread 0x00007fa9a3019000 nmethod 6115 0x0000000114a776d0 code [0x0000000114a778e0, 0x0000000114a79608]
Event: 14432.713 Thread 0x00007fa9a3048800 6116   !   4       sun.java2d.pipe.BufferedRenderPipe::fillSpans (95 bytes)
Event: 14432.743 Thread 0x00007fa9a3048800 nmethod 6116 0x00000001145bdd50 code [0x00000001145bdfc0, 0x00000001145bee80]
Event: 14433.582 Thread 0x00007fa9a3019000 6117   !   4       sun.java2d.pipe.BufferedRenderPipe::fillParallelogram (120 bytes)
Event: 14433.612 Thread 0x00007fa9a3019000 nmethod 6117 0x0000000114c7cd10 code [0x0000000114c7cf60, 0x0000000114c7de40]
Event: 14435.125 Thread 0x00007fa9a3049000 6118   !   3       sun.java2d.Disposer::clearDeferredRecords (70 bytes)

GC Heap History (10 events):
Event: 994.519 GC heap before
{Heap before GC invocations=214 (full 7):
 PSYoungGen      total 1342976K, used 1315141K [0x000000076ab00000, 0x00000007bfa00000, 0x00000007c0000000)
  eden space 1292800K, 100% used [0x000000076ab00000,0x00000007b9980000,0x00000007b9980000)
  from space 50176K, 44% used [0x00000007bc880000,0x00000007bde51460,0x00000007bf980000)
  to   space 48128K, 0% used [0x00000007b9980000,0x00000007b9980000,0x00000007bc880000)
 ParOldGen       total 554496K, used 466963K [0x00000006c0000000, 0x00000006e1d80000, 0x000000076ab00000)
  object space 554496K, 84% used [0x00000006c0000000,0x00000006dc804d88,0x00000006e1d80000)
 Metaspace       used 31137K, capacity 31701K, committed 32000K, reserved 1077248K
  class space    used 4182K, capacity 4323K, committed 4352K, reserved 1048576K
Event: 994.528 GC heap after
Heap after GC invocations=214 (full 7):
 PSYoungGen      total 1340928K, used 22583K [0x000000076ab00000, 0x00000007bf900000, 0x00000007c0000000)
  eden space 1292800K, 0% used [0x000000076ab00000,0x000000076ab00000,0x00000007b9980000)
  from space 48128K, 46% used [0x00000007b9980000,0x00000007baf8df38,0x00000007bc880000)
  to   space 45568K, 0% used [0x00000007bcc80000,0x00000007bcc80000,0x00000007bf900000)
 ParOldGen       total 554496K, used 466963K [0x00000006c0000000, 0x00000006e1d80000, 0x000000076ab00000)
  object space 554496K, 84% used [0x00000006c0000000,0x00000006dc804d88,0x00000006e1d80000)
 Metaspace       used 31137K, capacity 31701K, committed 32000K, reserved 1077248K
  class space    used 4182K, capacity 4323K, committed 4352K, reserved 1048576K
}
Event: 1009.721 GC heap before
{Heap before GC invocations=215 (full 7):
 PSYoungGen      total 1340928K, used 1315383K [0x000000076ab00000, 0x00000007bf900000, 0x00000007c0000000)
  eden space 1292800K, 100% used [0x000000076ab00000,0x00000007b9980000,0x00000007b9980000)
  from space 48128K, 46% used [0x00000007b9980000,0x00000007baf8df38,0x00000007bc880000)
  to   space 45568K, 0% used [0x00000007bcc80000,0x00000007bcc80000,0x00000007bf900000)
 ParOldGen       total 554496K, used 466963K [0x00000006c0000000, 0x00000006e1d80000, 0x000000076ab00000)
  object space 554496K, 84% used [0x00000006c0000000,0x00000006dc804d88,0x00000006e1d80000)
 Metaspace       used 31152K, capacity 31701K, committed 32000K, reserved 1077248K
  class space    used 4182K, capacity 4323K, committed 4352K, reserved 1048576K
Event: 1009.748 GC heap after
Heap after GC invocations=215 (full 7):
 PSYoungGen      total 1320448K, used 45536K [0x000000076ab00000, 0x00000007c0000000, 0x00000007c0000000)
  eden space 1274880K, 0% used [0x000000076ab00000,0x000000076ab00000,0x00000007b8800000)
  from space 45568K, 99% used [0x00000007bcc80000,0x00000007bf8f83a0,0x00000007bf900000)
  to   space 61440K, 0% used [0x00000007b8800000,0x00000007b8800000,0x00000007bc400000)
 ParOldGen       total 554496K, used 493651K [0x00000006c0000000, 0x00000006e1d80000, 0x000000076ab00000)
  object space 554496K, 89% used [0x00000006c0000000,0x00000006de214d88,0x00000006e1d80000)
 Metaspace       used 31152K, capacity 31701K, committed 32000K, reserved 1077248K
  class space    used 4182K, capacity 4323K, committed 4352K, reserved 1048576K
}
Event: 1111.165 GC heap before
{Heap before GC invocations=216 (full 7):
 PSYoungGen      total 1320448K, used 1320416K [0x000000076ab00000, 0x00000007c0000000, 0x00000007c0000000)
  eden space 1274880K, 100% used [0x000000076ab00000,0x00000007b8800000,0x00000007b8800000)
  from space 45568K, 99% used [0x00000007bcc80000,0x00000007bf8f83a0,0x00000007bf900000)
  to   space 61440K, 0% used [0x00000007b8800000,0x00000007b8800000,0x00000007bc400000)
 ParOldGen       total 554496K, used 493651K [0x00000006c0000000, 0x00000006e1d80000, 0x000000076ab00000)
  object space 554496K, 89% used [0x00000006c0000000,0x00000006de214d88,0x00000006e1d80000)
 Metaspace       used 31218K, capacity 31765K, committed 32000K, reserved 1077248K
  class space    used 4182K, capacity 4323K, committed 4352K, reserved 1048576K
Event: 1111.209 GC heap after
Heap after GC invocations=216 (full 7):
 PSYoungGen      total 1318400K, used 43232K [0x000000076ab00000, 0x00000007c0000000, 0x00000007c0000000)
  eden space 1274880K, 0% used [0x000000076ab00000,0x000000076ab00000,0x00000007b8800000)
  from space 43520K, 99% used [0x00000007b8800000,0x00000007bb2382e0,0x00000007bb280000)
  to   space 64000K, 0% used [0x00000007bc180000,0x00000007bc180000,0x00000007c0000000)
 ParOldGen       total 554496K, used 509676K [0x00000006c0000000, 0x00000006e1d80000, 0x000000076ab00000)
  object space 554496K, 91% used [0x00000006c0000000,0x00000006df1bb210,0x00000006e1d80000)
 Metaspace       used 31218K, capacity 31765K, committed 32000K, reserved 1077248K
  class space    used 4182K, capacity 4323K, committed 4352K, reserved 1048576K
}
Event: 14434.513 GC heap before
{Heap before GC invocations=217 (full 7):
 PSYoungGen      total 1318400K, used 1318112K [0x000000076ab00000, 0x00000007c0000000, 0x00000007c0000000)
  eden space 1274880K, 100% used [0x000000076ab00000,0x00000007b8800000,0x00000007b8800000)
  from space 43520K, 99% used [0x00000007b8800000,0x00000007bb2382e0,0x00000007bb280000)
  to   space 64000K, 0% used [0x00000007bc180000,0x00000007bc180000,0x00000007c0000000)
 ParOldGen       total 554496K, used 509676K [0x00000006c0000000, 0x00000006e1d80000, 0x000000076ab00000)
  object space 554496K, 91% used [0x00000006c0000000,0x00000006df1bb210,0x00000006e1d80000)
 Metaspace       used 31617K, capacity 32159K, committed 32640K, reserved 1077248K
  class space    used 4241K, capacity 4390K, committed 4480K, reserved 1048576K
Event: 14434.906 GC heap after
Heap after GC invocations=217 (full 7):
 PSYoungGen      total 1287168K, used 63999K [0x000000076ab00000, 0x00000007c0000000, 0x00000007c0000000)
  eden space 1223168K, 0% used [0x000000076ab00000,0x000000076ab00000,0x00000007b5580000)
  from space 64000K, 99% used [0x00000007bc180000,0x00000007bfffffe8,0x00000007c0000000)
  to   space 75264K, 0% used [0x00000007b6d00000,0x00000007b6d00000,0x00000007bb680000)
 ParOldGen       total 554496K, used 516040K [0x00000006c0000000, 0x00000006e1d80000, 0x000000076ab00000)
  object space 554496K, 93% used [0x00000006c0000000,0x00000006df7f2390,0x00000006e1d80000)
 Metaspace       used 31617K, capacity 32159K, committed 32640K, reserved 1077248K
  class space    used 4241K, capacity 4390K, committed 4480K, reserved 1048576K
}
Event: 14434.907 GC heap before
{Heap before GC invocations=218 (full 8):
 PSYoungGen      total 1287168K, used 63999K [0x000000076ab00000, 0x00000007c0000000, 0x00000007c0000000)
  eden space 1223168K, 0% used [0x000000076ab00000,0x000000076ab00000,0x00000007b5580000)
  from space 64000K, 99% used [0x00000007bc180000,0x00000007bfffffe8,0x00000007c0000000)
  to   space 75264K, 0% used [0x00000007b6d00000,0x00000007b6d00000,0x00000007bb680000)
 ParOldGen       total 554496K, used 516040K [0x00000006c0000000, 0x00000006e1d80000, 0x000000076ab00000)
  object space 554496K, 93% used [0x00000006c0000000,0x00000006df7f2390,0x00000006e1d80000)
 Metaspace       used 31617K, capacity 32159K, committed 32640K, reserved 1077248K
  class space    used 4241K, capacity 4390K, committed 4480K, reserved 1048576K
Event: 14435.123 GC heap after
Heap after GC invocations=218 (full 8):
 PSYoungGen      total 1287168K, used 0K [0x000000076ab00000, 0x00000007c0000000, 0x00000007c0000000)
  eden space 1223168K, 0% used [0x000000076ab00000,0x000000076ab00000,0x00000007b5580000)
  from space 64000K, 0% used [0x00000007bc180000,0x00000007bc180000,0x00000007c0000000)
  to   space 75264K, 0% used [0x00000007b6d00000,0x00000007b6d00000,0x00000007bb680000)
 ParOldGen       total 487424K, used 78826K [0x00000006c0000000, 0x00000006ddc00000, 0x000000076ab00000)
  object space 487424K, 16% used [0x00000006c0000000,0x00000006c4cfa840,0x00000006ddc00000)
 Metaspace       used 31582K, capacity 32105K, committed 32640K, reserved 1077248K
  class space    used 4234K, capacity 4377K, committed 4480K, reserved 1048576K
}

Deoptimization events (10 events):
Event: 2234.049 Thread 0x00007fa9a2367000 Uncommon trap: reason=class_check action=maybe_recompile pc=0x000000011430d0b8 method=sun.java2d.pipe.PixelToShapeConverter.drawOval(Lsun/java2d/SunGraphics2D;IIII)V @ 22
Event: 2234.049 Thread 0x00007fa9a2367000 Uncommon trap: reason=unstable_if action=reinterpret pc=0x00000001145eee00 method=sun.java2d.pipe.PixelToShapeConverter.makePoly([I[IIZ)Ljava/awt/Shape; @ 59
Event: 2236.515 Thread 0x00007fa9a235a000 Uncommon trap: reason=class_check action=maybe_recompile pc=0x00000001145702bc method=sun.java2d.opengl.OGLRenderQueue$QueueFlusher.run()V @ 95
Event: 2236.538 Thread 0x00007fa9a2367000 Uncommon trap: reason=unstable_if action=reinterpret pc=0x000000011463d1a8 method=sun.java2d.SunGraphics2D.getCompClip()Lsun/java2d/pipe/Region; @ 7
Event: 2236.905 Thread 0x00007fa9a2367000 Uncommon trap: reason=class_check action=maybe_recompile pc=0x000000011430d0b8 method=sun.java2d.pipe.PixelToShapeConverter.drawOval(Lsun/java2d/SunGraphics2D;IIII)V @ 22
Event: 2348.483 Thread 0x00007fa9a2a22000 Uncommon trap: reason=class_check action=maybe_recompile pc=0x00000001147b3180 method=java.util.HashMap.removeNode(ILjava/lang/Object;Ljava/lang/Object;ZZ)Ljava/util/HashMap$Node; @ 68
Event: 2348.532 Thread 0x00007fa9a2367000 Uncommon trap: reason=class_check action=maybe_recompile pc=0x000000011430d0b8 method=sun.java2d.pipe.PixelToShapeConverter.drawOval(Lsun/java2d/SunGraphics2D;IIII)V @ 22
Event: 2348.784 Thread 0x00007fa9a2367000 Uncommon trap: reason=class_check action=maybe_recompile pc=0x000000011430d0b8 method=sun.java2d.pipe.PixelToShapeConverter.drawOval(Lsun/java2d/SunGraphics2D;IIII)V @ 22
Event: 2348.785 Thread 0x00007fa9a2367000 Uncommon trap: reason=unstable_if action=reinterpret pc=0x00000001145dd3e8 method=sun.java2d.pipe.PixelToShapeConverter.makePoly([I[IIZ)Ljava/awt/Shape; @ 59
Event: 14435.126 Thread 0x00007fa9a2367000 Uncommon trap: reason=unstable_if action=reinterpret pc=0x00000001149baf60 method=sun.awt.AppContext.getSoftReferenceValue(Ljava/lang/Object;Ljava/util/function/Supplier;)Ljava/lang/Object; @ 25

Classes redefined (0 events):
No events

Internal exceptions (10 events):
Event: 17.806 Thread 0x00007fa9a376a000 Exception <a 'java/lang/ArrayIndexOutOfBoundsException': 12> (0x000000076b8364a8) thrown at [/Users/java_re/workspace/8-2-build-macosx-x86_64/jdk8u152/9742/hotspot/src/share/vm/interpreter/interpreterRuntime.cpp, line 366]
Event: 17.806 Thread 0x00007fa9a376a000 Exception <a 'java/lang/ArrayIndexOutOfBoundsException'> (0x000000076b836778) thrown at [/Users/java_re/workspace/8-2-build-macosx-x86_64/jdk8u152/9742/hotspot/src/share/vm/runtime/sharedRuntime.cpp, line 605]
Event: 17.807 Thread 0x00007fa9a376a000 Exception <a 'java/lang/ArrayIndexOutOfBoundsException'> (0x000000076b836a50) thrown at [/Users/java_re/workspace/8-2-build-macosx-x86_64/jdk8u152/9742/hotspot/src/share/vm/runtime/sharedRuntime.cpp, line 605]
Event: 17.810 Thread 0x00007fa9a376a000 Exception <a 'java/lang/ArrayIndexOutOfBoundsException'> (0x000000076b836d30) thrown at [/Users/java_re/workspace/8-2-build-macosx-x86_64/jdk8u152/9742/hotspot/src/share/vm/runtime/sharedRuntime.cpp, line 605]
Event: 20.860 Thread 0x00007fa9a2367000 Implicit null exception at 0x000000011464519d to 0x00000001146481c5
Event: 664.264 Thread 0x00007fa9a2a22000 Implicit null exception at 0x000000011471d117 to 0x000000011471eda1
Event: 664.264 Thread 0x00007fa9a2a22000 Implicit null exception at 0x000000011461184c to 0x000000011461199d
Event: 819.840 Thread 0x00007fa9a2367000 Implicit null exception at 0x0000000114891db4 to 0x0000000114893f8d
Event: 1134.597 Thread 0x00007fa9a1bd1000 Exception <a 'java/lang/InterruptedException'> (0x0000000771444018) thrown at [/Users/java_re/workspace/8-2-build-macosx-x86_64/jdk8u152/9742/hotspot/src/share/vm/runtime/objectMonitor.cpp, line 1684]
Event: 1141.632 Thread 0x00007fa9a1c1a000 Implicit null exception at 0x0000000113e02e27 to 0x0000000113e03455

Events (10 events):
Event: 14431.649 Thread 0x00007fa9a2dc4000 Thread added: 0x00007fa9a2dc4000
Event: 14432.229 Thread 0x00007fa9a2367000 DEOPT PACKING pc=0x0000000113e7f651 sp=0x000070000a1e5a00
Event: 14432.229 Thread 0x00007fa9a2367000 DEOPT UNPACKING pc=0x0000000113cb6633 sp=0x000070000a1e57a8 mode 0
Event: 14432.262 Thread 0x00007fa9a2367000 DEOPT PACKING pc=0x0000000113e7f651 sp=0x000070000a1e5a00
Event: 14432.262 Thread 0x00007fa9a2367000 DEOPT UNPACKING pc=0x0000000113cb6633 sp=0x000070000a1e57a8 mode 0
Event: 14434.512 Executing VM operation: ParallelGCFailedAllocation
Event: 14435.123 Executing VM operation: ParallelGCFailedAllocation done
Event: 14435.125 Thread 0x00007fa9a2367000 Uncommon trap: trap_request=0xffffff65 fr.pc=0x00000001149baf60
Event: 14435.126 Thread 0x00007fa9a2367000 DEOPT PACKING pc=0x00000001149baf60 sp=0x000070000a1e56e0
Event: 14435.126 Thread 0x00007fa9a2367000 DEOPT UNPACKING pc=0x0000000113c74229 sp=0x000070000a1e5690 mode 2


Dynamic libraries:
0x000000002ba31000 	/System/Library/Frameworks/Cocoa.framework/Versions/A/Cocoa
0x000000002ba31000 	/System/Library/Frameworks/Security.framework/Versions/A/Security
0x000000002ba31000 	/System/Library/Frameworks/ApplicationServices.framework/Versions/A/ApplicationServices
0x000000002ba31000 	/usr/lib/libz.1.dylib
0x000000002ba31000 	/usr/lib/libSystem.B.dylib
0x000000002ba31000 	/usr/lib/libobjc.A.dylib
0x000000002ba31000 	/System/Library/Frameworks/CoreFoundation.framework/Versions/A/CoreFoundation
0x000000002ba31000 	/System/Library/Frameworks/Foundation.framework/Versions/C/Foundation
0x000000002ba31000 	/System/Library/Frameworks/AppKit.framework/Versions/C/AppKit
0x000000002ba31000 	/System/Library/Frameworks/CoreData.framework/Versions/A/CoreData
0x000000002ba31000 	/System/Library/PrivateFrameworks/RemoteViewServices.framework/Versions/A/RemoteViewServices
0x000000002ba31000 	/System/Library/PrivateFrameworks/UIFoundation.framework/Versions/A/UIFoundation
0x000000002ba31000 	/System/Library/PrivateFrameworks/DFRFoundation.framework/Versions/A/DFRFoundation
0x000000002ba31000 	/System/Library/Frameworks/Metal.framework/Versions/A/Metal
0x000000002ba31000 	/System/Library/PrivateFrameworks/DesktopServicesPriv.framework/Versions/A/DesktopServicesPriv
0x000000002ba31000 	/usr/lib/libenergytrace.dylib
0x000000002ba31000 	/System/Library/PrivateFrameworks/SkyLight.framework/Versions/A/SkyLight
0x000000002ba31000 	/System/Library/Frameworks/CoreGraphics.framework/Versions/A/CoreGraphics
0x000000002ba31000 	/usr/lib/libScreenReader.dylib
0x000000002ba31000 	/System/Library/Frameworks/Accelerate.framework/Versions/A/Accelerate
0x000000002ba31000 	/System/Library/Frameworks/IOSurface.framework/Versions/A/IOSurface
0x000000002ba31000 	/System/Library/Frameworks/AudioToolbox.framework/Versions/A/AudioToolbox
0x000000002ba31000 	/System/Library/Frameworks/AudioUnit.framework/Versions/A/AudioUnit
0x000000002ba31000 	/System/Library/PrivateFrameworks/DataDetectorsCore.framework/Versions/A/DataDetectorsCore
0x000000002ba31000 	/System/Library/Frameworks/Carbon.framework/Versions/A/Frameworks/HIToolbox.framework/Versions/A/HIToolbox
0x000000002ba31000 	/usr/lib/libicucore.A.dylib
0x000000002ba31000 	/System/Library/Frameworks/QuartzCore.framework/Versions/A/QuartzCore
0x000000002ba31000 	/System/Library/Frameworks/Carbon.framework/Versions/A/Frameworks/SpeechRecognition.framework/Versions/A/SpeechRecognition
0x000000002ba31000 	/usr/lib/libauto.dylib
0x000000002ba31000 	/usr/lib/libxml2.2.dylib
0x000000002ba31000 	/System/Library/PrivateFrameworks/CoreUI.framework/Versions/A/CoreUI
0x000000002ba31000 	/System/Library/Frameworks/CoreAudio.framework/Versions/A/CoreAudio
0x000000002ba31000 	/System/Library/Frameworks/DiskArbitration.framework/Versions/A/DiskArbitration
0x000000002ba31000 	/usr/lib/liblangid.dylib
0x000000002ba31000 	/System/Library/PrivateFrameworks/MultitouchSupport.framework/Versions/A/MultitouchSupport
0x000000002ba31000 	/System/Library/Frameworks/IOKit.framework/Versions/A/IOKit
0x000000002ba31000 	/usr/lib/libDiagnosticMessagesClient.dylib
0x000000002ba31000 	/System/Library/Frameworks/CoreServices.framework/Versions/A/CoreServices
0x000000002ba31000 	/System/Library/PrivateFrameworks/PerformanceAnalysis.framework/Versions/A/PerformanceAnalysis
0x000000002ba31000 	/System/Library/Frameworks/OpenGL.framework/Versions/A/OpenGL
0x000000002ba31000 	/System/Library/Frameworks/ColorSync.framework/Versions/A/ColorSync
0x000000002ba31000 	/System/Library/Frameworks/CoreImage.framework/Versions/A/CoreImage
0x000000002ba31000 	/System/Library/Frameworks/CoreText.framework/Versions/A/CoreText
0x000000002ba31000 	/System/Library/Frameworks/ImageIO.framework/Versions/A/ImageIO
0x000000002ba31000 	/System/Library/PrivateFrameworks/Backup.framework/Versions/A/Backup
0x000000002ba31000 	/usr/lib/libarchive.2.dylib
0x000000002ba31000 	/System/Library/Frameworks/CFNetwork.framework/Versions/A/CFNetwork
0x000000002ba31000 	/System/Library/Frameworks/SystemConfiguration.framework/Versions/A/SystemConfiguration
0x000000002ba31000 	/usr/lib/libCRFSuite.dylib
0x000000002ba31000 	/usr/lib/libc++.1.dylib
0x000000002ba31000 	/usr/lib/libc++abi.dylib
0x000000002ba31000 	/usr/lib/system/libcache.dylib
0x000000002ba31000 	/usr/lib/system/libcommonCrypto.dylib
0x000000002ba31000 	/usr/lib/system/libcompiler_rt.dylib
0x000000002ba31000 	/usr/lib/system/libcopyfile.dylib
0x000000002ba31000 	/usr/lib/system/libcorecrypto.dylib
0x000000002ba31000 	/usr/lib/system/libdispatch.dylib
0x000000002ba31000 	/usr/lib/system/libdyld.dylib
0x000000002ba31000 	/usr/lib/system/libkeymgr.dylib
0x000000002ba31000 	/usr/lib/system/liblaunch.dylib
0x000000002ba31000 	/usr/lib/system/libmacho.dylib
0x000000002ba31000 	/usr/lib/system/libquarantine.dylib
0x000000002ba31000 	/usr/lib/system/libremovefile.dylib
0x000000002ba31000 	/usr/lib/system/libsystem_asl.dylib
0x000000002ba31000 	/usr/lib/system/libsystem_blocks.dylib
0x000000002ba31000 	/usr/lib/system/libsystem_c.dylib
0x000000002ba31000 	/usr/lib/system/libsystem_configuration.dylib
0x000000002ba31000 	/usr/lib/system/libsystem_coreservices.dylib
0x000000002ba31000 	/usr/lib/system/libsystem_darwin.dylib
0x000000002ba31000 	/usr/lib/system/libsystem_dnssd.dylib
0x000000002ba31000 	/usr/lib/system/libsystem_info.dylib
0x000000002ba31000 	/usr/lib/system/libsystem_m.dylib
0x000000002ba31000 	/usr/lib/system/libsystem_malloc.dylib
0x000000002ba31000 	/usr/lib/system/libsystem_network.dylib
0x000000002ba31000 	/usr/lib/system/libsystem_networkextension.dylib
0x000000002ba31000 	/usr/lib/system/libsystem_notify.dylib
0x000000002ba31000 	/usr/lib/system/libsystem_sandbox.dylib
0x000000002ba31000 	/usr/lib/system/libsystem_secinit.dylib
0x000000002ba31000 	/usr/lib/system/libsystem_kernel.dylib
0x000000002ba31000 	/usr/lib/system/libsystem_platform.dylib
0x000000002ba31000 	/usr/lib/system/libsystem_pthread.dylib
0x000000002ba31000 	/usr/lib/system/libsystem_symptoms.dylib
0x000000002ba31000 	/usr/lib/system/libsystem_trace.dylib
0x000000002ba31000 	/usr/lib/system/libunwind.dylib
0x000000002ba31000 	/usr/lib/system/libxpc.dylib
0x000000002ba31000 	/usr/lib/closure/libclosured.dylib
0x000000002ba31000 	/usr/lib/libbsm.0.dylib
0x000000002ba31000 	/usr/lib/system/libkxld.dylib
0x000000002ba31000 	/usr/lib/libOpenScriptingUtil.dylib
0x000000002ba31000 	/usr/lib/libcoretls.dylib
0x000000002ba31000 	/usr/lib/libcoretls_cfhelpers.dylib
0x000000002ba31000 	/usr/lib/libpam.2.dylib
0x000000002ba31000 	/usr/lib/libsqlite3.dylib
0x000000002ba31000 	/usr/lib/libxar.1.dylib
0x000000002ba31000 	/usr/lib/libbz2.1.0.dylib
0x000000002ba31000 	/usr/lib/liblzma.5.dylib
0x000000002ba31000 	/usr/lib/libnetwork.dylib
0x000000002ba31000 	/usr/lib/libapple_nghttp2.dylib
0x000000002ba31000 	/usr/lib/libpcap.A.dylib
0x000000002ba31000 	/usr/lib/libboringssl.dylib
0x000000002ba31000 	/usr/lib/libusrtcp.dylib
0x000000002ba31000 	/usr/lib/libapple_crypto.dylib
0x000000002ba31000 	/System/Library/Frameworks/CoreServices.framework/Versions/A/Frameworks/FSEvents.framework/Versions/A/FSEvents
0x000000002ba31000 	/System/Library/Frameworks/CoreServices.framework/Versions/A/Frameworks/CarbonCore.framework/Versions/A/CarbonCore
0x000000002ba31000 	/System/Library/Frameworks/CoreServices.framework/Versions/A/Frameworks/Metadata.framework/Versions/A/Metadata
0x000000002ba31000 	/System/Library/Frameworks/CoreServices.framework/Versions/A/Frameworks/OSServices.framework/Versions/A/OSServices
0x000000002ba31000 	/System/Library/Frameworks/CoreServices.framework/Versions/A/Frameworks/SearchKit.framework/Versions/A/SearchKit
0x000000002ba31000 	/System/Library/Frameworks/CoreServices.framework/Versions/A/Frameworks/AE.framework/Versions/A/AE
0x000000002ba31000 	/System/Library/Frameworks/CoreServices.framework/Versions/A/Frameworks/LaunchServices.framework/Versions/A/LaunchServices
0x000000002ba31000 	/System/Library/Frameworks/CoreServices.framework/Versions/A/Frameworks/DictionaryServices.framework/Versions/A/DictionaryServices
0x000000002ba31000 	/System/Library/Frameworks/CoreServices.framework/Versions/A/Frameworks/SharedFileList.framework/Versions/A/SharedFileList
0x000000002ba31000 	/System/Library/Frameworks/NetFS.framework/Versions/A/NetFS
0x000000002ba31000 	/System/Library/PrivateFrameworks/NetAuth.framework/Versions/A/NetAuth
0x000000002ba31000 	/System/Library/PrivateFrameworks/login.framework/Versions/A/Frameworks/loginsupport.framework/Versions/A/loginsupport
0x000000002ba31000 	/System/Library/PrivateFrameworks/TCC.framework/Versions/A/TCC
0x000000002ba31000 	/usr/lib/libmecabra.dylib
0x000000002ba31000 	/System/Library/Frameworks/ApplicationServices.framework/Versions/A/Frameworks/ATS.framework/Versions/A/ATS
0x000000002ba31000 	/System/Library/Frameworks/ApplicationServices.framework/Versions/A/Frameworks/ColorSyncLegacy.framework/Versions/A/ColorSyncLegacy
0x000000002ba31000 	/System/Library/Frameworks/ApplicationServices.framework/Versions/A/Frameworks/HIServices.framework/Versions/A/HIServices
0x000000002ba31000 	/System/Library/Frameworks/ApplicationServices.framework/Versions/A/Frameworks/LangAnalysis.framework/Versions/A/LangAnalysis
0x000000002ba31000 	/System/Library/Frameworks/ApplicationServices.framework/Versions/A/Frameworks/PrintCore.framework/Versions/A/PrintCore
0x000000002ba31000 	/System/Library/Frameworks/ApplicationServices.framework/Versions/A/Frameworks/QD.framework/Versions/A/QD
0x000000002ba31000 	/System/Library/Frameworks/ApplicationServices.framework/Versions/A/Frameworks/SpeechSynthesis.framework/Versions/A/SpeechSynthesis
0x000000002ba31000 	/System/Library/Frameworks/CoreDisplay.framework/Versions/A/CoreDisplay
0x000000002ba31000 	/System/Library/Frameworks/Accelerate.framework/Versions/A/Frameworks/vImage.framework/Versions/A/vImage
0x000000002ba31000 	/System/Library/Frameworks/Accelerate.framework/Versions/A/Frameworks/vecLib.framework/Versions/A/vecLib
0x000000002ba31000 	/System/Library/Frameworks/Accelerate.framework/Versions/A/Frameworks/vecLib.framework/Versions/A/libvDSP.dylib
0x000000002ba31000 	/System/Library/Frameworks/Accelerate.framework/Versions/A/Frameworks/vecLib.framework/Versions/A/libBNNS.dylib
0x000000002ba31000 	/System/Library/Frameworks/Accelerate.framework/Versions/A/Frameworks/vecLib.framework/Versions/A/libQuadrature.dylib
0x000000002ba31000 	/System/Library/Frameworks/Accelerate.framework/Versions/A/Frameworks/vecLib.framework/Versions/A/libvMisc.dylib
0x000000002ba31000 	/System/Library/Frameworks/Accelerate.framework/Versions/A/Frameworks/vecLib.framework/Versions/A/libLAPACK.dylib
0x000000002ba31000 	/System/Library/Frameworks/Accelerate.framework/Versions/A/Frameworks/vecLib.framework/Versions/A/libBLAS.dylib
0x000000002ba31000 	/System/Library/Frameworks/Accelerate.framework/Versions/A/Frameworks/vecLib.framework/Versions/A/libLinearAlgebra.dylib
0x000000002ba31000 	/System/Library/Frameworks/Accelerate.framework/Versions/A/Frameworks/vecLib.framework/Versions/A/libSparse.dylib
0x000000002ba31000 	/System/Library/Frameworks/Accelerate.framework/Versions/A/Frameworks/vecLib.framework/Versions/A/libSparseBLAS.dylib
0x000000002ba31000 	/System/Library/PrivateFrameworks/IOAccelerator.framework/Versions/A/IOAccelerator
0x000000002ba31000 	/System/Library/PrivateFrameworks/IOPresentment.framework/Versions/A/IOPresentment
0x000000002ba31000 	/System/Library/PrivateFrameworks/DSExternalDisplay.framework/Versions/A/DSExternalDisplay
0x000000002ba31000 	/System/Library/Frameworks/OpenGL.framework/Versions/A/Libraries/libCoreFSCache.dylib
0x000000002ba31000 	/System/Library/Frameworks/CoreVideo.framework/Versions/A/CoreVideo
0x000000002ba31000 	/System/Library/PrivateFrameworks/GraphVisualizer.framework/Versions/A/GraphVisualizer
0x000000002ba31000 	/System/Library/Frameworks/MetalPerformanceShaders.framework/Versions/A/MetalPerformanceShaders
0x000000002ba31000 	/usr/lib/libFosl_dynamic.dylib
0x000000002ba31000 	/System/Library/PrivateFrameworks/FaceCore.framework/Versions/A/FaceCore
0x000000002ba31000 	/System/Library/Frameworks/OpenCL.framework/Versions/A/OpenCL
0x000000002ba31000 	/usr/lib/libcompression.dylib
0x000000002ba31000 	/System/Library/Frameworks/ApplicationServices.framework/Versions/A/Frameworks/ATS.framework/Versions/A/Resources/libFontParser.dylib
0x000000002ba31000 	/System/Library/Frameworks/ApplicationServices.framework/Versions/A/Frameworks/ATS.framework/Versions/A/Resources/libFontRegistry.dylib
0x000000002ba31000 	/System/Library/Frameworks/ImageIO.framework/Versions/A/Resources/libJPEG.dylib
0x000000002ba31000 	/System/Library/Frameworks/ImageIO.framework/Versions/A/Resources/libTIFF.dylib
0x000000002ba31000 	/System/Library/Frameworks/ImageIO.framework/Versions/A/Resources/libPng.dylib
0x000000002ba31000 	/System/Library/Frameworks/ImageIO.framework/Versions/A/Resources/libGIF.dylib
0x000000002ba31000 	/System/Library/Frameworks/ImageIO.framework/Versions/A/Resources/libJP2.dylib
0x000000002ba31000 	/System/Library/Frameworks/ImageIO.framework/Versions/A/Resources/libRadiance.dylib
0x000000002ba31000 	/System/Library/PrivateFrameworks/AppleJPEG.framework/Versions/A/AppleJPEG
0x000000002ba31000 	/System/Library/PrivateFrameworks/MetalTools.framework/Versions/A/MetalTools
0x000000002ba31000 	/System/Library/Frameworks/MetalPerformanceShaders.framework/Frameworks/MPSCore.framework/Versions/A/MPSCore
0x000000002ba31000 	/System/Library/Frameworks/MetalPerformanceShaders.framework/Frameworks/MPSImage.framework/Versions/A/MPSImage
0x000000002ba31000 	/System/Library/Frameworks/MetalPerformanceShaders.framework/Frameworks/MPSMatrix.framework/Versions/A/MPSMatrix
0x000000002ba31000 	/System/Library/Frameworks/MetalPerformanceShaders.framework/Frameworks/MPSNeuralNetwork.framework/Versions/A/MPSNeuralNetwork
0x000000002ba31000 	/System/Library/Frameworks/OpenGL.framework/Versions/A/Libraries/libGLU.dylib
0x000000002ba31000 	/System/Library/Frameworks/OpenGL.framework/Versions/A/Libraries/libGFXShared.dylib
0x000000002ba31000 	/System/Library/Frameworks/OpenGL.framework/Versions/A/Libraries/libGL.dylib
0x000000002ba31000 	/System/Library/Frameworks/OpenGL.framework/Versions/A/Libraries/libGLImage.dylib
0x000000002ba31000 	/System/Library/Frameworks/OpenGL.framework/Versions/A/Libraries/libCVMSPluginSupport.dylib
0x000000002ba31000 	/System/Library/Frameworks/OpenGL.framework/Versions/A/Libraries/libCoreVMClient.dylib
0x000000002ba31000 	/usr/lib/libcups.2.dylib
0x000000002ba31000 	/System/Library/Frameworks/Kerberos.framework/Versions/A/Kerberos
0x000000002ba31000 	/System/Library/Frameworks/GSS.framework/Versions/A/GSS
0x000000002ba31000 	/usr/lib/libresolv.9.dylib
0x000000002ba31000 	/usr/lib/libiconv.2.dylib
0x000000002ba31000 	/System/Library/PrivateFrameworks/Heimdal.framework/Versions/A/Heimdal
0x000000002ba31000 	/usr/lib/libheimdal-asn1.dylib
0x000000002ba31000 	/System/Library/Frameworks/OpenDirectory.framework/Versions/A/OpenDirectory
0x000000002ba31000 	/System/Library/PrivateFrameworks/CommonAuth.framework/Versions/A/CommonAuth
0x000000002ba31000 	/System/Library/Frameworks/OpenDirectory.framework/Versions/A/Frameworks/CFOpenDirectory.framework/Versions/A/CFOpenDirectory
0x000000002ba31000 	/System/Library/Frameworks/SecurityFoundation.framework/Versions/A/SecurityFoundation
0x000000002ba31000 	/System/Library/PrivateFrameworks/APFS.framework/Versions/A/APFS
0x000000002ba31000 	/usr/lib/libutil.dylib
0x000000002ba31000 	/System/Library/PrivateFrameworks/AppleSauce.framework/Versions/A/AppleSauce
0x000000002ba31000 	/System/Library/PrivateFrameworks/LinguisticData.framework/Versions/A/LinguisticData
0x000000002ba31000 	/usr/lib/libmarisa.dylib
0x000000002ba31000 	/System/Library/PrivateFrameworks/Lexicon.framework/Versions/A/Lexicon
0x000000002ba31000 	/usr/lib/libChineseTokenizer.dylib
0x000000002ba31000 	/usr/lib/libcmph.dylib
0x000000002ba31000 	/System/Library/PrivateFrameworks/LanguageModeling.framework/Versions/A/LanguageModeling
0x000000002ba31000 	/System/Library/PrivateFrameworks/CoreEmoji.framework/Versions/A/CoreEmoji
0x000000002ba31000 	/System/Library/Frameworks/ServiceManagement.framework/Versions/A/ServiceManagement
0x000000002ba31000 	/System/Library/PrivateFrameworks/BackgroundTaskManagement.framework/Versions/A/BackgroundTaskManagement
0x000000002ba31000 	/usr/lib/libxslt.1.dylib
0x000000002ba31000 	/System/Library/Frameworks/Carbon.framework/Versions/A/Frameworks/Ink.framework/Versions/A/Ink
0x000000002ba31000 	/System/Library/PrivateFrameworks/TextureIO.framework/Versions/A/TextureIO
0x000000002ba31000 	/usr/lib/libate.dylib
0x000000002ba31000 	/System/Library/PrivateFrameworks/CrashReporterSupport.framework/Versions/A/CrashReporterSupport
0x000000002ba31000 	/System/Library/PrivateFrameworks/Sharing.framework/Versions/A/Sharing
0x000000002ba31000 	/System/Library/PrivateFrameworks/IconServices.framework/Versions/A/IconServices
0x000000002ba31000 	/System/Library/PrivateFrameworks/ProtocolBuffer.framework/Versions/A/ProtocolBuffer
0x000000002ba31000 	/System/Library/PrivateFrameworks/Apple80211.framework/Versions/A/Apple80211
0x000000002ba31000 	/System/Library/Frameworks/CoreWLAN.framework/Versions/A/CoreWLAN
0x000000002ba31000 	/System/Library/PrivateFrameworks/CoreUtils.framework/Versions/A/CoreUtils
0x000000002ba31000 	/System/Library/Frameworks/IOBluetooth.framework/Versions/A/IOBluetooth
0x000000002ba31000 	/System/Library/PrivateFrameworks/CoreWiFi.framework/Versions/A/CoreWiFi
0x000000002ba31000 	/System/Library/Frameworks/CoreBluetooth.framework/Versions/A/CoreBluetooth
0x000000002ba31000 	/System/Library/PrivateFrameworks/SignpostNotification.framework/Versions/A/SignpostNotification
0x000000002ba31000 	/System/Library/PrivateFrameworks/DebugSymbols.framework/Versions/A/DebugSymbols
0x000000002ba31000 	/System/Library/PrivateFrameworks/CoreSymbolication.framework/Versions/A/CoreSymbolication
0x000000002ba31000 	/System/Library/PrivateFrameworks/Symbolication.framework/Versions/A/Symbolication
0x000000002ba31000 	/System/Library/PrivateFrameworks/AppleFSCompression.framework/Versions/A/AppleFSCompression
0x000000002ba31000 	/System/Library/PrivateFrameworks/SpeechRecognitionCore.framework/Versions/A/SpeechRecognitionCore
0x0000000104a27000 	/Library/Java/JavaVirtualMachines/jdk1.8.0_152.jdk/Contents/Home/jre/lib/server/libjvm.dylib
0x000000002ba31000 	/usr/lib/libstdc++.6.0.9.dylib
0x00000001059d3000 	/Library/Java/JavaVirtualMachines/jdk1.8.0_152.jdk/Contents/Home/jre/lib/libverify.dylib
0x0000000106200000 	/Library/Java/JavaVirtualMachines/jdk1.8.0_152.jdk/Contents/Home/jre/lib/libjava.dylib
0x00000001059eb000 	/Library/Java/JavaVirtualMachines/jdk1.8.0_152.jdk/Contents/Home/jre/lib/libzip.dylib
0x000000011350e000 	/Library/Java/JavaVirtualMachines/jdk1.8.0_152.jdk/Contents/Home/jre/lib/libawt.dylib
0x00000001135b8000 	/Library/Java/JavaVirtualMachines/jdk1.8.0_152.jdk/Contents/Home/jre/lib/./libmlib_image.dylib
0x000000002ba31000 	/System/Library/Frameworks/JavaVM.framework/Versions/A/Frameworks/JavaNativeFoundation.framework/Versions/A/JavaNativeFoundation
0x000000002ba31000 	/System/Library/Frameworks/JavaVM.framework/Versions/A/Frameworks/JavaRuntimeSupport.framework/Versions/A/JavaRuntimeSupport
0x000000002ba31000 	/System/Library/Frameworks/JavaVM.framework/Versions/A/JavaVM
0x000000002ba31000 	/System/Library/PrivateFrameworks/JavaLaunching.framework/Versions/A/JavaLaunching
0x000000002ba31000 	/System/Library/Frameworks/Carbon.framework/Versions/A/Carbon
0x000000002ba31000 	/System/Library/Frameworks/Carbon.framework/Versions/A/Frameworks/CommonPanels.framework/Versions/A/CommonPanels
0x000000002ba31000 	/System/Library/Frameworks/Carbon.framework/Versions/A/Frameworks/Help.framework/Versions/A/Help
0x000000002ba31000 	/System/Library/Frameworks/Carbon.framework/Versions/A/Frameworks/ImageCapture.framework/Versions/A/ImageCapture
0x000000002ba31000 	/System/Library/Frameworks/Carbon.framework/Versions/A/Frameworks/OpenScripting.framework/Versions/A/OpenScripting
0x000000002ba31000 	/System/Library/Frameworks/Carbon.framework/Versions/A/Frameworks/Print.framework/Versions/A/Print
0x000000002ba31000 	/System/Library/Frameworks/Carbon.framework/Versions/A/Frameworks/SecurityHI.framework/Versions/A/SecurityHI
0x0000000113684000 	/Library/Java/JavaVirtualMachines/jdk1.8.0_152.jdk/Contents/Home/jre/lib/libawt_lwawt.dylib
0x000000011373e000 	/Library/Java/JavaVirtualMachines/jdk1.8.0_152.jdk/Contents/Home/jre/lib/./libosxapp.dylib
0x000000002ba31000 	/System/Library/Frameworks/ExceptionHandling.framework/Versions/A/ExceptionHandling
0x000000002ba31000 	/System/Library/PrivateFrameworks/CoreServicesInternal.framework/Versions/A/CoreServicesInternal
0x000000002ba31000 	/System/Library/CoreServices/RawCamera.bundle/Contents/MacOS/RawCamera
0x000000002ba31000 	/System/Library/PrivateFrameworks/MobileAsset.framework/Versions/A/MobileAsset
0x000000002ba31000 	/System/Library/PrivateFrameworks/StreamingZip.framework/Versions/A/StreamingZip
0x000000002ba31000 	/System/Library/Frameworks/MediaToolbox.framework/Versions/A/MediaToolbox
0x000000002ba31000 	/System/Library/PrivateFrameworks/CoreAVCHD.framework/Versions/A/CoreAVCHD
0x000000002ba31000 	/System/Library/Frameworks/MediaAccessibility.framework/Versions/A/MediaAccessibility
0x000000002ba31000 	/System/Library/PrivateFrameworks/Mangrove.framework/Versions/A/Mangrove
0x000000002ba31000 	/System/Library/Frameworks/CoreMedia.framework/Versions/A/CoreMedia
0x000000002ba31000 	/System/Library/Frameworks/VideoToolbox.framework/Versions/A/VideoToolbox
0x000000002ba31000 	/System/Library/PrivateFrameworks/CoreAUC.framework/Versions/A/CoreAUC
0x000000002ba31000 	/usr/lib/libspindump.dylib
0x000000002ba31000 	/usr/lib/libdscsym.dylib
0x000000002ba31000 	/System/Library/PrivateFrameworks/AppleVA.framework/Versions/A/AppleVA
0x000000002ba31000 	/System/Library/Frameworks/Accelerate.framework/Versions/A/Frameworks/vImage.framework/Versions/A/Libraries/libCGInterfaces.dylib
0x000000002ba31000 	/System/Library/Frameworks/ApplicationServices.framework/Versions/A/Frameworks/ATS.framework/Versions/A/Resources/libTrueTypeScaler.dylib
0x000000002ba31000 	/System/Library/Frameworks/OpenGL.framework/Versions/A/Resources/GLEngine.bundle/GLEngine
0x000000002ba31000 	/System/Library/Frameworks/OpenGL.framework/Versions/A/Libraries/libGLProgrammability.dylib
0x0000000124be4000 	/System/Library/Extensions/AppleIntelKBLGraphicsGLDriver.bundle/Contents/MacOS/AppleIntelKBLGraphicsGLDriver
0x000000002ba31000 	/System/Library/PrivateFrameworks/GPUSupport.framework/Versions/A/Libraries/libGPUSupportMercury.dylib
0x000000002ba31000 	/System/Library/Frameworks/OpenGL.framework/Versions/A/Resources/GLRendererFloat.bundle/GLRendererFloat
0x000000002ba31000 	/System/Library/Frameworks/OpenCL.framework/Versions/A/Libraries/libcldcpuengine.dylib
0x000000002ba31000 	/usr/lib/libcrypto.35.dylib
0x000000002ba31000 	/System/Library/PrivateFrameworks/TrustEvaluationAgent.framework/Versions/A/TrustEvaluationAgent
0x000000002ba31000 	/System/Library/Extensions/AppleIntelKBLGraphicsMTLDriver.bundle/Contents/MacOS/AppleIntelKBLGraphicsMTLDriver
0x000000002ba31000 	/System/Library/PrivateFrameworks/GPUCompiler.framework/Versions/3802/Libraries/libmetal_timestamp.dylib
0x000000002ba31000 	/System/Library/PrivateFrameworks/FamilyControls.framework/Versions/A/FamilyControls
0x000000002ba31000 	/System/Library/PrivateFrameworks/CommerceKit.framework/Versions/A/Frameworks/CommerceCore.framework/Versions/A/CommerceCore
0x000000002ba31000 	/System/Library/PrivateFrameworks/SystemAdministration.framework/Versions/A/SystemAdministration
0x000000002ba31000 	/System/Library/PrivateFrameworks/AppContainer.framework/Versions/A/AppContainer
0x000000002ba31000 	/System/Library/PrivateFrameworks/SecCodeWrapper.framework/Versions/A/SecCodeWrapper
0x000000002ba31000 	/System/Library/PrivateFrameworks/DiskManagement.framework/Versions/A/DiskManagement
0x000000002ba31000 	/System/Library/Frameworks/DirectoryService.framework/Versions/A/DirectoryService
0x000000002ba31000 	/System/Library/PrivateFrameworks/DiskImages.framework/Versions/A/DiskImages
0x000000002ba31000 	/System/Library/PrivateFrameworks/LoginUIKit.framework/Versions/A/Frameworks/LoginUICore.framework/Versions/A/LoginUICore
0x000000002ba31000 	/usr/lib/libCoreStorage.dylib
0x000000002ba31000 	/usr/lib/libcsfde.dylib
0x000000002ba31000 	/usr/lib/libodfde.dylib
0x000000002ba31000 	/System/Library/PrivateFrameworks/MediaKit.framework/Versions/A/MediaKit
0x000000002ba31000 	/System/Library/Frameworks/DiscRecording.framework/Versions/A/DiscRecording
0x000000002ba31000 	/System/Library/PrivateFrameworks/EFILogin.framework/Versions/A/EFILogin
0x000000002ba31000 	/System/Library/PrivateFrameworks/ProtectedCloudStorage.framework/Versions/A/ProtectedCloudStorage
0x000000002ba31000 	/usr/lib/libcurl.4.dylib
0x000000002ba31000 	/usr/lib/libssl.35.dylib
0x000000002ba31000 	/System/Library/Frameworks/LDAP.framework/Versions/A/LDAP
0x000000002ba31000 	/usr/lib/libsasl2.2.dylib
0x000000002ba31000 	/System/Library/PrivateFrameworks/CoreDaemon.framework/Versions/B/CoreDaemon
0x000000002ba31000 	/System/Library/PrivateFrameworks/AppleSRP.framework/Versions/A/AppleSRP
0x0000000127d59000 	/Library/Java/JavaVirtualMachines/jdk1.8.0_152.jdk/Contents/Home/jre/lib/libfontmanager.dylib
0x0000000124bd9000 	/Library/Java/JavaVirtualMachines/jdk1.8.0_152.jdk/Contents/Home/jre/lib/libosxui.dylib
0x000000002ba31000 	/System/Library/PrivateFrameworks/ViewBridge.framework/Versions/A/ViewBridge
0x000000012962b000 	/Library/Java/JavaVirtualMachines/jdk1.8.0_152.jdk/Contents/Home/jre/lib/libnet.dylib
0x0000000129475000 	/Library/Java/JavaVirtualMachines/jdk1.8.0_152.jdk/Contents/Home/jre/lib/libnio.dylib
0x0000000123d47000 	/Library/Java/JavaVirtualMachines/jdk1.8.0_152.jdk/Contents/Home/jre/lib/libdcpr.dylib
0x0000000129086000 	/Library/Java/JavaVirtualMachines/jdk1.8.0_152.jdk/Contents/Home/jre/lib/libosx.dylib
0x000000002ba31000 	/System/Library/PrivateFrameworks/CloudDocs.framework/Versions/A/CloudDocs
0x000000002ba31000 	/System/Library/PrivateFrameworks/FileProvider.framework/Versions/A/FileProvider
0x000000002ba31000 	/System/Library/PrivateFrameworks/SpotlightIndex.framework/Versions/A/SpotlightIndex
0x000000002ba31000 	/System/Library/PrivateFrameworks/SymptomDiagnosticReporter.framework/Versions/A/SymptomDiagnosticReporter
0x000000002ba31000 	/System/Library/PrivateFrameworks/GenerationalStorage.framework/Versions/A/GenerationalStorage
0x000000002ba31000 	/System/Library/PrivateFrameworks/ChunkingLibrary.framework/Versions/A/ChunkingLibrary
0x000000002ba31000 	/System/Library/PrivateFrameworks/CoreNLP.framework/Versions/A/CoreNLP
0x000000002ba31000 	/usr/lib/libmecab.1.0.0.dylib
0x000000002ba31000 	/usr/lib/libgermantok.dylib
0x000000002ba31000 	/usr/lib/libThaiTokenizer.dylib
0x000000002ba31000 	/System/Library/PrivateFrameworks/login.framework/Versions/A/login
0x000000002ba31000 	/System/Library/PrivateFrameworks/Shortcut.framework/Versions/A/Shortcut
0x000000002ba31000 	/System/Library/PrivateFrameworks/HelpData.framework/Versions/A/HelpData

VM Arguments:
jvm_args: -Dfile.encoding=UTF-8 
java_command: pluginTools.InteractiveIlastikEllipseFit
java_class_path (initial): /Library/Java/JavaVirtualMachines/jdk1.8.0_152.jdk/Contents/Home/jre/lib/resources.jar:/Library/Java/JavaVirtualMachines/jdk1.8.0_152.jdk/Contents/Home/jre/lib/rt.jar:/Library/Java/JavaVirtualMachines/jdk1.8.0_152.jdk/Contents/Home/jre/lib/jsse.jar:/Library/Java/JavaVirtualMachines/jdk1.8.0_152.jdk/Contents/Home/jre/lib/jce.jar:/Library/Java/JavaVirtualMachines/jdk1.8.0_152.jdk/Contents/Home/jre/lib/charsets.jar:/Library/Java/JavaVirtualMachines/jdk1.8.0_152.jdk/Contents/Home/jre/lib/jfr.jar:/Library/Java/JavaVirtualMachines/jdk1.8.0_152.jdk/Contents/Home/jre/lib/ext/sunec.jar:/Library/Java/JavaVirtualMachines/jdk1.8.0_152.jdk/Contents/Home/jre/lib/ext/nashorn.jar:/Library/Java/JavaVirtualMachines/jdk1.8.0_152.jdk/Contents/Home/jre/lib/ext/cldrdata.jar:/Library/Java/JavaVirtualMachines/jdk1.8.0_152.jdk/Contents/Home/jre/lib/ext/jfxrt.jar:/Library/Java/JavaVirtualMachines/jdk1.8.0_152.jdk/Contents/Home/jre/lib/ext/dnsns.jar:/Library/Java/JavaVirtualMachines/jdk1.8.0_152.jdk/Contents/Home/jre/lib/ext/localedata.jar:/Library/Java/JavaVirtualMachines/jdk1.8.0_152.jdk/Contents/Home/jre/lib/ext/sunjce_provider.jar:/Library/Java/JavaVirtualMachines/jdk1.8.0_152.jdk/Contents/Home/jre/lib/ext/sunpkcs11.jar:/Library/Java/JavaVirtualMachines/jdk1.8.0_152.jdk/Contents/Home/jre/lib/ext/jaccess.jar:/Library/Java/JavaVirtualMachines/jdk1.8.0_152.jdk/Contents/Home/jre/lib/ext/zipfs.jar:/System/Library/Java/Extensions/MRJToolkit.jar:/Users/aimachine/Bubbleator/target/classes:/Users/aimachine/imglib2-algorithm/target/classes:/Users/aimachine/imglib2-algorithm/target/test-classes:/Users/aimachine/.m2/repository/net/imglib2/imglib2/3.3.0/imglib2-3.3.0.jar:/Users/aimachine/.m2/repository/net/imglib2/imglib2-roi/0.4.5/imglib2-roi-0.4.5.jar:/Users/aimachine/.m2/repository/net/imglib2/imglib2-realtransform/2.0.0-beta-38/imglib2-realtransform-2.0.0-beta-38.jar:/Users/aimachine/.m2/repository/jitk/jitk-tps/3.0.0/jitk-tps-3.0.0.jar:/Users/aimachine/.m2/repository/
Launcher Type: SUN_STANDARD

Environment Variables:
PATH=/usr/bin:/bin:/usr/sbin:/sbin
SHELL=/bin/bash
DISPLAY=/private/tmp/com.apple.launchd.fywH5Bd8f1/org.macosforge.xquartz:0

Signal Handlers:
SIGSEGV: [libjvm.dylib+0x5b494d], sa_mask[0]=11111111011111110111111111111111, sa_flags=SA_ONSTACK|SA_RESTART|SA_SIGINFO
SIGBUS: [libjvm.dylib+0x5b494d], sa_mask[0]=11111111011111110111111111111111, sa_flags=SA_RESTART|SA_SIGINFO
SIGFPE: [libjvm.dylib+0x48ab54], sa_mask[0]=11111111011111110111111111111111, sa_flags=SA_RESTART|SA_SIGINFO
SIGPIPE: [libjvm.dylib+0x48ab54], sa_mask[0]=11111111011111110111111111111111, sa_flags=SA_RESTART|SA_SIGINFO
SIGXFSZ: [libjvm.dylib+0x48ab54], sa_mask[0]=11111111011111110111111111111111, sa_flags=SA_RESTART|SA_SIGINFO
SIGILL: [libjvm.dylib+0x48ab54], sa_mask[0]=11111111011111110111111111111111, sa_flags=SA_RESTART|SA_SIGINFO
SIGUSR1: SIG_DFL, sa_mask[0]=00000000000000000000000000000000, sa_flags=none
SIGUSR2: [libjvm.dylib+0x48a672], sa_mask[0]=00100000000000000000000000000000, sa_flags=SA_RESTART|SA_SIGINFO
SIGHUP: [libjvm.dylib+0x488c49], sa_mask[0]=11111111011111110111111111111111, sa_flags=SA_RESTART|SA_SIGINFO
SIGINT: [libjvm.dylib+0x488c49], sa_mask[0]=11111111011111110111111111111111, sa_flags=SA_RESTART|SA_SIGINFO
SIGTERM: [libjvm.dylib+0x488c49], sa_mask[0]=11111111011111110111111111111111, sa_flags=SA_RESTART|SA_SIGINFO
SIGQUIT: [libjvm.dylib+0x488c49], sa_mask[0]=11111111011111110111111111111111, sa_flags=SA_RESTART|SA_SIGINFO


---------------  S Y S T E M  ---------------

OS:Bsduname:Darwin 17.4.0 Darwin Kernel Version 17.4.0: Sun Dec 17 09:19:54 PST 2017; root:xnu-4570.41.2~1/RELEASE_X86_64 x86_64
rlimit: STACK 8192k, CORE 0k, NPROC 1418, NOFILE 10240, AS infinity
load average:2.20 2.15 2.23

CPU:total 4 (initial active 4) (2 cores per cpu, 2 threads per core) family 6 model 142 stepping 9, cmov, cx8, fxsr, mmx, sse, sse2, sse3, ssse3, sse4.1, sse4.2, popcnt, avx, avx2, aes, clmul, erms, 3dnowpref, lzcnt, ht, tsc, tscinvbit, bmi1, bmi2, adx

Memory: 4k page, physical 16777216k(15608k free)

/proc/meminfo:


vm_info: Java HotSpot(TM) 64-Bit Server VM (25.152-b16) for bsd-amd64 JRE (1.8.0_152-b16), built on Sep 14 2017 02:31:13 by "java_re" with gcc 4.2.1 (Based on Apple Inc. build 5658) (LLVM build 2336.11.00)

time: Thu Jun 14 03:29:49 2018
elapsed time: 14435 seconds (0d 4h 0m 35s)

