#
# A fatal error has been detected by the Java Runtime Environment:
#
#  SIGSEGV (0xb) at pc=0x000000011ff3b2df, pid=47666, tid=0x000000000001430f
#
# JRE version: Java(TM) SE Runtime Environment (8.0_152-b16) (build 1.8.0_152-b16)
# Java VM: Java HotSpot(TM) 64-Bit Server VM (25.152-b16 mixed mode bsd-amd64 compressed oops)
# Problematic frame:
# C  [libawt_lwawt.dylib+0x1c2df]  OGLSD_SetScratchSurface+0x49
#
# Failed to write core dump. Core dumps have been disabled. To enable core dumping, try "ulimit -c unlimited" before starting Java again
#
# If you would like to submit a bug report, please visit:
#   http://bugreport.java.com/bugreport/crash.jsp
# The crash happened outside the Java Virtual Machine in native code.
# See problematic frame for where to report the bug.
#

---------------  T H R E A D  ---------------

Current thread (0x00007fcec0dc9000):  JavaThread "Java2D Queue Flusher" daemon [_thread_in_native, id=82703, stack(0x0000700005543000,0x0000700005643000)]

siginfo: si_signo: 11 (SIGSEGV), si_code: 1 (SEGV_MAPERR), si_addr: 0x0000000000000002

Registers:
RAX=0x00000000ffffffff, RBX=0x0000000000000002, RCX=0x0000000000000047, RDX=0x000000011ff5cd8c
RSP=0x0000700005642730, RBP=0x0000700005642750, RSI=0x00007fcebec788c0, RDI=0x00007fcec0dc91f8
R8 =0x00000000000008fa, R9 =0xffffffff00000000, R10=0x000000010e766b38, R11=0x000000010ec9ac00
R12=0x0000000000000000, R13=0x00007000056428e8, R14=0x00007fcec0dc91f8, R15=0x00007fcec0dc9000
RIP=0x000000011ff3b2df, EFLAGS=0x0000000000010202, ERR=0x0000000000000004
  TRAPNO=0x000000000000000e

Top of Stack: (sp=0x0000700005642730)
0x0000700005642730:   00007fcebec788c0 0000000000000000
0x0000700005642740:   00007fcec029a610 00007fcec0dc9000
0x0000700005642750:   00007000056427d0 000000011ff5c86a
0x0000700005642760:   00007fcebefb6d00 0000000200000001
0x0000700005642770:   0000700005642880 0000000102ee9100
0x0000700005642780:   0000000000000000 0000000000000000
0x0000700005642790:   00007000056427d0 00007fcec029a620
0x00007000056427a0:   00000001009c1ab8 00007fcec0dc91f8
0x00007000056427b0:   0000000194e54908 0000000000000000
0x00007000056427c0:   0000700005642968 00007fcec0dc9000
0x00007000056427d0:   0000700005642820 000000010e766baa
0x00007000056427e0:   00000006c01b3088 000000010313ad04
0x00007000056427f0:   0000000000000064 0000000000000000
0x0000700005642800:   0000000000000064 00007fcebefb6508
0x0000700005642810:   0000700005642870 0000000102f512fe
0x0000700005642820:   0000700005642940 000000010ec9b1fc
0x0000700005642830:   0000000000000001 00007fcebefb7470
0x0000700005642840:   00000006c01b3100 00007fcec0dc9000
0x0000700005642850:   00007fcec0dc9000 000000010d4c3a00
0x0000700005642860:   0000700005642968 00007fcec0dc9000
0x0000700005642870:   00007000056428c0 000000010e6fba68
0x0000700005642880:   00000006c01b3088 000000010e821e66
0x0000700005642890:   0000700005642940 000000010ec9ac5c
0x00007000056428a0:   00000001266026c4 00007000056428e8
0x00007000056428b0:   0000000126602740 0000000000000000
0x00007000056428c0:   0000700005642940 000000010e4532bd
0x00007000056428d0:   0000700005642940 000000010e4532bd
0x00007000056428e0:   000000010e4532bd 00000006c01b3088
0x00007000056428f0:   0000000000000001 00000006c01b3160
0x0000700005642900:   00007000056428f0 000000010d9c19b1
0x0000700005642910:   0000700005642968 000000010d9c2238
0x0000700005642920:   0000000000000000 000000010d9c1ab8 

Instructions: (pc=0x000000011ff3b2df)
0x000000011ff3b2bf:   c0 e9 82 00 00 00 48 8b 5e 10 48 85 db 75 0e bf
0x000000011ff3b2cf:   01 00 00 00 48 8d 15 1e 95 03 00 eb d6 49 89 fe
0x000000011ff3b2df:   4c 8b 3b 30 c0 e8 a7 bc 02 00 49 8b 3f 49 89 c4
0x000000011ff3b2ef:   48 8b 35 f2 25 06 00 30 c0 e8 f5 bd 02 00 48 85 

Register to memory mapping:

RAX=0x00000000ffffffff is an unknown value
RBX=0x0000000000000002 is an unknown value
RCX=0x0000000000000047 is an unknown value
RDX=0x000000011ff5cd8c: Java_sun_java2d_opengl_OGLRenderQueue_flushBuffer+0xb5c in /Library/Java/JavaVirtualMachines/jdk1.8.0_152.jdk/Contents/Home/jre/lib/libawt_lwawt.dylib at 0x000000011ff1f000
RSP=0x0000700005642730 is pointing into the stack for thread: 0x00007fcec0dc9000
RBP=0x0000700005642750 is pointing into the stack for thread: 0x00007fcec0dc9000
RSI=0x00007fcebec788c0 is an unknown value
RDI=0x00007fcec0dc91f8 is an unknown value
R8 =0x00000000000008fa is an unknown value
R9 =0xffffffff00000000 is an unknown value
R10=0x000000010e766b38 is at entry_point+56 in (nmethod*)0x000000010e766990
R11=0x000000010ec9ac00 is at entry_point+0 in (nmethod*)0x000000010ec9aa90
R12=0x0000000000000000 is an unknown value
R13=0x00007000056428e8 is pointing into the stack for thread: 0x00007fcec0dc9000
R14=0x00007fcec0dc91f8 is an unknown value
R15=0x00007fcec0dc9000 is a thread


Stack: [0x0000700005543000,0x0000700005643000],  sp=0x0000700005642730,  free space=1021k
Native frames: (J=compiled Java code, j=interpreted, Vv=VM code, C=native code)
C  [libawt_lwawt.dylib+0x1c2df]  OGLSD_SetScratchSurface+0x49
C  [libawt_lwawt.dylib+0x3d86a]  Java_sun_java2d_opengl_OGLRenderQueue_flushBuffer+0x63a
J 3489  sun.java2d.opengl.OGLRenderQueue.flushBuffer(JI)V (0 bytes) @ 0x000000010e766baa [0x000000010e766b00+0xaa]
J 2768 C1 sun.java2d.opengl.OGLRenderQueue.flushBuffer()V (41 bytes) @ 0x000000010ec9b1fc [0x000000010ec9afa0+0x25c]
J 2767 C1 sun.java2d.opengl.OGLRenderQueue.access$100(Lsun/java2d/opengl/OGLRenderQueue;)V (5 bytes) @ 0x000000010ec9ac5c [0x000000010ec9ac00+0x5c]
j  sun.java2d.opengl.OGLRenderQueue$QueueFlusher.run()V+81
v  ~StubRoutines::call_stub
V  [libjvm.dylib+0x2ef7b2]  JavaCalls::call_helper(JavaValue*, methodHandle*, JavaCallArguments*, Thread*)+0x6ae
V  [libjvm.dylib+0x2eff56]  JavaCalls::call_virtual(JavaValue*, KlassHandle, Symbol*, Symbol*, JavaCallArguments*, Thread*)+0x164
V  [libjvm.dylib+0x2f0102]  JavaCalls::call_virtual(JavaValue*, Handle, KlassHandle, Symbol*, Symbol*, Thread*)+0x4a
V  [libjvm.dylib+0x34a8c5]  thread_entry(JavaThread*, Thread*)+0x7c
V  [libjvm.dylib+0x56e327]  JavaThread::thread_main_inner()+0x9b
V  [libjvm.dylib+0x56fa14]  JavaThread::run()+0x1c2
V  [libjvm.dylib+0x48d542]  java_start(Thread*)+0xf6
C  [libsystem_pthread.dylib+0x36c1]  _pthread_body+0x154
C  [libsystem_pthread.dylib+0x356d]  _pthread_body+0x0
C  [libsystem_pthread.dylib+0x2c5d]  thread_start+0xd
C  0x0000000000000000

Java frames: (J=compiled Java code, j=interpreted, Vv=VM code)
J 3489  sun.java2d.opengl.OGLRenderQueue.flushBuffer(JI)V (0 bytes) @ 0x000000010e766b38 [0x000000010e766b00+0x38]
J 2768 C1 sun.java2d.opengl.OGLRenderQueue.flushBuffer()V (41 bytes) @ 0x000000010ec9b1fc [0x000000010ec9afa0+0x25c]
J 2767 C1 sun.java2d.opengl.OGLRenderQueue.access$100(Lsun/java2d/opengl/OGLRenderQueue;)V (5 bytes) @ 0x000000010ec9ac5c [0x000000010ec9ac00+0x5c]
j  sun.java2d.opengl.OGLRenderQueue$QueueFlusher.run()V+81
v  ~StubRoutines::call_stub

---------------  P R O C E S S  ---------------

Java Threads: ( => current thread )
  0x00007fcebfc82000 JavaThread "pool-5-thread-1" [_thread_in_Java, id=63043, stack(0x0000700005d5b000,0x0000700005e5b000)]
  0x00007fcec0bbe000 JavaThread "pool-4-thread-1" [_thread_blocked, id=64799, stack(0x0000700005ad5000,0x0000700005bd5000)]
  0x00007fcec6ad1800 JavaThread "SwingWorker-pool-1-thread-3" daemon [_thread_blocked, id=56443, stack(0x000070000584c000,0x000070000594c000)]
  0x00007fcec682a800 JavaThread "pool-3-thread-1" [_thread_blocked, id=67079, stack(0x0000700006273000,0x0000700006373000)]
  0x00007fcebf618000 JavaThread "SwingWorker-pool-1-thread-2" daemon [_thread_blocked, id=55567, stack(0x0000700005fe4000,0x00007000060e4000)]
  0x00007fcebf80c800 JavaThread "pool-2-thread-1" [_thread_blocked, id=58907, stack(0x0000700005ee1000,0x0000700005fe1000)]
  0x00007fcec5099000 JavaThread "SwingWorker-pool-1-thread-1" daemon [_thread_blocked, id=65583, stack(0x00007000059d2000,0x0000700005ad2000)]
  0x00007fcebfc10000 JavaThread "Timer-0" daemon [_thread_blocked, id=68455, stack(0x0000700005c58000,0x0000700005d58000)]
  0x00007fcebfa3f800 JavaThread "TimerQueue" daemon [_thread_blocked, id=81771, stack(0x0000700005337000,0x0000700005437000)]
  0x00007fcec04ff000 JavaThread "DestroyJavaVM" [_thread_blocked, id=10243, stack(0x0000700004304000,0x0000700004404000)]
  0x00007fcebf1b9800 JavaThread "AWT-EventQueue-0" [_thread_blocked, id=53775, stack(0x0000700005749000,0x0000700005849000)]
  0x00007fcebfaf3800 JavaThread "Java2D Disposer" daemon [_thread_blocked, id=52503, stack(0x0000700005646000,0x0000700005746000)]
=>0x00007fcec0dc9000 JavaThread "Java2D Queue Flusher" daemon [_thread_in_native, id=82703, stack(0x0000700005543000,0x0000700005643000)]
  0x00007fcebfa82800 JavaThread "AWT-Shutdown" [_thread_blocked, id=26923, stack(0x00007000051b1000,0x00007000052b1000)]
  0x00007fcebfa84800 JavaThread "AppKit Thread" daemon [_thread_in_native, id=775, stack(0x00007ffeed215000,0x00007ffeeda15000)]
  0x00007fcebf868000 JavaThread "Service Thread" daemon [_thread_blocked, id=16899, stack(0x0000700004f28000,0x0000700005028000)]
  0x00007fcec0022000 JavaThread "C1 CompilerThread2" daemon [_thread_blocked, id=17155, stack(0x0000700004e25000,0x0000700004f25000)]
  0x00007fcec0021800 JavaThread "C2 CompilerThread1" daemon [_thread_blocked, id=17411, stack(0x0000700004d22000,0x0000700004e22000)]
  0x00007fcec000c800 JavaThread "C2 CompilerThread0" daemon [_thread_blocked, id=12803, stack(0x0000700004c1f000,0x0000700004d1f000)]
  0x00007fcec000c000 JavaThread "Signal Dispatcher" daemon [_thread_blocked, id=17927, stack(0x0000700004b1c000,0x0000700004c1c000)]
  0x00007fcec001c800 JavaThread "Finalizer" daemon [_thread_blocked, id=20483, stack(0x0000700004a19000,0x0000700004b19000)]
  0x00007fcebf855000 JavaThread "Reference Handler" daemon [_thread_blocked, id=11779, stack(0x0000700004916000,0x0000700004a16000)]

Other Threads:
  0x00007fcebf027800 VMThread [stack: 0x0000700004813000,0x0000700004913000] [id=11523]
  0x00007fcebf828800 WatcherThread [stack: 0x000070000502b000,0x000070000512b000] [id=16387]

VM state:not at safepoint (normal execution)

VM Mutex/Monitor currently owned by a thread: None

Heap:
 PSYoungGen      total 287744K, used 5524K [0x000000076ab00000, 0x0000000784c00000, 0x00000007c0000000)
  eden space 283136K, 1% used [0x000000076ab00000,0x000000076b065378,0x000000077bf80000)
  from space 4608K, 0% used [0x0000000783a00000,0x0000000783a00000,0x0000000783e80000)
  to   space 10752K, 0% used [0x0000000784180000,0x0000000784180000,0x0000000784c00000)
 ParOldGen       total 154112K, used 76893K [0x00000006c0000000, 0x00000006c9680000, 0x000000076ab00000)
  object space 154112K, 49% used [0x00000006c0000000,0x00000006c4b175d0,0x00000006c9680000)
 Metaspace       used 29621K, capacity 30115K, committed 30336K, reserved 1075200K
  class space    used 4070K, capacity 4216K, committed 4224K, reserved 1048576K

Card table byte_map: [0x0000000103f6c000,0x000000010476d000] byte_map_base: 0x000000010096c000

Marking Bits: (ParMarkBitMap*) 0x00000001034f66c0
 Begin Bits: [0x0000000104cc3000, 0x0000000108cc3000)
 End Bits:   [0x0000000108cc3000, 0x000000010ccc3000)

Polling page: 0x0000000102268000

CodeCache: size=245760Kb used=13414Kb max_used=14334Kb free=232345Kb
 bounds [0x000000010e44b000, 0x000000010f27b000, 0x000000011d44b000]
 total_blobs=4318 nmethods=3617 adapters=611
 compilation: enabled

Compilation events (10 events):
Event: 117.352 Thread 0x00007fcec0022000 4342       3       sun.java2d.pipe.Region::getIntersectionXYXY (108 bytes)
Event: 117.353 Thread 0x00007fcec0022000 nmethod 4342 0x000000010ed70d10 code [0x000000010ed70ec0, 0x000000010ed71648]
Event: 117.650 Thread 0x00007fcec0022000 4345       3       ij.ImagePlus::getCurrentSlice (37 bytes)
Event: 117.651 Thread 0x00007fcec0022000 nmethod 4345 0x000000010e84cbd0 code [0x000000010e84cd80, 0x000000010e84d518]
Event: 117.651 Thread 0x00007fcec0022000 4343       3       ij.gui.ImageCanvas::initGraphics (166 bytes)
Event: 117.653 Thread 0x00007fcec0022000 nmethod 4343 0x000000010e791310 code [0x000000010e791580, 0x000000010e792748]
Event: 117.653 Thread 0x00007fcec0022000 4344       3       ij.gui.Overlay::size (8 bytes)
Event: 117.653 Thread 0x00007fcec0022000 nmethod 4344 0x000000010e84c610 code [0x000000010e84c780, 0x000000010e84caf0]
Event: 118.256 Thread 0x00007fcec000c800 4346       4       utility.Listordereing::getList (75 bytes)
Event: 118.272 Thread 0x00007fcec000c800 nmethod 4346 0x000000010edcc610 code [0x000000010edcc7e0, 0x000000010edcd298]

GC Heap History (10 events):
Event: 116.054 GC heap before
{Heap before GC invocations=51 (full 3):
 PSYoungGen      total 337408K, used 337248K [0x000000076ab00000, 0x0000000786300000, 0x00000007c0000000)
  eden space 333312K, 100% used [0x000000076ab00000,0x000000077f080000,0x000000077f080000)
  from space 4096K, 96% used [0x0000000784c80000,0x0000000785058000,0x0000000785080000)
  to   space 12800K, 0% used [0x0000000785680000,0x0000000785680000,0x0000000786300000)
 ParOldGen       total 138240K, used 115739K [0x00000006c0000000, 0x00000006c8700000, 0x000000076ab00000)
  object space 138240K, 83% used [0x00000006c0000000,0x00000006c7106e48,0x00000006c8700000)
 Metaspace       used 29618K, capacity 30115K, committed 30336K, reserved 1075200K
  class space    used 4070K, capacity 4216K, committed 4224K, reserved 1048576K
Event: 116.059 GC heap after
Heap after GC invocations=51 (full 3):
 PSYoungGen      total 325632K, used 5248K [0x000000076ab00000, 0x0000000785c00000, 0x00000007c0000000)
  eden space 320000K, 0% used [0x000000076ab00000,0x000000076ab00000,0x000000077e380000)
  from space 5632K, 93% used [0x0000000785680000,0x0000000785ba0000,0x0000000785c00000)
  to   space 12288K, 0% used [0x0000000784400000,0x0000000784400000,0x0000000785000000)
 ParOldGen       total 138240K, used 118848K [0x00000006c0000000, 0x00000006c8700000, 0x000000076ab00000)
  object space 138240K, 85% used [0x00000006c0000000,0x00000006c74101a0,0x00000006c8700000)
 Metaspace       used 29618K, capacity 30115K, committed 30336K, reserved 1075200K
  class space    used 4070K, capacity 4216K, committed 4224K, reserved 1048576K
}
Event: 117.226 GC heap before
{Heap before GC invocations=52 (full 3):
 PSYoungGen      total 325632K, used 325248K [0x000000076ab00000, 0x0000000785c00000, 0x00000007c0000000)
  eden space 320000K, 100% used [0x000000076ab00000,0x000000077e380000,0x000000077e380000)
  from space 5632K, 93% used [0x0000000785680000,0x0000000785ba0000,0x0000000785c00000)
  to   space 12288K, 0% used [0x0000000784400000,0x0000000784400000,0x0000000785000000)
 ParOldGen       total 138240K, used 118848K [0x00000006c0000000, 0x00000006c8700000, 0x000000076ab00000)
  object space 138240K, 85% used [0x00000006c0000000,0x00000006c74101a0,0x00000006c8700000)
 Metaspace       used 29619K, capacity 30115K, committed 30336K, reserved 1075200K
  class space    used 4070K, capacity 4216K, committed 4224K, reserved 1048576K
Event: 117.231 GC heap after
Heap after GC invocations=52 (full 3):
 PSYoungGen      total 311808K, used 4512K [0x000000076ab00000, 0x0000000785700000, 0x00000007c0000000)
  eden space 307200K, 0% used [0x000000076ab00000,0x000000076ab00000,0x000000077d700000)
  from space 4608K, 97% used [0x0000000784400000,0x0000000784868000,0x0000000784880000)
  to   space 11776K, 0% used [0x0000000784b80000,0x0000000784b80000,0x0000000785700000)
 ParOldGen       total 138240K, used 123040K [0x00000006c0000000, 0x00000006c8700000, 0x000000076ab00000)
  object space 138240K, 89% used [0x00000006c0000000,0x00000006c7828250,0x00000006c8700000)
 Metaspace       used 29619K, capacity 30115K, committed 30336K, reserved 1075200K
  class space    used 4070K, capacity 4216K, committed 4224K, reserved 1048576K
}
Event: 118.424 GC heap before
{Heap before GC invocations=53 (full 3):
 PSYoungGen      total 311808K, used 311712K [0x000000076ab00000, 0x0000000785700000, 0x00000007c0000000)
  eden space 307200K, 100% used [0x000000076ab00000,0x000000077d700000,0x000000077d700000)
  from space 4608K, 97% used [0x0000000784400000,0x0000000784868000,0x0000000784880000)
  to   space 11776K, 0% used [0x0000000784b80000,0x0000000784b80000,0x0000000785700000)
 ParOldGen       total 138240K, used 123040K [0x00000006c0000000, 0x00000006c8700000, 0x000000076ab00000)
  object space 138240K, 89% used [0x00000006c0000000,0x00000006c7828250,0x00000006c8700000)
 Metaspace       used 29621K, capacity 30115K, committed 30336K, reserved 1075200K
  class space    used 4070K, capacity 4216K, committed 4224K, reserved 1048576K
Event: 118.430 GC heap after
Heap after GC invocations=53 (full 3):
 PSYoungGen      total 299520K, used 4320K [0x000000076ab00000, 0x0000000785000000, 0x00000007c0000000)
  eden space 294912K, 0% used [0x000000076ab00000,0x000000076ab00000,0x000000077cb00000)
  from space 4608K, 93% used [0x0000000784b80000,0x0000000784fb8000,0x0000000785000000)
  to   space 11264K, 0% used [0x0000000783a00000,0x0000000783a00000,0x0000000784500000)
 ParOldGen       total 138240K, used 126462K [0x00000006c0000000, 0x00000006c8700000, 0x000000076ab00000)
  object space 138240K, 91% used [0x00000006c0000000,0x00000006c7b7f958,0x00000006c8700000)
 Metaspace       used 29621K, capacity 30115K, committed 30336K, reserved 1075200K
  class space    used 4070K, capacity 4216K, committed 4224K, reserved 1048576K
}
Event: 119.564 GC heap before
{Heap before GC invocations=54 (full 3):
 PSYoungGen      total 299520K, used 299232K [0x000000076ab00000, 0x0000000785000000, 0x00000007c0000000)
  eden space 294912K, 100% used [0x000000076ab00000,0x000000077cb00000,0x000000077cb00000)
  from space 4608K, 93% used [0x0000000784b80000,0x0000000784fb8000,0x0000000785000000)
  to   space 11264K, 0% used [0x0000000783a00000,0x0000000783a00000,0x0000000784500000)
 ParOldGen       total 138240K, used 126462K [0x00000006c0000000, 0x00000006c8700000, 0x000000076ab00000)
  object space 138240K, 91% used [0x00000006c0000000,0x00000006c7b7f958,0x00000006c8700000)
 Metaspace       used 29621K, capacity 30115K, committed 30336K, reserved 1075200K
  class space    used 4070K, capacity 4216K, committed 4224K, reserved 1048576K
Event: 119.570 GC heap after
Heap after GC invocations=54 (full 3):
 PSYoungGen      total 287744K, used 4160K [0x000000076ab00000, 0x0000000784c00000, 0x00000007c0000000)
  eden space 283136K, 0% used [0x000000076ab00000,0x000000076ab00000,0x000000077bf80000)
  from space 4608K, 90% used [0x0000000783a00000,0x0000000783e10000,0x0000000783e80000)
  to   space 10752K, 0% used [0x0000000784180000,0x0000000784180000,0x0000000784c00000)
 ParOldGen       total 138240K, used 129953K [0x00000006c0000000, 0x00000006c8700000, 0x000000076ab00000)
  object space 138240K, 94% used [0x00000006c0000000,0x00000006c7ee86b0,0x00000006c8700000)
 Metaspace       used 29621K, capacity 30115K, committed 30336K, reserved 1075200K
  class space    used 4070K, capacity 4216K, committed 4224K, reserved 1048576K
}
Event: 119.570 GC heap before
{Heap before GC invocations=55 (full 4):
 PSYoungGen      total 287744K, used 4160K [0x000000076ab00000, 0x0000000784c00000, 0x00000007c0000000)
  eden space 283136K, 0% used [0x000000076ab00000,0x000000076ab00000,0x000000077bf80000)
  from space 4608K, 90% used [0x0000000783a00000,0x0000000783e10000,0x0000000783e80000)
  to   space 10752K, 0% used [0x0000000784180000,0x0000000784180000,0x0000000784c00000)
 ParOldGen       total 138240K, used 129953K [0x00000006c0000000, 0x00000006c8700000, 0x000000076ab00000)
  object space 138240K, 94% used [0x00000006c0000000,0x00000006c7ee86b0,0x00000006c8700000)
 Metaspace       used 29621K, capacity 30115K, committed 30336K, reserved 1075200K
  class space    used 4070K, capacity 4216K, committed 4224K, reserved 1048576K
Event: 119.708 GC heap after
Heap after GC invocations=55 (full 4):
 PSYoungGen      total 287744K, used 0K [0x000000076ab00000, 0x0000000784c00000, 0x00000007c0000000)
  eden space 283136K, 0% used [0x000000076ab00000,0x000000076ab00000,0x000000077bf80000)
  from space 4608K, 0% used [0x0000000783a00000,0x0000000783a00000,0x0000000783e80000)
  to   space 10752K, 0% used [0x0000000784180000,0x0000000784180000,0x0000000784c00000)
 ParOldGen       total 154112K, used 76893K [0x00000006c0000000, 0x00000006c9680000, 0x000000076ab00000)
  object space 154112K, 49% used [0x00000006c0000000,0x00000006c4b175d0,0x00000006c9680000)
 Metaspace       used 29621K, capacity 30115K, committed 30336K, reserved 1075200K
  class space    used 4070K, capacity 4216K, committed 4224K, reserved 1048576K
}

Deoptimization events (10 events):
Event: 102.524 Thread 0x00007fcec0bbe000 Uncommon trap: reason=unstable_if action=reinterpret pc=0x000000010f13edb4 method=utility.LabelCurvature.run()V @ 948
Event: 104.888 Thread 0x00007fcebf1b9800 Uncommon trap: reason=predicate action=maybe_recompile pc=0x000000010f157600 method=java.util.TimSort.reverseRange([Ljava/lang/Object;II)V @ 8
Event: 111.018 Thread 0x00007fcebf210000 Uncommon trap: reason=unstable_if action=reinterpret pc=0x000000010e981b9c method=java.lang.String.lastIndexOf([CII[CIII)I @ 118
Event: 111.019 Thread 0x00007fcebf1b9800 Uncommon trap: reason=unstable_if action=reinterpret pc=0x000000010f171050 method=sun.java2d.pipe.Region.getIntersectionXYXY(IIII)Lsun/java2d/pipe/Region; @ 23
Event: 111.019 Thread 0x00007fcebf1b9800 Uncommon trap: reason=unstable_if action=reinterpret pc=0x000000010f1f63c8 method=sun.java2d.pipe.Region.calcBBox()V @ 17
Event: 111.026 Thread 0x00007fcebf1b9800 Uncommon trap: reason=unstable_if action=reinterpret pc=0x000000010ee35678 method=sun.java2d.SunGraphics2D.getCompClip()Lsun/java2d/pipe/Region; @ 7
Event: 111.026 Thread 0x00007fcebf1b9800 Uncommon trap: reason=unstable_if action=reinterpret pc=0x000000010ed96f84 method=sun.java2d.pipe.BufferedContext.validate(Lsun/java2d/pipe/hw/AccelSurface;Lsun/java2d/pipe/hw/AccelSurface;Lsun/java2d/pipe/Region;Ljava/awt/Composite;Ljava/awt/geom/AffineT
Event: 111.034 Thread 0x00007fcebf1b9800 Uncommon trap: reason=unstable_if action=reinterpret pc=0x000000010e58b7d0 method=ij.gui.Roi.getScaledStroke()Ljava/awt/BasicStroke; @ 23
Event: 111.034 Thread 0x00007fcebf1b9800 Uncommon trap: reason=unstable_if action=reinterpret pc=0x000000010e5e3058 method=ij.gui.Roi.getScaledStroke()Ljava/awt/BasicStroke; @ 23
Event: 111.088 Thread 0x00007fcebf1b9800 Uncommon trap: reason=range_check action=make_not_entrant pc=0x000000010e83ec7c method=java.awt.geom.AffineTransform.getMatrix([D)V @ 6

Classes redefined (0 events):
No events

Internal exceptions (10 events):
Event: 18.783 Thread 0x00007fcec5099000 Exception <a 'java/lang/ArrayIndexOutOfBoundsException': 6> (0x000000076b03caf0) thrown at [/Users/java_re/workspace/8-2-build-macosx-x86_64/jdk8u152/9742/hotspot/src/share/vm/interpreter/interpreterRuntime.cpp, line 366]
Event: 18.783 Thread 0x00007fcec5099000 Exception <a 'java/lang/ArrayIndexOutOfBoundsException': 7> (0x000000076b03cd88) thrown at [/Users/java_re/workspace/8-2-build-macosx-x86_64/jdk8u152/9742/hotspot/src/share/vm/interpreter/interpreterRuntime.cpp, line 366]
Event: 18.783 Thread 0x00007fcec5099000 Exception <a 'java/lang/ArrayIndexOutOfBoundsException': 8> (0x000000076b03d028) thrown at [/Users/java_re/workspace/8-2-build-macosx-x86_64/jdk8u152/9742/hotspot/src/share/vm/interpreter/interpreterRuntime.cpp, line 366]
Event: 18.783 Thread 0x00007fcec5099000 Exception <a 'java/lang/ArrayIndexOutOfBoundsException': 9> (0x000000076b03d2d8) thrown at [/Users/java_re/workspace/8-2-build-macosx-x86_64/jdk8u152/9742/hotspot/src/share/vm/interpreter/interpreterRuntime.cpp, line 366]
Event: 18.783 Thread 0x00007fcec5099000 Exception <a 'java/lang/ArrayIndexOutOfBoundsException': 10> (0x000000076b03d590) thrown at [/Users/java_re/workspace/8-2-build-macosx-x86_64/jdk8u152/9742/hotspot/src/share/vm/interpreter/interpreterRuntime.cpp, line 366]
Event: 18.783 Thread 0x00007fcec5099000 Exception <a 'java/lang/ArrayIndexOutOfBoundsException': 11> (0x000000076b03d850) thrown at [/Users/java_re/workspace/8-2-build-macosx-x86_64/jdk8u152/9742/hotspot/src/share/vm/interpreter/interpreterRuntime.cpp, line 366]
Event: 18.784 Thread 0x00007fcec5099000 Exception <a 'java/lang/ArrayIndexOutOfBoundsException'> (0x000000076b03db18) thrown at [/Users/java_re/workspace/8-2-build-macosx-x86_64/jdk8u152/9742/hotspot/src/share/vm/runtime/sharedRuntime.cpp, line 605]
Event: 18.784 Thread 0x00007fcec5099000 Exception <a 'java/lang/ArrayIndexOutOfBoundsException'> (0x000000076b03dde8) thrown at [/Users/java_re/workspace/8-2-build-macosx-x86_64/jdk8u152/9742/hotspot/src/share/vm/runtime/sharedRuntime.cpp, line 605]
Event: 18.786 Thread 0x00007fcec5099000 Exception <a 'java/lang/ArrayIndexOutOfBoundsException'> (0x000000076b03e0c0) thrown at [/Users/java_re/workspace/8-2-build-macosx-x86_64/jdk8u152/9742/hotspot/src/share/vm/runtime/sharedRuntime.cpp, line 605]
Event: 18.788 Thread 0x00007fcec5099000 Exception <a 'java/lang/ArrayIndexOutOfBoundsException'> (0x000000076b03e3a0) thrown at [/Users/java_re/workspace/8-2-build-macosx-x86_64/jdk8u152/9742/hotspot/src/share/vm/runtime/sharedRuntime.cpp, line 605]

Events (10 events):
Event: 116.054 Executing VM operation: ParallelGCFailedAllocation
Event: 116.059 Executing VM operation: ParallelGCFailedAllocation done
Event: 117.226 Executing VM operation: ParallelGCFailedAllocation
Event: 117.231 Executing VM operation: ParallelGCFailedAllocation done
Event: 118.256 Thread 0x00007fcebfc82000 DEOPT PACKING pc=0x000000010f1270b2 sp=0x0000700005e5a440
Event: 118.256 Thread 0x00007fcebfc82000 DEOPT UNPACKING pc=0x000000010e492633 sp=0x0000700005e5a220 mode 0
Event: 118.424 Executing VM operation: ParallelGCFailedAllocation
Event: 118.430 Executing VM operation: ParallelGCFailedAllocation done
Event: 119.564 Executing VM operation: ParallelGCFailedAllocation
Event: 119.708 Executing VM operation: ParallelGCFailedAllocation done


Dynamic libraries:
0x000000002ba31000 	/System/Library/Frameworks/Cocoa.framework/Versions/A/Cocoa
0x000000002ba31000 	/System/Library/Frameworks/Security.framework/Versions/A/Security
0x000000002ba31000 	/System/Library/Frameworks/ApplicationServices.framework/Versions/A/ApplicationServices
0x000000002ba31000 	/usr/lib/libz.1.dylib
0x000000002ba31000 	/usr/lib/libSystem.B.dylib
0x000000002ba31000 	/usr/lib/libobjc.A.dylib
0x000000002ba31000 	/System/Library/Frameworks/CoreFoundation.framework/Versions/A/CoreFoundation
0x000000002ba31000 	/System/Library/Frameworks/Foundation.framework/Versions/C/Foundation
0x000000002ba31000 	/System/Library/Frameworks/AppKit.framework/Versions/C/AppKit
0x000000002ba31000 	/System/Library/Frameworks/CoreData.framework/Versions/A/CoreData
0x000000002ba31000 	/System/Library/PrivateFrameworks/RemoteViewServices.framework/Versions/A/RemoteViewServices
0x000000002ba31000 	/System/Library/PrivateFrameworks/UIFoundation.framework/Versions/A/UIFoundation
0x000000002ba31000 	/System/Library/PrivateFrameworks/DFRFoundation.framework/Versions/A/DFRFoundation
0x000000002ba31000 	/System/Library/Frameworks/Metal.framework/Versions/A/Metal
0x000000002ba31000 	/System/Library/PrivateFrameworks/DesktopServicesPriv.framework/Versions/A/DesktopServicesPriv
0x000000002ba31000 	/usr/lib/libenergytrace.dylib
0x000000002ba31000 	/System/Library/PrivateFrameworks/SkyLight.framework/Versions/A/SkyLight
0x000000002ba31000 	/System/Library/Frameworks/CoreGraphics.framework/Versions/A/CoreGraphics
0x000000002ba31000 	/usr/lib/libScreenReader.dylib
0x000000002ba31000 	/System/Library/Frameworks/Accelerate.framework/Versions/A/Accelerate
0x000000002ba31000 	/System/Library/Frameworks/IOSurface.framework/Versions/A/IOSurface
0x000000002ba31000 	/System/Library/Frameworks/AudioToolbox.framework/Versions/A/AudioToolbox
0x000000002ba31000 	/System/Library/Frameworks/AudioUnit.framework/Versions/A/AudioUnit
0x000000002ba31000 	/System/Library/PrivateFrameworks/DataDetectorsCore.framework/Versions/A/DataDetectorsCore
0x000000002ba31000 	/System/Library/Frameworks/Carbon.framework/Versions/A/Frameworks/HIToolbox.framework/Versions/A/HIToolbox
0x000000002ba31000 	/usr/lib/libicucore.A.dylib
0x000000002ba31000 	/System/Library/Frameworks/QuartzCore.framework/Versions/A/QuartzCore
0x000000002ba31000 	/System/Library/Frameworks/Carbon.framework/Versions/A/Frameworks/SpeechRecognition.framework/Versions/A/SpeechRecognition
0x000000002ba31000 	/usr/lib/libauto.dylib
0x000000002ba31000 	/usr/lib/libxml2.2.dylib
0x000000002ba31000 	/System/Library/PrivateFrameworks/CoreUI.framework/Versions/A/CoreUI
0x000000002ba31000 	/System/Library/Frameworks/CoreAudio.framework/Versions/A/CoreAudio
0x000000002ba31000 	/System/Library/Frameworks/DiskArbitration.framework/Versions/A/DiskArbitration
0x000000002ba31000 	/usr/lib/liblangid.dylib
0x000000002ba31000 	/System/Library/PrivateFrameworks/MultitouchSupport.framework/Versions/A/MultitouchSupport
0x000000002ba31000 	/System/Library/Frameworks/IOKit.framework/Versions/A/IOKit
0x000000002ba31000 	/usr/lib/libDiagnosticMessagesClient.dylib
0x000000002ba31000 	/System/Library/Frameworks/CoreServices.framework/Versions/A/CoreServices
0x000000002ba31000 	/System/Library/PrivateFrameworks/PerformanceAnalysis.framework/Versions/A/PerformanceAnalysis
0x000000002ba31000 	/System/Library/Frameworks/OpenGL.framework/Versions/A/OpenGL
0x000000002ba31000 	/System/Library/Frameworks/ColorSync.framework/Versions/A/ColorSync
0x000000002ba31000 	/System/Library/Frameworks/CoreImage.framework/Versions/A/CoreImage
0x000000002ba31000 	/System/Library/Frameworks/CoreText.framework/Versions/A/CoreText
0x000000002ba31000 	/System/Library/Frameworks/ImageIO.framework/Versions/A/ImageIO
0x000000002ba31000 	/System/Library/PrivateFrameworks/Backup.framework/Versions/A/Backup
0x000000002ba31000 	/usr/lib/libarchive.2.dylib
0x000000002ba31000 	/System/Library/Frameworks/CFNetwork.framework/Versions/A/CFNetwork
0x000000002ba31000 	/System/Library/Frameworks/SystemConfiguration.framework/Versions/A/SystemConfiguration
0x000000002ba31000 	/usr/lib/libCRFSuite.dylib
0x000000002ba31000 	/usr/lib/libc++.1.dylib
0x000000002ba31000 	/usr/lib/libc++abi.dylib
0x000000002ba31000 	/usr/lib/system/libcache.dylib
0x000000002ba31000 	/usr/lib/system/libcommonCrypto.dylib
0x000000002ba31000 	/usr/lib/system/libcompiler_rt.dylib
0x000000002ba31000 	/usr/lib/system/libcopyfile.dylib
0x000000002ba31000 	/usr/lib/system/libcorecrypto.dylib
0x000000002ba31000 	/usr/lib/system/libdispatch.dylib
0x000000002ba31000 	/usr/lib/system/libdyld.dylib
0x000000002ba31000 	/usr/lib/system/libkeymgr.dylib
0x000000002ba31000 	/usr/lib/system/liblaunch.dylib
0x000000002ba31000 	/usr/lib/system/libmacho.dylib
0x000000002ba31000 	/usr/lib/system/libquarantine.dylib
0x000000002ba31000 	/usr/lib/system/libremovefile.dylib
0x000000002ba31000 	/usr/lib/system/libsystem_asl.dylib
0x000000002ba31000 	/usr/lib/system/libsystem_blocks.dylib
0x000000002ba31000 	/usr/lib/system/libsystem_c.dylib
0x000000002ba31000 	/usr/lib/system/libsystem_configuration.dylib
0x000000002ba31000 	/usr/lib/system/libsystem_coreservices.dylib
0x000000002ba31000 	/usr/lib/system/libsystem_darwin.dylib
0x000000002ba31000 	/usr/lib/system/libsystem_dnssd.dylib
0x000000002ba31000 	/usr/lib/system/libsystem_info.dylib
0x000000002ba31000 	/usr/lib/system/libsystem_m.dylib
0x000000002ba31000 	/usr/lib/system/libsystem_malloc.dylib
0x000000002ba31000 	/usr/lib/system/libsystem_network.dylib
0x000000002ba31000 	/usr/lib/system/libsystem_networkextension.dylib
0x000000002ba31000 	/usr/lib/system/libsystem_notify.dylib
0x000000002ba31000 	/usr/lib/system/libsystem_sandbox.dylib
0x000000002ba31000 	/usr/lib/system/libsystem_secinit.dylib
0x000000002ba31000 	/usr/lib/system/libsystem_kernel.dylib
0x000000002ba31000 	/usr/lib/system/libsystem_platform.dylib
0x000000002ba31000 	/usr/lib/system/libsystem_pthread.dylib
0x000000002ba31000 	/usr/lib/system/libsystem_symptoms.dylib
0x000000002ba31000 	/usr/lib/system/libsystem_trace.dylib
0x000000002ba31000 	/usr/lib/system/libunwind.dylib
0x000000002ba31000 	/usr/lib/system/libxpc.dylib
0x000000002ba31000 	/usr/lib/closure/libclosured.dylib
0x000000002ba31000 	/usr/lib/libbsm.0.dylib
0x000000002ba31000 	/usr/lib/system/libkxld.dylib
0x000000002ba31000 	/usr/lib/libOpenScriptingUtil.dylib
0x000000002ba31000 	/usr/lib/libcoretls.dylib
0x000000002ba31000 	/usr/lib/libcoretls_cfhelpers.dylib
0x000000002ba31000 	/usr/lib/libpam.2.dylib
0x000000002ba31000 	/usr/lib/libsqlite3.dylib
0x000000002ba31000 	/usr/lib/libxar.1.dylib
0x000000002ba31000 	/usr/lib/libbz2.1.0.dylib
0x000000002ba31000 	/usr/lib/liblzma.5.dylib
0x000000002ba31000 	/usr/lib/libnetwork.dylib
0x000000002ba31000 	/usr/lib/libapple_nghttp2.dylib
0x000000002ba31000 	/usr/lib/libpcap.A.dylib
0x000000002ba31000 	/usr/lib/libboringssl.dylib
0x000000002ba31000 	/usr/lib/libusrtcp.dylib
0x000000002ba31000 	/usr/lib/libapple_crypto.dylib
0x000000002ba31000 	/System/Library/Frameworks/CoreServices.framework/Versions/A/Frameworks/FSEvents.framework/Versions/A/FSEvents
0x000000002ba31000 	/System/Library/Frameworks/CoreServices.framework/Versions/A/Frameworks/CarbonCore.framework/Versions/A/CarbonCore
0x000000002ba31000 	/System/Library/Frameworks/CoreServices.framework/Versions/A/Frameworks/Metadata.framework/Versions/A/Metadata
0x000000002ba31000 	/System/Library/Frameworks/CoreServices.framework/Versions/A/Frameworks/OSServices.framework/Versions/A/OSServices
0x000000002ba31000 	/System/Library/Frameworks/CoreServices.framework/Versions/A/Frameworks/SearchKit.framework/Versions/A/SearchKit
0x000000002ba31000 	/System/Library/Frameworks/CoreServices.framework/Versions/A/Frameworks/AE.framework/Versions/A/AE
0x000000002ba31000 	/System/Library/Frameworks/CoreServices.framework/Versions/A/Frameworks/LaunchServices.framework/Versions/A/LaunchServices
0x000000002ba31000 	/System/Library/Frameworks/CoreServices.framework/Versions/A/Frameworks/DictionaryServices.framework/Versions/A/DictionaryServices
0x000000002ba31000 	/System/Library/Frameworks/CoreServices.framework/Versions/A/Frameworks/SharedFileList.framework/Versions/A/SharedFileList
0x000000002ba31000 	/System/Library/Frameworks/NetFS.framework/Versions/A/NetFS
0x000000002ba31000 	/System/Library/PrivateFrameworks/NetAuth.framework/Versions/A/NetAuth
0x000000002ba31000 	/System/Library/PrivateFrameworks/login.framework/Versions/A/Frameworks/loginsupport.framework/Versions/A/loginsupport
0x000000002ba31000 	/System/Library/PrivateFrameworks/TCC.framework/Versions/A/TCC
0x000000002ba31000 	/usr/lib/libmecabra.dylib
0x000000002ba31000 	/System/Library/Frameworks/ApplicationServices.framework/Versions/A/Frameworks/ATS.framework/Versions/A/ATS
0x000000002ba31000 	/System/Library/Frameworks/ApplicationServices.framework/Versions/A/Frameworks/ColorSyncLegacy.framework/Versions/A/ColorSyncLegacy
0x000000002ba31000 	/System/Library/Frameworks/ApplicationServices.framework/Versions/A/Frameworks/HIServices.framework/Versions/A/HIServices
0x000000002ba31000 	/System/Library/Frameworks/ApplicationServices.framework/Versions/A/Frameworks/LangAnalysis.framework/Versions/A/LangAnalysis
0x000000002ba31000 	/System/Library/Frameworks/ApplicationServices.framework/Versions/A/Frameworks/PrintCore.framework/Versions/A/PrintCore
0x000000002ba31000 	/System/Library/Frameworks/ApplicationServices.framework/Versions/A/Frameworks/QD.framework/Versions/A/QD
0x000000002ba31000 	/System/Library/Frameworks/ApplicationServices.framework/Versions/A/Frameworks/SpeechSynthesis.framework/Versions/A/SpeechSynthesis
0x000000002ba31000 	/System/Library/Frameworks/CoreDisplay.framework/Versions/A/CoreDisplay
0x000000002ba31000 	/System/Library/Frameworks/Accelerate.framework/Versions/A/Frameworks/vImage.framework/Versions/A/vImage
0x000000002ba31000 	/System/Library/Frameworks/Accelerate.framework/Versions/A/Frameworks/vecLib.framework/Versions/A/vecLib
0x000000002ba31000 	/System/Library/Frameworks/Accelerate.framework/Versions/A/Frameworks/vecLib.framework/Versions/A/libvDSP.dylib
0x000000002ba31000 	/System/Library/Frameworks/Accelerate.framework/Versions/A/Frameworks/vecLib.framework/Versions/A/libBNNS.dylib
0x000000002ba31000 	/System/Library/Frameworks/Accelerate.framework/Versions/A/Frameworks/vecLib.framework/Versions/A/libQuadrature.dylib
0x000000002ba31000 	/System/Library/Frameworks/Accelerate.framework/Versions/A/Frameworks/vecLib.framework/Versions/A/libvMisc.dylib
0x000000002ba31000 	/System/Library/Frameworks/Accelerate.framework/Versions/A/Frameworks/vecLib.framework/Versions/A/libLAPACK.dylib
0x000000002ba31000 	/System/Library/Frameworks/Accelerate.framework/Versions/A/Frameworks/vecLib.framework/Versions/A/libBLAS.dylib
0x000000002ba31000 	/System/Library/Frameworks/Accelerate.framework/Versions/A/Frameworks/vecLib.framework/Versions/A/libLinearAlgebra.dylib
0x000000002ba31000 	/System/Library/Frameworks/Accelerate.framework/Versions/A/Frameworks/vecLib.framework/Versions/A/libSparse.dylib
0x000000002ba31000 	/System/Library/Frameworks/Accelerate.framework/Versions/A/Frameworks/vecLib.framework/Versions/A/libSparseBLAS.dylib
0x000000002ba31000 	/System/Library/PrivateFrameworks/IOAccelerator.framework/Versions/A/IOAccelerator
0x000000002ba31000 	/System/Library/PrivateFrameworks/IOPresentment.framework/Versions/A/IOPresentment
0x000000002ba31000 	/System/Library/PrivateFrameworks/DSExternalDisplay.framework/Versions/A/DSExternalDisplay
0x000000002ba31000 	/System/Library/Frameworks/OpenGL.framework/Versions/A/Libraries/libCoreFSCache.dylib
0x000000002ba31000 	/System/Library/Frameworks/CoreVideo.framework/Versions/A/CoreVideo
0x000000002ba31000 	/System/Library/PrivateFrameworks/GraphVisualizer.framework/Versions/A/GraphVisualizer
0x000000002ba31000 	/System/Library/Frameworks/MetalPerformanceShaders.framework/Versions/A/MetalPerformanceShaders
0x000000002ba31000 	/usr/lib/libFosl_dynamic.dylib
0x000000002ba31000 	/System/Library/PrivateFrameworks/FaceCore.framework/Versions/A/FaceCore
0x000000002ba31000 	/System/Library/Frameworks/OpenCL.framework/Versions/A/OpenCL
0x000000002ba31000 	/usr/lib/libcompression.dylib
0x000000002ba31000 	/System/Library/Frameworks/ApplicationServices.framework/Versions/A/Frameworks/ATS.framework/Versions/A/Resources/libFontParser.dylib
0x000000002ba31000 	/System/Library/Frameworks/ApplicationServices.framework/Versions/A/Frameworks/ATS.framework/Versions/A/Resources/libFontRegistry.dylib
0x000000002ba31000 	/System/Library/Frameworks/ImageIO.framework/Versions/A/Resources/libJPEG.dylib
0x000000002ba31000 	/System/Library/Frameworks/ImageIO.framework/Versions/A/Resources/libTIFF.dylib
0x000000002ba31000 	/System/Library/Frameworks/ImageIO.framework/Versions/A/Resources/libPng.dylib
0x000000002ba31000 	/System/Library/Frameworks/ImageIO.framework/Versions/A/Resources/libGIF.dylib
0x000000002ba31000 	/System/Library/Frameworks/ImageIO.framework/Versions/A/Resources/libJP2.dylib
0x000000002ba31000 	/System/Library/Frameworks/ImageIO.framework/Versions/A/Resources/libRadiance.dylib
0x000000002ba31000 	/System/Library/PrivateFrameworks/AppleJPEG.framework/Versions/A/AppleJPEG
0x000000002ba31000 	/System/Library/PrivateFrameworks/MetalTools.framework/Versions/A/MetalTools
0x000000002ba31000 	/System/Library/Frameworks/MetalPerformanceShaders.framework/Frameworks/MPSCore.framework/Versions/A/MPSCore
0x000000002ba31000 	/System/Library/Frameworks/MetalPerformanceShaders.framework/Frameworks/MPSImage.framework/Versions/A/MPSImage
0x000000002ba31000 	/System/Library/Frameworks/MetalPerformanceShaders.framework/Frameworks/MPSMatrix.framework/Versions/A/MPSMatrix
0x000000002ba31000 	/System/Library/Frameworks/MetalPerformanceShaders.framework/Frameworks/MPSNeuralNetwork.framework/Versions/A/MPSNeuralNetwork
0x000000002ba31000 	/System/Library/Frameworks/OpenGL.framework/Versions/A/Libraries/libGLU.dylib
0x000000002ba31000 	/System/Library/Frameworks/OpenGL.framework/Versions/A/Libraries/libGFXShared.dylib
0x000000002ba31000 	/System/Library/Frameworks/OpenGL.framework/Versions/A/Libraries/libGL.dylib
0x000000002ba31000 	/System/Library/Frameworks/OpenGL.framework/Versions/A/Libraries/libGLImage.dylib
0x000000002ba31000 	/System/Library/Frameworks/OpenGL.framework/Versions/A/Libraries/libCVMSPluginSupport.dylib
0x000000002ba31000 	/System/Library/Frameworks/OpenGL.framework/Versions/A/Libraries/libCoreVMClient.dylib
0x000000002ba31000 	/usr/lib/libcups.2.dylib
0x000000002ba31000 	/System/Library/Frameworks/Kerberos.framework/Versions/A/Kerberos
0x000000002ba31000 	/System/Library/Frameworks/GSS.framework/Versions/A/GSS
0x000000002ba31000 	/usr/lib/libresolv.9.dylib
0x000000002ba31000 	/usr/lib/libiconv.2.dylib
0x000000002ba31000 	/System/Library/PrivateFrameworks/Heimdal.framework/Versions/A/Heimdal
0x000000002ba31000 	/usr/lib/libheimdal-asn1.dylib
0x000000002ba31000 	/System/Library/Frameworks/OpenDirectory.framework/Versions/A/OpenDirectory
0x000000002ba31000 	/System/Library/PrivateFrameworks/CommonAuth.framework/Versions/A/CommonAuth
0x000000002ba31000 	/System/Library/Frameworks/OpenDirectory.framework/Versions/A/Frameworks/CFOpenDirectory.framework/Versions/A/CFOpenDirectory
0x000000002ba31000 	/System/Library/Frameworks/SecurityFoundation.framework/Versions/A/SecurityFoundation
0x000000002ba31000 	/System/Library/PrivateFrameworks/APFS.framework/Versions/A/APFS
0x000000002ba31000 	/usr/lib/libutil.dylib
0x000000002ba31000 	/System/Library/PrivateFrameworks/AppleSauce.framework/Versions/A/AppleSauce
0x000000002ba31000 	/System/Library/PrivateFrameworks/LinguisticData.framework/Versions/A/LinguisticData
0x000000002ba31000 	/usr/lib/libmarisa.dylib
0x000000002ba31000 	/System/Library/PrivateFrameworks/Lexicon.framework/Versions/A/Lexicon
0x000000002ba31000 	/usr/lib/libChineseTokenizer.dylib
0x000000002ba31000 	/usr/lib/libcmph.dylib
0x000000002ba31000 	/System/Library/PrivateFrameworks/LanguageModeling.framework/Versions/A/LanguageModeling
0x000000002ba31000 	/System/Library/PrivateFrameworks/CoreEmoji.framework/Versions/A/CoreEmoji
0x000000002ba31000 	/System/Library/Frameworks/ServiceManagement.framework/Versions/A/ServiceManagement
0x000000002ba31000 	/System/Library/PrivateFrameworks/BackgroundTaskManagement.framework/Versions/A/BackgroundTaskManagement
0x000000002ba31000 	/usr/lib/libxslt.1.dylib
0x000000002ba31000 	/System/Library/Frameworks/Carbon.framework/Versions/A/Frameworks/Ink.framework/Versions/A/Ink
0x000000002ba31000 	/System/Library/PrivateFrameworks/TextureIO.framework/Versions/A/TextureIO
0x000000002ba31000 	/usr/lib/libate.dylib
0x000000002ba31000 	/System/Library/PrivateFrameworks/CrashReporterSupport.framework/Versions/A/CrashReporterSupport
0x000000002ba31000 	/System/Library/PrivateFrameworks/Sharing.framework/Versions/A/Sharing
0x000000002ba31000 	/System/Library/PrivateFrameworks/IconServices.framework/Versions/A/IconServices
0x000000002ba31000 	/System/Library/PrivateFrameworks/ProtocolBuffer.framework/Versions/A/ProtocolBuffer
0x000000002ba31000 	/System/Library/PrivateFrameworks/Apple80211.framework/Versions/A/Apple80211
0x000000002ba31000 	/System/Library/Frameworks/CoreWLAN.framework/Versions/A/CoreWLAN
0x000000002ba31000 	/System/Library/PrivateFrameworks/CoreUtils.framework/Versions/A/CoreUtils
0x000000002ba31000 	/System/Library/Frameworks/IOBluetooth.framework/Versions/A/IOBluetooth
0x000000002ba31000 	/System/Library/PrivateFrameworks/CoreWiFi.framework/Versions/A/CoreWiFi
0x000000002ba31000 	/System/Library/Frameworks/CoreBluetooth.framework/Versions/A/CoreBluetooth
0x000000002ba31000 	/System/Library/PrivateFrameworks/SignpostNotification.framework/Versions/A/SignpostNotification
0x000000002ba31000 	/System/Library/PrivateFrameworks/DebugSymbols.framework/Versions/A/DebugSymbols
0x000000002ba31000 	/System/Library/PrivateFrameworks/CoreSymbolication.framework/Versions/A/CoreSymbolication
0x000000002ba31000 	/System/Library/PrivateFrameworks/Symbolication.framework/Versions/A/Symbolication
0x000000002ba31000 	/System/Library/PrivateFrameworks/AppleFSCompression.framework/Versions/A/AppleFSCompression
0x000000002ba31000 	/System/Library/PrivateFrameworks/SpeechRecognitionCore.framework/Versions/A/SpeechRecognitionCore
0x0000000102c00000 	/Library/Java/JavaVirtualMachines/jdk1.8.0_152.jdk/Contents/Home/jre/lib/server/libjvm.dylib
0x000000002ba31000 	/usr/lib/libstdc++.6.0.9.dylib
0x0000000102224000 	/Library/Java/JavaVirtualMachines/jdk1.8.0_152.jdk/Contents/Home/jre/lib/libverify.dylib
0x0000000102232000 	/Library/Java/JavaVirtualMachines/jdk1.8.0_152.jdk/Contents/Home/jre/lib/libjava.dylib
0x00000001022b2000 	/Library/Java/JavaVirtualMachines/jdk1.8.0_152.jdk/Contents/Home/jre/lib/libzip.dylib
0x000000011fda9000 	/Library/Java/JavaVirtualMachines/jdk1.8.0_152.jdk/Contents/Home/jre/lib/libawt.dylib
0x000000011fe53000 	/Library/Java/JavaVirtualMachines/jdk1.8.0_152.jdk/Contents/Home/jre/lib/./libmlib_image.dylib
0x000000002ba31000 	/System/Library/Frameworks/JavaVM.framework/Versions/A/Frameworks/JavaNativeFoundation.framework/Versions/A/JavaNativeFoundation
0x000000002ba31000 	/System/Library/Frameworks/JavaVM.framework/Versions/A/Frameworks/JavaRuntimeSupport.framework/Versions/A/JavaRuntimeSupport
0x000000002ba31000 	/System/Library/Frameworks/JavaVM.framework/Versions/A/JavaVM
0x000000002ba31000 	/System/Library/PrivateFrameworks/JavaLaunching.framework/Versions/A/JavaLaunching
0x000000002ba31000 	/System/Library/Frameworks/Carbon.framework/Versions/A/Carbon
0x000000002ba31000 	/System/Library/Frameworks/Carbon.framework/Versions/A/Frameworks/CommonPanels.framework/Versions/A/CommonPanels
0x000000002ba31000 	/System/Library/Frameworks/Carbon.framework/Versions/A/Frameworks/Help.framework/Versions/A/Help
0x000000002ba31000 	/System/Library/Frameworks/Carbon.framework/Versions/A/Frameworks/ImageCapture.framework/Versions/A/ImageCapture
0x000000002ba31000 	/System/Library/Frameworks/Carbon.framework/Versions/A/Frameworks/OpenScripting.framework/Versions/A/OpenScripting
0x000000002ba31000 	/System/Library/Frameworks/Carbon.framework/Versions/A/Frameworks/Print.framework/Versions/A/Print
0x000000002ba31000 	/System/Library/Frameworks/Carbon.framework/Versions/A/Frameworks/SecurityHI.framework/Versions/A/SecurityHI
0x000000011ff1f000 	/Library/Java/JavaVirtualMachines/jdk1.8.0_152.jdk/Contents/Home/jre/lib/libawt_lwawt.dylib
0x000000011ffd9000 	/Library/Java/JavaVirtualMachines/jdk1.8.0_152.jdk/Contents/Home/jre/lib/./libosxapp.dylib
0x000000002ba31000 	/System/Library/Frameworks/ExceptionHandling.framework/Versions/A/ExceptionHandling
0x000000002ba31000 	/System/Library/PrivateFrameworks/CoreServicesInternal.framework/Versions/A/CoreServicesInternal
0x000000002ba31000 	/System/Library/CoreServices/RawCamera.bundle/Contents/MacOS/RawCamera
0x000000002ba31000 	/System/Library/PrivateFrameworks/MobileAsset.framework/Versions/A/MobileAsset
0x000000002ba31000 	/System/Library/PrivateFrameworks/StreamingZip.framework/Versions/A/StreamingZip
0x000000002ba31000 	/System/Library/Frameworks/MediaToolbox.framework/Versions/A/MediaToolbox
0x000000002ba31000 	/System/Library/PrivateFrameworks/CoreAVCHD.framework/Versions/A/CoreAVCHD
0x000000002ba31000 	/System/Library/Frameworks/MediaAccessibility.framework/Versions/A/MediaAccessibility
0x000000002ba31000 	/System/Library/PrivateFrameworks/Mangrove.framework/Versions/A/Mangrove
0x000000002ba31000 	/System/Library/Frameworks/CoreMedia.framework/Versions/A/CoreMedia
0x000000002ba31000 	/System/Library/Frameworks/VideoToolbox.framework/Versions/A/VideoToolbox
0x000000002ba31000 	/System/Library/PrivateFrameworks/CoreAUC.framework/Versions/A/CoreAUC
0x000000002ba31000 	/usr/lib/libspindump.dylib
0x000000002ba31000 	/usr/lib/libdscsym.dylib
0x000000002ba31000 	/System/Library/PrivateFrameworks/AppleVA.framework/Versions/A/AppleVA
0x000000002ba31000 	/System/Library/Frameworks/Accelerate.framework/Versions/A/Frameworks/vImage.framework/Versions/A/Libraries/libCGInterfaces.dylib
0x000000002ba31000 	/System/Library/Frameworks/ApplicationServices.framework/Versions/A/Frameworks/ATS.framework/Versions/A/Resources/libTrueTypeScaler.dylib
0x000000002ba31000 	/System/Library/Frameworks/OpenGL.framework/Versions/A/Resources/GLEngine.bundle/GLEngine
0x000000002ba31000 	/System/Library/Frameworks/OpenGL.framework/Versions/A/Libraries/libGLProgrammability.dylib
0x0000000122312000 	/System/Library/Extensions/AppleIntelKBLGraphicsGLDriver.bundle/Contents/MacOS/AppleIntelKBLGraphicsGLDriver
0x000000002ba31000 	/System/Library/PrivateFrameworks/GPUSupport.framework/Versions/A/Libraries/libGPUSupportMercury.dylib
0x000000002ba31000 	/System/Library/Frameworks/OpenGL.framework/Versions/A/Resources/GLRendererFloat.bundle/GLRendererFloat
0x000000002ba31000 	/System/Library/Frameworks/OpenCL.framework/Versions/A/Libraries/libcldcpuengine.dylib
0x000000002ba31000 	/usr/lib/libcrypto.35.dylib
0x000000002ba31000 	/System/Library/PrivateFrameworks/TrustEvaluationAgent.framework/Versions/A/TrustEvaluationAgent
0x000000002ba31000 	/System/Library/Extensions/AppleIntelKBLGraphicsMTLDriver.bundle/Contents/MacOS/AppleIntelKBLGraphicsMTLDriver
0x000000002ba31000 	/System/Library/PrivateFrameworks/GPUCompiler.framework/Versions/3802/Libraries/libmetal_timestamp.dylib
0x000000002ba31000 	/System/Library/PrivateFrameworks/FamilyControls.framework/Versions/A/FamilyControls
0x000000002ba31000 	/System/Library/PrivateFrameworks/CommerceKit.framework/Versions/A/Frameworks/CommerceCore.framework/Versions/A/CommerceCore
0x000000002ba31000 	/System/Library/PrivateFrameworks/SystemAdministration.framework/Versions/A/SystemAdministration
0x000000002ba31000 	/System/Library/PrivateFrameworks/AppContainer.framework/Versions/A/AppContainer
0x000000002ba31000 	/System/Library/PrivateFrameworks/SecCodeWrapper.framework/Versions/A/SecCodeWrapper
0x000000002ba31000 	/System/Library/PrivateFrameworks/DiskManagement.framework/Versions/A/DiskManagement
0x000000002ba31000 	/System/Library/Frameworks/DirectoryService.framework/Versions/A/DirectoryService
0x000000002ba31000 	/System/Library/PrivateFrameworks/DiskImages.framework/Versions/A/DiskImages
0x000000002ba31000 	/System/Library/PrivateFrameworks/LoginUIKit.framework/Versions/A/Frameworks/LoginUICore.framework/Versions/A/LoginUICore
0x000000002ba31000 	/usr/lib/libCoreStorage.dylib
0x000000002ba31000 	/usr/lib/libcsfde.dylib
0x000000002ba31000 	/usr/lib/libodfde.dylib
0x000000002ba31000 	/System/Library/PrivateFrameworks/MediaKit.framework/Versions/A/MediaKit
0x000000002ba31000 	/System/Library/Frameworks/DiscRecording.framework/Versions/A/DiscRecording
0x000000002ba31000 	/System/Library/PrivateFrameworks/EFILogin.framework/Versions/A/EFILogin
0x000000002ba31000 	/System/Library/PrivateFrameworks/ProtectedCloudStorage.framework/Versions/A/ProtectedCloudStorage
0x000000002ba31000 	/usr/lib/libcurl.4.dylib
0x000000002ba31000 	/usr/lib/libssl.35.dylib
0x000000002ba31000 	/System/Library/Frameworks/LDAP.framework/Versions/A/LDAP
0x000000002ba31000 	/usr/lib/libsasl2.2.dylib
0x000000002ba31000 	/System/Library/PrivateFrameworks/CoreDaemon.framework/Versions/B/CoreDaemon
0x000000002ba31000 	/System/Library/PrivateFrameworks/AppleSRP.framework/Versions/A/AppleSRP
0x0000000125822000 	/Library/Java/JavaVirtualMachines/jdk1.8.0_152.jdk/Contents/Home/jre/lib/libfontmanager.dylib
0x0000000125889000 	/Library/Java/JavaVirtualMachines/jdk1.8.0_152.jdk/Contents/Home/jre/lib/libosxui.dylib
0x0000000127029000 	/Library/Java/JavaVirtualMachines/jdk1.8.0_152.jdk/Contents/Home/jre/lib/libnet.dylib
0x0000000126e73000 	/Library/Java/JavaVirtualMachines/jdk1.8.0_152.jdk/Contents/Home/jre/lib/libnio.dylib
0x00000001911c2000 	/Library/Java/JavaVirtualMachines/jdk1.8.0_152.jdk/Contents/Home/jre/lib/libdcpr.dylib
0x000000002ba31000 	/System/Library/PrivateFrameworks/ViewBridge.framework/Versions/A/ViewBridge
0x0000000121e81000 	/Library/Java/JavaVirtualMachines/jdk1.8.0_152.jdk/Contents/Home/jre/lib/libosx.dylib
0x000000002ba31000 	/System/Library/PrivateFrameworks/CloudDocs.framework/Versions/A/CloudDocs
0x000000002ba31000 	/System/Library/PrivateFrameworks/FileProvider.framework/Versions/A/FileProvider
0x000000002ba31000 	/System/Library/PrivateFrameworks/SpotlightIndex.framework/Versions/A/SpotlightIndex
0x000000002ba31000 	/System/Library/PrivateFrameworks/SymptomDiagnosticReporter.framework/Versions/A/SymptomDiagnosticReporter
0x000000002ba31000 	/System/Library/PrivateFrameworks/GenerationalStorage.framework/Versions/A/GenerationalStorage
0x000000002ba31000 	/System/Library/PrivateFrameworks/ChunkingLibrary.framework/Versions/A/ChunkingLibrary
0x000000002ba31000 	/System/Library/PrivateFrameworks/CoreNLP.framework/Versions/A/CoreNLP
0x000000002ba31000 	/usr/lib/libmecab.1.0.0.dylib
0x000000002ba31000 	/usr/lib/libgermantok.dylib
0x000000002ba31000 	/usr/lib/libThaiTokenizer.dylib
0x000000002ba31000 	/System/Library/PrivateFrameworks/login.framework/Versions/A/login

VM Arguments:
jvm_args: -Dfile.encoding=UTF-8 
java_command: pluginTools.InteractiveIlastikEllipseFit
java_class_path (initial): /Library/Java/JavaVirtualMachines/jdk1.8.0_152.jdk/Contents/Home/jre/lib/resources.jar:/Library/Java/JavaVirtualMachines/jdk1.8.0_152.jdk/Contents/Home/jre/lib/rt.jar:/Library/Java/JavaVirtualMachines/jdk1.8.0_152.jdk/Contents/Home/jre/lib/jsse.jar:/Library/Java/JavaVirtualMachines/jdk1.8.0_152.jdk/Contents/Home/jre/lib/jce.jar:/Library/Java/JavaVirtualMachines/jdk1.8.0_152.jdk/Contents/Home/jre/lib/charsets.jar:/Library/Java/JavaVirtualMachines/jdk1.8.0_152.jdk/Contents/Home/jre/lib/jfr.jar:/Library/Java/JavaVirtualMachines/jdk1.8.0_152.jdk/Contents/Home/jre/lib/ext/sunec.jar:/Library/Java/JavaVirtualMachines/jdk1.8.0_152.jdk/Contents/Home/jre/lib/ext/nashorn.jar:/Library/Java/JavaVirtualMachines/jdk1.8.0_152.jdk/Contents/Home/jre/lib/ext/cldrdata.jar:/Library/Java/JavaVirtualMachines/jdk1.8.0_152.jdk/Contents/Home/jre/lib/ext/jfxrt.jar:/Library/Java/JavaVirtualMachines/jdk1.8.0_152.jdk/Contents/Home/jre/lib/ext/dnsns.jar:/Library/Java/JavaVirtualMachines/jdk1.8.0_152.jdk/Contents/Home/jre/lib/ext/localedata.jar:/Library/Java/JavaVirtualMachines/jdk1.8.0_152.jdk/Contents/Home/jre/lib/ext/sunjce_provider.jar:/Library/Java/JavaVirtualMachines/jdk1.8.0_152.jdk/Contents/Home/jre/lib/ext/sunpkcs11.jar:/Library/Java/JavaVirtualMachines/jdk1.8.0_152.jdk/Contents/Home/jre/lib/ext/jaccess.jar:/Library/Java/JavaVirtualMachines/jdk1.8.0_152.jdk/Contents/Home/jre/lib/ext/zipfs.jar:/System/Library/Java/Extensions/MRJToolkit.jar:/Users/aimachine/Bubbleator/target/classes:/Users/aimachine/imglib2-algorithm/target/classes:/Users/aimachine/imglib2-algorithm/target/test-classes:/Users/aimachine/.m2/repository/net/imglib2/imglib2/3.3.0/imglib2-3.3.0.jar:/Users/aimachine/.m2/repository/net/imglib2/imglib2-roi/0.4.5/imglib2-roi-0.4.5.jar:/Users/aimachine/.m2/repository/net/imglib2/imglib2-realtransform/2.0.0-beta-38/imglib2-realtransform-2.0.0-beta-38.jar:/Users/aimachine/.m2/repository/jitk/jitk-tps/3.0.0/jitk-tps-3.0.0.jar:/Users/aimachine/.m2/repository/
Launcher Type: SUN_STANDARD

Environment Variables:
PATH=/usr/bin:/bin:/usr/sbin:/sbin
SHELL=/bin/bash
DISPLAY=/private/tmp/com.apple.launchd.fywH5Bd8f1/org.macosforge.xquartz:0

Signal Handlers:
SIGSEGV: [libjvm.dylib+0x5b494d], sa_mask[0]=11111111011111110111111111111111, sa_flags=SA_ONSTACK|SA_RESTART|SA_SIGINFO
SIGBUS: [libjvm.dylib+0x5b494d], sa_mask[0]=11111111011111110111111111111111, sa_flags=SA_RESTART|SA_SIGINFO
SIGFPE: [libjvm.dylib+0x48ab54], sa_mask[0]=11111111011111110111111111111111, sa_flags=SA_RESTART|SA_SIGINFO
SIGPIPE: [libjvm.dylib+0x48ab54], sa_mask[0]=11111111011111110111111111111111, sa_flags=SA_RESTART|SA_SIGINFO
SIGXFSZ: [libjvm.dylib+0x48ab54], sa_mask[0]=11111111011111110111111111111111, sa_flags=SA_RESTART|SA_SIGINFO
SIGILL: [libjvm.dylib+0x48ab54], sa_mask[0]=11111111011111110111111111111111, sa_flags=SA_RESTART|SA_SIGINFO
SIGUSR1: SIG_DFL, sa_mask[0]=00000000000000000000000000000000, sa_flags=none
SIGUSR2: [libjvm.dylib+0x48a672], sa_mask[0]=00100000000000000000000000000000, sa_flags=SA_RESTART|SA_SIGINFO
SIGHUP: [libjvm.dylib+0x488c49], sa_mask[0]=11111111011111110111111111111111, sa_flags=SA_RESTART|SA_SIGINFO
SIGINT: [libjvm.dylib+0x488c49], sa_mask[0]=11111111011111110111111111111111, sa_flags=SA_RESTART|SA_SIGINFO
SIGTERM: [libjvm.dylib+0x488c49], sa_mask[0]=11111111011111110111111111111111, sa_flags=SA_RESTART|SA_SIGINFO
SIGQUIT: [libjvm.dylib+0x488c49], sa_mask[0]=11111111011111110111111111111111, sa_flags=SA_RESTART|SA_SIGINFO


---------------  S Y S T E M  ---------------

OS:Bsduname:Darwin 17.4.0 Darwin Kernel Version 17.4.0: Sun Dec 17 09:19:54 PST 2017; root:xnu-4570.41.2~1/RELEASE_X86_64 x86_64
rlimit: STACK 8192k, CORE 0k, NPROC 1418, NOFILE 10240, AS infinity
load average:9.90 6.21 4.63

CPU:total 4 (initial active 4) (2 cores per cpu, 2 threads per core) family 6 model 142 stepping 9, cmov, cx8, fxsr, mmx, sse, sse2, sse3, ssse3, sse4.1, sse4.2, popcnt, avx, avx2, aes, clmul, erms, 3dnowpref, lzcnt, ht, tsc, tscinvbit, bmi1, bmi2, adx

Memory: 4k page, physical 16777216k(41024k free)

/proc/meminfo:


vm_info: Java HotSpot(TM) 64-Bit Server VM (25.152-b16) for bsd-amd64 JRE (1.8.0_152-b16), built on Sep 14 2017 02:31:13 by "java_re" with gcc 4.2.1 (Based on Apple Inc. build 5658) (LLVM build 2336.11.00)

time: Wed Jun 13 16:01:43 2018
elapsed time: 119 seconds (0d 0h 1m 59s)

